[1.948s] Invoking command in '/home/silvia/TFG/TFG/src/ros2_ws/src/robot_inverse_kinematics': AMENT_PREFIX_PATH=/home/silvia/TFG/TFG/src/ros2_ws/src/install/robot_interfaces:${AMENT_PREFIX_PATH} CMAKE_PREFIX_PATH=/home/silvia/TFG/TFG/src/ros2_ws/src/install/robot_interfaces:${CMAKE_PREFIX_PATH} LD_LIBRARY_PATH=/home/silvia/TFG/TFG/src/ros2_ws/src/install/robot_interfaces/lib:${LD_LIBRARY_PATH} PYTHONPATH=/home/silvia/TFG/TFG/src/ros2_ws/src/build/robot_inverse_kinematics/prefix_override:/usr/lib/python3/dist-packages/colcon_core/task/python/colcon_distutils_commands:/home/silvia/TFG/TFG/src/ros2_ws/src/install/robot_inverse_kinematics/lib/python3.12/site-packages:/home/silvia/TFG/TFG/src/ros2_ws/src/install/robot_interfaces/lib/python3.12/site-packages:${PYTHONPATH} /usr/bin/python3 -W ignore:setup.py install is deprecated -W ignore:easy_install command is deprecated setup.py egg_info --egg-base ../build/robot_inverse_kinematics build --build-base /home/silvia/TFG/TFG/src/ros2_ws/src/build/robot_inverse_kinematics/build install --record /home/silvia/TFG/TFG/src/ros2_ws/src/build/robot_inverse_kinematics/install.log --single-version-externally-managed install_data
[2.448s] running egg_info
[2.449s] creating ../build/robot_inverse_kinematics/robot_inverse_kinematics.egg-info
[2.493s] writing ../build/robot_inverse_kinematics/robot_inverse_kinematics.egg-info/PKG-INFO
[2.493s] writing dependency_links to ../build/robot_inverse_kinematics/robot_inverse_kinematics.egg-info/dependency_links.txt
[2.494s] writing entry points to ../build/robot_inverse_kinematics/robot_inverse_kinematics.egg-info/entry_points.txt
[2.494s] writing requirements to ../build/robot_inverse_kinematics/robot_inverse_kinematics.egg-info/requires.txt
[2.495s] writing top-level names to ../build/robot_inverse_kinematics/robot_inverse_kinematics.egg-info/top_level.txt
[2.495s] writing manifest file '../build/robot_inverse_kinematics/robot_inverse_kinematics.egg-info/SOURCES.txt'
[2.557s] reading manifest file '../build/robot_inverse_kinematics/robot_inverse_kinematics.egg-info/SOURCES.txt'
[2.559s] writing manifest file '../build/robot_inverse_kinematics/robot_inverse_kinematics.egg-info/SOURCES.txt'
[2.559s] running build
[2.560s] running build_py
[2.560s] creating /home/silvia/TFG/TFG/src/ros2_ws/src/build/robot_inverse_kinematics/build
[2.561s] creating /home/silvia/TFG/TFG/src/ros2_ws/src/build/robot_inverse_kinematics/build/lib
[2.561s] creating /home/silvia/TFG/TFG/src/ros2_ws/src/build/robot_inverse_kinematics/build/lib/robot_inverse_kinematics
[2.561s] copying robot_inverse_kinematics/__init__.py -> /home/silvia/TFG/TFG/src/ros2_ws/src/build/robot_inverse_kinematics/build/lib/robot_inverse_kinematics
[2.562s] copying robot_inverse_kinematics/ik_node.py -> /home/silvia/TFG/TFG/src/ros2_ws/src/build/robot_inverse_kinematics/build/lib/robot_inverse_kinematics
[2.562s] running install
[2.569s] running install_lib
[2.607s] creating /home/silvia/TFG/TFG/src/ros2_ws/src/install/robot_inverse_kinematics/lib/python3.12/site-packages/robot_inverse_kinematics
[2.608s] copying /home/silvia/TFG/TFG/src/ros2_ws/src/build/robot_inverse_kinematics/build/lib/robot_inverse_kinematics/__init__.py -> /home/silvia/TFG/TFG/src/ros2_ws/src/install/robot_inverse_kinematics/lib/python3.12/site-packages/robot_inverse_kinematics
[2.608s] copying /home/silvia/TFG/TFG/src/ros2_ws/src/build/robot_inverse_kinematics/build/lib/robot_inverse_kinematics/ik_node.py -> /home/silvia/TFG/TFG/src/ros2_ws/src/install/robot_inverse_kinematics/lib/python3.12/site-packages/robot_inverse_kinematics
[2.609s] byte-compiling /home/silvia/TFG/TFG/src/ros2_ws/src/install/robot_inverse_kinematics/lib/python3.12/site-packages/robot_inverse_kinematics/__init__.py to __init__.cpython-312.pyc
[2.610s] byte-compiling /home/silvia/TFG/TFG/src/ros2_ws/src/install/robot_inverse_kinematics/lib/python3.12/site-packages/robot_inverse_kinematics/ik_node.py to ik_node.cpython-312.pyc
[2.619s] running install_data
[2.620s] creating /home/silvia/TFG/TFG/src/ros2_ws/src/install/robot_inverse_kinematics/share/ament_index
[2.620s] creating /home/silvia/TFG/TFG/src/ros2_ws/src/install/robot_inverse_kinematics/share/ament_index/resource_index
[2.620s] creating /home/silvia/TFG/TFG/src/ros2_ws/src/install/robot_inverse_kinematics/share/ament_index/resource_index/packages
[2.621s] copying resource/robot_inverse_kinematics -> /home/silvia/TFG/TFG/src/ros2_ws/src/install/robot_inverse_kinematics/share/ament_index/resource_index/packages
[2.621s] copying package.xml -> /home/silvia/TFG/TFG/src/ros2_ws/src/install/robot_inverse_kinematics/share/robot_inverse_kinematics
[2.622s] running install_egg_info
[2.665s] Copying ../build/robot_inverse_kinematics/robot_inverse_kinematics.egg-info to /home/silvia/TFG/TFG/src/ros2_ws/src/install/robot_inverse_kinematics/lib/python3.12/site-packages/robot_inverse_kinematics-0.0.0-py3.12.egg-info
[2.668s] running install_scripts
[2.927s] Installing ik_node script to /home/silvia/TFG/TFG/src/ros2_ws/src/install/robot_inverse_kinematics/lib/robot_inverse_kinematics
[2.928s] writing list of installed files to '/home/silvia/TFG/TFG/src/ros2_ws/src/build/robot_inverse_kinematics/install.log'
[2.974s] Invoked command in '/home/silvia/TFG/TFG/src/ros2_ws/src/robot_inverse_kinematics' returned '0': AMENT_PREFIX_PATH=/home/silvia/TFG/TFG/src/ros2_ws/src/install/robot_interfaces:${AMENT_PREFIX_PATH} CMAKE_PREFIX_PATH=/home/silvia/TFG/TFG/src/ros2_ws/src/install/robot_interfaces:${CMAKE_PREFIX_PATH} LD_LIBRARY_PATH=/home/silvia/TFG/TFG/src/ros2_ws/src/install/robot_interfaces/lib:${LD_LIBRARY_PATH} PYTHONPATH=/home/silvia/TFG/TFG/src/ros2_ws/src/build/robot_inverse_kinematics/prefix_override:/usr/lib/python3/dist-packages/colcon_core/task/python/colcon_distutils_commands:/home/silvia/TFG/TFG/src/ros2_ws/src/install/robot_inverse_kinematics/lib/python3.12/site-packages:/home/silvia/TFG/TFG/src/ros2_ws/src/install/robot_interfaces/lib/python3.12/site-packages:${PYTHONPATH} /usr/bin/python3 -W ignore:setup.py install is deprecated -W ignore:easy_install command is deprecated setup.py egg_info --egg-base ../build/robot_inverse_kinematics build --build-base /home/silvia/TFG/TFG/src/ros2_ws/src/build/robot_inverse_kinematics/build install --record /home/silvia/TFG/TFG/src/ros2_ws/src/build/robot_inverse_kinematics/install.log --single-version-externally-managed install_data
