[0.024s] Invoking command in '/home/silvia/TFG/TFG/src/ros2_ws/build/robot_interfaces': CMAKE_PREFIX_PATH=${CMAKE_PREFIX_PATH}:/home/silvia/TFG/TFG/src/ros2_ws/install/robot_kinematics:/home/silvia/TFG/TFG/src/ros2_ws/install/robot_inverse_kinematics:/home/silvia/TFG/TFG/src/ros2_ws/install/robot_digital_twin:/opt/ros/jazzy /usr/bin/cmake --build /home/silvia/TFG/TFG/src/ros2_ws/build/robot_interfaces -- -j8 -l8
[0.117s] [  1%] Built target robot_interfaces__rosidl_generator_type_description
[0.127s] [  2%] Built target robot_interfaces__rs
[0.139s] [  2%] Built target ament_cmake_python_copy_robot_interfaces
[0.163s] [  2%] Built target robot_interfaces__cpp
[0.172s] [ 27%] Built target robot_interfaces__rosidl_generator_c
[0.235s] [ 36%] Built target robot_interfaces__rosidl_typesupport_c
[0.237s] [ 46%] Built target robot_interfaces__rosidl_typesupport_cpp
[0.242s] [ 55%] Built target robot_interfaces__rosidl_typesupport_introspection_c
[0.242s] [ 64%] Built target robot_interfaces__rosidl_typesupport_fastrtps_c
[0.244s] [ 74%] Built target robot_interfaces__rosidl_typesupport_fastrtps_cpp
[0.248s] [ 84%] Built target robot_interfaces__rosidl_typesupport_introspection_cpp
[0.282s] [ 84%] Built target robot_interfaces
[0.322s] [ 85%] Built target robot_interfaces__py
[0.365s] [ 94%] Built target robot_interfaces__rosidl_generator_py
[0.407s] [ 96%] Built target robot_interfaces_s__rosidl_typesupport_introspection_c
[0.408s] [ 98%] Built target robot_interfaces_s__rosidl_typesupport_fastrtps_c
[0.408s] [100%] Built target robot_interfaces_s__rosidl_typesupport_c
[0.545s] running egg_info
[0.576s] writing robot_interfaces.egg-info/PKG-INFO
[0.577s] writing dependency_links to robot_interfaces.egg-info/dependency_links.txt
[0.577s] writing top-level names to robot_interfaces.egg-info/top_level.txt
[0.665s] reading manifest file 'robot_interfaces.egg-info/SOURCES.txt'
[0.666s] writing manifest file 'robot_interfaces.egg-info/SOURCES.txt'
[0.708s] [100%] Built target ament_cmake_python_build_robot_interfaces_egg
[0.730s] Invoked command in '/home/silvia/TFG/TFG/src/ros2_ws/build/robot_interfaces' returned '0': CMAKE_PREFIX_PATH=${CMAKE_PREFIX_PATH}:/home/silvia/TFG/TFG/src/ros2_ws/install/robot_kinematics:/home/silvia/TFG/TFG/src/ros2_ws/install/robot_inverse_kinematics:/home/silvia/TFG/TFG/src/ros2_ws/install/robot_digital_twin:/opt/ros/jazzy /usr/bin/cmake --build /home/silvia/TFG/TFG/src/ros2_ws/build/robot_interfaces -- -j8 -l8
[0.747s] Invoking command in '/home/silvia/TFG/TFG/src/ros2_ws/build/robot_interfaces': CMAKE_PREFIX_PATH=${CMAKE_PREFIX_PATH}:/home/silvia/TFG/TFG/src/ros2_ws/install/robot_kinematics:/home/silvia/TFG/TFG/src/ros2_ws/install/robot_inverse_kinematics:/home/silvia/TFG/TFG/src/ros2_ws/install/robot_digital_twin:/opt/ros/jazzy /usr/bin/cmake --install /home/silvia/TFG/TFG/src/ros2_ws/build/robot_interfaces
[0.765s] -- Install configuration: ""
[0.765s] -- Up-to-date: /home/silvia/TFG/TFG/src/ros2_ws/install/robot_interfaces/share/ament_index/resource_index/rosidl_interfaces/robot_interfaces
[0.765s] -- Up-to-date: /home/silvia/TFG/TFG/src/ros2_ws/install/robot_interfaces/share/robot_interfaces/srv/SolveIK.json
[0.766s] -- Up-to-date: /home/silvia/TFG/TFG/src/ros2_ws/install/robot_interfaces/share/robot_interfaces/srv/AddObstacle.json
[0.766s] -- Up-to-date: /home/silvia/TFG/TFG/src/ros2_ws/install/robot_interfaces/share/robot_interfaces/srv/RemoveObstacle.json
[0.767s] -- Up-to-date: /home/silvia/TFG/TFG/src/ros2_ws/install/robot_interfaces/share/robot_interfaces/srv/SolveDK.json
[0.767s] -- Up-to-date: /home/silvia/TFG/TFG/src/ros2_ws/install/robot_interfaces/share/robot_interfaces/srv/ManageTool.json
[0.767s] -- Up-to-date: /home/silvia/TFG/TFG/src/ros2_ws/install/robot_interfaces/share/robot_interfaces/srv/SpawnObject.json
[0.767s] -- Up-to-date: /home/silvia/TFG/TFG/src/ros2_ws/install/robot_interfaces/share/robot_interfaces/srv/AddCamera.json
[0.768s] -- Up-to-date: /home/silvia/TFG/TFG/src/ros2_ws/install/robot_interfaces/share/robot_interfaces/srv/PutPiece.json
[0.768s] -- Up-to-date: /home/silvia/TFG/TFG/src/ros2_ws/install/robot_interfaces/include/robot_interfaces/robot_interfaces
[0.769s] -- Up-to-date: /home/silvia/TFG/TFG/src/ros2_ws/install/robot_interfaces/include/robot_interfaces/robot_interfaces/srv
[0.769s] -- Up-to-date: /home/silvia/TFG/TFG/src/ros2_ws/install/robot_interfaces/include/robot_interfaces/robot_interfaces/srv/manage_tool.h
[0.769s] -- Up-to-date: /home/silvia/TFG/TFG/src/ros2_ws/install/robot_interfaces/include/robot_interfaces/robot_interfaces/srv/solve_ik.h
[0.770s] -- Up-to-date: /home/silvia/TFG/TFG/src/ros2_ws/install/robot_interfaces/include/robot_interfaces/robot_interfaces/srv/put_piece.h
[0.770s] -- Up-to-date: /home/silvia/TFG/TFG/src/ros2_ws/install/robot_interfaces/include/robot_interfaces/robot_interfaces/srv/remove_obstacle.h
[0.770s] -- Up-to-date: /home/silvia/TFG/TFG/src/ros2_ws/install/robot_interfaces/include/robot_interfaces/robot_interfaces/srv/spawn_object.h
[0.771s] -- Up-to-date: /home/silvia/TFG/TFG/src/ros2_ws/install/robot_interfaces/include/robot_interfaces/robot_interfaces/srv/add_camera.h
[0.771s] -- Up-to-date: /home/silvia/TFG/TFG/src/ros2_ws/install/robot_interfaces/include/robot_interfaces/robot_interfaces/srv/solve_dk.h
[0.771s] -- Up-to-date: /home/silvia/TFG/TFG/src/ros2_ws/install/robot_interfaces/include/robot_interfaces/robot_interfaces/srv/detail
[0.772s] -- Up-to-date: /home/silvia/TFG/TFG/src/ros2_ws/install/robot_interfaces/include/robot_interfaces/robot_interfaces/srv/detail/remove_obstacle__type_support.h
[0.772s] -- Installing: /home/silvia/TFG/TFG/src/ros2_ws/install/robot_interfaces/include/robot_interfaces/robot_interfaces/srv/detail/remove_obstacle__type_support.c
[0.772s] -- Up-to-date: /home/silvia/TFG/TFG/src/ros2_ws/install/robot_interfaces/include/robot_interfaces/robot_interfaces/srv/detail/manage_tool__type_support.h
[0.773s] -- Up-to-date: /home/silvia/TFG/TFG/src/ros2_ws/install/robot_interfaces/include/robot_interfaces/robot_interfaces/srv/detail/add_camera__functions.c
[0.773s] -- Up-to-date: /home/silvia/TFG/TFG/src/ros2_ws/install/robot_interfaces/include/robot_interfaces/robot_interfaces/srv/detail/add_obstacle__functions.c
[0.774s] -- Up-to-date: /home/silvia/TFG/TFG/src/ros2_ws/install/robot_interfaces/include/robot_interfaces/robot_interfaces/srv/detail/put_piece__functions.h
[0.774s] -- Up-to-date: /home/silvia/TFG/TFG/src/ros2_ws/install/robot_interfaces/include/robot_interfaces/robot_interfaces/srv/detail/solve_ik__functions.h
[0.774s] -- Up-to-date: /home/silvia/TFG/TFG/src/ros2_ws/install/robot_interfaces/include/robot_interfaces/robot_interfaces/srv/detail/solve_dk__description.c
[0.774s] -- Up-to-date: /home/silvia/TFG/TFG/src/ros2_ws/install/robot_interfaces/include/robot_interfaces/robot_interfaces/srv/detail/solve_ik__functions.c
[0.774s] -- Up-to-date: /home/silvia/TFG/TFG/src/ros2_ws/install/robot_interfaces/include/robot_interfaces/robot_interfaces/srv/detail/put_piece__functions.c
[0.774s] -- Up-to-date: /home/silvia/TFG/TFG/src/ros2_ws/install/robot_interfaces/include/robot_interfaces/robot_interfaces/srv/detail/add_obstacle__struct.h
[0.774s] -- Up-to-date: /home/silvia/TFG/TFG/src/ros2_ws/install/robot_interfaces/include/robot_interfaces/robot_interfaces/srv/detail/spawn_object__functions.h
[0.775s] -- Up-to-date: /home/silvia/TFG/TFG/src/ros2_ws/install/robot_interfaces/include/robot_interfaces/robot_interfaces/srv/detail/remove_obstacle__functions.h
[0.775s] -- Up-to-date: /home/silvia/TFG/TFG/src/ros2_ws/install/robot_interfaces/include/robot_interfaces/robot_interfaces/srv/detail/manage_tool__struct.h
[0.775s] -- Up-to-date: /home/silvia/TFG/TFG/src/ros2_ws/install/robot_interfaces/include/robot_interfaces/robot_interfaces/srv/detail/remove_obstacle__description.c
[0.776s] -- Up-to-date: /home/silvia/TFG/TFG/src/ros2_ws/install/robot_interfaces/include/robot_interfaces/robot_interfaces/srv/detail/add_obstacle__functions.h
[0.776s] -- Up-to-date: /home/silvia/TFG/TFG/src/ros2_ws/install/robot_interfaces/include/robot_interfaces/robot_interfaces/srv/detail/spawn_object__type_support.h
[0.776s] -- Up-to-date: /home/silvia/TFG/TFG/src/ros2_ws/install/robot_interfaces/include/robot_interfaces/robot_interfaces/srv/detail/put_piece__type_support.h
[0.777s] -- Up-to-date: /home/silvia/TFG/TFG/src/ros2_ws/install/robot_interfaces/include/robot_interfaces/robot_interfaces/srv/detail/remove_obstacle__struct.h
[0.777s] -- Installing: /home/silvia/TFG/TFG/src/ros2_ws/install/robot_interfaces/include/robot_interfaces/robot_interfaces/srv/detail/put_piece__type_support.c
[0.778s] -- Up-to-date: /home/silvia/TFG/TFG/src/ros2_ws/install/robot_interfaces/include/robot_interfaces/robot_interfaces/srv/detail/spawn_object__struct.h
[0.778s] -- Up-to-date: /home/silvia/TFG/TFG/src/ros2_ws/install/robot_interfaces/include/robot_interfaces/robot_interfaces/srv/detail/add_camera__description.c
[0.779s] -- Installing: /home/silvia/TFG/TFG/src/ros2_ws/install/robot_interfaces/include/robot_interfaces/robot_interfaces/srv/detail/add_camera__type_support.c
[0.779s] -- Up-to-date: /home/silvia/TFG/TFG/src/ros2_ws/install/robot_interfaces/include/robot_interfaces/robot_interfaces/srv/detail/spawn_object__functions.c
[0.780s] -- Up-to-date: /home/silvia/TFG/TFG/src/ros2_ws/install/robot_interfaces/include/robot_interfaces/robot_interfaces/srv/detail/add_camera__type_support.h
[0.780s] -- Up-to-date: /home/silvia/TFG/TFG/src/ros2_ws/install/robot_interfaces/include/robot_interfaces/robot_interfaces/srv/detail/put_piece__struct.h
[0.781s] -- Up-to-date: /home/silvia/TFG/TFG/src/ros2_ws/install/robot_interfaces/include/robot_interfaces/robot_interfaces/srv/detail/put_piece__description.c
[0.781s] -- Up-to-date: /home/silvia/TFG/TFG/src/ros2_ws/install/robot_interfaces/include/robot_interfaces/robot_interfaces/srv/detail/add_obstacle__description.c
[0.782s] -- Up-to-date: /home/silvia/TFG/TFG/src/ros2_ws/install/robot_interfaces/include/robot_interfaces/robot_interfaces/srv/detail/remove_obstacle__functions.c
[0.782s] -- Installing: /home/silvia/TFG/TFG/src/ros2_ws/install/robot_interfaces/include/robot_interfaces/robot_interfaces/srv/detail/add_obstacle__type_support.c
[0.782s] -- Installing: /home/silvia/TFG/TFG/src/ros2_ws/install/robot_interfaces/include/robot_interfaces/robot_interfaces/srv/detail/solve_ik__type_support.c
[0.783s] -- Up-to-date: /home/silvia/TFG/TFG/src/ros2_ws/install/robot_interfaces/include/robot_interfaces/robot_interfaces/srv/detail/manage_tool__functions.c
[0.784s] -- Up-to-date: /home/silvia/TFG/TFG/src/ros2_ws/install/robot_interfaces/include/robot_interfaces/robot_interfaces/srv/detail/spawn_object__description.c
[0.784s] -- Up-to-date: /home/silvia/TFG/TFG/src/ros2_ws/install/robot_interfaces/include/robot_interfaces/robot_interfaces/srv/detail/add_camera__functions.h
[0.784s] -- Up-to-date: /home/silvia/TFG/TFG/src/ros2_ws/install/robot_interfaces/include/robot_interfaces/robot_interfaces/srv/detail/solve_ik__type_support.h
[0.785s] -- Up-to-date: /home/silvia/TFG/TFG/src/ros2_ws/install/robot_interfaces/include/robot_interfaces/robot_interfaces/srv/detail/solve_ik__description.c
[0.785s] -- Up-to-date: /home/silvia/TFG/TFG/src/ros2_ws/install/robot_interfaces/include/robot_interfaces/robot_interfaces/srv/detail/solve_dk__struct.h
[0.785s] -- Up-to-date: /home/silvia/TFG/TFG/src/ros2_ws/install/robot_interfaces/include/robot_interfaces/robot_interfaces/srv/detail/manage_tool__description.c
[0.786s] -- Installing: /home/silvia/TFG/TFG/src/ros2_ws/install/robot_interfaces/include/robot_interfaces/robot_interfaces/srv/detail/spawn_object__type_support.c
[0.786s] -- Up-to-date: /home/silvia/TFG/TFG/src/ros2_ws/install/robot_interfaces/include/robot_interfaces/robot_interfaces/srv/detail/add_obstacle__type_support.h
[0.786s] -- Up-to-date: /home/silvia/TFG/TFG/src/ros2_ws/install/robot_interfaces/include/robot_interfaces/robot_interfaces/srv/detail/manage_tool__functions.h
[0.787s] -- Up-to-date: /home/silvia/TFG/TFG/src/ros2_ws/install/robot_interfaces/include/robot_interfaces/robot_interfaces/srv/detail/solve_ik__struct.h
[0.787s] -- Up-to-date: /home/silvia/TFG/TFG/src/ros2_ws/install/robot_interfaces/include/robot_interfaces/robot_interfaces/srv/detail/solve_dk__functions.h
[0.787s] -- Up-to-date: /home/silvia/TFG/TFG/src/ros2_ws/install/robot_interfaces/include/robot_interfaces/robot_interfaces/srv/detail/solve_dk__functions.c
[0.787s] -- Up-to-date: /home/silvia/TFG/TFG/src/ros2_ws/install/robot_interfaces/include/robot_interfaces/robot_interfaces/srv/detail/solve_dk__type_support.h
[0.788s] -- Installing: /home/silvia/TFG/TFG/src/ros2_ws/install/robot_interfaces/include/robot_interfaces/robot_interfaces/srv/detail/manage_tool__type_support.c
[0.788s] -- Up-to-date: /home/silvia/TFG/TFG/src/ros2_ws/install/robot_interfaces/include/robot_interfaces/robot_interfaces/srv/detail/add_camera__struct.h
[0.788s] -- Installing: /home/silvia/TFG/TFG/src/ros2_ws/install/robot_interfaces/include/robot_interfaces/robot_interfaces/srv/detail/solve_dk__type_support.c
[0.788s] -- Up-to-date: /home/silvia/TFG/TFG/src/ros2_ws/install/robot_interfaces/include/robot_interfaces/robot_interfaces/srv/add_obstacle.h
[0.789s] -- Up-to-date: /home/silvia/TFG/TFG/src/ros2_ws/install/robot_interfaces/include/robot_interfaces/robot_interfaces/msg
[0.789s] -- Up-to-date: /home/silvia/TFG/TFG/src/ros2_ws/install/robot_interfaces/include/robot_interfaces/robot_interfaces/msg/rosidl_generator_c__visibility_control.h
[0.789s] -- Up-to-date: /home/silvia/TFG/TFG/src/ros2_ws/install/robot_interfaces/share/robot_interfaces/environment/library_path.sh
[0.790s] -- Up-to-date: /home/silvia/TFG/TFG/src/ros2_ws/install/robot_interfaces/share/robot_interfaces/environment/library_path.dsv
[0.790s] -- Up-to-date: /home/silvia/TFG/TFG/src/ros2_ws/install/robot_interfaces/lib/librobot_interfaces__rosidl_generator_c.so
[0.790s] -- Up-to-date: /home/silvia/TFG/TFG/src/ros2_ws/install/robot_interfaces/include/robot_interfaces/robot_interfaces
[0.791s] -- Up-to-date: /home/silvia/TFG/TFG/src/ros2_ws/install/robot_interfaces/include/robot_interfaces/robot_interfaces/srv
[0.791s] -- Up-to-date: /home/silvia/TFG/TFG/src/ros2_ws/install/robot_interfaces/include/robot_interfaces/robot_interfaces/srv/detail
[0.791s] -- Up-to-date: /home/silvia/TFG/TFG/src/ros2_ws/install/robot_interfaces/include/robot_interfaces/robot_interfaces/srv/detail/solve_ik__rosidl_typesupport_fastrtps_c.h
[0.791s] -- Up-to-date: /home/silvia/TFG/TFG/src/ros2_ws/install/robot_interfaces/include/robot_interfaces/robot_interfaces/srv/detail/solve_dk__rosidl_typesupport_fastrtps_c.h
[0.792s] -- Up-to-date: /home/silvia/TFG/TFG/src/ros2_ws/install/robot_interfaces/include/robot_interfaces/robot_interfaces/srv/detail/remove_obstacle__rosidl_typesupport_fastrtps_c.h
[0.792s] -- Up-to-date: /home/silvia/TFG/TFG/src/ros2_ws/install/robot_interfaces/include/robot_interfaces/robot_interfaces/srv/detail/add_camera__rosidl_typesupport_fastrtps_c.h
[0.792s] -- Up-to-date: /home/silvia/TFG/TFG/src/ros2_ws/install/robot_interfaces/include/robot_interfaces/robot_interfaces/srv/detail/spawn_object__rosidl_typesupport_fastrtps_c.h
[0.792s] -- Up-to-date: /home/silvia/TFG/TFG/src/ros2_ws/install/robot_interfaces/include/robot_interfaces/robot_interfaces/srv/detail/add_obstacle__rosidl_typesupport_fastrtps_c.h
[0.792s] -- Up-to-date: /home/silvia/TFG/TFG/src/ros2_ws/install/robot_interfaces/include/robot_interfaces/robot_interfaces/srv/detail/put_piece__rosidl_typesupport_fastrtps_c.h
[0.793s] -- Up-to-date: /home/silvia/TFG/TFG/src/ros2_ws/install/robot_interfaces/include/robot_interfaces/robot_interfaces/srv/detail/manage_tool__rosidl_typesupport_fastrtps_c.h
[0.793s] -- Up-to-date: /home/silvia/TFG/TFG/src/ros2_ws/install/robot_interfaces/include/robot_interfaces/robot_interfaces/msg
[0.793s] -- Up-to-date: /home/silvia/TFG/TFG/src/ros2_ws/install/robot_interfaces/include/robot_interfaces/robot_interfaces/msg/rosidl_typesupport_fastrtps_c__visibility_control.h
[0.793s] -- Up-to-date: /home/silvia/TFG/TFG/src/ros2_ws/install/robot_interfaces/lib/librobot_interfaces__rosidl_typesupport_fastrtps_c.so
[0.793s] -- Up-to-date: /home/silvia/TFG/TFG/src/ros2_ws/install/robot_interfaces/include/robot_interfaces/robot_interfaces
[0.794s] -- Up-to-date: /home/silvia/TFG/TFG/src/ros2_ws/install/robot_interfaces/include/robot_interfaces/robot_interfaces/srv
[0.794s] -- Up-to-date: /home/silvia/TFG/TFG/src/ros2_ws/install/robot_interfaces/include/robot_interfaces/robot_interfaces/srv/remove_obstacle.hpp
[0.794s] -- Up-to-date: /home/silvia/TFG/TFG/src/ros2_ws/install/robot_interfaces/include/robot_interfaces/robot_interfaces/srv/add_obstacle.hpp
[0.795s] -- Up-to-date: /home/silvia/TFG/TFG/src/ros2_ws/install/robot_interfaces/include/robot_interfaces/robot_interfaces/srv/solve_dk.hpp
[0.795s] -- Up-to-date: /home/silvia/TFG/TFG/src/ros2_ws/install/robot_interfaces/include/robot_interfaces/robot_interfaces/srv/solve_ik.hpp
[0.795s] -- Up-to-date: /home/silvia/TFG/TFG/src/ros2_ws/install/robot_interfaces/include/robot_interfaces/robot_interfaces/srv/add_camera.hpp
[0.795s] -- Up-to-date: /home/silvia/TFG/TFG/src/ros2_ws/install/robot_interfaces/include/robot_interfaces/robot_interfaces/srv/manage_tool.hpp
[0.796s] -- Up-to-date: /home/silvia/TFG/TFG/src/ros2_ws/install/robot_interfaces/include/robot_interfaces/robot_interfaces/srv/put_piece.hpp
[0.796s] -- Up-to-date: /home/silvia/TFG/TFG/src/ros2_ws/install/robot_interfaces/include/robot_interfaces/robot_interfaces/srv/spawn_object.hpp
[0.796s] -- Up-to-date: /home/silvia/TFG/TFG/src/ros2_ws/install/robot_interfaces/include/robot_interfaces/robot_interfaces/srv/detail
[0.796s] -- Up-to-date: /home/silvia/TFG/TFG/src/ros2_ws/install/robot_interfaces/include/robot_interfaces/robot_interfaces/srv/detail/remove_obstacle__type_support.hpp
[0.797s] -- Up-to-date: /home/silvia/TFG/TFG/src/ros2_ws/install/robot_interfaces/include/robot_interfaces/robot_interfaces/srv/detail/add_obstacle__traits.hpp
[0.797s] -- Up-to-date: /home/silvia/TFG/TFG/src/ros2_ws/install/robot_interfaces/include/robot_interfaces/robot_interfaces/srv/detail/solve_ik__traits.hpp
[0.797s] -- Up-to-date: /home/silvia/TFG/TFG/src/ros2_ws/install/robot_interfaces/include/robot_interfaces/robot_interfaces/srv/detail/manage_tool__traits.hpp
[0.798s] -- Up-to-date: /home/silvia/TFG/TFG/src/ros2_ws/install/robot_interfaces/include/robot_interfaces/robot_interfaces/srv/detail/spawn_object__traits.hpp
[0.798s] -- Up-to-date: /home/silvia/TFG/TFG/src/ros2_ws/install/robot_interfaces/include/robot_interfaces/robot_interfaces/srv/detail/solve_ik__builder.hpp
[0.798s] -- Up-to-date: /home/silvia/TFG/TFG/src/ros2_ws/install/robot_interfaces/include/robot_interfaces/robot_interfaces/srv/detail/remove_obstacle__struct.hpp
[0.798s] -- Up-to-date: /home/silvia/TFG/TFG/src/ros2_ws/install/robot_interfaces/include/robot_interfaces/robot_interfaces/srv/detail/manage_tool__type_support.hpp
[0.799s] -- Up-to-date: /home/silvia/TFG/TFG/src/ros2_ws/install/robot_interfaces/include/robot_interfaces/robot_interfaces/srv/detail/solve_dk__struct.hpp
[0.799s] -- Up-to-date: /home/silvia/TFG/TFG/src/ros2_ws/install/robot_interfaces/include/robot_interfaces/robot_interfaces/srv/detail/put_piece__builder.hpp
[0.799s] -- Up-to-date: /home/silvia/TFG/TFG/src/ros2_ws/install/robot_interfaces/include/robot_interfaces/robot_interfaces/srv/detail/manage_tool__builder.hpp
[0.800s] -- Up-to-date: /home/silvia/TFG/TFG/src/ros2_ws/install/robot_interfaces/include/robot_interfaces/robot_interfaces/srv/detail/spawn_object__builder.hpp
[0.800s] -- Up-to-date: /home/silvia/TFG/TFG/src/ros2_ws/install/robot_interfaces/include/robot_interfaces/robot_interfaces/srv/detail/add_obstacle__struct.hpp
[0.801s] -- Up-to-date: /home/silvia/TFG/TFG/src/ros2_ws/install/robot_interfaces/include/robot_interfaces/robot_interfaces/srv/detail/manage_tool__struct.hpp
[0.801s] -- Up-to-date: /home/silvia/TFG/TFG/src/ros2_ws/install/robot_interfaces/include/robot_interfaces/robot_interfaces/srv/detail/put_piece__struct.hpp
[0.802s] -- Up-to-date: /home/silvia/TFG/TFG/src/ros2_ws/install/robot_interfaces/include/robot_interfaces/robot_interfaces/srv/detail/solve_ik__struct.hpp
[0.803s] -- Up-to-date: /home/silvia/TFG/TFG/src/ros2_ws/install/robot_interfaces/include/robot_interfaces/robot_interfaces/srv/detail/put_piece__type_support.hpp
[0.803s] -- Up-to-date: /home/silvia/TFG/TFG/src/ros2_ws/install/robot_interfaces/include/robot_interfaces/robot_interfaces/srv/detail/add_camera__struct.hpp
[0.803s] -- Up-to-date: /home/silvia/TFG/TFG/src/ros2_ws/install/robot_interfaces/include/robot_interfaces/robot_interfaces/srv/detail/add_camera__type_support.hpp
[0.804s] -- Up-to-date: /home/silvia/TFG/TFG/src/ros2_ws/install/robot_interfaces/include/robot_interfaces/robot_interfaces/srv/detail/remove_obstacle__builder.hpp
[0.804s] -- Up-to-date: /home/silvia/TFG/TFG/src/ros2_ws/install/robot_interfaces/include/robot_interfaces/robot_interfaces/srv/detail/solve_dk__builder.hpp
[0.805s] -- Up-to-date: /home/silvia/TFG/TFG/src/ros2_ws/install/robot_interfaces/include/robot_interfaces/robot_interfaces/srv/detail/spawn_object__type_support.hpp
[0.805s] -- Up-to-date: /home/silvia/TFG/TFG/src/ros2_ws/install/robot_interfaces/include/robot_interfaces/robot_interfaces/srv/detail/solve_dk__type_support.hpp
[0.805s] -- Up-to-date: /home/silvia/TFG/TFG/src/ros2_ws/install/robot_interfaces/include/robot_interfaces/robot_interfaces/srv/detail/add_camera__traits.hpp
[0.806s] -- Up-to-date: /home/silvia/TFG/TFG/src/ros2_ws/install/robot_interfaces/include/robot_interfaces/robot_interfaces/srv/detail/spawn_object__struct.hpp
[0.806s] -- Up-to-date: /home/silvia/TFG/TFG/src/ros2_ws/install/robot_interfaces/include/robot_interfaces/robot_interfaces/srv/detail/solve_dk__traits.hpp
[0.806s] -- Up-to-date: /home/silvia/TFG/TFG/src/ros2_ws/install/robot_interfaces/include/robot_interfaces/robot_interfaces/srv/detail/solve_ik__type_support.hpp
[0.806s] -- Up-to-date: /home/silvia/TFG/TFG/src/ros2_ws/install/robot_interfaces/include/robot_interfaces/robot_interfaces/srv/detail/add_obstacle__builder.hpp
[0.806s] -- Up-to-date: /home/silvia/TFG/TFG/src/ros2_ws/install/robot_interfaces/include/robot_interfaces/robot_interfaces/srv/detail/add_obstacle__type_support.hpp
[0.806s] -- Up-to-date: /home/silvia/TFG/TFG/src/ros2_ws/install/robot_interfaces/include/robot_interfaces/robot_interfaces/srv/detail/add_camera__builder.hpp
[0.806s] -- Up-to-date: /home/silvia/TFG/TFG/src/ros2_ws/install/robot_interfaces/include/robot_interfaces/robot_interfaces/srv/detail/remove_obstacle__traits.hpp
[0.806s] -- Up-to-date: /home/silvia/TFG/TFG/src/ros2_ws/install/robot_interfaces/include/robot_interfaces/robot_interfaces/srv/detail/put_piece__traits.hpp
[0.806s] -- Up-to-date: /home/silvia/TFG/TFG/src/ros2_ws/install/robot_interfaces/include/robot_interfaces/robot_interfaces/msg
[0.806s] -- Up-to-date: /home/silvia/TFG/TFG/src/ros2_ws/install/robot_interfaces/include/robot_interfaces/robot_interfaces/msg/rosidl_generator_cpp__visibility_control.hpp
[0.806s] -- Up-to-date: /home/silvia/TFG/TFG/src/ros2_ws/install/robot_interfaces/include/robot_interfaces/robot_interfaces
[0.806s] -- Up-to-date: /home/silvia/TFG/TFG/src/ros2_ws/install/robot_interfaces/include/robot_interfaces/robot_interfaces/srv
[0.807s] -- Up-to-date: /home/silvia/TFG/TFG/src/ros2_ws/install/robot_interfaces/include/robot_interfaces/robot_interfaces/srv/detail
[0.807s] -- Up-to-date: /home/silvia/TFG/TFG/src/ros2_ws/install/robot_interfaces/include/robot_interfaces/robot_interfaces/srv/detail/add_camera__rosidl_typesupport_fastrtps_cpp.hpp
[0.807s] -- Up-to-date: /home/silvia/TFG/TFG/src/ros2_ws/install/robot_interfaces/include/robot_interfaces/robot_interfaces/srv/detail/put_piece__rosidl_typesupport_fastrtps_cpp.hpp
[0.807s] -- Up-to-date: /home/silvia/TFG/TFG/src/ros2_ws/install/robot_interfaces/include/robot_interfaces/robot_interfaces/srv/detail/manage_tool__rosidl_typesupport_fastrtps_cpp.hpp
[0.807s] -- Up-to-date: /home/silvia/TFG/TFG/src/ros2_ws/install/robot_interfaces/include/robot_interfaces/robot_interfaces/srv/detail/dds_fastrtps
[0.807s] -- Up-to-date: /home/silvia/TFG/TFG/src/ros2_ws/install/robot_interfaces/include/robot_interfaces/robot_interfaces/srv/detail/add_obstacle__rosidl_typesupport_fastrtps_cpp.hpp
[0.807s] -- Up-to-date: /home/silvia/TFG/TFG/src/ros2_ws/install/robot_interfaces/include/robot_interfaces/robot_interfaces/srv/detail/solve_dk__rosidl_typesupport_fastrtps_cpp.hpp
[0.807s] -- Up-to-date: /home/silvia/TFG/TFG/src/ros2_ws/install/robot_interfaces/include/robot_interfaces/robot_interfaces/srv/detail/remove_obstacle__rosidl_typesupport_fastrtps_cpp.hpp
[0.807s] -- Up-to-date: /home/silvia/TFG/TFG/src/ros2_ws/install/robot_interfaces/include/robot_interfaces/robot_interfaces/srv/detail/solve_ik__rosidl_typesupport_fastrtps_cpp.hpp
[0.807s] -- Up-to-date: /home/silvia/TFG/TFG/src/ros2_ws/install/robot_interfaces/include/robot_interfaces/robot_interfaces/srv/detail/spawn_object__rosidl_typesupport_fastrtps_cpp.hpp
[0.807s] -- Up-to-date: /home/silvia/TFG/TFG/src/ros2_ws/install/robot_interfaces/include/robot_interfaces/robot_interfaces/msg
[0.807s] -- Up-to-date: /home/silvia/TFG/TFG/src/ros2_ws/install/robot_interfaces/include/robot_interfaces/robot_interfaces/msg/rosidl_typesupport_fastrtps_cpp__visibility_control.h
[0.807s] -- Up-to-date: /home/silvia/TFG/TFG/src/ros2_ws/install/robot_interfaces/lib/librobot_interfaces__rosidl_typesupport_fastrtps_cpp.so
[0.808s] -- Up-to-date: /home/silvia/TFG/TFG/src/ros2_ws/install/robot_interfaces/include/robot_interfaces/robot_interfaces
[0.808s] -- Up-to-date: /home/silvia/TFG/TFG/src/ros2_ws/install/robot_interfaces/include/robot_interfaces/robot_interfaces/srv
[0.808s] -- Up-to-date: /home/silvia/TFG/TFG/src/ros2_ws/install/robot_interfaces/include/robot_interfaces/robot_interfaces/srv/detail
[0.808s] -- Up-to-date: /home/silvia/TFG/TFG/src/ros2_ws/install/robot_interfaces/include/robot_interfaces/robot_interfaces/srv/detail/put_piece__rosidl_typesupport_introspection_c.h
[0.808s] -- Up-to-date: /home/silvia/TFG/TFG/src/ros2_ws/install/robot_interfaces/include/robot_interfaces/robot_interfaces/srv/detail/add_obstacle__rosidl_typesupport_introspection_c.h
[0.808s] -- Installing: /home/silvia/TFG/TFG/src/ros2_ws/install/robot_interfaces/include/robot_interfaces/robot_interfaces/srv/detail/remove_obstacle__type_support.c
[0.808s] -- Up-to-date: /home/silvia/TFG/TFG/src/ros2_ws/install/robot_interfaces/include/robot_interfaces/robot_interfaces/srv/detail/manage_tool__rosidl_typesupport_introspection_c.h
[0.808s] -- Up-to-date: /home/silvia/TFG/TFG/src/ros2_ws/install/robot_interfaces/include/robot_interfaces/robot_interfaces/srv/detail/spawn_object__rosidl_typesupport_introspection_c.h
[0.808s] -- Installing: /home/silvia/TFG/TFG/src/ros2_ws/install/robot_interfaces/include/robot_interfaces/robot_interfaces/srv/detail/put_piece__type_support.c
[0.808s] -- Installing: /home/silvia/TFG/TFG/src/ros2_ws/install/robot_interfaces/include/robot_interfaces/robot_interfaces/srv/detail/add_camera__type_support.c
[0.808s] -- Installing: /home/silvia/TFG/TFG/src/ros2_ws/install/robot_interfaces/include/robot_interfaces/robot_interfaces/srv/detail/add_obstacle__type_support.c
[0.808s] -- Installing: /home/silvia/TFG/TFG/src/ros2_ws/install/robot_interfaces/include/robot_interfaces/robot_interfaces/srv/detail/solve_ik__type_support.c
[0.808s] -- Installing: /home/silvia/TFG/TFG/src/ros2_ws/install/robot_interfaces/include/robot_interfaces/robot_interfaces/srv/detail/spawn_object__type_support.c
[0.809s] -- Up-to-date: /home/silvia/TFG/TFG/src/ros2_ws/install/robot_interfaces/include/robot_interfaces/robot_interfaces/srv/detail/add_camera__rosidl_typesupport_introspection_c.h
[0.809s] -- Up-to-date: /home/silvia/TFG/TFG/src/ros2_ws/install/robot_interfaces/include/robot_interfaces/robot_interfaces/srv/detail/solve_dk__rosidl_typesupport_introspection_c.h
[0.809s] -- Up-to-date: /home/silvia/TFG/TFG/src/ros2_ws/install/robot_interfaces/include/robot_interfaces/robot_interfaces/srv/detail/solve_ik__rosidl_typesupport_introspection_c.h
[0.809s] -- Installing: /home/silvia/TFG/TFG/src/ros2_ws/install/robot_interfaces/include/robot_interfaces/robot_interfaces/srv/detail/manage_tool__type_support.c
[0.809s] -- Installing: /home/silvia/TFG/TFG/src/ros2_ws/install/robot_interfaces/include/robot_interfaces/robot_interfaces/srv/detail/solve_dk__type_support.c
[0.809s] -- Up-to-date: /home/silvia/TFG/TFG/src/ros2_ws/install/robot_interfaces/include/robot_interfaces/robot_interfaces/srv/detail/remove_obstacle__rosidl_typesupport_introspection_c.h
[0.809s] -- Up-to-date: /home/silvia/TFG/TFG/src/ros2_ws/install/robot_interfaces/include/robot_interfaces/robot_interfaces/msg
[0.809s] -- Up-to-date: /home/silvia/TFG/TFG/src/ros2_ws/install/robot_interfaces/include/robot_interfaces/robot_interfaces/msg/rosidl_typesupport_introspection_c__visibility_control.h
[0.809s] -- Up-to-date: /home/silvia/TFG/TFG/src/ros2_ws/install/robot_interfaces/lib/librobot_interfaces__rosidl_typesupport_introspection_c.so
[0.809s] -- Up-to-date: /home/silvia/TFG/TFG/src/ros2_ws/install/robot_interfaces/lib/librobot_interfaces__rosidl_typesupport_c.so
[0.809s] -- Up-to-date: /home/silvia/TFG/TFG/src/ros2_ws/install/robot_interfaces/include/robot_interfaces/robot_interfaces
[0.810s] -- Up-to-date: /home/silvia/TFG/TFG/src/ros2_ws/install/robot_interfaces/include/robot_interfaces/robot_interfaces/srv
[0.810s] -- Up-to-date: /home/silvia/TFG/TFG/src/ros2_ws/install/robot_interfaces/include/robot_interfaces/robot_interfaces/srv/detail
[0.810s] -- Up-to-date: /home/silvia/TFG/TFG/src/ros2_ws/install/robot_interfaces/include/robot_interfaces/robot_interfaces/srv/detail/add_obstacle__rosidl_typesupport_introspection_cpp.hpp
[0.810s] -- Up-to-date: /home/silvia/TFG/TFG/src/ros2_ws/install/robot_interfaces/include/robot_interfaces/robot_interfaces/srv/detail/spawn_object__rosidl_typesupport_introspection_cpp.hpp
[0.810s] -- Up-to-date: /home/silvia/TFG/TFG/src/ros2_ws/install/robot_interfaces/include/robot_interfaces/robot_interfaces/srv/detail/solve_ik__type_support.cpp
[0.810s] -- Up-to-date: /home/silvia/TFG/TFG/src/ros2_ws/install/robot_interfaces/include/robot_interfaces/robot_interfaces/srv/detail/manage_tool__type_support.cpp
[0.810s] -- Up-to-date: /home/silvia/TFG/TFG/src/ros2_ws/install/robot_interfaces/include/robot_interfaces/robot_interfaces/srv/detail/add_camera__rosidl_typesupport_introspection_cpp.hpp
[0.810s] -- Up-to-date: /home/silvia/TFG/TFG/src/ros2_ws/install/robot_interfaces/include/robot_interfaces/robot_interfaces/srv/detail/solve_dk__type_support.cpp
[0.810s] -- Up-to-date: /home/silvia/TFG/TFG/src/ros2_ws/install/robot_interfaces/include/robot_interfaces/robot_interfaces/srv/detail/put_piece__type_support.cpp
[0.810s] -- Up-to-date: /home/silvia/TFG/TFG/src/ros2_ws/install/robot_interfaces/include/robot_interfaces/robot_interfaces/srv/detail/add_obstacle__type_support.cpp
[0.810s] -- Up-to-date: /home/silvia/TFG/TFG/src/ros2_ws/install/robot_interfaces/include/robot_interfaces/robot_interfaces/srv/detail/remove_obstacle__type_support.cpp
[0.810s] -- Up-to-date: /home/silvia/TFG/TFG/src/ros2_ws/install/robot_interfaces/include/robot_interfaces/robot_interfaces/srv/detail/add_camera__type_support.cpp
[0.810s] -- Up-to-date: /home/silvia/TFG/TFG/src/ros2_ws/install/robot_interfaces/include/robot_interfaces/robot_interfaces/srv/detail/put_piece__rosidl_typesupport_introspection_cpp.hpp
[0.811s] -- Up-to-date: /home/silvia/TFG/TFG/src/ros2_ws/install/robot_interfaces/include/robot_interfaces/robot_interfaces/srv/detail/solve_ik__rosidl_typesupport_introspection_cpp.hpp
[0.811s] -- Up-to-date: /home/silvia/TFG/TFG/src/ros2_ws/install/robot_interfaces/include/robot_interfaces/robot_interfaces/srv/detail/spawn_object__type_support.cpp
[0.811s] -- Up-to-date: /home/silvia/TFG/TFG/src/ros2_ws/install/robot_interfaces/include/robot_interfaces/robot_interfaces/srv/detail/remove_obstacle__rosidl_typesupport_introspection_cpp.hpp
[0.811s] -- Up-to-date: /home/silvia/TFG/TFG/src/ros2_ws/install/robot_interfaces/include/robot_interfaces/robot_interfaces/srv/detail/solve_dk__rosidl_typesupport_introspection_cpp.hpp
[0.811s] -- Up-to-date: /home/silvia/TFG/TFG/src/ros2_ws/install/robot_interfaces/include/robot_interfaces/robot_interfaces/srv/detail/manage_tool__rosidl_typesupport_introspection_cpp.hpp
[0.811s] -- Up-to-date: /home/silvia/TFG/TFG/src/ros2_ws/install/robot_interfaces/lib/librobot_interfaces__rosidl_typesupport_introspection_cpp.so
[0.811s] -- Up-to-date: /home/silvia/TFG/TFG/src/ros2_ws/install/robot_interfaces/lib/librobot_interfaces__rosidl_typesupport_cpp.so
[0.811s] -- Up-to-date: /home/silvia/TFG/TFG/src/ros2_ws/install/robot_interfaces/share/robot_interfaces/environment/pythonpath.sh
[0.811s] -- Up-to-date: /home/silvia/TFG/TFG/src/ros2_ws/install/robot_interfaces/share/robot_interfaces/environment/pythonpath.dsv
[0.811s] -- Up-to-date: /home/silvia/TFG/TFG/src/ros2_ws/install/robot_interfaces/lib/python3.12/site-packages/robot_interfaces-0.0.0-py3.12.egg-info
[0.811s] -- Installing: /home/silvia/TFG/TFG/src/ros2_ws/install/robot_interfaces/lib/python3.12/site-packages/robot_interfaces-0.0.0-py3.12.egg-info/dependency_links.txt
[0.811s] -- Installing: /home/silvia/TFG/TFG/src/ros2_ws/install/robot_interfaces/lib/python3.12/site-packages/robot_interfaces-0.0.0-py3.12.egg-info/top_level.txt
[0.812s] -- Installing: /home/silvia/TFG/TFG/src/ros2_ws/install/robot_interfaces/lib/python3.12/site-packages/robot_interfaces-0.0.0-py3.12.egg-info/SOURCES.txt
[0.812s] -- Installing: /home/silvia/TFG/TFG/src/ros2_ws/install/robot_interfaces/lib/python3.12/site-packages/robot_interfaces-0.0.0-py3.12.egg-info/PKG-INFO
[0.812s] -- Up-to-date: /home/silvia/TFG/TFG/src/ros2_ws/install/robot_interfaces/lib/python3.12/site-packages/robot_interfaces
[0.812s] -- Up-to-date: /home/silvia/TFG/TFG/src/ros2_ws/install/robot_interfaces/lib/python3.12/site-packages/robot_interfaces/_robot_interfaces_s.ep.rosidl_typesupport_introspection_c.c
[0.812s] -- Up-to-date: /home/silvia/TFG/TFG/src/ros2_ws/install/robot_interfaces/lib/python3.12/site-packages/robot_interfaces/_robot_interfaces_s.ep.rosidl_typesupport_fastrtps_c.c
[0.812s] -- Up-to-date: /home/silvia/TFG/TFG/src/ros2_ws/install/robot_interfaces/lib/python3.12/site-packages/robot_interfaces/robot_interfaces_s__rosidl_typesupport_fastrtps_c.so
[0.812s] -- Up-to-date: /home/silvia/TFG/TFG/src/ros2_ws/install/robot_interfaces/lib/python3.12/site-packages/robot_interfaces/_robot_interfaces_s.ep.rosidl_typesupport_c.c
[0.812s] -- Up-to-date: /home/silvia/TFG/TFG/src/ros2_ws/install/robot_interfaces/lib/python3.12/site-packages/robot_interfaces/srv
[0.812s] -- Up-to-date: /home/silvia/TFG/TFG/src/ros2_ws/install/robot_interfaces/lib/python3.12/site-packages/robot_interfaces/srv/_add_camera.py
[0.812s] -- Up-to-date: /home/silvia/TFG/TFG/src/ros2_ws/install/robot_interfaces/lib/python3.12/site-packages/robot_interfaces/srv/_add_obstacle.py
[0.812s] -- Up-to-date: /home/silvia/TFG/TFG/src/ros2_ws/install/robot_interfaces/lib/python3.12/site-packages/robot_interfaces/srv/_put_piece_s.c
[0.812s] -- Up-to-date: /home/silvia/TFG/TFG/src/ros2_ws/install/robot_interfaces/lib/python3.12/site-packages/robot_interfaces/srv/_remove_obstacle.py
[0.812s] -- Up-to-date: /home/silvia/TFG/TFG/src/ros2_ws/install/robot_interfaces/lib/python3.12/site-packages/robot_interfaces/srv/_manage_tool.py
[0.813s] -- Up-to-date: /home/silvia/TFG/TFG/src/ros2_ws/install/robot_interfaces/lib/python3.12/site-packages/robot_interfaces/srv/_spawn_object.py
[0.813s] -- Up-to-date: /home/silvia/TFG/TFG/src/ros2_ws/install/robot_interfaces/lib/python3.12/site-packages/robot_interfaces/srv/__init__.py
[0.813s] -- Up-to-date: /home/silvia/TFG/TFG/src/ros2_ws/install/robot_interfaces/lib/python3.12/site-packages/robot_interfaces/srv/_remove_obstacle_s.c
[0.813s] -- Up-to-date: /home/silvia/TFG/TFG/src/ros2_ws/install/robot_interfaces/lib/python3.12/site-packages/robot_interfaces/srv/_solve_ik_s.c
[0.813s] -- Up-to-date: /home/silvia/TFG/TFG/src/ros2_ws/install/robot_interfaces/lib/python3.12/site-packages/robot_interfaces/srv/_solve_dk_s.c
[0.813s] -- Up-to-date: /home/silvia/TFG/TFG/src/ros2_ws/install/robot_interfaces/lib/python3.12/site-packages/robot_interfaces/srv/_manage_tool_s.c
[0.813s] -- Up-to-date: /home/silvia/TFG/TFG/src/ros2_ws/install/robot_interfaces/lib/python3.12/site-packages/robot_interfaces/srv/_add_camera_s.c
[0.813s] -- Up-to-date: /home/silvia/TFG/TFG/src/ros2_ws/install/robot_interfaces/lib/python3.12/site-packages/robot_interfaces/srv/_solve_ik.py
[0.813s] -- Up-to-date: /home/silvia/TFG/TFG/src/ros2_ws/install/robot_interfaces/lib/python3.12/site-packages/robot_interfaces/srv/_add_obstacle_s.c
[0.813s] -- Up-to-date: /home/silvia/TFG/TFG/src/ros2_ws/install/robot_interfaces/lib/python3.12/site-packages/robot_interfaces/srv/_solve_dk.py
[0.813s] -- Up-to-date: /home/silvia/TFG/TFG/src/ros2_ws/install/robot_interfaces/lib/python3.12/site-packages/robot_interfaces/srv/_put_piece.py
[0.814s] -- Up-to-date: /home/silvia/TFG/TFG/src/ros2_ws/install/robot_interfaces/lib/python3.12/site-packages/robot_interfaces/srv/_spawn_object_s.c
[0.814s] -- Up-to-date: /home/silvia/TFG/TFG/src/ros2_ws/install/robot_interfaces/lib/python3.12/site-packages/robot_interfaces/__init__.py
[0.814s] -- Up-to-date: /home/silvia/TFG/TFG/src/ros2_ws/install/robot_interfaces/lib/python3.12/site-packages/robot_interfaces/robot_interfaces_s__rosidl_typesupport_introspection_c.so
[0.814s] -- Up-to-date: /home/silvia/TFG/TFG/src/ros2_ws/install/robot_interfaces/lib/python3.12/site-packages/robot_interfaces/robot_interfaces_s__rosidl_typesupport_c.so
[0.864s] Listing '/home/silvia/TFG/TFG/src/ros2_ws/install/robot_interfaces/lib/python3.12/site-packages/robot_interfaces'...
[0.864s] Listing '/home/silvia/TFG/TFG/src/ros2_ws/install/robot_interfaces/lib/python3.12/site-packages/robot_interfaces/srv'...
[0.873s] -- Up-to-date: /home/silvia/TFG/TFG/src/ros2_ws/install/robot_interfaces/lib/python3.12/site-packages/robot_interfaces/robot_interfaces_s__rosidl_typesupport_fastrtps_c.so
[0.874s] -- Up-to-date: /home/silvia/TFG/TFG/src/ros2_ws/install/robot_interfaces/lib/python3.12/site-packages/robot_interfaces/robot_interfaces_s__rosidl_typesupport_introspection_c.so
[0.874s] -- Up-to-date: /home/silvia/TFG/TFG/src/ros2_ws/install/robot_interfaces/lib/python3.12/site-packages/robot_interfaces/robot_interfaces_s__rosidl_typesupport_c.so
[0.875s] -- Up-to-date: /home/silvia/TFG/TFG/src/ros2_ws/install/robot_interfaces/lib/librobot_interfaces__rosidl_generator_py.so
[0.876s] -- Up-to-date: /home/silvia/TFG/TFG/src/ros2_ws/install/robot_interfaces/share/ament_index/resource_index/rust_packages/robot_interfaces
[0.876s] -- Up-to-date: /home/silvia/TFG/TFG/src/ros2_ws/install/robot_interfaces/share/robot_interfaces/rust
[0.876s] -- Up-to-date: /home/silvia/TFG/TFG/src/ros2_ws/install/robot_interfaces/share/robot_interfaces/rust/build.rs
[0.877s] -- Up-to-date: /home/silvia/TFG/TFG/src/ros2_ws/install/robot_interfaces/share/robot_interfaces/rust/Cargo.toml
[0.877s] -- Up-to-date: /home/silvia/TFG/TFG/src/ros2_ws/install/robot_interfaces/share/robot_interfaces/rust/src
[0.877s] -- Up-to-date: /home/silvia/TFG/TFG/src/ros2_ws/install/robot_interfaces/share/robot_interfaces/rust/src/srv
[0.877s] -- Up-to-date: /home/silvia/TFG/TFG/src/ros2_ws/install/robot_interfaces/share/robot_interfaces/rust/src/srv/rmw.rs
[0.878s] -- Up-to-date: /home/silvia/TFG/TFG/src/ros2_ws/install/robot_interfaces/share/robot_interfaces/rust/src/srv.rs
[0.878s] -- Up-to-date: /home/silvia/TFG/TFG/src/ros2_ws/install/robot_interfaces/share/robot_interfaces/rust/src/lib.rs
[0.878s] -- Up-to-date: /home/silvia/TFG/TFG/src/ros2_ws/install/robot_interfaces/share/robot_interfaces/srv/SolveIK.idl
[0.878s] -- Up-to-date: /home/silvia/TFG/TFG/src/ros2_ws/install/robot_interfaces/share/robot_interfaces/srv/AddObstacle.idl
[0.878s] -- Up-to-date: /home/silvia/TFG/TFG/src/ros2_ws/install/robot_interfaces/share/robot_interfaces/srv/RemoveObstacle.idl
[0.879s] -- Up-to-date: /home/silvia/TFG/TFG/src/ros2_ws/install/robot_interfaces/share/robot_interfaces/srv/SolveDK.idl
[0.879s] -- Up-to-date: /home/silvia/TFG/TFG/src/ros2_ws/install/robot_interfaces/share/robot_interfaces/srv/ManageTool.idl
[0.879s] -- Up-to-date: /home/silvia/TFG/TFG/src/ros2_ws/install/robot_interfaces/share/robot_interfaces/srv/SpawnObject.idl
[0.880s] -- Up-to-date: /home/silvia/TFG/TFG/src/ros2_ws/install/robot_interfaces/share/robot_interfaces/srv/AddCamera.idl
[0.880s] -- Up-to-date: /home/silvia/TFG/TFG/src/ros2_ws/install/robot_interfaces/share/robot_interfaces/srv/PutPiece.idl
[0.880s] -- Up-to-date: /home/silvia/TFG/TFG/src/ros2_ws/install/robot_interfaces/share/robot_interfaces/srv/SolveIK.srv
[0.880s] -- Up-to-date: /home/silvia/TFG/TFG/src/ros2_ws/install/robot_interfaces/share/robot_interfaces/srv/AddObstacle.srv
[0.880s] -- Up-to-date: /home/silvia/TFG/TFG/src/ros2_ws/install/robot_interfaces/share/robot_interfaces/srv/RemoveObstacle.srv
[0.881s] -- Up-to-date: /home/silvia/TFG/TFG/src/ros2_ws/install/robot_interfaces/share/robot_interfaces/srv/SolveDK.srv
[0.881s] -- Up-to-date: /home/silvia/TFG/TFG/src/ros2_ws/install/robot_interfaces/share/robot_interfaces/srv/ManageTool.srv
[0.881s] -- Up-to-date: /home/silvia/TFG/TFG/src/ros2_ws/install/robot_interfaces/share/robot_interfaces/srv/SpawnObject.srv
[0.882s] -- Up-to-date: /home/silvia/TFG/TFG/src/ros2_ws/install/robot_interfaces/share/robot_interfaces/srv/AddCamera.srv
[0.882s] -- Up-to-date: /home/silvia/TFG/TFG/src/ros2_ws/install/robot_interfaces/share/robot_interfaces/srv/PutPiece.srv
[0.882s] -- Up-to-date: /home/silvia/TFG/TFG/src/ros2_ws/install/robot_interfaces/share/ament_index/resource_index/package_run_dependencies/robot_interfaces
[0.882s] -- Up-to-date: /home/silvia/TFG/TFG/src/ros2_ws/install/robot_interfaces/share/ament_index/resource_index/parent_prefix_path/robot_interfaces
[0.883s] -- Up-to-date: /home/silvia/TFG/TFG/src/ros2_ws/install/robot_interfaces/share/robot_interfaces/environment/ament_prefix_path.sh
[0.883s] -- Up-to-date: /home/silvia/TFG/TFG/src/ros2_ws/install/robot_interfaces/share/robot_interfaces/environment/ament_prefix_path.dsv
[0.883s] -- Up-to-date: /home/silvia/TFG/TFG/src/ros2_ws/install/robot_interfaces/share/robot_interfaces/environment/path.sh
[0.883s] -- Up-to-date: /home/silvia/TFG/TFG/src/ros2_ws/install/robot_interfaces/share/robot_interfaces/environment/path.dsv
[0.884s] -- Up-to-date: /home/silvia/TFG/TFG/src/ros2_ws/install/robot_interfaces/share/robot_interfaces/local_setup.bash
[0.884s] -- Up-to-date: /home/silvia/TFG/TFG/src/ros2_ws/install/robot_interfaces/share/robot_interfaces/local_setup.sh
[0.884s] -- Up-to-date: /home/silvia/TFG/TFG/src/ros2_ws/install/robot_interfaces/share/robot_interfaces/local_setup.zsh
[0.884s] -- Up-to-date: /home/silvia/TFG/TFG/src/ros2_ws/install/robot_interfaces/share/robot_interfaces/local_setup.dsv
[0.884s] -- Installing: /home/silvia/TFG/TFG/src/ros2_ws/install/robot_interfaces/share/robot_interfaces/package.dsv
[0.885s] -- Up-to-date: /home/silvia/TFG/TFG/src/ros2_ws/install/robot_interfaces/share/ament_index/resource_index/packages/robot_interfaces
[0.885s] -- Up-to-date: /home/silvia/TFG/TFG/src/ros2_ws/install/robot_interfaces/share/robot_interfaces/cmake/export_robot_interfaces__rosidl_generator_cExport.cmake
[0.886s] -- Up-to-date: /home/silvia/TFG/TFG/src/ros2_ws/install/robot_interfaces/share/robot_interfaces/cmake/export_robot_interfaces__rosidl_generator_cExport-noconfig.cmake
[0.886s] -- Up-to-date: /home/silvia/TFG/TFG/src/ros2_ws/install/robot_interfaces/share/robot_interfaces/cmake/export_robot_interfaces__rosidl_typesupport_fastrtps_cExport.cmake
[0.886s] -- Up-to-date: /home/silvia/TFG/TFG/src/ros2_ws/install/robot_interfaces/share/robot_interfaces/cmake/export_robot_interfaces__rosidl_typesupport_fastrtps_cExport-noconfig.cmake
[0.886s] -- Up-to-date: /home/silvia/TFG/TFG/src/ros2_ws/install/robot_interfaces/share/robot_interfaces/cmake/export_robot_interfaces__rosidl_generator_cppExport.cmake
[0.886s] -- Up-to-date: /home/silvia/TFG/TFG/src/ros2_ws/install/robot_interfaces/share/robot_interfaces/cmake/export_robot_interfaces__rosidl_typesupport_fastrtps_cppExport.cmake
[0.886s] -- Up-to-date: /home/silvia/TFG/TFG/src/ros2_ws/install/robot_interfaces/share/robot_interfaces/cmake/export_robot_interfaces__rosidl_typesupport_fastrtps_cppExport-noconfig.cmake
[0.886s] -- Up-to-date: /home/silvia/TFG/TFG/src/ros2_ws/install/robot_interfaces/share/robot_interfaces/cmake/robot_interfaces__rosidl_typesupport_introspection_cExport.cmake
[0.886s] -- Up-to-date: /home/silvia/TFG/TFG/src/ros2_ws/install/robot_interfaces/share/robot_interfaces/cmake/robot_interfaces__rosidl_typesupport_introspection_cExport-noconfig.cmake
[0.886s] -- Up-to-date: /home/silvia/TFG/TFG/src/ros2_ws/install/robot_interfaces/share/robot_interfaces/cmake/robot_interfaces__rosidl_typesupport_cExport.cmake
[0.886s] -- Up-to-date: /home/silvia/TFG/TFG/src/ros2_ws/install/robot_interfaces/share/robot_interfaces/cmake/robot_interfaces__rosidl_typesupport_cExport-noconfig.cmake
[0.886s] -- Up-to-date: /home/silvia/TFG/TFG/src/ros2_ws/install/robot_interfaces/share/robot_interfaces/cmake/robot_interfaces__rosidl_typesupport_introspection_cppExport.cmake
[0.886s] -- Up-to-date: /home/silvia/TFG/TFG/src/ros2_ws/install/robot_interfaces/share/robot_interfaces/cmake/robot_interfaces__rosidl_typesupport_introspection_cppExport-noconfig.cmake
[0.887s] -- Up-to-date: /home/silvia/TFG/TFG/src/ros2_ws/install/robot_interfaces/share/robot_interfaces/cmake/robot_interfaces__rosidl_typesupport_cppExport.cmake
[0.887s] -- Up-to-date: /home/silvia/TFG/TFG/src/ros2_ws/install/robot_interfaces/share/robot_interfaces/cmake/robot_interfaces__rosidl_typesupport_cppExport-noconfig.cmake
[0.887s] -- Up-to-date: /home/silvia/TFG/TFG/src/ros2_ws/install/robot_interfaces/share/robot_interfaces/cmake/export_robot_interfaces__rosidl_generator_pyExport.cmake
[0.887s] -- Up-to-date: /home/silvia/TFG/TFG/src/ros2_ws/install/robot_interfaces/share/robot_interfaces/cmake/export_robot_interfaces__rosidl_generator_pyExport-noconfig.cmake
[0.888s] -- Up-to-date: /home/silvia/TFG/TFG/src/ros2_ws/install/robot_interfaces/share/robot_interfaces/cmake/rosidl_cmake-extras.cmake
[0.888s] -- Up-to-date: /home/silvia/TFG/TFG/src/ros2_ws/install/robot_interfaces/share/robot_interfaces/cmake/ament_cmake_export_dependencies-extras.cmake
[0.888s] -- Up-to-date: /home/silvia/TFG/TFG/src/ros2_ws/install/robot_interfaces/share/robot_interfaces/cmake/ament_cmake_export_include_directories-extras.cmake
[0.889s] -- Up-to-date: /home/silvia/TFG/TFG/src/ros2_ws/install/robot_interfaces/share/robot_interfaces/cmake/ament_cmake_export_libraries-extras.cmake
[0.889s] -- Up-to-date: /home/silvia/TFG/TFG/src/ros2_ws/install/robot_interfaces/share/robot_interfaces/cmake/ament_cmake_export_targets-extras.cmake
[0.890s] -- Up-to-date: /home/silvia/TFG/TFG/src/ros2_ws/install/robot_interfaces/share/robot_interfaces/cmake/rosidl_cmake_export_typesupport_targets-extras.cmake
[0.890s] -- Up-to-date: /home/silvia/TFG/TFG/src/ros2_ws/install/robot_interfaces/share/robot_interfaces/cmake/rosidl_cmake_export_typesupport_libraries-extras.cmake
[0.891s] -- Up-to-date: /home/silvia/TFG/TFG/src/ros2_ws/install/robot_interfaces/share/robot_interfaces/cmake/robot_interfacesConfig.cmake
[0.891s] -- Up-to-date: /home/silvia/TFG/TFG/src/ros2_ws/install/robot_interfaces/share/robot_interfaces/cmake/robot_interfacesConfig-version.cmake
[0.892s] -- Up-to-date: /home/silvia/TFG/TFG/src/ros2_ws/install/robot_interfaces/share/robot_interfaces/package.xml
[0.893s] Invoked command in '/home/silvia/TFG/TFG/src/ros2_ws/build/robot_interfaces' returned '0': CMAKE_PREFIX_PATH=${CMAKE_PREFIX_PATH}:/home/silvia/TFG/TFG/src/ros2_ws/install/robot_kinematics:/home/silvia/TFG/TFG/src/ros2_ws/install/robot_inverse_kinematics:/home/silvia/TFG/TFG/src/ros2_ws/install/robot_digital_twin:/opt/ros/jazzy /usr/bin/cmake --install /home/silvia/TFG/TFG/src/ros2_ws/build/robot_interfaces
