[2.173s] Invoking command in '/home/silvia/TFG/TFG/src/ros2_ws/src/robot_kinematics': CMAKE_PREFIX_PATH=/home/silvia/TFG/TFG/src/ros2_ws/install/robot_interfaces:/home/silvia/TFG/TFG/src/ros2_ws/install/tic_tac_toe_dlc:/home/silvia/TFG/TFG/src/ros2_ws/install/robot_pkg:/opt/ros/jazzy/opt/sdformat_vendor:/opt/ros/jazzy/opt/gz_math_vendor:/opt/ros/jazzy/opt/gz_utils_vendor:/opt/ros/jazzy/opt/gz_tools_vendor:/opt/ros/jazzy/opt/gz_cmake_vendor PYTHONPATH=/home/silvia/TFG/TFG/src/ros2_ws/build/robot_kinematics/prefix_override:/usr/lib/python3/dist-packages/colcon_core/task/python/colcon_distutils_commands:/home/silvia/TFG/TFG/src/ros2_ws/install/robot_kinematics/lib/python3.12/site-packages:/home/silvia/TFG/TFG/src/ros2_ws/install/robot_interfaces/lib/python3.12/site-packages:/home/silvia/TFG/TFG/src/ros2_ws/install/robot_kinematics/lib/python3.12/site-packages:/home/silvia/TFG/TFG/src/ros2_ws/install/robot_inverse_kinematics/lib/python3.12/site-packages:/home/silvia/TFG/TFG/src/ros2_ws/install/robot_digital_twin/lib/python3.12/site-packages:/opt/ros/jazzy/lib/python3.12/site-packages /usr/bin/python3 -W ignore:setup.py install is deprecated -W ignore:easy_install command is deprecated setup.py egg_info --egg-base ../../build/robot_kinematics build --build-base /home/silvia/TFG/TFG/src/ros2_ws/build/robot_kinematics/build install --record /home/silvia/TFG/TFG/src/ros2_ws/build/robot_kinematics/install.log --single-version-externally-managed install_data
[2.628s] running egg_info
[2.666s] writing ../../build/robot_kinematics/robot_kinematics.egg-info/PKG-INFO
[2.667s] writing dependency_links to ../../build/robot_kinematics/robot_kinematics.egg-info/dependency_links.txt
[2.667s] writing entry points to ../../build/robot_kinematics/robot_kinematics.egg-info/entry_points.txt
[2.668s] writing requirements to ../../build/robot_kinematics/robot_kinematics.egg-info/requires.txt
[2.668s] writing top-level names to ../../build/robot_kinematics/robot_kinematics.egg-info/top_level.txt
[2.726s] reading manifest file '../../build/robot_kinematics/robot_kinematics.egg-info/SOURCES.txt'
[2.727s] writing manifest file '../../build/robot_kinematics/robot_kinematics.egg-info/SOURCES.txt'
[2.728s] running build
[2.728s] running build_py
[2.728s] copying robot_kinematics/robot_kinematics.py -> /home/silvia/TFG/TFG/src/ros2_ws/build/robot_kinematics/build/lib/robot_kinematics
[2.728s] running install
[2.736s] running install_lib
[2.776s] copying /home/silvia/TFG/TFG/src/ros2_ws/build/robot_kinematics/build/lib/robot_kinematics/robot_kinematics.py -> /home/silvia/TFG/TFG/src/ros2_ws/install/robot_kinematics/lib/python3.12/site-packages/robot_kinematics
[2.777s] byte-compiling /home/silvia/TFG/TFG/src/ros2_ws/install/robot_kinematics/lib/python3.12/site-packages/robot_kinematics/robot_kinematics.py to robot_kinematics.cpython-312.pyc
[2.786s] running install_data
[2.786s] running install_egg_info
[2.819s] removing '/home/silvia/TFG/TFG/src/ros2_ws/install/robot_kinematics/lib/python3.12/site-packages/robot_kinematics-0.0.0-py3.12.egg-info' (and everything under it)
[2.820s] Copying ../../build/robot_kinematics/robot_kinematics.egg-info to /home/silvia/TFG/TFG/src/ros2_ws/install/robot_kinematics/lib/python3.12/site-packages/robot_kinematics-0.0.0-py3.12.egg-info
[2.822s] running install_scripts
[3.029s] Installing robot_kinematics script to /home/silvia/TFG/TFG/src/ros2_ws/install/robot_kinematics/lib/robot_kinematics
[3.030s] writing list of installed files to '/home/silvia/TFG/TFG/src/ros2_ws/build/robot_kinematics/install.log'
[3.074s] Invoked command in '/home/silvia/TFG/TFG/src/ros2_ws/src/robot_kinematics' returned '0': CMAKE_PREFIX_PATH=/home/silvia/TFG/TFG/src/ros2_ws/install/robot_interfaces:/home/silvia/TFG/TFG/src/ros2_ws/install/tic_tac_toe_dlc:/home/silvia/TFG/TFG/src/ros2_ws/install/robot_pkg:/opt/ros/jazzy/opt/sdformat_vendor:/opt/ros/jazzy/opt/gz_math_vendor:/opt/ros/jazzy/opt/gz_utils_vendor:/opt/ros/jazzy/opt/gz_tools_vendor:/opt/ros/jazzy/opt/gz_cmake_vendor PYTHONPATH=/home/silvia/TFG/TFG/src/ros2_ws/build/robot_kinematics/prefix_override:/usr/lib/python3/dist-packages/colcon_core/task/python/colcon_distutils_commands:/home/silvia/TFG/TFG/src/ros2_ws/install/robot_kinematics/lib/python3.12/site-packages:/home/silvia/TFG/TFG/src/ros2_ws/install/robot_interfaces/lib/python3.12/site-packages:/home/silvia/TFG/TFG/src/ros2_ws/install/robot_kinematics/lib/python3.12/site-packages:/home/silvia/TFG/TFG/src/ros2_ws/install/robot_inverse_kinematics/lib/python3.12/site-packages:/home/silvia/TFG/TFG/src/ros2_ws/install/robot_digital_twin/lib/python3.12/site-packages:/opt/ros/jazzy/lib/python3.12/site-packages /usr/bin/python3 -W ignore:setup.py install is deprecated -W ignore:easy_install command is deprecated setup.py egg_info --egg-base ../../build/robot_kinematics build --build-base /home/silvia/TFG/TFG/src/ros2_ws/build/robot_kinematics/build install --record /home/silvia/TFG/TFG/src/ros2_ws/build/robot_kinematics/install.log --single-version-externally-managed install_data
