[0.020s] Invoking command in '/home/silvia/TFG/TFG/src/ros2_ws/build/digital_twin': CMAKE_PREFIX_PATH=${CMAKE_PREFIX_PATH}:/home/silvia/TFG/TFG/src/ros2_ws/install/robot_inverse_kinematics:/opt/ros/jazzy /usr/bin/cmake /home/silvia/TFG/TFG/src/ros2_ws/src/digital_twin -DCMAKE_INSTALL_PREFIX=/home/silvia/TFG/TFG/src/ros2_ws/install/digital_twin
[0.352s] -- The C compiler identification is GNU 13.3.0
[1.027s] -- The CXX compiler identification is GNU 13.3.0
[1.521s] -- Detecting C compiler ABI info
[1.786s] -- Detecting C compiler ABI info - done
[1.797s] -- Check for working C compiler: /usr/bin/cc - skipped
[1.798s] -- Detecting C compile features
[1.799s] -- Detecting C compile features - done
[1.870s] -- Detecting CXX compiler ABI info
[2.138s] -- Detecting CXX compiler ABI info - done
[2.151s] -- Check for working CXX compiler: /usr/bin/c++ - skipped
[2.152s] -- Detecting CXX compile features
[2.153s] -- Detecting CXX compile features - done
[2.185s] -- Found ament_cmake: 2.5.6 (/opt/ros/jazzy/share/ament_cmake/cmake)
[2.421s] -- Found Python3: /usr/bin/python3 (found version "3.12.3") found components: Interpreter 
[2.638s] -- Found rclcpp: 28.1.18 (/opt/ros/jazzy/share/rclcpp/cmake)
[2.855s] -- Found rosidl_generator_c: 4.6.7 (/opt/ros/jazzy/share/rosidl_generator_c/cmake)
[2.891s] -- Found rosidl_generator_cpp: 4.6.7 (/opt/ros/jazzy/share/rosidl_generator_cpp/cmake)
[2.946s] -- Using all available rosidl_typesupport_c: rosidl_typesupport_fastrtps_c;rosidl_typesupport_introspection_c
[3.001s] -- Using all available rosidl_typesupport_cpp: rosidl_typesupport_fastrtps_cpp;rosidl_typesupport_introspection_cpp
[3.175s] -- Found rmw_implementation_cmake: 7.3.3 (/opt/ros/jazzy/share/rmw_implementation_cmake/cmake)
[3.184s] -- Found rmw_fastrtps_cpp: 8.4.3 (/opt/ros/jazzy/share/rmw_fastrtps_cpp/cmake)
[3.343s] -- Found OpenSSL: /usr/lib/x86_64-linux-gnu/libcrypto.so (found version "3.0.13")  
[3.549s] -- Found FastRTPS: /opt/ros/jazzy/include (Required is at least version "2.13") 
[3.678s] -- Using RMW implementation 'rmw_fastrtps_cpp' as default
[3.977s] -- Found sensor_msgs: 5.3.7 (/opt/ros/jazzy/share/sensor_msgs/cmake)
[4.084s] -- Found ament_lint_auto: 0.17.5 (/opt/ros/jazzy/share/ament_lint_auto/cmake)
[4.256s] -- Added test 'cppcheck' to perform static code analysis on C / C++ code
[4.256s] -- Configured cppcheck include dirs: /home/silvia/TFG/TFG/src/ros2_ws/src/digital_twin/include
[4.257s] -- Configured cppcheck exclude dirs and/or files: 
[4.258s] -- Added test 'flake8' to check Python code syntax and style conventions
[4.259s] -- Configured 'flake8' exclude dirs and/or files: 
[4.261s] -- Added test 'lint_cmake' to check CMake code style
[4.263s] -- Added test 'pep257' to check Python code against some of the docstring style conventions in PEP 257
[4.266s] -- Added test 'uncrustify' to check C / C++ code style
[4.266s] -- Configured uncrustify additional arguments: 
[4.268s] -- Added test 'xmllint' to check XML markup files
[4.272s] -- Configuring done (4.2s)
[4.294s] -- Generating done (0.0s)
[4.299s] -- Build files have been written to: /home/silvia/TFG/TFG/src/ros2_ws/build/digital_twin
[4.313s] Invoked command in '/home/silvia/TFG/TFG/src/ros2_ws/build/digital_twin' returned '0': CMAKE_PREFIX_PATH=${CMAKE_PREFIX_PATH}:/home/silvia/TFG/TFG/src/ros2_ws/install/robot_inverse_kinematics:/opt/ros/jazzy /usr/bin/cmake /home/silvia/TFG/TFG/src/ros2_ws/src/digital_twin -DCMAKE_INSTALL_PREFIX=/home/silvia/TFG/TFG/src/ros2_ws/install/digital_twin
[4.315s] Invoking command in '/home/silvia/TFG/TFG/src/ros2_ws/build/digital_twin': CMAKE_PREFIX_PATH=${CMAKE_PREFIX_PATH}:/home/silvia/TFG/TFG/src/ros2_ws/install/robot_inverse_kinematics:/opt/ros/jazzy /usr/bin/cmake --build /home/silvia/TFG/TFG/src/ros2_ws/build/digital_twin -- -j8 -l8
[4.393s] [ 50%] [32mBuilding CXX object CMakeFiles/digital_twin.dir/src/digital_twin.cpp.o[0m
[20.096s] [100%] [32m[1mLinking CXX executable digital_twin[0m
[20.689s] [100%] Built target digital_twin
[20.706s] Invoked command in '/home/silvia/TFG/TFG/src/ros2_ws/build/digital_twin' returned '0': CMAKE_PREFIX_PATH=${CMAKE_PREFIX_PATH}:/home/silvia/TFG/TFG/src/ros2_ws/install/robot_inverse_kinematics:/opt/ros/jazzy /usr/bin/cmake --build /home/silvia/TFG/TFG/src/ros2_ws/build/digital_twin -- -j8 -l8
[20.722s] Invoking command in '/home/silvia/TFG/TFG/src/ros2_ws/build/digital_twin': CMAKE_PREFIX_PATH=${CMAKE_PREFIX_PATH}:/home/silvia/TFG/TFG/src/ros2_ws/install/robot_inverse_kinematics:/opt/ros/jazzy /usr/bin/cmake --install /home/silvia/TFG/TFG/src/ros2_ws/build/digital_twin
[20.735s] -- Install configuration: ""
[20.736s] -- Installing: /home/silvia/TFG/TFG/src/ros2_ws/install/digital_twin/lib/digital_twin/digital_twin
[20.744s] -- Set non-toolchain portion of runtime path of "/home/silvia/TFG/TFG/src/ros2_ws/install/digital_twin/lib/digital_twin/digital_twin" to ""
[20.745s] -- Installing: /home/silvia/TFG/TFG/src/ros2_ws/install/digital_twin/share/digital_twin/launch
[20.746s] -- Installing: /home/silvia/TFG/TFG/src/ros2_ws/install/digital_twin/share/digital_twin/launch/simulacion.launch.py
[20.746s] -- Installing: /home/silvia/TFG/TFG/src/ros2_ws/install/digital_twin/share/digital_twin/worlds
[20.747s] -- Installing: /home/silvia/TFG/TFG/src/ros2_ws/install/digital_twin/share/digital_twin/worlds/empty.wbt
[20.747s] -- Installing: /home/silvia/TFG/TFG/src/ros2_ws/install/digital_twin/share/digital_twin/worlds/.empty.wbproj
[20.747s] -- Installing: /home/silvia/TFG/TFG/src/ros2_ws/install/digital_twin/share/digital_twin/worlds/.empty.jpg
[20.749s] -- Installing: /home/silvia/TFG/TFG/src/ros2_ws/install/digital_twin/share/ament_index/resource_index/package_run_dependencies/digital_twin
[20.749s] -- Installing: /home/silvia/TFG/TFG/src/ros2_ws/install/digital_twin/share/ament_index/resource_index/parent_prefix_path/digital_twin
[20.750s] -- Installing: /home/silvia/TFG/TFG/src/ros2_ws/install/digital_twin/share/digital_twin/environment/ament_prefix_path.sh
[20.750s] -- Installing: /home/silvia/TFG/TFG/src/ros2_ws/install/digital_twin/share/digital_twin/environment/ament_prefix_path.dsv
[20.751s] -- Installing: /home/silvia/TFG/TFG/src/ros2_ws/install/digital_twin/share/digital_twin/environment/path.sh
[20.751s] -- Installing: /home/silvia/TFG/TFG/src/ros2_ws/install/digital_twin/share/digital_twin/environment/path.dsv
[20.751s] -- Installing: /home/silvia/TFG/TFG/src/ros2_ws/install/digital_twin/share/digital_twin/local_setup.bash
[20.752s] -- Installing: /home/silvia/TFG/TFG/src/ros2_ws/install/digital_twin/share/digital_twin/local_setup.sh
[20.752s] -- Installing: /home/silvia/TFG/TFG/src/ros2_ws/install/digital_twin/share/digital_twin/local_setup.zsh
[20.753s] -- Installing: /home/silvia/TFG/TFG/src/ros2_ws/install/digital_twin/share/digital_twin/local_setup.dsv
[20.753s] -- Installing: /home/silvia/TFG/TFG/src/ros2_ws/install/digital_twin/share/digital_twin/package.dsv
[20.754s] -- Installing: /home/silvia/TFG/TFG/src/ros2_ws/install/digital_twin/share/ament_index/resource_index/packages/digital_twin
[20.754s] -- Installing: /home/silvia/TFG/TFG/src/ros2_ws/install/digital_twin/share/digital_twin/cmake/digital_twinConfig.cmake
[20.755s] -- Installing: /home/silvia/TFG/TFG/src/ros2_ws/install/digital_twin/share/digital_twin/cmake/digital_twinConfig-version.cmake
[20.755s] -- Installing: /home/silvia/TFG/TFG/src/ros2_ws/install/digital_twin/share/digital_twin/package.xml
[20.759s] Invoked command in '/home/silvia/TFG/TFG/src/ros2_ws/build/digital_twin' returned '0': CMAKE_PREFIX_PATH=${CMAKE_PREFIX_PATH}:/home/silvia/TFG/TFG/src/ros2_ws/install/robot_inverse_kinematics:/opt/ros/jazzy /usr/bin/cmake --install /home/silvia/TFG/TFG/src/ros2_ws/build/digital_twin
