[2.389s] Invoking command in '/home/silvia/TFG/TFG/src/ros2_ws/src/robot_inverse_kinematics': CMAKE_PREFIX_PATH=/home/silvia/TFG/TFG/src/ros2_ws/install/robot_interfaces:/home/silvia/TFG/TFG/src/ros2_ws/install/tic_tac_toe_dlc:/home/silvia/TFG/TFG/src/ros2_ws/install/robot_pkg:/home/silvia/TFG/TFG/src/ros2_ws/install/digital_twin:/opt/ros/jazzy/opt/sdformat_vendor:/opt/ros/jazzy/opt/gz_math_vendor:/opt/ros/jazzy/opt/gz_utils_vendor:/opt/ros/jazzy/opt/gz_tools_vendor:/opt/ros/jazzy/opt/gz_cmake_vendor PYTHONPATH=/home/silvia/TFG/TFG/src/ros2_ws/build/robot_inverse_kinematics/prefix_override:/usr/lib/python3/dist-packages/colcon_core/task/python/colcon_distutils_commands:/home/silvia/TFG/TFG/src/ros2_ws/install/robot_inverse_kinematics/lib/python3.12/site-packages:/home/silvia/TFG/TFG/src/ros2_ws/install/robot_interfaces/lib/python3.12/site-packages:/home/silvia/TFG/TFG/src/ros2_ws/install/robot_inverse_kinematics/lib/python3.12/site-packages:/opt/ros/jazzy/lib/python3.12/site-packages /usr/bin/python3 -W ignore:setup.py install is deprecated -W ignore:easy_install command is deprecated setup.py egg_info --egg-base ../../build/robot_inverse_kinematics build --build-base /home/silvia/TFG/TFG/src/ros2_ws/build/robot_inverse_kinematics/build install --record /home/silvia/TFG/TFG/src/ros2_ws/build/robot_inverse_kinematics/install.log --single-version-externally-managed install_data
[2.884s] running egg_info
[2.885s] creating ../../build/robot_inverse_kinematics/robot_inverse_kinematics.egg-info
[2.936s] writing ../../build/robot_inverse_kinematics/robot_inverse_kinematics.egg-info/PKG-INFO
[2.936s] writing dependency_links to ../../build/robot_inverse_kinematics/robot_inverse_kinematics.egg-info/dependency_links.txt
[2.937s] writing entry points to ../../build/robot_inverse_kinematics/robot_inverse_kinematics.egg-info/entry_points.txt
[2.937s] writing requirements to ../../build/robot_inverse_kinematics/robot_inverse_kinematics.egg-info/requires.txt
[2.937s] writing top-level names to ../../build/robot_inverse_kinematics/robot_inverse_kinematics.egg-info/top_level.txt
[2.937s] writing manifest file '../../build/robot_inverse_kinematics/robot_inverse_kinematics.egg-info/SOURCES.txt'
[3.012s] reading manifest file '../../build/robot_inverse_kinematics/robot_inverse_kinematics.egg-info/SOURCES.txt'
[3.012s] writing manifest file '../../build/robot_inverse_kinematics/robot_inverse_kinematics.egg-info/SOURCES.txt'
[3.013s] running build
[3.014s] running build_py
[3.014s] creating /home/silvia/TFG/TFG/src/ros2_ws/build/robot_inverse_kinematics/build
[3.014s] creating /home/silvia/TFG/TFG/src/ros2_ws/build/robot_inverse_kinematics/build/lib
[3.015s] creating /home/silvia/TFG/TFG/src/ros2_ws/build/robot_inverse_kinematics/build/lib/robot_inverse_kinematics
[3.015s] copying robot_inverse_kinematics/__init__.py -> /home/silvia/TFG/TFG/src/ros2_ws/build/robot_inverse_kinematics/build/lib/robot_inverse_kinematics
[3.016s] copying robot_inverse_kinematics/ik_node.py -> /home/silvia/TFG/TFG/src/ros2_ws/build/robot_inverse_kinematics/build/lib/robot_inverse_kinematics
[3.017s] running install
[3.032s] running install_lib
[3.070s] creating /home/silvia/TFG/TFG/src/ros2_ws/install/robot_inverse_kinematics/lib/python3.12/site-packages/robot_inverse_kinematics
[3.071s] copying /home/silvia/TFG/TFG/src/ros2_ws/build/robot_inverse_kinematics/build/lib/robot_inverse_kinematics/__init__.py -> /home/silvia/TFG/TFG/src/ros2_ws/install/robot_inverse_kinematics/lib/python3.12/site-packages/robot_inverse_kinematics
[3.071s] copying /home/silvia/TFG/TFG/src/ros2_ws/build/robot_inverse_kinematics/build/lib/robot_inverse_kinematics/ik_node.py -> /home/silvia/TFG/TFG/src/ros2_ws/install/robot_inverse_kinematics/lib/python3.12/site-packages/robot_inverse_kinematics
[3.072s] byte-compiling /home/silvia/TFG/TFG/src/ros2_ws/install/robot_inverse_kinematics/lib/python3.12/site-packages/robot_inverse_kinematics/__init__.py to __init__.cpython-312.pyc
[3.073s] byte-compiling /home/silvia/TFG/TFG/src/ros2_ws/install/robot_inverse_kinematics/lib/python3.12/site-packages/robot_inverse_kinematics/ik_node.py to ik_node.cpython-312.pyc
[3.082s] running install_data
[3.083s] creating /home/silvia/TFG/TFG/src/ros2_ws/install/robot_inverse_kinematics/share/ament_index
[3.083s] creating /home/silvia/TFG/TFG/src/ros2_ws/install/robot_inverse_kinematics/share/ament_index/resource_index
[3.084s] creating /home/silvia/TFG/TFG/src/ros2_ws/install/robot_inverse_kinematics/share/ament_index/resource_index/packages
[3.085s] copying resource/robot_inverse_kinematics -> /home/silvia/TFG/TFG/src/ros2_ws/install/robot_inverse_kinematics/share/ament_index/resource_index/packages
[3.085s] copying package.xml -> /home/silvia/TFG/TFG/src/ros2_ws/install/robot_inverse_kinematics/share/robot_inverse_kinematics
[3.086s] running install_egg_info
[3.124s] Copying ../../build/robot_inverse_kinematics/robot_inverse_kinematics.egg-info to /home/silvia/TFG/TFG/src/ros2_ws/install/robot_inverse_kinematics/lib/python3.12/site-packages/robot_inverse_kinematics-0.0.0-py3.12.egg-info
[3.126s] running install_scripts
[3.332s] Installing ik_node script to /home/silvia/TFG/TFG/src/ros2_ws/install/robot_inverse_kinematics/lib/robot_inverse_kinematics
[3.333s] writing list of installed files to '/home/silvia/TFG/TFG/src/ros2_ws/build/robot_inverse_kinematics/install.log'
[3.385s] Invoked command in '/home/silvia/TFG/TFG/src/ros2_ws/src/robot_inverse_kinematics' returned '0': CMAKE_PREFIX_PATH=/home/silvia/TFG/TFG/src/ros2_ws/install/robot_interfaces:/home/silvia/TFG/TFG/src/ros2_ws/install/tic_tac_toe_dlc:/home/silvia/TFG/TFG/src/ros2_ws/install/robot_pkg:/home/silvia/TFG/TFG/src/ros2_ws/install/digital_twin:/opt/ros/jazzy/opt/sdformat_vendor:/opt/ros/jazzy/opt/gz_math_vendor:/opt/ros/jazzy/opt/gz_utils_vendor:/opt/ros/jazzy/opt/gz_tools_vendor:/opt/ros/jazzy/opt/gz_cmake_vendor PYTHONPATH=/home/silvia/TFG/TFG/src/ros2_ws/build/robot_inverse_kinematics/prefix_override:/usr/lib/python3/dist-packages/colcon_core/task/python/colcon_distutils_commands:/home/silvia/TFG/TFG/src/ros2_ws/install/robot_inverse_kinematics/lib/python3.12/site-packages:/home/silvia/TFG/TFG/src/ros2_ws/install/robot_interfaces/lib/python3.12/site-packages:/home/silvia/TFG/TFG/src/ros2_ws/install/robot_inverse_kinematics/lib/python3.12/site-packages:/opt/ros/jazzy/lib/python3.12/site-packages /usr/bin/python3 -W ignore:setup.py install is deprecated -W ignore:easy_install command is deprecated setup.py egg_info --egg-base ../../build/robot_inverse_kinematics build --build-base /home/silvia/TFG/TFG/src/ros2_ws/build/robot_inverse_kinematics/build install --record /home/silvia/TFG/TFG/src/ros2_ws/build/robot_inverse_kinematics/install.log --single-version-externally-managed install_data
