[100%] Built target tic_tac_toe_node
-- Install configuration: ""
-- Up-to-date: /home/silvia/TFG/TFG/src/ros2_ws/install/tic_tac_toe_dlc/share/tic_tac_toe_dlc/urdf
-- Up-to-date: /home/silvia/TFG/TFG/src/ros2_ws/install/tic_tac_toe_dlc/share/tic_tac_toe_dlc/urdf/tablero.urdf
-- Up-to-date: /home/silvia/TFG/TFG/src/ros2_ws/install/tic_tac_toe_dlc/share/tic_tac_toe_dlc/urdf/ficha_x.urdf
-- Up-to-date: /home/silvia/TFG/TFG/src/ros2_ws/install/tic_tac_toe_dlc/share/tic_tac_toe_dlc/urdf/ficha_o.urdf
-- Up-to-date: /home/silvia/TFG/TFG/src/ros2_ws/install/tic_tac_toe_dlc/share/tic_tac_toe_dlc/models
-- Up-to-date: /home/silvia/TFG/TFG/src/ros2_ws/install/tic_tac_toe_dlc/share/tic_tac_toe_dlc/models/ia_modelo.py
-- Up-to-date: /home/silvia/TFG/TFG/src/ros2_ws/install/tic_tac_toe_dlc/share/tic_tac_toe_dlc/models/ia_server.py
-- Up-to-date: /home/silvia/TFG/TFG/src/ros2_ws/install/tic_tac_toe_dlc/share/tic_tac_toe_dlc/models/modelo_tictactoe.pth
-- Up-to-date: /home/silvia/TFG/TFG/src/ros2_ws/install/tic_tac_toe_dlc/share/tic_tac_toe_dlc/models/__pycache__
-- Up-to-date: /home/silvia/TFG/TFG/src/ros2_ws/install/tic_tac_toe_dlc/share/tic_tac_toe_dlc/models/__pycache__/ia_modelo.cpython-312.pyc
-- Up-to-date: /home/silvia/TFG/TFG/src/ros2_ws/install/tic_tac_toe_dlc/share/tic_tac_toe_dlc/launch
-- Up-to-date: /home/silvia/TFG/TFG/src/ros2_ws/install/tic_tac_toe_dlc/share/tic_tac_toe_dlc/launch/init_game.launch.py
-- Up-to-date: /home/silvia/TFG/TFG/src/ros2_ws/install/tic_tac_toe_dlc/share/tic_tac_toe_dlc/launch/init_python.sh
-- Up-to-date: /home/silvia/TFG/TFG/src/ros2_ws/install/tic_tac_toe_dlc/lib/tic_tac_toe_dlc/tic_tac_toe_node
-- Up-to-date: /home/silvia/TFG/TFG/src/ros2_ws/install/tic_tac_toe_dlc/share/ament_index/resource_index/package_run_dependencies/tic_tac_toe_dlc
-- Up-to-date: /home/silvia/TFG/TFG/src/ros2_ws/install/tic_tac_toe_dlc/share/ament_index/resource_index/parent_prefix_path/tic_tac_toe_dlc
-- Up-to-date: /home/silvia/TFG/TFG/src/ros2_ws/install/tic_tac_toe_dlc/share/tic_tac_toe_dlc/environment/ament_prefix_path.sh
-- Up-to-date: /home/silvia/TFG/TFG/src/ros2_ws/install/tic_tac_toe_dlc/share/tic_tac_toe_dlc/environment/ament_prefix_path.dsv
-- Up-to-date: /home/silvia/TFG/TFG/src/ros2_ws/install/tic_tac_toe_dlc/share/tic_tac_toe_dlc/environment/path.sh
-- Up-to-date: /home/silvia/TFG/TFG/src/ros2_ws/install/tic_tac_toe_dlc/share/tic_tac_toe_dlc/environment/path.dsv
-- Up-to-date: /home/silvia/TFG/TFG/src/ros2_ws/install/tic_tac_toe_dlc/share/tic_tac_toe_dlc/local_setup.bash
-- Up-to-date: /home/silvia/TFG/TFG/src/ros2_ws/install/tic_tac_toe_dlc/share/tic_tac_toe_dlc/local_setup.sh
-- Up-to-date: /home/silvia/TFG/TFG/src/ros2_ws/install/tic_tac_toe_dlc/share/tic_tac_toe_dlc/local_setup.zsh
-- Up-to-date: /home/silvia/TFG/TFG/src/ros2_ws/install/tic_tac_toe_dlc/share/tic_tac_toe_dlc/local_setup.dsv
-- Installing: /home/silvia/TFG/TFG/src/ros2_ws/install/tic_tac_toe_dlc/share/tic_tac_toe_dlc/package.dsv
-- Up-to-date: /home/silvia/TFG/TFG/src/ros2_ws/install/tic_tac_toe_dlc/share/ament_index/resource_index/packages/tic_tac_toe_dlc
-- Up-to-date: /home/silvia/TFG/TFG/src/ros2_ws/install/tic_tac_toe_dlc/share/tic_tac_toe_dlc/cmake/tic_tac_toe_dlcConfig.cmake
-- Up-to-date: /home/silvia/TFG/TFG/src/ros2_ws/install/tic_tac_toe_dlc/share/tic_tac_toe_dlc/cmake/tic_tac_toe_dlcConfig-version.cmake
-- Up-to-date: /home/silvia/TFG/TFG/src/ros2_ws/install/tic_tac_toe_dlc/share/tic_tac_toe_dlc/package.xml
