[2.251s] Invoking command in '/home/silvia/TFG/TFG/src/ros2_ws/src/robot_kinematics': AMENT_PREFIX_PATH=/home/silvia/TFG/TFG/src/ros2_ws/install/robot_interfaces:${AMENT_PREFIX_PATH} CMAKE_PREFIX_PATH=/home/silvia/TFG/TFG/src/ros2_ws/install/robot_interfaces:${CMAKE_PREFIX_PATH} LD_LIBRARY_PATH=/home/silvia/TFG/TFG/src/ros2_ws/install/robot_interfaces/lib:${LD_LIBRARY_PATH} PYTHONPATH=/home/silvia/TFG/TFG/src/ros2_ws/build/robot_kinematics/prefix_override:/usr/lib/python3/dist-packages/colcon_core/task/python/colcon_distutils_commands:/home/silvia/TFG/TFG/src/ros2_ws/install/robot_kinematics/lib/python3.12/site-packages:/home/silvia/TFG/TFG/src/ros2_ws/install/robot_interfaces/lib/python3.12/site-packages:${PYTHONPATH} /usr/bin/python3 -W ignore:setup.py install is deprecated -W ignore:easy_install command is deprecated setup.py egg_info --egg-base ../../build/robot_kinematics build --build-base /home/silvia/TFG/TFG/src/ros2_ws/build/robot_kinematics/build install --record /home/silvia/TFG/TFG/src/ros2_ws/build/robot_kinematics/install.log --single-version-externally-managed install_data
[2.834s] running egg_info
[2.835s] creating ../../build/robot_kinematics/robot_kinematics.egg-info
[2.881s] writing ../../build/robot_kinematics/robot_kinematics.egg-info/PKG-INFO
[2.882s] writing dependency_links to ../../build/robot_kinematics/robot_kinematics.egg-info/dependency_links.txt
[2.882s] writing entry points to ../../build/robot_kinematics/robot_kinematics.egg-info/entry_points.txt
[2.883s] writing requirements to ../../build/robot_kinematics/robot_kinematics.egg-info/requires.txt
[2.883s] writing top-level names to ../../build/robot_kinematics/robot_kinematics.egg-info/top_level.txt
[2.883s] writing manifest file '../../build/robot_kinematics/robot_kinematics.egg-info/SOURCES.txt'
[2.980s] reading manifest file '../../build/robot_kinematics/robot_kinematics.egg-info/SOURCES.txt'
[2.982s] writing manifest file '../../build/robot_kinematics/robot_kinematics.egg-info/SOURCES.txt'
[2.982s] running build
[2.982s] running build_py
[2.983s] creating /home/silvia/TFG/TFG/src/ros2_ws/build/robot_kinematics/build
[2.983s] creating /home/silvia/TFG/TFG/src/ros2_ws/build/robot_kinematics/build/lib
[2.983s] creating /home/silvia/TFG/TFG/src/ros2_ws/build/robot_kinematics/build/lib/robot_kinematics
[2.984s] copying robot_kinematics/__init__.py -> /home/silvia/TFG/TFG/src/ros2_ws/build/robot_kinematics/build/lib/robot_kinematics
[2.985s] copying robot_kinematics/robot_kinematics.py -> /home/silvia/TFG/TFG/src/ros2_ws/build/robot_kinematics/build/lib/robot_kinematics
[2.986s] running install
[2.996s] running install_lib
[3.048s] creating /home/silvia/TFG/TFG/src/ros2_ws/install/robot_kinematics/lib/python3.12/site-packages/robot_kinematics
[3.048s] copying /home/silvia/TFG/TFG/src/ros2_ws/build/robot_kinematics/build/lib/robot_kinematics/__init__.py -> /home/silvia/TFG/TFG/src/ros2_ws/install/robot_kinematics/lib/python3.12/site-packages/robot_kinematics
[3.049s] copying /home/silvia/TFG/TFG/src/ros2_ws/build/robot_kinematics/build/lib/robot_kinematics/robot_kinematics.py -> /home/silvia/TFG/TFG/src/ros2_ws/install/robot_kinematics/lib/python3.12/site-packages/robot_kinematics
[3.050s] byte-compiling /home/silvia/TFG/TFG/src/ros2_ws/install/robot_kinematics/lib/python3.12/site-packages/robot_kinematics/__init__.py to __init__.cpython-312.pyc
[3.051s] byte-compiling /home/silvia/TFG/TFG/src/ros2_ws/install/robot_kinematics/lib/python3.12/site-packages/robot_kinematics/robot_kinematics.py to robot_kinematics.cpython-312.pyc
[3.058s] running install_data
[3.058s] creating /home/silvia/TFG/TFG/src/ros2_ws/install/robot_kinematics/share/ament_index
[3.059s] creating /home/silvia/TFG/TFG/src/ros2_ws/install/robot_kinematics/share/ament_index/resource_index
[3.060s] creating /home/silvia/TFG/TFG/src/ros2_ws/install/robot_kinematics/share/ament_index/resource_index/packages
[3.061s] copying resource/robot_kinematics -> /home/silvia/TFG/TFG/src/ros2_ws/install/robot_kinematics/share/ament_index/resource_index/packages
[3.062s] copying package.xml -> /home/silvia/TFG/TFG/src/ros2_ws/install/robot_kinematics/share/robot_kinematics
[3.062s] running install_egg_info
[3.108s] Copying ../../build/robot_kinematics/robot_kinematics.egg-info to /home/silvia/TFG/TFG/src/ros2_ws/install/robot_kinematics/lib/python3.12/site-packages/robot_kinematics-0.0.0-py3.12.egg-info
[3.112s] running install_scripts
[3.403s] Installing robot_kinematics script to /home/silvia/TFG/TFG/src/ros2_ws/install/robot_kinematics/lib/robot_kinematics
[3.404s] writing list of installed files to '/home/silvia/TFG/TFG/src/ros2_ws/build/robot_kinematics/install.log'
[3.451s] Invoked command in '/home/silvia/TFG/TFG/src/ros2_ws/src/robot_kinematics' returned '0': AMENT_PREFIX_PATH=/home/silvia/TFG/TFG/src/ros2_ws/install/robot_interfaces:${AMENT_PREFIX_PATH} CMAKE_PREFIX_PATH=/home/silvia/TFG/TFG/src/ros2_ws/install/robot_interfaces:${CMAKE_PREFIX_PATH} LD_LIBRARY_PATH=/home/silvia/TFG/TFG/src/ros2_ws/install/robot_interfaces/lib:${LD_LIBRARY_PATH} PYTHONPATH=/home/silvia/TFG/TFG/src/ros2_ws/build/robot_kinematics/prefix_override:/usr/lib/python3/dist-packages/colcon_core/task/python/colcon_distutils_commands:/home/silvia/TFG/TFG/src/ros2_ws/install/robot_kinematics/lib/python3.12/site-packages:/home/silvia/TFG/TFG/src/ros2_ws/install/robot_interfaces/lib/python3.12/site-packages:${PYTHONPATH} /usr/bin/python3 -W ignore:setup.py install is deprecated -W ignore:easy_install command is deprecated setup.py egg_info --egg-base ../../build/robot_kinematics build --build-base /home/silvia/TFG/TFG/src/ros2_ws/build/robot_kinematics/build install --record /home/silvia/TFG/TFG/src/ros2_ws/build/robot_kinematics/install.log --single-version-externally-managed install_data
