[  1%] Built target robot_interfaces__rs
[  2%] Built target robot_interfaces__rosidl_generator_type_description
[  2%] Built target robot_interfaces__cpp
[  2%] Built target ament_cmake_python_copy_robot_interfaces
[ 27%] Built target robot_interfaces__rosidl_generator_c
[ 45%] Built target robot_interfaces__rosidl_typesupport_c
[ 45%] Built target robot_interfaces__rosidl_typesupport_introspection_c
[ 54%] Built target robot_interfaces__rosidl_typesupport_fastrtps_c
[ 64%] Built target robot_interfaces__rosidl_typesupport_cpp
[ 74%] Built target robot_interfaces__rosidl_typesupport_introspection_cpp
[ 84%] Built target robot_interfaces__rosidl_typesupport_fastrtps_cpp
[ 84%] Built target robot_interfaces
[ 85%] Built target robot_interfaces__py
[ 94%] Built target robot_interfaces__rosidl_generator_py
[ 96%] Built target robot_interfaces_s__rosidl_typesupport_introspection_c
[ 98%] Built target robot_interfaces_s__rosidl_typesupport_c
[100%] Built target robot_interfaces_s__rosidl_typesupport_fastrtps_c
running egg_info
writing robot_interfaces.egg-info/PKG-INFO
writing dependency_links to robot_interfaces.egg-info/dependency_links.txt
writing top-level names to robot_interfaces.egg-info/top_level.txt
reading manifest file 'robot_interfaces.egg-info/SOURCES.txt'
writing manifest file 'robot_interfaces.egg-info/SOURCES.txt'
[100%] Built target ament_cmake_python_build_robot_interfaces_egg
-- Install configuration: ""
-- Up-to-date: /home/silvia/TFG/TFG/src/ros2_ws/install/robot_interfaces/share/ament_index/resource_index/rosidl_interfaces/robot_interfaces
-- Up-to-date: /home/silvia/TFG/TFG/src/ros2_ws/install/robot_interfaces/share/robot_interfaces/srv/SolveIK.json
-- Up-to-date: /home/silvia/TFG/TFG/src/ros2_ws/install/robot_interfaces/share/robot_interfaces/srv/AddObstacle.json
-- Up-to-date: /home/silvia/TFG/TFG/src/ros2_ws/install/robot_interfaces/share/robot_interfaces/srv/RemoveObstacle.json
-- Up-to-date: /home/silvia/TFG/TFG/src/ros2_ws/install/robot_interfaces/share/robot_interfaces/srv/SolveDK.json
-- Up-to-date: /home/silvia/TFG/TFG/src/ros2_ws/install/robot_interfaces/share/robot_interfaces/srv/ManageTool.json
-- Up-to-date: /home/silvia/TFG/TFG/src/ros2_ws/install/robot_interfaces/share/robot_interfaces/srv/SpawnObject.json
-- Up-to-date: /home/silvia/TFG/TFG/src/ros2_ws/install/robot_interfaces/share/robot_interfaces/srv/AddCamera.json
-- Up-to-date: /home/silvia/TFG/TFG/src/ros2_ws/install/robot_interfaces/share/robot_interfaces/srv/PutPiece.json
-- Up-to-date: /home/silvia/TFG/TFG/src/ros2_ws/install/robot_interfaces/include/robot_interfaces/robot_interfaces
-- Up-to-date: /home/silvia/TFG/TFG/src/ros2_ws/install/robot_interfaces/include/robot_interfaces/robot_interfaces/srv
-- Up-to-date: /home/silvia/TFG/TFG/src/ros2_ws/install/robot_interfaces/include/robot_interfaces/robot_interfaces/srv/manage_tool.h
-- Up-to-date: /home/silvia/TFG/TFG/src/ros2_ws/install/robot_interfaces/include/robot_interfaces/robot_interfaces/srv/solve_ik.h
-- Up-to-date: /home/silvia/TFG/TFG/src/ros2_ws/install/robot_interfaces/include/robot_interfaces/robot_interfaces/srv/put_piece.h
-- Up-to-date: /home/silvia/TFG/TFG/src/ros2_ws/install/robot_interfaces/include/robot_interfaces/robot_interfaces/srv/remove_obstacle.h
-- Up-to-date: /home/silvia/TFG/TFG/src/ros2_ws/install/robot_interfaces/include/robot_interfaces/robot_interfaces/srv/spawn_object.h
-- Up-to-date: /home/silvia/TFG/TFG/src/ros2_ws/install/robot_interfaces/include/robot_interfaces/robot_interfaces/srv/add_camera.h
-- Up-to-date: /home/silvia/TFG/TFG/src/ros2_ws/install/robot_interfaces/include/robot_interfaces/robot_interfaces/srv/solve_dk.h
-- Up-to-date: /home/silvia/TFG/TFG/src/ros2_ws/install/robot_interfaces/include/robot_interfaces/robot_interfaces/srv/detail
-- Up-to-date: /home/silvia/TFG/TFG/src/ros2_ws/install/robot_interfaces/include/robot_interfaces/robot_interfaces/srv/detail/remove_obstacle__type_support.h
-- Installing: /home/silvia/TFG/TFG/src/ros2_ws/install/robot_interfaces/include/robot_interfaces/robot_interfaces/srv/detail/remove_obstacle__type_support.c
-- Up-to-date: /home/silvia/TFG/TFG/src/ros2_ws/install/robot_interfaces/include/robot_interfaces/robot_interfaces/srv/detail/manage_tool__type_support.h
-- Up-to-date: /home/silvia/TFG/TFG/src/ros2_ws/install/robot_interfaces/include/robot_interfaces/robot_interfaces/srv/detail/add_camera__functions.c
-- Up-to-date: /home/silvia/TFG/TFG/src/ros2_ws/install/robot_interfaces/include/robot_interfaces/robot_interfaces/srv/detail/add_obstacle__functions.c
-- Up-to-date: /home/silvia/TFG/TFG/src/ros2_ws/install/robot_interfaces/include/robot_interfaces/robot_interfaces/srv/detail/put_piece__functions.h
-- Up-to-date: /home/silvia/TFG/TFG/src/ros2_ws/install/robot_interfaces/include/robot_interfaces/robot_interfaces/srv/detail/solve_ik__functions.h
-- Up-to-date: /home/silvia/TFG/TFG/src/ros2_ws/install/robot_interfaces/include/robot_interfaces/robot_interfaces/srv/detail/solve_dk__description.c
-- Up-to-date: /home/silvia/TFG/TFG/src/ros2_ws/install/robot_interfaces/include/robot_interfaces/robot_interfaces/srv/detail/solve_ik__functions.c
-- Up-to-date: /home/silvia/TFG/TFG/src/ros2_ws/install/robot_interfaces/include/robot_interfaces/robot_interfaces/srv/detail/put_piece__functions.c
-- Up-to-date: /home/silvia/TFG/TFG/src/ros2_ws/install/robot_interfaces/include/robot_interfaces/robot_interfaces/srv/detail/add_obstacle__struct.h
-- Up-to-date: /home/silvia/TFG/TFG/src/ros2_ws/install/robot_interfaces/include/robot_interfaces/robot_interfaces/srv/detail/spawn_object__functions.h
-- Up-to-date: /home/silvia/TFG/TFG/src/ros2_ws/install/robot_interfaces/include/robot_interfaces/robot_interfaces/srv/detail/remove_obstacle__functions.h
-- Up-to-date: /home/silvia/TFG/TFG/src/ros2_ws/install/robot_interfaces/include/robot_interfaces/robot_interfaces/srv/detail/manage_tool__struct.h
-- Up-to-date: /home/silvia/TFG/TFG/src/ros2_ws/install/robot_interfaces/include/robot_interfaces/robot_interfaces/srv/detail/remove_obstacle__description.c
-- Up-to-date: /home/silvia/TFG/TFG/src/ros2_ws/install/robot_interfaces/include/robot_interfaces/robot_interfaces/srv/detail/add_obstacle__functions.h
-- Up-to-date: /home/silvia/TFG/TFG/src/ros2_ws/install/robot_interfaces/include/robot_interfaces/robot_interfaces/srv/detail/spawn_object__type_support.h
-- Up-to-date: /home/silvia/TFG/TFG/src/ros2_ws/install/robot_interfaces/include/robot_interfaces/robot_interfaces/srv/detail/put_piece__type_support.h
-- Up-to-date: /home/silvia/TFG/TFG/src/ros2_ws/install/robot_interfaces/include/robot_interfaces/robot_interfaces/srv/detail/remove_obstacle__struct.h
-- Installing: /home/silvia/TFG/TFG/src/ros2_ws/install/robot_interfaces/include/robot_interfaces/robot_interfaces/srv/detail/put_piece__type_support.c
-- Up-to-date: /home/silvia/TFG/TFG/src/ros2_ws/install/robot_interfaces/include/robot_interfaces/robot_interfaces/srv/detail/spawn_object__struct.h
-- Up-to-date: /home/silvia/TFG/TFG/src/ros2_ws/install/robot_interfaces/include/robot_interfaces/robot_interfaces/srv/detail/add_camera__description.c
-- Installing: /home/silvia/TFG/TFG/src/ros2_ws/install/robot_interfaces/include/robot_interfaces/robot_interfaces/srv/detail/add_camera__type_support.c
-- Up-to-date: /home/silvia/TFG/TFG/src/ros2_ws/install/robot_interfaces/include/robot_interfaces/robot_interfaces/srv/detail/spawn_object__functions.c
-- Up-to-date: /home/silvia/TFG/TFG/src/ros2_ws/install/robot_interfaces/include/robot_interfaces/robot_interfaces/srv/detail/add_camera__type_support.h
-- Up-to-date: /home/silvia/TFG/TFG/src/ros2_ws/install/robot_interfaces/include/robot_interfaces/robot_interfaces/srv/detail/put_piece__struct.h
-- Up-to-date: /home/silvia/TFG/TFG/src/ros2_ws/install/robot_interfaces/include/robot_interfaces/robot_interfaces/srv/detail/put_piece__description.c
-- Up-to-date: /home/silvia/TFG/TFG/src/ros2_ws/install/robot_interfaces/include/robot_interfaces/robot_interfaces/srv/detail/add_obstacle__description.c
-- Up-to-date: /home/silvia/TFG/TFG/src/ros2_ws/install/robot_interfaces/include/robot_interfaces/robot_interfaces/srv/detail/remove_obstacle__functions.c
-- Installing: /home/silvia/TFG/TFG/src/ros2_ws/install/robot_interfaces/include/robot_interfaces/robot_interfaces/srv/detail/add_obstacle__type_support.c
-- Installing: /home/silvia/TFG/TFG/src/ros2_ws/install/robot_interfaces/include/robot_interfaces/robot_interfaces/srv/detail/solve_ik__type_support.c
-- Up-to-date: /home/silvia/TFG/TFG/src/ros2_ws/install/robot_interfaces/include/robot_interfaces/robot_interfaces/srv/detail/manage_tool__functions.c
-- Up-to-date: /home/silvia/TFG/TFG/src/ros2_ws/install/robot_interfaces/include/robot_interfaces/robot_interfaces/srv/detail/spawn_object__description.c
-- Up-to-date: /home/silvia/TFG/TFG/src/ros2_ws/install/robot_interfaces/include/robot_interfaces/robot_interfaces/srv/detail/add_camera__functions.h
-- Up-to-date: /home/silvia/TFG/TFG/src/ros2_ws/install/robot_interfaces/include/robot_interfaces/robot_interfaces/srv/detail/solve_ik__type_support.h
-- Up-to-date: /home/silvia/TFG/TFG/src/ros2_ws/install/robot_interfaces/include/robot_interfaces/robot_interfaces/srv/detail/solve_ik__description.c
-- Up-to-date: /home/silvia/TFG/TFG/src/ros2_ws/install/robot_interfaces/include/robot_interfaces/robot_interfaces/srv/detail/solve_dk__struct.h
-- Up-to-date: /home/silvia/TFG/TFG/src/ros2_ws/install/robot_interfaces/include/robot_interfaces/robot_interfaces/srv/detail/manage_tool__description.c
-- Installing: /home/silvia/TFG/TFG/src/ros2_ws/install/robot_interfaces/include/robot_interfaces/robot_interfaces/srv/detail/spawn_object__type_support.c
-- Up-to-date: /home/silvia/TFG/TFG/src/ros2_ws/install/robot_interfaces/include/robot_interfaces/robot_interfaces/srv/detail/add_obstacle__type_support.h
-- Up-to-date: /home/silvia/TFG/TFG/src/ros2_ws/install/robot_interfaces/include/robot_interfaces/robot_interfaces/srv/detail/manage_tool__functions.h
-- Up-to-date: /home/silvia/TFG/TFG/src/ros2_ws/install/robot_interfaces/include/robot_interfaces/robot_interfaces/srv/detail/solve_ik__struct.h
-- Up-to-date: /home/silvia/TFG/TFG/src/ros2_ws/install/robot_interfaces/include/robot_interfaces/robot_interfaces/srv/detail/solve_dk__functions.h
-- Up-to-date: /home/silvia/TFG/TFG/src/ros2_ws/install/robot_interfaces/include/robot_interfaces/robot_interfaces/srv/detail/solve_dk__functions.c
-- Up-to-date: /home/silvia/TFG/TFG/src/ros2_ws/install/robot_interfaces/include/robot_interfaces/robot_interfaces/srv/detail/solve_dk__type_support.h
-- Installing: /home/silvia/TFG/TFG/src/ros2_ws/install/robot_interfaces/include/robot_interfaces/robot_interfaces/srv/detail/manage_tool__type_support.c
-- Up-to-date: /home/silvia/TFG/TFG/src/ros2_ws/install/robot_interfaces/include/robot_interfaces/robot_interfaces/srv/detail/add_camera__struct.h
-- Installing: /home/silvia/TFG/TFG/src/ros2_ws/install/robot_interfaces/include/robot_interfaces/robot_interfaces/srv/detail/solve_dk__type_support.c
-- Up-to-date: /home/silvia/TFG/TFG/src/ros2_ws/install/robot_interfaces/include/robot_interfaces/robot_interfaces/srv/add_obstacle.h
-- Up-to-date: /home/silvia/TFG/TFG/src/ros2_ws/install/robot_interfaces/include/robot_interfaces/robot_interfaces/msg
-- Up-to-date: /home/silvia/TFG/TFG/src/ros2_ws/install/robot_interfaces/include/robot_interfaces/robot_interfaces/msg/rosidl_generator_c__visibility_control.h
-- Up-to-date: /home/silvia/TFG/TFG/src/ros2_ws/install/robot_interfaces/share/robot_interfaces/environment/library_path.sh
-- Up-to-date: /home/silvia/TFG/TFG/src/ros2_ws/install/robot_interfaces/share/robot_interfaces/environment/library_path.dsv
-- Up-to-date: /home/silvia/TFG/TFG/src/ros2_ws/install/robot_interfaces/lib/librobot_interfaces__rosidl_generator_c.so
-- Up-to-date: /home/silvia/TFG/TFG/src/ros2_ws/install/robot_interfaces/include/robot_interfaces/robot_interfaces
-- Up-to-date: /home/silvia/TFG/TFG/src/ros2_ws/install/robot_interfaces/include/robot_interfaces/robot_interfaces/srv
-- Up-to-date: /home/silvia/TFG/TFG/src/ros2_ws/install/robot_interfaces/include/robot_interfaces/robot_interfaces/srv/detail
-- Up-to-date: /home/silvia/TFG/TFG/src/ros2_ws/install/robot_interfaces/include/robot_interfaces/robot_interfaces/srv/detail/solve_ik__rosidl_typesupport_fastrtps_c.h
-- Up-to-date: /home/silvia/TFG/TFG/src/ros2_ws/install/robot_interfaces/include/robot_interfaces/robot_interfaces/srv/detail/solve_dk__rosidl_typesupport_fastrtps_c.h
-- Up-to-date: /home/silvia/TFG/TFG/src/ros2_ws/install/robot_interfaces/include/robot_interfaces/robot_interfaces/srv/detail/remove_obstacle__rosidl_typesupport_fastrtps_c.h
-- Up-to-date: /home/silvia/TFG/TFG/src/ros2_ws/install/robot_interfaces/include/robot_interfaces/robot_interfaces/srv/detail/add_camera__rosidl_typesupport_fastrtps_c.h
-- Up-to-date: /home/silvia/TFG/TFG/src/ros2_ws/install/robot_interfaces/include/robot_interfaces/robot_interfaces/srv/detail/spawn_object__rosidl_typesupport_fastrtps_c.h
-- Up-to-date: /home/silvia/TFG/TFG/src/ros2_ws/install/robot_interfaces/include/robot_interfaces/robot_interfaces/srv/detail/add_obstacle__rosidl_typesupport_fastrtps_c.h
-- Up-to-date: /home/silvia/TFG/TFG/src/ros2_ws/install/robot_interfaces/include/robot_interfaces/robot_interfaces/srv/detail/put_piece__rosidl_typesupport_fastrtps_c.h
-- Up-to-date: /home/silvia/TFG/TFG/src/ros2_ws/install/robot_interfaces/include/robot_interfaces/robot_interfaces/srv/detail/manage_tool__rosidl_typesupport_fastrtps_c.h
-- Up-to-date: /home/silvia/TFG/TFG/src/ros2_ws/install/robot_interfaces/include/robot_interfaces/robot_interfaces/msg
-- Up-to-date: /home/silvia/TFG/TFG/src/ros2_ws/install/robot_interfaces/include/robot_interfaces/robot_interfaces/msg/rosidl_typesupport_fastrtps_c__visibility_control.h
-- Up-to-date: /home/silvia/TFG/TFG/src/ros2_ws/install/robot_interfaces/lib/librobot_interfaces__rosidl_typesupport_fastrtps_c.so
-- Up-to-date: /home/silvia/TFG/TFG/src/ros2_ws/install/robot_interfaces/include/robot_interfaces/robot_interfaces
-- Up-to-date: /home/silvia/TFG/TFG/src/ros2_ws/install/robot_interfaces/include/robot_interfaces/robot_interfaces/srv
-- Up-to-date: /home/silvia/TFG/TFG/src/ros2_ws/install/robot_interfaces/include/robot_interfaces/robot_interfaces/srv/remove_obstacle.hpp
-- Up-to-date: /home/silvia/TFG/TFG/src/ros2_ws/install/robot_interfaces/include/robot_interfaces/robot_interfaces/srv/add_obstacle.hpp
-- Up-to-date: /home/silvia/TFG/TFG/src/ros2_ws/install/robot_interfaces/include/robot_interfaces/robot_interfaces/srv/solve_dk.hpp
-- Up-to-date: /home/silvia/TFG/TFG/src/ros2_ws/install/robot_interfaces/include/robot_interfaces/robot_interfaces/srv/solve_ik.hpp
-- Up-to-date: /home/silvia/TFG/TFG/src/ros2_ws/install/robot_interfaces/include/robot_interfaces/robot_interfaces/srv/add_camera.hpp
-- Up-to-date: /home/silvia/TFG/TFG/src/ros2_ws/install/robot_interfaces/include/robot_interfaces/robot_interfaces/srv/manage_tool.hpp
-- Up-to-date: /home/silvia/TFG/TFG/src/ros2_ws/install/robot_interfaces/include/robot_interfaces/robot_interfaces/srv/put_piece.hpp
-- Up-to-date: /home/silvia/TFG/TFG/src/ros2_ws/install/robot_interfaces/include/robot_interfaces/robot_interfaces/srv/spawn_object.hpp
-- Up-to-date: /home/silvia/TFG/TFG/src/ros2_ws/install/robot_interfaces/include/robot_interfaces/robot_interfaces/srv/detail
-- Up-to-date: /home/silvia/TFG/TFG/src/ros2_ws/install/robot_interfaces/include/robot_interfaces/robot_interfaces/srv/detail/remove_obstacle__type_support.hpp
-- Up-to-date: /home/silvia/TFG/TFG/src/ros2_ws/install/robot_interfaces/include/robot_interfaces/robot_interfaces/srv/detail/add_obstacle__traits.hpp
-- Up-to-date: /home/silvia/TFG/TFG/src/ros2_ws/install/robot_interfaces/include/robot_interfaces/robot_interfaces/srv/detail/solve_ik__traits.hpp
-- Up-to-date: /home/silvia/TFG/TFG/src/ros2_ws/install/robot_interfaces/include/robot_interfaces/robot_interfaces/srv/detail/manage_tool__traits.hpp
-- Up-to-date: /home/silvia/TFG/TFG/src/ros2_ws/install/robot_interfaces/include/robot_interfaces/robot_interfaces/srv/detail/spawn_object__traits.hpp
-- Up-to-date: /home/silvia/TFG/TFG/src/ros2_ws/install/robot_interfaces/include/robot_interfaces/robot_interfaces/srv/detail/solve_ik__builder.hpp
-- Up-to-date: /home/silvia/TFG/TFG/src/ros2_ws/install/robot_interfaces/include/robot_interfaces/robot_interfaces/srv/detail/remove_obstacle__struct.hpp
-- Up-to-date: /home/silvia/TFG/TFG/src/ros2_ws/install/robot_interfaces/include/robot_interfaces/robot_interfaces/srv/detail/manage_tool__type_support.hpp
-- Up-to-date: /home/silvia/TFG/TFG/src/ros2_ws/install/robot_interfaces/include/robot_interfaces/robot_interfaces/srv/detail/solve_dk__struct.hpp
-- Up-to-date: /home/silvia/TFG/TFG/src/ros2_ws/install/robot_interfaces/include/robot_interfaces/robot_interfaces/srv/detail/put_piece__builder.hpp
-- Up-to-date: /home/silvia/TFG/TFG/src/ros2_ws/install/robot_interfaces/include/robot_interfaces/robot_interfaces/srv/detail/manage_tool__builder.hpp
-- Up-to-date: /home/silvia/TFG/TFG/src/ros2_ws/install/robot_interfaces/include/robot_interfaces/robot_interfaces/srv/detail/spawn_object__builder.hpp
-- Up-to-date: /home/silvia/TFG/TFG/src/ros2_ws/install/robot_interfaces/include/robot_interfaces/robot_interfaces/srv/detail/add_obstacle__struct.hpp
-- Up-to-date: /home/silvia/TFG/TFG/src/ros2_ws/install/robot_interfaces/include/robot_interfaces/robot_interfaces/srv/detail/manage_tool__struct.hpp
-- Up-to-date: /home/silvia/TFG/TFG/src/ros2_ws/install/robot_interfaces/include/robot_interfaces/robot_interfaces/srv/detail/put_piece__struct.hpp
-- Up-to-date: /home/silvia/TFG/TFG/src/ros2_ws/install/robot_interfaces/include/robot_interfaces/robot_interfaces/srv/detail/solve_ik__struct.hpp
-- Up-to-date: /home/silvia/TFG/TFG/src/ros2_ws/install/robot_interfaces/include/robot_interfaces/robot_interfaces/srv/detail/put_piece__type_support.hpp
-- Up-to-date: /home/silvia/TFG/TFG/src/ros2_ws/install/robot_interfaces/include/robot_interfaces/robot_interfaces/srv/detail/add_camera__struct.hpp
-- Up-to-date: /home/silvia/TFG/TFG/src/ros2_ws/install/robot_interfaces/include/robot_interfaces/robot_interfaces/srv/detail/add_camera__type_support.hpp
-- Up-to-date: /home/silvia/TFG/TFG/src/ros2_ws/install/robot_interfaces/include/robot_interfaces/robot_interfaces/srv/detail/remove_obstacle__builder.hpp
-- Up-to-date: /home/silvia/TFG/TFG/src/ros2_ws/install/robot_interfaces/include/robot_interfaces/robot_interfaces/srv/detail/solve_dk__builder.hpp
-- Up-to-date: /home/silvia/TFG/TFG/src/ros2_ws/install/robot_interfaces/include/robot_interfaces/robot_interfaces/srv/detail/spawn_object__type_support.hpp
-- Up-to-date: /home/silvia/TFG/TFG/src/ros2_ws/install/robot_interfaces/include/robot_interfaces/robot_interfaces/srv/detail/solve_dk__type_support.hpp
-- Up-to-date: /home/silvia/TFG/TFG/src/ros2_ws/install/robot_interfaces/include/robot_interfaces/robot_interfaces/srv/detail/add_camera__traits.hpp
-- Up-to-date: /home/silvia/TFG/TFG/src/ros2_ws/install/robot_interfaces/include/robot_interfaces/robot_interfaces/srv/detail/spawn_object__struct.hpp
-- Up-to-date: /home/silvia/TFG/TFG/src/ros2_ws/install/robot_interfaces/include/robot_interfaces/robot_interfaces/srv/detail/solve_dk__traits.hpp
-- Up-to-date: /home/silvia/TFG/TFG/src/ros2_ws/install/robot_interfaces/include/robot_interfaces/robot_interfaces/srv/detail/solve_ik__type_support.hpp
-- Up-to-date: /home/silvia/TFG/TFG/src/ros2_ws/install/robot_interfaces/include/robot_interfaces/robot_interfaces/srv/detail/add_obstacle__builder.hpp
-- Up-to-date: /home/silvia/TFG/TFG/src/ros2_ws/install/robot_interfaces/include/robot_interfaces/robot_interfaces/srv/detail/add_obstacle__type_support.hpp
-- Up-to-date: /home/silvia/TFG/TFG/src/ros2_ws/install/robot_interfaces/include/robot_interfaces/robot_interfaces/srv/detail/add_camera__builder.hpp
-- Up-to-date: /home/silvia/TFG/TFG/src/ros2_ws/install/robot_interfaces/include/robot_interfaces/robot_interfaces/srv/detail/remove_obstacle__traits.hpp
-- Up-to-date: /home/silvia/TFG/TFG/src/ros2_ws/install/robot_interfaces/include/robot_interfaces/robot_interfaces/srv/detail/put_piece__traits.hpp
-- Up-to-date: /home/silvia/TFG/TFG/src/ros2_ws/install/robot_interfaces/include/robot_interfaces/robot_interfaces/msg
-- Up-to-date: /home/silvia/TFG/TFG/src/ros2_ws/install/robot_interfaces/include/robot_interfaces/robot_interfaces/msg/rosidl_generator_cpp__visibility_control.hpp
-- Up-to-date: /home/silvia/TFG/TFG/src/ros2_ws/install/robot_interfaces/include/robot_interfaces/robot_interfaces
-- Up-to-date: /home/silvia/TFG/TFG/src/ros2_ws/install/robot_interfaces/include/robot_interfaces/robot_interfaces/srv
-- Up-to-date: /home/silvia/TFG/TFG/src/ros2_ws/install/robot_interfaces/include/robot_interfaces/robot_interfaces/srv/detail
-- Up-to-date: /home/silvia/TFG/TFG/src/ros2_ws/install/robot_interfaces/include/robot_interfaces/robot_interfaces/srv/detail/add_camera__rosidl_typesupport_fastrtps_cpp.hpp
-- Up-to-date: /home/silvia/TFG/TFG/src/ros2_ws/install/robot_interfaces/include/robot_interfaces/robot_interfaces/srv/detail/put_piece__rosidl_typesupport_fastrtps_cpp.hpp
-- Up-to-date: /home/silvia/TFG/TFG/src/ros2_ws/install/robot_interfaces/include/robot_interfaces/robot_interfaces/srv/detail/manage_tool__rosidl_typesupport_fastrtps_cpp.hpp
-- Up-to-date: /home/silvia/TFG/TFG/src/ros2_ws/install/robot_interfaces/include/robot_interfaces/robot_interfaces/srv/detail/dds_fastrtps
-- Up-to-date: /home/silvia/TFG/TFG/src/ros2_ws/install/robot_interfaces/include/robot_interfaces/robot_interfaces/srv/detail/add_obstacle__rosidl_typesupport_fastrtps_cpp.hpp
-- Up-to-date: /home/silvia/TFG/TFG/src/ros2_ws/install/robot_interfaces/include/robot_interfaces/robot_interfaces/srv/detail/solve_dk__rosidl_typesupport_fastrtps_cpp.hpp
-- Up-to-date: /home/silvia/TFG/TFG/src/ros2_ws/install/robot_interfaces/include/robot_interfaces/robot_interfaces/srv/detail/remove_obstacle__rosidl_typesupport_fastrtps_cpp.hpp
-- Up-to-date: /home/silvia/TFG/TFG/src/ros2_ws/install/robot_interfaces/include/robot_interfaces/robot_interfaces/srv/detail/solve_ik__rosidl_typesupport_fastrtps_cpp.hpp
-- Up-to-date: /home/silvia/TFG/TFG/src/ros2_ws/install/robot_interfaces/include/robot_interfaces/robot_interfaces/srv/detail/spawn_object__rosidl_typesupport_fastrtps_cpp.hpp
-- Up-to-date: /home/silvia/TFG/TFG/src/ros2_ws/install/robot_interfaces/include/robot_interfaces/robot_interfaces/msg
-- Up-to-date: /home/silvia/TFG/TFG/src/ros2_ws/install/robot_interfaces/include/robot_interfaces/robot_interfaces/msg/rosidl_typesupport_fastrtps_cpp__visibility_control.h
-- Up-to-date: /home/silvia/TFG/TFG/src/ros2_ws/install/robot_interfaces/lib/librobot_interfaces__rosidl_typesupport_fastrtps_cpp.so
-- Up-to-date: /home/silvia/TFG/TFG/src/ros2_ws/install/robot_interfaces/include/robot_interfaces/robot_interfaces
-- Up-to-date: /home/silvia/TFG/TFG/src/ros2_ws/install/robot_interfaces/include/robot_interfaces/robot_interfaces/srv
-- Up-to-date: /home/silvia/TFG/TFG/src/ros2_ws/install/robot_interfaces/include/robot_interfaces/robot_interfaces/srv/detail
-- Up-to-date: /home/silvia/TFG/TFG/src/ros2_ws/install/robot_interfaces/include/robot_interfaces/robot_interfaces/srv/detail/put_piece__rosidl_typesupport_introspection_c.h
-- Up-to-date: /home/silvia/TFG/TFG/src/ros2_ws/install/robot_interfaces/include/robot_interfaces/robot_interfaces/srv/detail/add_obstacle__rosidl_typesupport_introspection_c.h
-- Installing: /home/silvia/TFG/TFG/src/ros2_ws/install/robot_interfaces/include/robot_interfaces/robot_interfaces/srv/detail/remove_obstacle__type_support.c
-- Up-to-date: /home/silvia/TFG/TFG/src/ros2_ws/install/robot_interfaces/include/robot_interfaces/robot_interfaces/srv/detail/manage_tool__rosidl_typesupport_introspection_c.h
-- Up-to-date: /home/silvia/TFG/TFG/src/ros2_ws/install/robot_interfaces/include/robot_interfaces/robot_interfaces/srv/detail/spawn_object__rosidl_typesupport_introspection_c.h
-- Installing: /home/silvia/TFG/TFG/src/ros2_ws/install/robot_interfaces/include/robot_interfaces/robot_interfaces/srv/detail/put_piece__type_support.c
-- Installing: /home/silvia/TFG/TFG/src/ros2_ws/install/robot_interfaces/include/robot_interfaces/robot_interfaces/srv/detail/add_camera__type_support.c
-- Installing: /home/silvia/TFG/TFG/src/ros2_ws/install/robot_interfaces/include/robot_interfaces/robot_interfaces/srv/detail/add_obstacle__type_support.c
-- Installing: /home/silvia/TFG/TFG/src/ros2_ws/install/robot_interfaces/include/robot_interfaces/robot_interfaces/srv/detail/solve_ik__type_support.c
-- Installing: /home/silvia/TFG/TFG/src/ros2_ws/install/robot_interfaces/include/robot_interfaces/robot_interfaces/srv/detail/spawn_object__type_support.c
-- Up-to-date: /home/silvia/TFG/TFG/src/ros2_ws/install/robot_interfaces/include/robot_interfaces/robot_interfaces/srv/detail/add_camera__rosidl_typesupport_introspection_c.h
-- Up-to-date: /home/silvia/TFG/TFG/src/ros2_ws/install/robot_interfaces/include/robot_interfaces/robot_interfaces/srv/detail/solve_dk__rosidl_typesupport_introspection_c.h
-- Up-to-date: /home/silvia/TFG/TFG/src/ros2_ws/install/robot_interfaces/include/robot_interfaces/robot_interfaces/srv/detail/solve_ik__rosidl_typesupport_introspection_c.h
-- Installing: /home/silvia/TFG/TFG/src/ros2_ws/install/robot_interfaces/include/robot_interfaces/robot_interfaces/srv/detail/manage_tool__type_support.c
-- Installing: /home/silvia/TFG/TFG/src/ros2_ws/install/robot_interfaces/include/robot_interfaces/robot_interfaces/srv/detail/solve_dk__type_support.c
-- Up-to-date: /home/silvia/TFG/TFG/src/ros2_ws/install/robot_interfaces/include/robot_interfaces/robot_interfaces/srv/detail/remove_obstacle__rosidl_typesupport_introspection_c.h
-- Up-to-date: /home/silvia/TFG/TFG/src/ros2_ws/install/robot_interfaces/include/robot_interfaces/robot_interfaces/msg
-- Up-to-date: /home/silvia/TFG/TFG/src/ros2_ws/install/robot_interfaces/include/robot_interfaces/robot_interfaces/msg/rosidl_typesupport_introspection_c__visibility_control.h
-- Up-to-date: /home/silvia/TFG/TFG/src/ros2_ws/install/robot_interfaces/lib/librobot_interfaces__rosidl_typesupport_introspection_c.so
-- Up-to-date: /home/silvia/TFG/TFG/src/ros2_ws/install/robot_interfaces/lib/librobot_interfaces__rosidl_typesupport_c.so
-- Up-to-date: /home/silvia/TFG/TFG/src/ros2_ws/install/robot_interfaces/include/robot_interfaces/robot_interfaces
-- Up-to-date: /home/silvia/TFG/TFG/src/ros2_ws/install/robot_interfaces/include/robot_interfaces/robot_interfaces/srv
-- Up-to-date: /home/silvia/TFG/TFG/src/ros2_ws/install/robot_interfaces/include/robot_interfaces/robot_interfaces/srv/detail
-- Up-to-date: /home/silvia/TFG/TFG/src/ros2_ws/install/robot_interfaces/include/robot_interfaces/robot_interfaces/srv/detail/add_obstacle__rosidl_typesupport_introspection_cpp.hpp
-- Up-to-date: /home/silvia/TFG/TFG/src/ros2_ws/install/robot_interfaces/include/robot_interfaces/robot_interfaces/srv/detail/spawn_object__rosidl_typesupport_introspection_cpp.hpp
-- Up-to-date: /home/silvia/TFG/TFG/src/ros2_ws/install/robot_interfaces/include/robot_interfaces/robot_interfaces/srv/detail/solve_ik__type_support.cpp
-- Up-to-date: /home/silvia/TFG/TFG/src/ros2_ws/install/robot_interfaces/include/robot_interfaces/robot_interfaces/srv/detail/manage_tool__type_support.cpp
-- Up-to-date: /home/silvia/TFG/TFG/src/ros2_ws/install/robot_interfaces/include/robot_interfaces/robot_interfaces/srv/detail/add_camera__rosidl_typesupport_introspection_cpp.hpp
-- Up-to-date: /home/silvia/TFG/TFG/src/ros2_ws/install/robot_interfaces/include/robot_interfaces/robot_interfaces/srv/detail/solve_dk__type_support.cpp
-- Up-to-date: /home/silvia/TFG/TFG/src/ros2_ws/install/robot_interfaces/include/robot_interfaces/robot_interfaces/srv/detail/put_piece__type_support.cpp
-- Up-to-date: /home/silvia/TFG/TFG/src/ros2_ws/install/robot_interfaces/include/robot_interfaces/robot_interfaces/srv/detail/add_obstacle__type_support.cpp
-- Up-to-date: /home/silvia/TFG/TFG/src/ros2_ws/install/robot_interfaces/include/robot_interfaces/robot_interfaces/srv/detail/remove_obstacle__type_support.cpp
-- Up-to-date: /home/silvia/TFG/TFG/src/ros2_ws/install/robot_interfaces/include/robot_interfaces/robot_interfaces/srv/detail/add_camera__type_support.cpp
-- Up-to-date: /home/silvia/TFG/TFG/src/ros2_ws/install/robot_interfaces/include/robot_interfaces/robot_interfaces/srv/detail/put_piece__rosidl_typesupport_introspection_cpp.hpp
-- Up-to-date: /home/silvia/TFG/TFG/src/ros2_ws/install/robot_interfaces/include/robot_interfaces/robot_interfaces/srv/detail/solve_ik__rosidl_typesupport_introspection_cpp.hpp
-- Up-to-date: /home/silvia/TFG/TFG/src/ros2_ws/install/robot_interfaces/include/robot_interfaces/robot_interfaces/srv/detail/spawn_object__type_support.cpp
-- Up-to-date: /home/silvia/TFG/TFG/src/ros2_ws/install/robot_interfaces/include/robot_interfaces/robot_interfaces/srv/detail/remove_obstacle__rosidl_typesupport_introspection_cpp.hpp
-- Up-to-date: /home/silvia/TFG/TFG/src/ros2_ws/install/robot_interfaces/include/robot_interfaces/robot_interfaces/srv/detail/solve_dk__rosidl_typesupport_introspection_cpp.hpp
-- Up-to-date: /home/silvia/TFG/TFG/src/ros2_ws/install/robot_interfaces/include/robot_interfaces/robot_interfaces/srv/detail/manage_tool__rosidl_typesupport_introspection_cpp.hpp
-- Up-to-date: /home/silvia/TFG/TFG/src/ros2_ws/install/robot_interfaces/lib/librobot_interfaces__rosidl_typesupport_introspection_cpp.so
-- Up-to-date: /home/silvia/TFG/TFG/src/ros2_ws/install/robot_interfaces/lib/librobot_interfaces__rosidl_typesupport_cpp.so
-- Up-to-date: /home/silvia/TFG/TFG/src/ros2_ws/install/robot_interfaces/share/robot_interfaces/environment/pythonpath.sh
-- Up-to-date: /home/silvia/TFG/TFG/src/ros2_ws/install/robot_interfaces/share/robot_interfaces/environment/pythonpath.dsv
-- Up-to-date: /home/silvia/TFG/TFG/src/ros2_ws/install/robot_interfaces/lib/python3.12/site-packages/robot_interfaces-0.0.0-py3.12.egg-info
-- Installing: /home/silvia/TFG/TFG/src/ros2_ws/install/robot_interfaces/lib/python3.12/site-packages/robot_interfaces-0.0.0-py3.12.egg-info/dependency_links.txt
-- Installing: /home/silvia/TFG/TFG/src/ros2_ws/install/robot_interfaces/lib/python3.12/site-packages/robot_interfaces-0.0.0-py3.12.egg-info/top_level.txt
-- Installing: /home/silvia/TFG/TFG/src/ros2_ws/install/robot_interfaces/lib/python3.12/site-packages/robot_interfaces-0.0.0-py3.12.egg-info/SOURCES.txt
-- Installing: /home/silvia/TFG/TFG/src/ros2_ws/install/robot_interfaces/lib/python3.12/site-packages/robot_interfaces-0.0.0-py3.12.egg-info/PKG-INFO
-- Up-to-date: /home/silvia/TFG/TFG/src/ros2_ws/install/robot_interfaces/lib/python3.12/site-packages/robot_interfaces
-- Up-to-date: /home/silvia/TFG/TFG/src/ros2_ws/install/robot_interfaces/lib/python3.12/site-packages/robot_interfaces/_robot_interfaces_s.ep.rosidl_typesupport_introspection_c.c
-- Up-to-date: /home/silvia/TFG/TFG/src/ros2_ws/install/robot_interfaces/lib/python3.12/site-packages/robot_interfaces/_robot_interfaces_s.ep.rosidl_typesupport_fastrtps_c.c
-- Up-to-date: /home/silvia/TFG/TFG/src/ros2_ws/install/robot_interfaces/lib/python3.12/site-packages/robot_interfaces/robot_interfaces_s__rosidl_typesupport_fastrtps_c.so
-- Up-to-date: /home/silvia/TFG/TFG/src/ros2_ws/install/robot_interfaces/lib/python3.12/site-packages/robot_interfaces/_robot_interfaces_s.ep.rosidl_typesupport_c.c
-- Up-to-date: /home/silvia/TFG/TFG/src/ros2_ws/install/robot_interfaces/lib/python3.12/site-packages/robot_interfaces/srv
-- Up-to-date: /home/silvia/TFG/TFG/src/ros2_ws/install/robot_interfaces/lib/python3.12/site-packages/robot_interfaces/srv/_add_camera.py
-- Up-to-date: /home/silvia/TFG/TFG/src/ros2_ws/install/robot_interfaces/lib/python3.12/site-packages/robot_interfaces/srv/_add_obstacle.py
-- Up-to-date: /home/silvia/TFG/TFG/src/ros2_ws/install/robot_interfaces/lib/python3.12/site-packages/robot_interfaces/srv/_put_piece_s.c
-- Up-to-date: /home/silvia/TFG/TFG/src/ros2_ws/install/robot_interfaces/lib/python3.12/site-packages/robot_interfaces/srv/_remove_obstacle.py
-- Up-to-date: /home/silvia/TFG/TFG/src/ros2_ws/install/robot_interfaces/lib/python3.12/site-packages/robot_interfaces/srv/_manage_tool.py
-- Up-to-date: /home/silvia/TFG/TFG/src/ros2_ws/install/robot_interfaces/lib/python3.12/site-packages/robot_interfaces/srv/_spawn_object.py
-- Up-to-date: /home/silvia/TFG/TFG/src/ros2_ws/install/robot_interfaces/lib/python3.12/site-packages/robot_interfaces/srv/__init__.py
-- Up-to-date: /home/silvia/TFG/TFG/src/ros2_ws/install/robot_interfaces/lib/python3.12/site-packages/robot_interfaces/srv/_remove_obstacle_s.c
-- Up-to-date: /home/silvia/TFG/TFG/src/ros2_ws/install/robot_interfaces/lib/python3.12/site-packages/robot_interfaces/srv/_solve_ik_s.c
-- Up-to-date: /home/silvia/TFG/TFG/src/ros2_ws/install/robot_interfaces/lib/python3.12/site-packages/robot_interfaces/srv/_solve_dk_s.c
-- Up-to-date: /home/silvia/TFG/TFG/src/ros2_ws/install/robot_interfaces/lib/python3.12/site-packages/robot_interfaces/srv/_manage_tool_s.c
-- Up-to-date: /home/silvia/TFG/TFG/src/ros2_ws/install/robot_interfaces/lib/python3.12/site-packages/robot_interfaces/srv/_add_camera_s.c
-- Up-to-date: /home/silvia/TFG/TFG/src/ros2_ws/install/robot_interfaces/lib/python3.12/site-packages/robot_interfaces/srv/_solve_ik.py
-- Up-to-date: /home/silvia/TFG/TFG/src/ros2_ws/install/robot_interfaces/lib/python3.12/site-packages/robot_interfaces/srv/_add_obstacle_s.c
-- Up-to-date: /home/silvia/TFG/TFG/src/ros2_ws/install/robot_interfaces/lib/python3.12/site-packages/robot_interfaces/srv/_solve_dk.py
-- Up-to-date: /home/silvia/TFG/TFG/src/ros2_ws/install/robot_interfaces/lib/python3.12/site-packages/robot_interfaces/srv/_put_piece.py
-- Up-to-date: /home/silvia/TFG/TFG/src/ros2_ws/install/robot_interfaces/lib/python3.12/site-packages/robot_interfaces/srv/_spawn_object_s.c
-- Up-to-date: /home/silvia/TFG/TFG/src/ros2_ws/install/robot_interfaces/lib/python3.12/site-packages/robot_interfaces/__init__.py
-- Up-to-date: /home/silvia/TFG/TFG/src/ros2_ws/install/robot_interfaces/lib/python3.12/site-packages/robot_interfaces/robot_interfaces_s__rosidl_typesupport_introspection_c.so
-- Up-to-date: /home/silvia/TFG/TFG/src/ros2_ws/install/robot_interfaces/lib/python3.12/site-packages/robot_interfaces/robot_interfaces_s__rosidl_typesupport_c.so
Listing '/home/silvia/TFG/TFG/src/ros2_ws/install/robot_interfaces/lib/python3.12/site-packages/robot_interfaces'...
Listing '/home/silvia/TFG/TFG/src/ros2_ws/install/robot_interfaces/lib/python3.12/site-packages/robot_interfaces/srv'...
-- Up-to-date: /home/silvia/TFG/TFG/src/ros2_ws/install/robot_interfaces/lib/python3.12/site-packages/robot_interfaces/robot_interfaces_s__rosidl_typesupport_fastrtps_c.so
-- Up-to-date: /home/silvia/TFG/TFG/src/ros2_ws/install/robot_interfaces/lib/python3.12/site-packages/robot_interfaces/robot_interfaces_s__rosidl_typesupport_introspection_c.so
-- Up-to-date: /home/silvia/TFG/TFG/src/ros2_ws/install/robot_interfaces/lib/python3.12/site-packages/robot_interfaces/robot_interfaces_s__rosidl_typesupport_c.so
-- Up-to-date: /home/silvia/TFG/TFG/src/ros2_ws/install/robot_interfaces/lib/librobot_interfaces__rosidl_generator_py.so
-- Up-to-date: /home/silvia/TFG/TFG/src/ros2_ws/install/robot_interfaces/share/ament_index/resource_index/rust_packages/robot_interfaces
-- Up-to-date: /home/silvia/TFG/TFG/src/ros2_ws/install/robot_interfaces/share/robot_interfaces/rust
-- Up-to-date: /home/silvia/TFG/TFG/src/ros2_ws/install/robot_interfaces/share/robot_interfaces/rust/build.rs
-- Up-to-date: /home/silvia/TFG/TFG/src/ros2_ws/install/robot_interfaces/share/robot_interfaces/rust/Cargo.toml
-- Up-to-date: /home/silvia/TFG/TFG/src/ros2_ws/install/robot_interfaces/share/robot_interfaces/rust/src
-- Up-to-date: /home/silvia/TFG/TFG/src/ros2_ws/install/robot_interfaces/share/robot_interfaces/rust/src/srv
-- Up-to-date: /home/silvia/TFG/TFG/src/ros2_ws/install/robot_interfaces/share/robot_interfaces/rust/src/srv/rmw.rs
-- Up-to-date: /home/silvia/TFG/TFG/src/ros2_ws/install/robot_interfaces/share/robot_interfaces/rust/src/srv.rs
-- Up-to-date: /home/silvia/TFG/TFG/src/ros2_ws/install/robot_interfaces/share/robot_interfaces/rust/src/lib.rs
-- Up-to-date: /home/silvia/TFG/TFG/src/ros2_ws/install/robot_interfaces/share/robot_interfaces/srv/SolveIK.idl
-- Up-to-date: /home/silvia/TFG/TFG/src/ros2_ws/install/robot_interfaces/share/robot_interfaces/srv/AddObstacle.idl
-- Up-to-date: /home/silvia/TFG/TFG/src/ros2_ws/install/robot_interfaces/share/robot_interfaces/srv/RemoveObstacle.idl
-- Up-to-date: /home/silvia/TFG/TFG/src/ros2_ws/install/robot_interfaces/share/robot_interfaces/srv/SolveDK.idl
-- Up-to-date: /home/silvia/TFG/TFG/src/ros2_ws/install/robot_interfaces/share/robot_interfaces/srv/ManageTool.idl
-- Up-to-date: /home/silvia/TFG/TFG/src/ros2_ws/install/robot_interfaces/share/robot_interfaces/srv/SpawnObject.idl
-- Up-to-date: /home/silvia/TFG/TFG/src/ros2_ws/install/robot_interfaces/share/robot_interfaces/srv/AddCamera.idl
-- Up-to-date: /home/silvia/TFG/TFG/src/ros2_ws/install/robot_interfaces/share/robot_interfaces/srv/PutPiece.idl
-- Up-to-date: /home/silvia/TFG/TFG/src/ros2_ws/install/robot_interfaces/share/robot_interfaces/srv/SolveIK.srv
-- Up-to-date: /home/silvia/TFG/TFG/src/ros2_ws/install/robot_interfaces/share/robot_interfaces/srv/AddObstacle.srv
-- Up-to-date: /home/silvia/TFG/TFG/src/ros2_ws/install/robot_interfaces/share/robot_interfaces/srv/RemoveObstacle.srv
-- Up-to-date: /home/silvia/TFG/TFG/src/ros2_ws/install/robot_interfaces/share/robot_interfaces/srv/SolveDK.srv
-- Up-to-date: /home/silvia/TFG/TFG/src/ros2_ws/install/robot_interfaces/share/robot_interfaces/srv/ManageTool.srv
-- Up-to-date: /home/silvia/TFG/TFG/src/ros2_ws/install/robot_interfaces/share/robot_interfaces/srv/SpawnObject.srv
-- Up-to-date: /home/silvia/TFG/TFG/src/ros2_ws/install/robot_interfaces/share/robot_interfaces/srv/AddCamera.srv
-- Up-to-date: /home/silvia/TFG/TFG/src/ros2_ws/install/robot_interfaces/share/robot_interfaces/srv/PutPiece.srv
-- Up-to-date: /home/silvia/TFG/TFG/src/ros2_ws/install/robot_interfaces/share/ament_index/resource_index/package_run_dependencies/robot_interfaces
-- Up-to-date: /home/silvia/TFG/TFG/src/ros2_ws/install/robot_interfaces/share/ament_index/resource_index/parent_prefix_path/robot_interfaces
-- Up-to-date: /home/silvia/TFG/TFG/src/ros2_ws/install/robot_interfaces/share/robot_interfaces/environment/ament_prefix_path.sh
-- Up-to-date: /home/silvia/TFG/TFG/src/ros2_ws/install/robot_interfaces/share/robot_interfaces/environment/ament_prefix_path.dsv
-- Up-to-date: /home/silvia/TFG/TFG/src/ros2_ws/install/robot_interfaces/share/robot_interfaces/environment/path.sh
-- Up-to-date: /home/silvia/TFG/TFG/src/ros2_ws/install/robot_interfaces/share/robot_interfaces/environment/path.dsv
-- Up-to-date: /home/silvia/TFG/TFG/src/ros2_ws/install/robot_interfaces/share/robot_interfaces/local_setup.bash
-- Up-to-date: /home/silvia/TFG/TFG/src/ros2_ws/install/robot_interfaces/share/robot_interfaces/local_setup.sh
-- Up-to-date: /home/silvia/TFG/TFG/src/ros2_ws/install/robot_interfaces/share/robot_interfaces/local_setup.zsh
-- Up-to-date: /home/silvia/TFG/TFG/src/ros2_ws/install/robot_interfaces/share/robot_interfaces/local_setup.dsv
-- Installing: /home/silvia/TFG/TFG/src/ros2_ws/install/robot_interfaces/share/robot_interfaces/package.dsv
-- Up-to-date: /home/silvia/TFG/TFG/src/ros2_ws/install/robot_interfaces/share/ament_index/resource_index/packages/robot_interfaces
-- Up-to-date: /home/silvia/TFG/TFG/src/ros2_ws/install/robot_interfaces/share/robot_interfaces/cmake/export_robot_interfaces__rosidl_generator_cExport.cmake
-- Up-to-date: /home/silvia/TFG/TFG/src/ros2_ws/install/robot_interfaces/share/robot_interfaces/cmake/export_robot_interfaces__rosidl_generator_cExport-noconfig.cmake
-- Up-to-date: /home/silvia/TFG/TFG/src/ros2_ws/install/robot_interfaces/share/robot_interfaces/cmake/export_robot_interfaces__rosidl_typesupport_fastrtps_cExport.cmake
-- Up-to-date: /home/silvia/TFG/TFG/src/ros2_ws/install/robot_interfaces/share/robot_interfaces/cmake/export_robot_interfaces__rosidl_typesupport_fastrtps_cExport-noconfig.cmake
-- Up-to-date: /home/silvia/TFG/TFG/src/ros2_ws/install/robot_interfaces/share/robot_interfaces/cmake/export_robot_interfaces__rosidl_generator_cppExport.cmake
-- Up-to-date: /home/silvia/TFG/TFG/src/ros2_ws/install/robot_interfaces/share/robot_interfaces/cmake/export_robot_interfaces__rosidl_typesupport_fastrtps_cppExport.cmake
-- Up-to-date: /home/silvia/TFG/TFG/src/ros2_ws/install/robot_interfaces/share/robot_interfaces/cmake/export_robot_interfaces__rosidl_typesupport_fastrtps_cppExport-noconfig.cmake
-- Up-to-date: /home/silvia/TFG/TFG/src/ros2_ws/install/robot_interfaces/share/robot_interfaces/cmake/robot_interfaces__rosidl_typesupport_introspection_cExport.cmake
-- Up-to-date: /home/silvia/TFG/TFG/src/ros2_ws/install/robot_interfaces/share/robot_interfaces/cmake/robot_interfaces__rosidl_typesupport_introspection_cExport-noconfig.cmake
-- Up-to-date: /home/silvia/TFG/TFG/src/ros2_ws/install/robot_interfaces/share/robot_interfaces/cmake/robot_interfaces__rosidl_typesupport_cExport.cmake
-- Up-to-date: /home/silvia/TFG/TFG/src/ros2_ws/install/robot_interfaces/share/robot_interfaces/cmake/robot_interfaces__rosidl_typesupport_cExport-noconfig.cmake
-- Up-to-date: /home/silvia/TFG/TFG/src/ros2_ws/install/robot_interfaces/share/robot_interfaces/cmake/robot_interfaces__rosidl_typesupport_introspection_cppExport.cmake
-- Up-to-date: /home/silvia/TFG/TFG/src/ros2_ws/install/robot_interfaces/share/robot_interfaces/cmake/robot_interfaces__rosidl_typesupport_introspection_cppExport-noconfig.cmake
-- Up-to-date: /home/silvia/TFG/TFG/src/ros2_ws/install/robot_interfaces/share/robot_interfaces/cmake/robot_interfaces__rosidl_typesupport_cppExport.cmake
-- Up-to-date: /home/silvia/TFG/TFG/src/ros2_ws/install/robot_interfaces/share/robot_interfaces/cmake/robot_interfaces__rosidl_typesupport_cppExport-noconfig.cmake
-- Up-to-date: /home/silvia/TFG/TFG/src/ros2_ws/install/robot_interfaces/share/robot_interfaces/cmake/export_robot_interfaces__rosidl_generator_pyExport.cmake
-- Up-to-date: /home/silvia/TFG/TFG/src/ros2_ws/install/robot_interfaces/share/robot_interfaces/cmake/export_robot_interfaces__rosidl_generator_pyExport-noconfig.cmake
-- Up-to-date: /home/silvia/TFG/TFG/src/ros2_ws/install/robot_interfaces/share/robot_interfaces/cmake/rosidl_cmake-extras.cmake
-- Up-to-date: /home/silvia/TFG/TFG/src/ros2_ws/install/robot_interfaces/share/robot_interfaces/cmake/ament_cmake_export_dependencies-extras.cmake
-- Up-to-date: /home/silvia/TFG/TFG/src/ros2_ws/install/robot_interfaces/share/robot_interfaces/cmake/ament_cmake_export_include_directories-extras.cmake
-- Up-to-date: /home/silvia/TFG/TFG/src/ros2_ws/install/robot_interfaces/share/robot_interfaces/cmake/ament_cmake_export_libraries-extras.cmake
-- Up-to-date: /home/silvia/TFG/TFG/src/ros2_ws/install/robot_interfaces/share/robot_interfaces/cmake/ament_cmake_export_targets-extras.cmake
-- Up-to-date: /home/silvia/TFG/TFG/src/ros2_ws/install/robot_interfaces/share/robot_interfaces/cmake/rosidl_cmake_export_typesupport_targets-extras.cmake
-- Up-to-date: /home/silvia/TFG/TFG/src/ros2_ws/install/robot_interfaces/share/robot_interfaces/cmake/rosidl_cmake_export_typesupport_libraries-extras.cmake
-- Up-to-date: /home/silvia/TFG/TFG/src/ros2_ws/install/robot_interfaces/share/robot_interfaces/cmake/robot_interfacesConfig.cmake
-- Up-to-date: /home/silvia/TFG/TFG/src/ros2_ws/install/robot_interfaces/share/robot_interfaces/cmake/robot_interfacesConfig-version.cmake
-- Up-to-date: /home/silvia/TFG/TFG/src/ros2_ws/install/robot_interfaces/share/robot_interfaces/package.xml
