[1.973s] Invoking command in '/home/silvia/TFG/TFG/src/ros2_ws/src/robot_digital_twin': PYTHONPATH=/home/silvia/TFG/TFG/src/ros2_ws/src/build/robot_digital_twin/prefix_override:/usr/lib/python3/dist-packages/colcon_core/task/python/colcon_distutils_commands:/home/silvia/TFG/TFG/src/ros2_ws/src/install/robot_digital_twin/lib/python3.12/site-packages:${PYTHONPATH} /usr/bin/python3 -W ignore:setup.py install is deprecated -W ignore:easy_install command is deprecated setup.py egg_info --egg-base ../build/robot_digital_twin build --build-base /home/silvia/TFG/TFG/src/ros2_ws/src/build/robot_digital_twin/build install --record /home/silvia/TFG/TFG/src/ros2_ws/src/build/robot_digital_twin/install.log --single-version-externally-managed install_data
[2.457s] running egg_info
[2.458s] creating ../build/robot_digital_twin/robot_digital_twin.egg-info
[2.492s] writing ../build/robot_digital_twin/robot_digital_twin.egg-info/PKG-INFO
[2.493s] writing dependency_links to ../build/robot_digital_twin/robot_digital_twin.egg-info/dependency_links.txt
[2.493s] writing entry points to ../build/robot_digital_twin/robot_digital_twin.egg-info/entry_points.txt
[2.493s] writing requirements to ../build/robot_digital_twin/robot_digital_twin.egg-info/requires.txt
[2.494s] writing top-level names to ../build/robot_digital_twin/robot_digital_twin.egg-info/top_level.txt
[2.494s] writing manifest file '../build/robot_digital_twin/robot_digital_twin.egg-info/SOURCES.txt'
[2.576s] reading manifest file '../build/robot_digital_twin/robot_digital_twin.egg-info/SOURCES.txt'
[2.577s] writing manifest file '../build/robot_digital_twin/robot_digital_twin.egg-info/SOURCES.txt'
[2.577s] running build
[2.578s] running build_py
[2.578s] creating /home/silvia/TFG/TFG/src/ros2_ws/src/build/robot_digital_twin/build
[2.579s] creating /home/silvia/TFG/TFG/src/ros2_ws/src/build/robot_digital_twin/build/lib
[2.579s] creating /home/silvia/TFG/TFG/src/ros2_ws/src/build/robot_digital_twin/build/lib/robot_digital_twin
[2.580s] copying robot_digital_twin/__init__.py -> /home/silvia/TFG/TFG/src/ros2_ws/src/build/robot_digital_twin/build/lib/robot_digital_twin
[2.580s] copying robot_digital_twin/robot_digital_twin_node.py -> /home/silvia/TFG/TFG/src/ros2_ws/src/build/robot_digital_twin/build/lib/robot_digital_twin
[2.581s] running install
[2.590s] running install_lib
[2.624s] creating /home/silvia/TFG/TFG/src/ros2_ws/src/install/robot_digital_twin/lib/python3.12/site-packages/robot_digital_twin
[2.625s] copying /home/silvia/TFG/TFG/src/ros2_ws/src/build/robot_digital_twin/build/lib/robot_digital_twin/__init__.py -> /home/silvia/TFG/TFG/src/ros2_ws/src/install/robot_digital_twin/lib/python3.12/site-packages/robot_digital_twin
[2.625s] copying /home/silvia/TFG/TFG/src/ros2_ws/src/build/robot_digital_twin/build/lib/robot_digital_twin/robot_digital_twin_node.py -> /home/silvia/TFG/TFG/src/ros2_ws/src/install/robot_digital_twin/lib/python3.12/site-packages/robot_digital_twin
[2.626s] byte-compiling /home/silvia/TFG/TFG/src/ros2_ws/src/install/robot_digital_twin/lib/python3.12/site-packages/robot_digital_twin/__init__.py to __init__.cpython-312.pyc
[2.627s] byte-compiling /home/silvia/TFG/TFG/src/ros2_ws/src/install/robot_digital_twin/lib/python3.12/site-packages/robot_digital_twin/robot_digital_twin_node.py to robot_digital_twin_node.cpython-312.pyc
[2.630s] running install_data
[2.630s] creating /home/silvia/TFG/TFG/src/ros2_ws/src/install/robot_digital_twin/share/ament_index
[2.631s] creating /home/silvia/TFG/TFG/src/ros2_ws/src/install/robot_digital_twin/share/ament_index/resource_index
[2.631s] creating /home/silvia/TFG/TFG/src/ros2_ws/src/install/robot_digital_twin/share/ament_index/resource_index/packages
[2.632s] copying resource/robot_digital_twin -> /home/silvia/TFG/TFG/src/ros2_ws/src/install/robot_digital_twin/share/ament_index/resource_index/packages
[2.632s] copying package.xml -> /home/silvia/TFG/TFG/src/ros2_ws/src/install/robot_digital_twin/share/robot_digital_twin
[2.632s] running install_egg_info
[2.674s] Copying ../build/robot_digital_twin/robot_digital_twin.egg-info to /home/silvia/TFG/TFG/src/ros2_ws/src/install/robot_digital_twin/lib/python3.12/site-packages/robot_digital_twin-0.0.0-py3.12.egg-info
[2.677s] running install_scripts
[2.925s] Installing robot_digital_twin_node script to /home/silvia/TFG/TFG/src/ros2_ws/src/install/robot_digital_twin/lib/robot_digital_twin
[2.926s] writing list of installed files to '/home/silvia/TFG/TFG/src/ros2_ws/src/build/robot_digital_twin/install.log'
[2.970s] Invoked command in '/home/silvia/TFG/TFG/src/ros2_ws/src/robot_digital_twin' returned '0': PYTHONPATH=/home/silvia/TFG/TFG/src/ros2_ws/src/build/robot_digital_twin/prefix_override:/usr/lib/python3/dist-packages/colcon_core/task/python/colcon_distutils_commands:/home/silvia/TFG/TFG/src/ros2_ws/src/install/robot_digital_twin/lib/python3.12/site-packages:${PYTHONPATH} /usr/bin/python3 -W ignore:setup.py install is deprecated -W ignore:easy_install command is deprecated setup.py egg_info --egg-base ../build/robot_digital_twin build --build-base /home/silvia/TFG/TFG/src/ros2_ws/src/build/robot_digital_twin/build install --record /home/silvia/TFG/TFG/src/ros2_ws/src/build/robot_digital_twin/install.log --single-version-externally-managed install_data
