-- The C compiler identification is GNU 13.3.0
-- The CXX compiler identification is GNU 13.3.0
-- Detecting C compiler ABI info
-- Detecting C compiler ABI info - done
-- Check for working C compiler: /usr/bin/cc - skipped
-- Detecting C compile features
-- Detecting C compile features - done
-- Detecting CXX compiler ABI info
-- Detecting CXX compiler ABI info - done
-- Check for working CXX compiler: /usr/bin/c++ - skipped
-- Detecting CXX compile features
-- Detecting CXX compile features - done
-- Found ament_cmake: 2.5.6 (/opt/ros/jazzy/share/ament_cmake/cmake)
-- Found Python3: /usr/bin/python3 (found version "3.12.3") found components: Interpreter 
-- Found rclcpp: 28.1.18 (/opt/ros/jazzy/share/rclcpp/cmake)
-- Found rosidl_generator_c: 4.6.7 (/opt/ros/jazzy/share/rosidl_generator_c/cmake)
-- Found rosidl_generator_cpp: 4.6.7 (/opt/ros/jazzy/share/rosidl_generator_cpp/cmake)
-- Using all available rosidl_typesupport_c: rosidl_typesupport_fastrtps_c;rosidl_typesupport_introspection_c
-- Using all available rosidl_typesupport_cpp: rosidl_typesupport_fastrtps_cpp;rosidl_typesupport_introspection_cpp
-- Found rmw_implementation_cmake: 7.3.3 (/opt/ros/jazzy/share/rmw_implementation_cmake/cmake)
-- Found rmw_fastrtps_cpp: 8.4.3 (/opt/ros/jazzy/share/rmw_fastrtps_cpp/cmake)
-- Found OpenSSL: /usr/lib/x86_64-linux-gnu/libcrypto.so (found version "3.0.13")  
-- Found FastRTPS: /opt/ros/jazzy/include (Required is at least version "2.13") 
-- Using RMW implementation 'rmw_fastrtps_cpp' as default
-- Found std_msgs: 5.3.7 (/opt/ros/jazzy/share/std_msgs/cmake)
-- Found sensor_msgs: 5.3.7 (/opt/ros/jazzy/share/sensor_msgs/cmake)
-- Found rclcpp_action: 28.1.18 (/opt/ros/jazzy/share/rclcpp_action/cmake)
-- Found nav2_msgs: 1.3.11 (/opt/ros/jazzy/share/nav2_msgs/cmake)
-- Found robot_interfaces: 0.0.0 (/home/silvia/TFG/TFG/src/ros2_ws/install/robot_interfaces/share/robot_interfaces/cmake)
-- Found urdf: 2.10.0 (/opt/ros/jazzy/share/urdf/cmake)
-- Found tf2: 0.36.20 (/opt/ros/jazzy/share/tf2/cmake)
-- Found tf2_geometry_msgs: 0.36.20 (/opt/ros/jazzy/share/tf2_geometry_msgs/cmake)
-- Found eigen3_cmake_module: 0.3.0 (/opt/ros/jazzy/share/eigen3_cmake_module/cmake)
-- Found Eigen3: TRUE (found version "3.4.0") 
-- Ensuring Eigen3 include directory is part of orocos-kdl CMake target
-- Found ament_lint_auto: 0.17.5 (/opt/ros/jazzy/share/ament_lint_auto/cmake)
-- Added test 'cppcheck' to perform static code analysis on C / C++ code
-- Configured cppcheck include dirs: /home/silvia/TFG/TFG/src/ros2_ws/src/robot_pkg/include
-- Configured cppcheck exclude dirs and/or files: 
-- Added test 'flake8' to check Python code syntax and style conventions
-- Configured 'flake8' exclude dirs and/or files: 
-- Added test 'lint_cmake' to check CMake code style
-- Added test 'pep257' to check Python code against some of the docstring style conventions in PEP 257
-- Added test 'uncrustify' to check C / C++ code style
-- Configured uncrustify additional arguments: 
-- Added test 'xmllint' to check XML markup files
-- Configuring done (4.9s)
-- Generating done (0.0s)
-- Build files have been written to: /home/silvia/TFG/TFG/src/ros2_ws/build/robot_pkg
[ 12%] [32mBuilding CXX object CMakeFiles/move_arm_node.dir/src/move_arm_node.cpp.o[0m
[ 25%] [32mBuilding CXX object CMakeFiles/servo_node.dir/src/servo_bridge_node.cpp.o[0m
[ 37%] [32mBuilding CXX object CMakeFiles/rviz_bridge_node.dir/src/rviz_bridge_node.cpp.o[0m
[ 50%] [32mBuilding CXX object CMakeFiles/rutine_node.dir/src/routine_executor.cpp.o[0m
[ 62%] [32m[1mLinking CXX executable rutine_node[0m
[ 62%] Built target rutine_node
[ 75%] [32m[1mLinking CXX executable servo_node[0m
[ 75%] Built target servo_node
[ 87%] [32m[1mLinking CXX executable rviz_bridge_node[0m
[ 87%] Built target rviz_bridge_node
[100%] [32m[1mLinking CXX executable move_arm_node[0m
[100%] Built target move_arm_node
-- Install configuration: ""
-- Installing: /home/silvia/TFG/TFG/src/ros2_ws/install/robot_pkg/lib/robot_pkg/move_arm_node
-- Set non-toolchain portion of runtime path of "/home/silvia/TFG/TFG/src/ros2_ws/install/robot_pkg/lib/robot_pkg/move_arm_node" to ""
-- Installing: /home/silvia/TFG/TFG/src/ros2_ws/install/robot_pkg/lib/robot_pkg/rviz_bridge_node
-- Set non-toolchain portion of runtime path of "/home/silvia/TFG/TFG/src/ros2_ws/install/robot_pkg/lib/robot_pkg/rviz_bridge_node" to ""
-- Installing: /home/silvia/TFG/TFG/src/ros2_ws/install/robot_pkg/lib/robot_pkg/servo_node
-- Set non-toolchain portion of runtime path of "/home/silvia/TFG/TFG/src/ros2_ws/install/robot_pkg/lib/robot_pkg/servo_node" to ""
-- Installing: /home/silvia/TFG/TFG/src/ros2_ws/install/robot_pkg/lib/robot_pkg/rutine_node
-- Set non-toolchain portion of runtime path of "/home/silvia/TFG/TFG/src/ros2_ws/install/robot_pkg/lib/robot_pkg/rutine_node" to ""
-- Installing: /home/silvia/TFG/TFG/src/ros2_ws/install/robot_pkg/share/robot_pkg/urdf
-- Installing: /home/silvia/TFG/TFG/src/ros2_ws/install/robot_pkg/share/robot_pkg/urdf/robot.urdf
-- Installing: /home/silvia/TFG/TFG/src/ros2_ws/install/robot_pkg/share/robot_pkg/launch
-- Installing: /home/silvia/TFG/TFG/src/ros2_ws/install/robot_pkg/share/robot_pkg/launch/move_action.launch.py
-- Installing: /home/silvia/TFG/TFG/src/ros2_ws/install/robot_pkg/share/robot_pkg/rutines
-- Installing: /home/silvia/TFG/TFG/src/ros2_ws/install/robot_pkg/share/robot_pkg/rutines/test_moveL.yaml
-- Installing: /home/silvia/TFG/TFG/src/ros2_ws/install/robot_pkg/share/robot_pkg/rutines/test_wall.yaml
-- Installing: /home/silvia/TFG/TFG/src/ros2_ws/install/robot_pkg/share/robot_pkg/rutines/test_tcp.yaml
-- Installing: /home/silvia/TFG/TFG/src/ros2_ws/install/robot_pkg/share/ament_index/resource_index/package_run_dependencies/robot_pkg
-- Installing: /home/silvia/TFG/TFG/src/ros2_ws/install/robot_pkg/share/ament_index/resource_index/parent_prefix_path/robot_pkg
-- Installing: /home/silvia/TFG/TFG/src/ros2_ws/install/robot_pkg/share/robot_pkg/environment/ament_prefix_path.sh
-- Installing: /home/silvia/TFG/TFG/src/ros2_ws/install/robot_pkg/share/robot_pkg/environment/ament_prefix_path.dsv
-- Installing: /home/silvia/TFG/TFG/src/ros2_ws/install/robot_pkg/share/robot_pkg/environment/path.sh
-- Installing: /home/silvia/TFG/TFG/src/ros2_ws/install/robot_pkg/share/robot_pkg/environment/path.dsv
-- Installing: /home/silvia/TFG/TFG/src/ros2_ws/install/robot_pkg/share/robot_pkg/local_setup.bash
-- Installing: /home/silvia/TFG/TFG/src/ros2_ws/install/robot_pkg/share/robot_pkg/local_setup.sh
-- Installing: /home/silvia/TFG/TFG/src/ros2_ws/install/robot_pkg/share/robot_pkg/local_setup.zsh
-- Installing: /home/silvia/TFG/TFG/src/ros2_ws/install/robot_pkg/share/robot_pkg/local_setup.dsv
-- Installing: /home/silvia/TFG/TFG/src/ros2_ws/install/robot_pkg/share/robot_pkg/package.dsv
-- Installing: /home/silvia/TFG/TFG/src/ros2_ws/install/robot_pkg/share/ament_index/resource_index/packages/robot_pkg
-- Installing: /home/silvia/TFG/TFG/src/ros2_ws/install/robot_pkg/share/robot_pkg/cmake/robot_pkgConfig.cmake
-- Installing: /home/silvia/TFG/TFG/src/ros2_ws/install/robot_pkg/share/robot_pkg/cmake/robot_pkgConfig-version.cmake
-- Installing: /home/silvia/TFG/TFG/src/ros2_ws/install/robot_pkg/share/robot_pkg/package.xml
