[1.955s] Invoking command in '/home/silvia/TFG/TFG/src/ros2_ws/src/robot_inverse_kinematics': CMAKE_PREFIX_PATH=/home/silvia/TFG/TFG/src/ros2_ws/install/robot_interfaces:/home/silvia/TFG/TFG/src/ros2_ws/install/tic_tac_toe_dlc:/home/silvia/TFG/TFG/src/ros2_ws/install/robot_pkg:/opt/ros/jazzy/opt/sdformat_vendor:/opt/ros/jazzy/opt/gz_math_vendor:/opt/ros/jazzy/opt/gz_utils_vendor:/opt/ros/jazzy/opt/gz_tools_vendor:/opt/ros/jazzy/opt/gz_cmake_vendor PYTHONPATH=/home/silvia/TFG/TFG/src/ros2_ws/build/robot_inverse_kinematics/prefix_override:/usr/lib/python3/dist-packages/colcon_core/task/python/colcon_distutils_commands:/home/silvia/TFG/TFG/src/ros2_ws/install/robot_inverse_kinematics/lib/python3.12/site-packages:/home/silvia/TFG/TFG/src/ros2_ws/install/robot_interfaces/lib/python3.12/site-packages:/home/silvia/TFG/TFG/src/ros2_ws/install/robot_kinematics/lib/python3.12/site-packages:/home/silvia/TFG/TFG/src/ros2_ws/install/robot_inverse_kinematics/lib/python3.12/site-packages:/home/silvia/TFG/TFG/src/ros2_ws/install/robot_digital_twin/lib/python3.12/site-packages:/opt/ros/jazzy/lib/python3.12/site-packages /usr/bin/python3 -W ignore:setup.py install is deprecated -W ignore:easy_install command is deprecated setup.py egg_info --egg-base ../../build/robot_inverse_kinematics build --build-base /home/silvia/TFG/TFG/src/ros2_ws/build/robot_inverse_kinematics/build install --record /home/silvia/TFG/TFG/src/ros2_ws/build/robot_inverse_kinematics/install.log --single-version-externally-managed install_data
[2.325s] running egg_info
[2.353s] writing ../../build/robot_inverse_kinematics/robot_inverse_kinematics.egg-info/PKG-INFO
[2.354s] writing dependency_links to ../../build/robot_inverse_kinematics/robot_inverse_kinematics.egg-info/dependency_links.txt
[2.354s] writing entry points to ../../build/robot_inverse_kinematics/robot_inverse_kinematics.egg-info/entry_points.txt
[2.355s] writing requirements to ../../build/robot_inverse_kinematics/robot_inverse_kinematics.egg-info/requires.txt
[2.355s] writing top-level names to ../../build/robot_inverse_kinematics/robot_inverse_kinematics.egg-info/top_level.txt
[2.417s] reading manifest file '../../build/robot_inverse_kinematics/robot_inverse_kinematics.egg-info/SOURCES.txt'
[2.418s] writing manifest file '../../build/robot_inverse_kinematics/robot_inverse_kinematics.egg-info/SOURCES.txt'
[2.418s] running build
[2.419s] running build_py
[2.419s] running install
[2.426s] running install_lib
[2.456s] running install_data
[2.456s] running install_egg_info
[2.494s] removing '/home/silvia/TFG/TFG/src/ros2_ws/install/robot_inverse_kinematics/lib/python3.12/site-packages/robot_inverse_kinematics-0.0.0-py3.12.egg-info' (and everything under it)
[2.494s] Copying ../../build/robot_inverse_kinematics/robot_inverse_kinematics.egg-info to /home/silvia/TFG/TFG/src/ros2_ws/install/robot_inverse_kinematics/lib/python3.12/site-packages/robot_inverse_kinematics-0.0.0-py3.12.egg-info
[2.496s] running install_scripts
[2.693s] Installing ik_node script to /home/silvia/TFG/TFG/src/ros2_ws/install/robot_inverse_kinematics/lib/robot_inverse_kinematics
[2.694s] writing list of installed files to '/home/silvia/TFG/TFG/src/ros2_ws/build/robot_inverse_kinematics/install.log'
[2.731s] Invoked command in '/home/silvia/TFG/TFG/src/ros2_ws/src/robot_inverse_kinematics' returned '0': CMAKE_PREFIX_PATH=/home/silvia/TFG/TFG/src/ros2_ws/install/robot_interfaces:/home/silvia/TFG/TFG/src/ros2_ws/install/tic_tac_toe_dlc:/home/silvia/TFG/TFG/src/ros2_ws/install/robot_pkg:/opt/ros/jazzy/opt/sdformat_vendor:/opt/ros/jazzy/opt/gz_math_vendor:/opt/ros/jazzy/opt/gz_utils_vendor:/opt/ros/jazzy/opt/gz_tools_vendor:/opt/ros/jazzy/opt/gz_cmake_vendor PYTHONPATH=/home/silvia/TFG/TFG/src/ros2_ws/build/robot_inverse_kinematics/prefix_override:/usr/lib/python3/dist-packages/colcon_core/task/python/colcon_distutils_commands:/home/silvia/TFG/TFG/src/ros2_ws/install/robot_inverse_kinematics/lib/python3.12/site-packages:/home/silvia/TFG/TFG/src/ros2_ws/install/robot_interfaces/lib/python3.12/site-packages:/home/silvia/TFG/TFG/src/ros2_ws/install/robot_kinematics/lib/python3.12/site-packages:/home/silvia/TFG/TFG/src/ros2_ws/install/robot_inverse_kinematics/lib/python3.12/site-packages:/home/silvia/TFG/TFG/src/ros2_ws/install/robot_digital_twin/lib/python3.12/site-packages:/opt/ros/jazzy/lib/python3.12/site-packages /usr/bin/python3 -W ignore:setup.py install is deprecated -W ignore:easy_install command is deprecated setup.py egg_info --egg-base ../../build/robot_inverse_kinematics build --build-base /home/silvia/TFG/TFG/src/ros2_ws/build/robot_inverse_kinematics/build install --record /home/silvia/TFG/TFG/src/ros2_ws/build/robot_inverse_kinematics/install.log --single-version-externally-managed install_data
