[0.038s] Invoking command in '/home/silvia/TFG/TFG/src/ros2_ws/src/build/robot_interfaces': CMAKE_PREFIX_PATH=${CMAKE_PREFIX_PATH}:/home/silvia/TFG/TFG/src/ros2_ws/install/robot_inverse_kinematics:/opt/ros/jazzy /usr/bin/cmake /home/silvia/TFG/TFG/src/ros2_ws/src/robot_interfaces -DCMAKE_INSTALL_PREFIX=/home/silvia/TFG/TFG/src/ros2_ws/src/install/robot_interfaces
[0.490s] -- The C compiler identification is GNU 13.3.0
[1.325s] -- The CXX compiler identification is GNU 13.3.0
[2.017s] -- Detecting C compiler ABI info
[2.411s] -- Detecting C compiler ABI info - done
[2.423s] -- Check for working C compiler: /usr/bin/cc - skipped
[2.424s] -- Detecting C compile features
[2.425s] -- Detecting C compile features - done
[2.521s] -- Detecting CXX compiler ABI info
[2.854s] -- Detecting CXX compiler ABI info - done
[2.866s] -- Check for working CXX compiler: /usr/bin/c++ - skipped
[2.866s] -- Detecting CXX compile features
[2.867s] -- Detecting CXX compile features - done
[2.898s] -- Found ament_cmake: 2.5.6 (/opt/ros/jazzy/share/ament_cmake/cmake)
[3.141s] -- Found Python3: /usr/bin/python3 (found version "3.12.3") found components: Interpreter 
[3.359s] -- Found geometry_msgs: 5.3.7 (/opt/ros/jazzy/share/geometry_msgs/cmake)
[3.636s] -- Found rosidl_generator_c: 4.6.7 (/opt/ros/jazzy/share/rosidl_generator_c/cmake)
[3.666s] -- Found rosidl_generator_cpp: 4.6.7 (/opt/ros/jazzy/share/rosidl_generator_cpp/cmake)
[3.707s] -- Using all available rosidl_typesupport_c: rosidl_typesupport_fastrtps_c;rosidl_typesupport_introspection_c
[3.748s] -- Using all available rosidl_typesupport_cpp: rosidl_typesupport_fastrtps_cpp;rosidl_typesupport_introspection_cpp
[3.863s] -- Found rosidl_default_generators: 1.6.0 (/opt/ros/jazzy/share/rosidl_default_generators/cmake)
[3.905s] -- Found rosidl_adapter: 4.6.7 (/opt/ros/jazzy/share/rosidl_adapter/cmake)
[4.897s] -- Found ament_cmake_ros: 0.12.0 (/opt/ros/jazzy/share/ament_cmake_ros/cmake)
[6.135s] -- Using all available rosidl_typesupport_c: rosidl_typesupport_fastrtps_c;rosidl_typesupport_introspection_c
[6.594s] -- Using all available rosidl_typesupport_cpp: rosidl_typesupport_fastrtps_cpp;rosidl_typesupport_introspection_cpp
[6.602s] -- Found python_cmake_module: 0.11.1 (/opt/ros/jazzy/share/python_cmake_module/cmake)
[6.783s] -- Found PythonExtra: /usr/bin/python3  
[7.495s] -- Found Python3: /usr/bin/python3 (found version "3.12.3") found components: Interpreter Development NumPy Development.Module Development.Embed 
[7.660s] -- Found Python3: /usr/bin/python3 (found version "3.12.3") found components: Interpreter 
[7.668s] -- Found ament_lint_auto: 0.17.5 (/opt/ros/jazzy/share/ament_lint_auto/cmake)
[7.736s] -- Added test 'lint_cmake' to check CMake code style
[7.742s] -- Added test 'xmllint' to check XML markup files
[7.749s] -- Configuring done (7.6s)
[7.856s] -- Generating done (0.1s)
[7.876s] -- Build files have been written to: /home/silvia/TFG/TFG/src/ros2_ws/src/build/robot_interfaces
[7.891s] Invoked command in '/home/silvia/TFG/TFG/src/ros2_ws/src/build/robot_interfaces' returned '0': CMAKE_PREFIX_PATH=${CMAKE_PREFIX_PATH}:/home/silvia/TFG/TFG/src/ros2_ws/install/robot_inverse_kinematics:/opt/ros/jazzy /usr/bin/cmake /home/silvia/TFG/TFG/src/ros2_ws/src/robot_interfaces -DCMAKE_INSTALL_PREFIX=/home/silvia/TFG/TFG/src/ros2_ws/src/install/robot_interfaces
[7.893s] Invoking command in '/home/silvia/TFG/TFG/src/ros2_ws/src/build/robot_interfaces': CMAKE_PREFIX_PATH=${CMAKE_PREFIX_PATH}:/home/silvia/TFG/TFG/src/ros2_ws/install/robot_inverse_kinematics:/opt/ros/jazzy /usr/bin/cmake --build /home/silvia/TFG/TFG/src/ros2_ws/src/build/robot_interfaces -- -j8 -l8
[7.972s] [  2%] [34m[1mGenerating type hashes for ROS interfaces[0m
[7.973s] [  2%] [34m[1mGenerating Rust code for ROS interfaces[0m
[7.987s] [  2%] Built target ament_cmake_python_copy_robot_interfaces
[8.331s] running egg_info
[8.333s] creating robot_interfaces.egg-info
[8.381s] writing robot_interfaces.egg-info/PKG-INFO
[8.381s] writing dependency_links to robot_interfaces.egg-info/dependency_links.txt
[8.382s] writing top-level names to robot_interfaces.egg-info/top_level.txt
[8.382s] writing manifest file 'robot_interfaces.egg-info/SOURCES.txt'
[8.487s] reading manifest file 'robot_interfaces.egg-info/SOURCES.txt'
[8.488s] writing manifest file 'robot_interfaces.egg-info/SOURCES.txt'
[8.512s] [  2%] Built target robot_interfaces__rosidl_generator_type_description
[8.531s] [  3%] [34m[1mGenerating C code for ROS interfaces[0m
[8.531s] [  3%] Built target ament_cmake_python_build_robot_interfaces_egg
[8.547s] [  3%] [34m[1mGenerating C++ code for ROS interfaces[0m
[8.585s] [  3%] Built target robot_interfaces__rs
[9.731s] [  3%] Built target robot_interfaces__cpp
[9.996s] [  6%] [32mBuilding C object CMakeFiles/robot_interfaces__rosidl_generator_c.dir/rosidl_generator_c/robot_interfaces/srv/detail/solve_ik__functions.c.o[0m
[9.996s] [  6%] [32mBuilding C object CMakeFiles/robot_interfaces__rosidl_generator_c.dir/rosidl_generator_c/robot_interfaces/srv/detail/solve_ik__description.c.o[0m
[9.996s] [  6%] [32mBuilding C object CMakeFiles/robot_interfaces__rosidl_generator_c.dir/rosidl_generator_c/robot_interfaces/srv/detail/solve_ik__type_support.c.o[0m
[9.996s] [  8%] [32mBuilding C object CMakeFiles/robot_interfaces__rosidl_generator_c.dir/rosidl_generator_c/robot_interfaces/srv/detail/add_obstacle__functions.c.o[0m
[9.997s] [  8%] [32mBuilding C object CMakeFiles/robot_interfaces__rosidl_generator_c.dir/rosidl_generator_c/robot_interfaces/srv/detail/add_obstacle__description.c.o[0m
[9.997s] [  9%] [32mBuilding C object CMakeFiles/robot_interfaces__rosidl_generator_c.dir/rosidl_generator_c/robot_interfaces/srv/detail/add_obstacle__type_support.c.o[0m
[9.997s] [ 10%] [32mBuilding C object CMakeFiles/robot_interfaces__rosidl_generator_c.dir/rosidl_generator_c/robot_interfaces/srv/detail/remove_obstacle__description.c.o[0m
[9.997s] [ 11%] [32mBuilding C object CMakeFiles/robot_interfaces__rosidl_generator_c.dir/rosidl_generator_c/robot_interfaces/srv/detail/remove_obstacle__functions.c.o[0m
[10.104s] [ 12%] [32mBuilding C object CMakeFiles/robot_interfaces__rosidl_generator_c.dir/rosidl_generator_c/robot_interfaces/srv/detail/remove_obstacle__type_support.c.o[0m
[10.108s] [ 13%] [32mBuilding C object CMakeFiles/robot_interfaces__rosidl_generator_c.dir/rosidl_generator_c/robot_interfaces/srv/detail/solve_dk__description.c.o[0m
[10.129s] [ 15%] [32mBuilding C object CMakeFiles/robot_interfaces__rosidl_generator_c.dir/rosidl_generator_c/robot_interfaces/srv/detail/solve_dk__functions.c.o[0m
[10.129s] [ 15%] [32mBuilding C object CMakeFiles/robot_interfaces__rosidl_generator_c.dir/rosidl_generator_c/robot_interfaces/srv/detail/solve_dk__type_support.c.o[0m
[10.143s] [ 16%] [32mBuilding C object CMakeFiles/robot_interfaces__rosidl_generator_c.dir/rosidl_generator_c/robot_interfaces/srv/detail/manage_tool__description.c.o[0m
[10.197s] [ 17%] [32mBuilding C object CMakeFiles/robot_interfaces__rosidl_generator_c.dir/rosidl_generator_c/robot_interfaces/srv/detail/manage_tool__type_support.c.o[0m
[10.197s] [ 18%] [32mBuilding C object CMakeFiles/robot_interfaces__rosidl_generator_c.dir/rosidl_generator_c/robot_interfaces/srv/detail/manage_tool__functions.c.o[0m
[10.198s] [ 19%] [32mBuilding C object CMakeFiles/robot_interfaces__rosidl_generator_c.dir/rosidl_generator_c/robot_interfaces/srv/detail/spawn_object__description.c.o[0m
[10.202s] [ 20%] [32mBuilding C object CMakeFiles/robot_interfaces__rosidl_generator_c.dir/rosidl_generator_c/robot_interfaces/srv/detail/spawn_object__functions.c.o[0m
[10.224s] [ 21%] [32mBuilding C object CMakeFiles/robot_interfaces__rosidl_generator_c.dir/rosidl_generator_c/robot_interfaces/srv/detail/spawn_object__type_support.c.o[0m
[10.252s] [ 21%] [32mBuilding C object CMakeFiles/robot_interfaces__rosidl_generator_c.dir/rosidl_generator_c/robot_interfaces/srv/detail/add_camera__description.c.o[0m
[10.278s] [ 22%] [32mBuilding C object CMakeFiles/robot_interfaces__rosidl_generator_c.dir/rosidl_generator_c/robot_interfaces/srv/detail/add_camera__functions.c.o[0m
[10.299s] [ 23%] [32mBuilding C object CMakeFiles/robot_interfaces__rosidl_generator_c.dir/rosidl_generator_c/robot_interfaces/srv/detail/add_camera__type_support.c.o[0m
[10.312s] [ 24%] [32mBuilding C object CMakeFiles/robot_interfaces__rosidl_generator_c.dir/rosidl_generator_c/robot_interfaces/srv/detail/put_piece__description.c.o[0m
[10.319s] [ 25%] [32mBuilding C object CMakeFiles/robot_interfaces__rosidl_generator_c.dir/rosidl_generator_c/robot_interfaces/srv/detail/put_piece__functions.c.o[0m
[10.324s] [ 26%] [32mBuilding C object CMakeFiles/robot_interfaces__rosidl_generator_c.dir/rosidl_generator_c/robot_interfaces/srv/detail/put_piece__type_support.c.o[0m
[10.445s] [ 27%] [32m[1mLinking C shared library librobot_interfaces__rosidl_generator_c.so[0m
[10.593s] [ 27%] Built target robot_interfaces__rosidl_generator_c
[10.612s] [ 28%] [34m[1mGenerating C++ type support for eProsima Fast-RTPS[0m
[10.612s] [ 29%] [34m[1mGenerating C type support for eProsima Fast-RTPS[0m
[10.613s] [ 30%] [34m[1mGenerating C type support dispatch for ROS interfaces[0m
[10.614s] [ 31%] [34m[1mGenerating C introspection for ROS interfaces[0m
[10.615s] [ 33%] [34m[1mGenerating C++ introspection for ROS interfaces[0m
[10.615s] [ 33%] [34m[1mGenerating C++ type support dispatch for ROS interfaces[0m
[11.542s] [ 35%] [32mBuilding CXX object CMakeFiles/robot_interfaces__rosidl_typesupport_c.dir/rosidl_typesupport_c/robot_interfaces/srv/add_obstacle__type_support.cpp.o[0m
[11.542s] [ 35%] [32mBuilding CXX object CMakeFiles/robot_interfaces__rosidl_typesupport_c.dir/rosidl_typesupport_c/robot_interfaces/srv/remove_obstacle__type_support.cpp.o[0m
[11.542s] [ 36%] [32mBuilding CXX object CMakeFiles/robot_interfaces__rosidl_typesupport_c.dir/rosidl_typesupport_c/robot_interfaces/srv/solve_ik__type_support.cpp.o[0m
[11.664s] [ 36%] [32mBuilding CXX object CMakeFiles/robot_interfaces__rosidl_typesupport_c.dir/rosidl_typesupport_c/robot_interfaces/srv/solve_dk__type_support.cpp.o[0m
[11.664s] [ 37%] [32mBuilding CXX object CMakeFiles/robot_interfaces__rosidl_typesupport_c.dir/rosidl_typesupport_c/robot_interfaces/srv/manage_tool__type_support.cpp.o[0m
[11.669s] [ 38%] [32mBuilding CXX object CMakeFiles/robot_interfaces__rosidl_typesupport_c.dir/rosidl_typesupport_c/robot_interfaces/srv/spawn_object__type_support.cpp.o[0m
[11.705s] [ 39%] [32mBuilding CXX object CMakeFiles/robot_interfaces__rosidl_typesupport_cpp.dir/rosidl_typesupport_cpp/robot_interfaces/srv/solve_ik__type_support.cpp.o[0m
[11.777s] [ 40%] [32mBuilding CXX object CMakeFiles/robot_interfaces__rosidl_typesupport_cpp.dir/rosidl_typesupport_cpp/robot_interfaces/srv/add_obstacle__type_support.cpp.o[0m
[11.781s] [ 41%] [32mBuilding CXX object CMakeFiles/robot_interfaces__rosidl_typesupport_cpp.dir/rosidl_typesupport_cpp/robot_interfaces/srv/remove_obstacle__type_support.cpp.o[0m
[11.795s] [ 42%] [32mBuilding CXX object CMakeFiles/robot_interfaces__rosidl_typesupport_c.dir/rosidl_typesupport_c/robot_interfaces/srv/add_camera__type_support.cpp.o[0m
[11.914s] [ 43%] [32mBuilding CXX object CMakeFiles/robot_interfaces__rosidl_typesupport_c.dir/rosidl_typesupport_c/robot_interfaces/srv/put_piece__type_support.cpp.o[0m
[12.036s] [ 44%] [32m[1mLinking CXX shared library librobot_interfaces__rosidl_typesupport_c.so[0m
[12.246s] [ 45%] [32mBuilding CXX object CMakeFiles/robot_interfaces__rosidl_typesupport_introspection_cpp.dir/rosidl_typesupport_introspection_cpp/robot_interfaces/srv/detail/solve_ik__type_support.cpp.o[0m
[12.258s] [ 45%] Built target robot_interfaces__rosidl_typesupport_c
[12.278s] [ 46%] [32mBuilding CXX object CMakeFiles/robot_interfaces__rosidl_typesupport_introspection_cpp.dir/rosidl_typesupport_introspection_cpp/robot_interfaces/srv/detail/add_obstacle__type_support.cpp.o[0m
[12.459s] [ 47%] [32mBuilding C object CMakeFiles/robot_interfaces__rosidl_typesupport_introspection_c.dir/rosidl_typesupport_introspection_c/robot_interfaces/srv/detail/solve_ik__type_support.c.o[0m
[12.604s] [ 48%] [32mBuilding C object CMakeFiles/robot_interfaces__rosidl_typesupport_introspection_c.dir/rosidl_typesupport_introspection_c/robot_interfaces/srv/detail/add_obstacle__type_support.c.o[0m
[12.729s] [ 49%] [32mBuilding C object CMakeFiles/robot_interfaces__rosidl_typesupport_introspection_c.dir/rosidl_typesupport_introspection_c/robot_interfaces/srv/detail/remove_obstacle__type_support.c.o[0m
[12.790s] [ 50%] [32mBuilding CXX object CMakeFiles/robot_interfaces__rosidl_typesupport_introspection_cpp.dir/rosidl_typesupport_introspection_cpp/robot_interfaces/srv/detail/remove_obstacle__type_support.cpp.o[0m
[12.794s] [ 51%] [32mBuilding CXX object CMakeFiles/robot_interfaces__rosidl_typesupport_introspection_cpp.dir/rosidl_typesupport_introspection_cpp/robot_interfaces/srv/detail/solve_dk__type_support.cpp.o[0m
[12.848s] [ 52%] [32mBuilding C object CMakeFiles/robot_interfaces__rosidl_typesupport_introspection_c.dir/rosidl_typesupport_introspection_c/robot_interfaces/srv/detail/solve_dk__type_support.c.o[0m
[12.872s] [ 53%] [32mBuilding CXX object CMakeFiles/robot_interfaces__rosidl_typesupport_cpp.dir/rosidl_typesupport_cpp/robot_interfaces/srv/solve_dk__type_support.cpp.o[0m
[12.989s] [ 54%] [32mBuilding C object CMakeFiles/robot_interfaces__rosidl_typesupport_introspection_c.dir/rosidl_typesupport_introspection_c/robot_interfaces/srv/detail/manage_tool__type_support.c.o[0m
[13.120s] [ 55%] [32mBuilding CXX object CMakeFiles/robot_interfaces__rosidl_typesupport_fastrtps_cpp.dir/rosidl_typesupport_fastrtps_cpp/robot_interfaces/srv/detail/dds_fastrtps/solve_ik__type_support.cpp.o[0m
[13.129s] [ 55%] [32mBuilding C object CMakeFiles/robot_interfaces__rosidl_typesupport_introspection_c.dir/rosidl_typesupport_introspection_c/robot_interfaces/srv/detail/spawn_object__type_support.c.o[0m
[13.252s] [ 56%] [32mBuilding C object CMakeFiles/robot_interfaces__rosidl_typesupport_introspection_c.dir/rosidl_typesupport_introspection_c/robot_interfaces/srv/detail/add_camera__type_support.c.o[0m
[13.314s] [ 57%] [32mBuilding CXX object CMakeFiles/robot_interfaces__rosidl_typesupport_fastrtps_cpp.dir/rosidl_typesupport_fastrtps_cpp/robot_interfaces/srv/detail/dds_fastrtps/add_obstacle__type_support.cpp.o[0m
[13.354s] [ 58%] [32mBuilding CXX object CMakeFiles/robot_interfaces__rosidl_typesupport_fastrtps_c.dir/rosidl_typesupport_fastrtps_c/robot_interfaces/srv/detail/solve_ik__type_support_c.cpp.o[0m
[13.372s] [ 59%] [32mBuilding C object CMakeFiles/robot_interfaces__rosidl_typesupport_introspection_c.dir/rosidl_typesupport_introspection_c/robot_interfaces/srv/detail/put_piece__type_support.c.o[0m
[13.454s] [ 60%] [32mBuilding CXX object CMakeFiles/robot_interfaces__rosidl_typesupport_fastrtps_cpp.dir/rosidl_typesupport_fastrtps_cpp/robot_interfaces/srv/detail/dds_fastrtps/remove_obstacle__type_support.cpp.o[0m
[13.497s] [ 61%] [32m[1mLinking C shared library librobot_interfaces__rosidl_typesupport_introspection_c.so[0m
[13.744s] [ 61%] Built target robot_interfaces__rosidl_typesupport_introspection_c
[13.759s] [ 62%] [32mBuilding CXX object CMakeFiles/robot_interfaces__rosidl_typesupport_fastrtps_c.dir/rosidl_typesupport_fastrtps_c/robot_interfaces/srv/detail/add_obstacle__type_support_c.cpp.o[0m
[13.816s] [ 63%] [32mBuilding CXX object CMakeFiles/robot_interfaces__rosidl_typesupport_cpp.dir/rosidl_typesupport_cpp/robot_interfaces/srv/manage_tool__type_support.cpp.o[0m
[13.884s] [ 64%] [32mBuilding CXX object CMakeFiles/robot_interfaces__rosidl_typesupport_introspection_cpp.dir/rosidl_typesupport_introspection_cpp/robot_interfaces/srv/detail/manage_tool__type_support.cpp.o[0m
[13.948s] [ 65%] [32mBuilding CXX object CMakeFiles/robot_interfaces__rosidl_typesupport_cpp.dir/rosidl_typesupport_cpp/robot_interfaces/srv/spawn_object__type_support.cpp.o[0m
[14.633s] [ 66%] [32mBuilding CXX object CMakeFiles/robot_interfaces__rosidl_typesupport_fastrtps_cpp.dir/rosidl_typesupport_fastrtps_cpp/robot_interfaces/srv/detail/dds_fastrtps/solve_dk__type_support.cpp.o[0m
[14.840s] [ 67%] [32mBuilding CXX object CMakeFiles/robot_interfaces__rosidl_typesupport_introspection_cpp.dir/rosidl_typesupport_introspection_cpp/robot_interfaces/srv/detail/spawn_object__type_support.cpp.o[0m
[14.913s] [ 68%] [32mBuilding CXX object CMakeFiles/robot_interfaces__rosidl_typesupport_fastrtps_c.dir/rosidl_typesupport_fastrtps_c/robot_interfaces/srv/detail/remove_obstacle__type_support_c.cpp.o[0m
[14.931s] [ 69%] [32mBuilding CXX object CMakeFiles/robot_interfaces__rosidl_typesupport_fastrtps_c.dir/rosidl_typesupport_fastrtps_c/robot_interfaces/srv/detail/solve_dk__type_support_c.cpp.o[0m
[14.932s] [ 70%] [32mBuilding CXX object CMakeFiles/robot_interfaces__rosidl_typesupport_introspection_cpp.dir/rosidl_typesupport_introspection_cpp/robot_interfaces/srv/detail/add_camera__type_support.cpp.o[0m
[14.936s] [ 71%] [32mBuilding CXX object CMakeFiles/robot_interfaces__rosidl_typesupport_cpp.dir/rosidl_typesupport_cpp/robot_interfaces/srv/add_camera__type_support.cpp.o[0m
[15.005s] [ 72%] [32mBuilding CXX object CMakeFiles/robot_interfaces__rosidl_typesupport_fastrtps_cpp.dir/rosidl_typesupport_fastrtps_cpp/robot_interfaces/srv/detail/dds_fastrtps/manage_tool__type_support.cpp.o[0m
[15.147s] [ 72%] [32mBuilding CXX object CMakeFiles/robot_interfaces__rosidl_typesupport_fastrtps_c.dir/rosidl_typesupport_fastrtps_c/robot_interfaces/srv/detail/manage_tool__type_support_c.cpp.o[0m
[15.849s] [ 73%] [32mBuilding CXX object CMakeFiles/robot_interfaces__rosidl_typesupport_introspection_cpp.dir/rosidl_typesupport_introspection_cpp/robot_interfaces/srv/detail/put_piece__type_support.cpp.o[0m
[15.885s] [ 74%] [32mBuilding CXX object CMakeFiles/robot_interfaces__rosidl_typesupport_cpp.dir/rosidl_typesupport_cpp/robot_interfaces/srv/put_piece__type_support.cpp.o[0m
[15.949s] [ 75%] [32mBuilding CXX object CMakeFiles/robot_interfaces__rosidl_typesupport_fastrtps_cpp.dir/rosidl_typesupport_fastrtps_cpp/robot_interfaces/srv/detail/dds_fastrtps/spawn_object__type_support.cpp.o[0m
[16.121s] [ 76%] [32mBuilding CXX object CMakeFiles/robot_interfaces__rosidl_typesupport_fastrtps_cpp.dir/rosidl_typesupport_fastrtps_cpp/robot_interfaces/srv/detail/dds_fastrtps/add_camera__type_support.cpp.o[0m
[16.140s] [ 77%] [32mBuilding CXX object CMakeFiles/robot_interfaces__rosidl_typesupport_fastrtps_cpp.dir/rosidl_typesupport_fastrtps_cpp/robot_interfaces/srv/detail/dds_fastrtps/put_piece__type_support.cpp.o[0m
[16.296s] [ 78%] [32mBuilding CXX object CMakeFiles/robot_interfaces__rosidl_typesupport_fastrtps_c.dir/rosidl_typesupport_fastrtps_c/robot_interfaces/srv/detail/spawn_object__type_support_c.cpp.o[0m
[16.405s] [ 79%] [32mBuilding CXX object CMakeFiles/robot_interfaces__rosidl_typesupport_fastrtps_c.dir/rosidl_typesupport_fastrtps_c/robot_interfaces/srv/detail/add_camera__type_support_c.cpp.o[0m
[16.626s] [ 80%] [32mBuilding CXX object CMakeFiles/robot_interfaces__rosidl_typesupport_fastrtps_c.dir/rosidl_typesupport_fastrtps_c/robot_interfaces/srv/detail/put_piece__type_support_c.cpp.o[0m
[16.819s] [ 81%] [32m[1mLinking CXX shared library librobot_interfaces__rosidl_typesupport_cpp.so[0m
[16.863s] [ 82%] [32m[1mLinking CXX shared library librobot_interfaces__rosidl_typesupport_introspection_cpp.so[0m
[17.155s] [ 82%] Built target robot_interfaces__rosidl_typesupport_cpp
[17.217s] [ 82%] Built target robot_interfaces__rosidl_typesupport_introspection_cpp
[17.531s] [ 83%] [32m[1mLinking CXX shared library librobot_interfaces__rosidl_typesupport_fastrtps_cpp.so[0m
[17.680s] [ 84%] [32m[1mLinking CXX shared library librobot_interfaces__rosidl_typesupport_fastrtps_c.so[0m
[17.792s] [ 84%] Built target robot_interfaces__rosidl_typesupport_fastrtps_cpp
[17.902s] [ 84%] Built target robot_interfaces__rosidl_typesupport_fastrtps_c
[17.934s] [ 84%] Built target robot_interfaces
[17.966s] [ 85%] [34m[1mGenerating Python code for ROS interfaces[0m
[19.748s] [ 85%] Built target robot_interfaces__py
[19.786s] [ 88%] [32mBuilding C object CMakeFiles/robot_interfaces__rosidl_generator_py.dir/rosidl_generator_py/robot_interfaces/srv/_remove_obstacle_s.c.o[0m
[19.786s] [ 88%] [32mBuilding C object CMakeFiles/robot_interfaces__rosidl_generator_py.dir/rosidl_generator_py/robot_interfaces/srv/_add_obstacle_s.c.o[0m
[19.786s] [ 88%] [32mBuilding C object CMakeFiles/robot_interfaces__rosidl_generator_py.dir/rosidl_generator_py/robot_interfaces/srv/_solve_ik_s.c.o[0m
[19.786s] [ 89%] [32mBuilding C object CMakeFiles/robot_interfaces__rosidl_generator_py.dir/rosidl_generator_py/robot_interfaces/srv/_manage_tool_s.c.o[0m
[19.787s] [ 92%] [32mBuilding C object CMakeFiles/robot_interfaces__rosidl_generator_py.dir/rosidl_generator_py/robot_interfaces/srv/_add_camera_s.c.o[0m
[19.787s] [ 92%] [32mBuilding C object CMakeFiles/robot_interfaces__rosidl_generator_py.dir/rosidl_generator_py/robot_interfaces/srv/_solve_dk_s.c.o[0m
[19.787s] [ 92%] [32mBuilding C object CMakeFiles/robot_interfaces__rosidl_generator_py.dir/rosidl_generator_py/robot_interfaces/srv/_spawn_object_s.c.o[0m
[19.787s] [ 93%] [32mBuilding C object CMakeFiles/robot_interfaces__rosidl_generator_py.dir/rosidl_generator_py/robot_interfaces/srv/_put_piece_s.c.o[0m
[20.254s] [ 94%] [32m[1mLinking C shared library librobot_interfaces__rosidl_generator_py.so[0m
[20.407s] [ 94%] Built target robot_interfaces__rosidl_generator_py
[20.438s] [ 97%] [32mBuilding C object CMakeFiles/robot_interfaces_s__rosidl_typesupport_fastrtps_c.dir/rosidl_generator_py/robot_interfaces/_robot_interfaces_s.ep.rosidl_typesupport_fastrtps_c.c.o[0m
[20.438s] [ 97%] [32mBuilding C object CMakeFiles/robot_interfaces_s__rosidl_typesupport_introspection_c.dir/rosidl_generator_py/robot_interfaces/_robot_interfaces_s.ep.rosidl_typesupport_introspection_c.c.o[0m
[20.438s] [ 97%] [32mBuilding C object CMakeFiles/robot_interfaces_s__rosidl_typesupport_c.dir/rosidl_generator_py/robot_interfaces/_robot_interfaces_s.ep.rosidl_typesupport_c.c.o[0m
[20.706s] [ 99%] [32m[1mLinking C shared module rosidl_generator_py/robot_interfaces/robot_interfaces_s__rosidl_typesupport_c.so[0m
[20.706s] [ 99%] [32m[1mLinking C shared module rosidl_generator_py/robot_interfaces/robot_interfaces_s__rosidl_typesupport_introspection_c.so[0m
[20.714s] [100%] [32m[1mLinking C shared module rosidl_generator_py/robot_interfaces/robot_interfaces_s__rosidl_typesupport_fastrtps_c.so[0m
[20.831s] [100%] Built target robot_interfaces_s__rosidl_typesupport_introspection_c
[20.832s] [100%] Built target robot_interfaces_s__rosidl_typesupport_c
[20.866s] [100%] Built target robot_interfaces_s__rosidl_typesupport_fastrtps_c
[20.886s] Invoked command in '/home/silvia/TFG/TFG/src/ros2_ws/src/build/robot_interfaces' returned '0': CMAKE_PREFIX_PATH=${CMAKE_PREFIX_PATH}:/home/silvia/TFG/TFG/src/ros2_ws/install/robot_inverse_kinematics:/opt/ros/jazzy /usr/bin/cmake --build /home/silvia/TFG/TFG/src/ros2_ws/src/build/robot_interfaces -- -j8 -l8
[20.901s] Invoking command in '/home/silvia/TFG/TFG/src/ros2_ws/src/build/robot_interfaces': CMAKE_PREFIX_PATH=${CMAKE_PREFIX_PATH}:/home/silvia/TFG/TFG/src/ros2_ws/install/robot_inverse_kinematics:/opt/ros/jazzy /usr/bin/cmake --install /home/silvia/TFG/TFG/src/ros2_ws/src/build/robot_interfaces
[20.913s] -- Install configuration: ""
[20.915s] -- Installing: /home/silvia/TFG/TFG/src/ros2_ws/src/install/robot_interfaces/share/ament_index/resource_index/rosidl_interfaces/robot_interfaces
[20.916s] -- Installing: /home/silvia/TFG/TFG/src/ros2_ws/src/install/robot_interfaces/share/robot_interfaces/srv/SolveIK.json
[20.917s] -- Installing: /home/silvia/TFG/TFG/src/ros2_ws/src/install/robot_interfaces/share/robot_interfaces/srv/AddObstacle.json
[20.917s] -- Installing: /home/silvia/TFG/TFG/src/ros2_ws/src/install/robot_interfaces/share/robot_interfaces/srv/RemoveObstacle.json
[20.917s] -- Installing: /home/silvia/TFG/TFG/src/ros2_ws/src/install/robot_interfaces/share/robot_interfaces/srv/SolveDK.json
[20.918s] -- Installing: /home/silvia/TFG/TFG/src/ros2_ws/src/install/robot_interfaces/share/robot_interfaces/srv/ManageTool.json
[20.918s] -- Installing: /home/silvia/TFG/TFG/src/ros2_ws/src/install/robot_interfaces/share/robot_interfaces/srv/SpawnObject.json
[20.918s] -- Installing: /home/silvia/TFG/TFG/src/ros2_ws/src/install/robot_interfaces/share/robot_interfaces/srv/AddCamera.json
[20.919s] -- Installing: /home/silvia/TFG/TFG/src/ros2_ws/src/install/robot_interfaces/share/robot_interfaces/srv/PutPiece.json
[20.919s] -- Installing: /home/silvia/TFG/TFG/src/ros2_ws/src/install/robot_interfaces/include/robot_interfaces/robot_interfaces
[20.920s] -- Installing: /home/silvia/TFG/TFG/src/ros2_ws/src/install/robot_interfaces/include/robot_interfaces/robot_interfaces/srv
[20.921s] -- Installing: /home/silvia/TFG/TFG/src/ros2_ws/src/install/robot_interfaces/include/robot_interfaces/robot_interfaces/srv/manage_tool.h
[20.921s] -- Installing: /home/silvia/TFG/TFG/src/ros2_ws/src/install/robot_interfaces/include/robot_interfaces/robot_interfaces/srv/solve_ik.h
[20.922s] -- Installing: /home/silvia/TFG/TFG/src/ros2_ws/src/install/robot_interfaces/include/robot_interfaces/robot_interfaces/srv/put_piece.h
[20.922s] -- Installing: /home/silvia/TFG/TFG/src/ros2_ws/src/install/robot_interfaces/include/robot_interfaces/robot_interfaces/srv/remove_obstacle.h
[20.923s] -- Installing: /home/silvia/TFG/TFG/src/ros2_ws/src/install/robot_interfaces/include/robot_interfaces/robot_interfaces/srv/spawn_object.h
[20.923s] -- Installing: /home/silvia/TFG/TFG/src/ros2_ws/src/install/robot_interfaces/include/robot_interfaces/robot_interfaces/srv/add_camera.h
[20.923s] -- Installing: /home/silvia/TFG/TFG/src/ros2_ws/src/install/robot_interfaces/include/robot_interfaces/robot_interfaces/srv/solve_dk.h
[20.923s] -- Installing: /home/silvia/TFG/TFG/src/ros2_ws/src/install/robot_interfaces/include/robot_interfaces/robot_interfaces/srv/detail
[20.924s] -- Installing: /home/silvia/TFG/TFG/src/ros2_ws/src/install/robot_interfaces/include/robot_interfaces/robot_interfaces/srv/detail/remove_obstacle__type_support.h
[20.924s] -- Installing: /home/silvia/TFG/TFG/src/ros2_ws/src/install/robot_interfaces/include/robot_interfaces/robot_interfaces/srv/detail/remove_obstacle__type_support.c
[20.925s] -- Installing: /home/silvia/TFG/TFG/src/ros2_ws/src/install/robot_interfaces/include/robot_interfaces/robot_interfaces/srv/detail/manage_tool__type_support.h
[20.925s] -- Installing: /home/silvia/TFG/TFG/src/ros2_ws/src/install/robot_interfaces/include/robot_interfaces/robot_interfaces/srv/detail/add_camera__functions.c
[20.925s] -- Installing: /home/silvia/TFG/TFG/src/ros2_ws/src/install/robot_interfaces/include/robot_interfaces/robot_interfaces/srv/detail/add_obstacle__functions.c
[20.926s] -- Installing: /home/silvia/TFG/TFG/src/ros2_ws/src/install/robot_interfaces/include/robot_interfaces/robot_interfaces/srv/detail/put_piece__functions.h
[20.926s] -- Installing: /home/silvia/TFG/TFG/src/ros2_ws/src/install/robot_interfaces/include/robot_interfaces/robot_interfaces/srv/detail/solve_ik__functions.h
[20.926s] -- Installing: /home/silvia/TFG/TFG/src/ros2_ws/src/install/robot_interfaces/include/robot_interfaces/robot_interfaces/srv/detail/solve_dk__description.c
[20.927s] -- Installing: /home/silvia/TFG/TFG/src/ros2_ws/src/install/robot_interfaces/include/robot_interfaces/robot_interfaces/srv/detail/solve_ik__functions.c
[20.927s] -- Installing: /home/silvia/TFG/TFG/src/ros2_ws/src/install/robot_interfaces/include/robot_interfaces/robot_interfaces/srv/detail/put_piece__functions.c
[20.928s] -- Installing: /home/silvia/TFG/TFG/src/ros2_ws/src/install/robot_interfaces/include/robot_interfaces/robot_interfaces/srv/detail/add_obstacle__struct.h
[20.928s] -- Installing: /home/silvia/TFG/TFG/src/ros2_ws/src/install/robot_interfaces/include/robot_interfaces/robot_interfaces/srv/detail/spawn_object__functions.h
[20.928s] -- Installing: /home/silvia/TFG/TFG/src/ros2_ws/src/install/robot_interfaces/include/robot_interfaces/robot_interfaces/srv/detail/remove_obstacle__functions.h
[20.929s] -- Installing: /home/silvia/TFG/TFG/src/ros2_ws/src/install/robot_interfaces/include/robot_interfaces/robot_interfaces/srv/detail/manage_tool__struct.h
[20.929s] -- Installing: /home/silvia/TFG/TFG/src/ros2_ws/src/install/robot_interfaces/include/robot_interfaces/robot_interfaces/srv/detail/remove_obstacle__description.c
[20.929s] -- Installing: /home/silvia/TFG/TFG/src/ros2_ws/src/install/robot_interfaces/include/robot_interfaces/robot_interfaces/srv/detail/add_obstacle__functions.h
[20.930s] -- Installing: /home/silvia/TFG/TFG/src/ros2_ws/src/install/robot_interfaces/include/robot_interfaces/robot_interfaces/srv/detail/spawn_object__type_support.h
[20.930s] -- Installing: /home/silvia/TFG/TFG/src/ros2_ws/src/install/robot_interfaces/include/robot_interfaces/robot_interfaces/srv/detail/put_piece__type_support.h
[20.931s] -- Installing: /home/silvia/TFG/TFG/src/ros2_ws/src/install/robot_interfaces/include/robot_interfaces/robot_interfaces/srv/detail/remove_obstacle__struct.h
[20.931s] -- Installing: /home/silvia/TFG/TFG/src/ros2_ws/src/install/robot_interfaces/include/robot_interfaces/robot_interfaces/srv/detail/put_piece__type_support.c
[20.931s] -- Installing: /home/silvia/TFG/TFG/src/ros2_ws/src/install/robot_interfaces/include/robot_interfaces/robot_interfaces/srv/detail/spawn_object__struct.h
[20.932s] -- Installing: /home/silvia/TFG/TFG/src/ros2_ws/src/install/robot_interfaces/include/robot_interfaces/robot_interfaces/srv/detail/add_camera__description.c
[20.932s] -- Installing: /home/silvia/TFG/TFG/src/ros2_ws/src/install/robot_interfaces/include/robot_interfaces/robot_interfaces/srv/detail/add_camera__type_support.c
[20.932s] -- Installing: /home/silvia/TFG/TFG/src/ros2_ws/src/install/robot_interfaces/include/robot_interfaces/robot_interfaces/srv/detail/spawn_object__functions.c
[20.933s] -- Installing: /home/silvia/TFG/TFG/src/ros2_ws/src/install/robot_interfaces/include/robot_interfaces/robot_interfaces/srv/detail/add_camera__type_support.h
[20.933s] -- Installing: /home/silvia/TFG/TFG/src/ros2_ws/src/install/robot_interfaces/include/robot_interfaces/robot_interfaces/srv/detail/put_piece__struct.h
[20.933s] -- Installing: /home/silvia/TFG/TFG/src/ros2_ws/src/install/robot_interfaces/include/robot_interfaces/robot_interfaces/srv/detail/put_piece__description.c
[20.934s] -- Installing: /home/silvia/TFG/TFG/src/ros2_ws/src/install/robot_interfaces/include/robot_interfaces/robot_interfaces/srv/detail/add_obstacle__description.c
[20.934s] -- Installing: /home/silvia/TFG/TFG/src/ros2_ws/src/install/robot_interfaces/include/robot_interfaces/robot_interfaces/srv/detail/remove_obstacle__functions.c
[20.934s] -- Installing: /home/silvia/TFG/TFG/src/ros2_ws/src/install/robot_interfaces/include/robot_interfaces/robot_interfaces/srv/detail/add_obstacle__type_support.c
[20.935s] -- Installing: /home/silvia/TFG/TFG/src/ros2_ws/src/install/robot_interfaces/include/robot_interfaces/robot_interfaces/srv/detail/solve_ik__type_support.c
[20.935s] -- Installing: /home/silvia/TFG/TFG/src/ros2_ws/src/install/robot_interfaces/include/robot_interfaces/robot_interfaces/srv/detail/manage_tool__functions.c
[20.935s] -- Installing: /home/silvia/TFG/TFG/src/ros2_ws/src/install/robot_interfaces/include/robot_interfaces/robot_interfaces/srv/detail/spawn_object__description.c
[20.935s] -- Installing: /home/silvia/TFG/TFG/src/ros2_ws/src/install/robot_interfaces/include/robot_interfaces/robot_interfaces/srv/detail/add_camera__functions.h
[20.936s] -- Installing: /home/silvia/TFG/TFG/src/ros2_ws/src/install/robot_interfaces/include/robot_interfaces/robot_interfaces/srv/detail/solve_ik__type_support.h
[20.936s] -- Installing: /home/silvia/TFG/TFG/src/ros2_ws/src/install/robot_interfaces/include/robot_interfaces/robot_interfaces/srv/detail/solve_ik__description.c
[20.936s] -- Installing: /home/silvia/TFG/TFG/src/ros2_ws/src/install/robot_interfaces/include/robot_interfaces/robot_interfaces/srv/detail/solve_dk__struct.h
[20.937s] -- Installing: /home/silvia/TFG/TFG/src/ros2_ws/src/install/robot_interfaces/include/robot_interfaces/robot_interfaces/srv/detail/manage_tool__description.c
[20.937s] -- Installing: /home/silvia/TFG/TFG/src/ros2_ws/src/install/robot_interfaces/include/robot_interfaces/robot_interfaces/srv/detail/spawn_object__type_support.c
[20.937s] -- Installing: /home/silvia/TFG/TFG/src/ros2_ws/src/install/robot_interfaces/include/robot_interfaces/robot_interfaces/srv/detail/add_obstacle__type_support.h
[20.938s] -- Installing: /home/silvia/TFG/TFG/src/ros2_ws/src/install/robot_interfaces/include/robot_interfaces/robot_interfaces/srv/detail/manage_tool__functions.h
[20.938s] -- Installing: /home/silvia/TFG/TFG/src/ros2_ws/src/install/robot_interfaces/include/robot_interfaces/robot_interfaces/srv/detail/solve_ik__struct.h
[20.938s] -- Installing: /home/silvia/TFG/TFG/src/ros2_ws/src/install/robot_interfaces/include/robot_interfaces/robot_interfaces/srv/detail/solve_dk__functions.h
[20.939s] -- Installing: /home/silvia/TFG/TFG/src/ros2_ws/src/install/robot_interfaces/include/robot_interfaces/robot_interfaces/srv/detail/solve_dk__functions.c
[20.939s] -- Installing: /home/silvia/TFG/TFG/src/ros2_ws/src/install/robot_interfaces/include/robot_interfaces/robot_interfaces/srv/detail/solve_dk__type_support.h
[20.939s] -- Installing: /home/silvia/TFG/TFG/src/ros2_ws/src/install/robot_interfaces/include/robot_interfaces/robot_interfaces/srv/detail/manage_tool__type_support.c
[20.939s] -- Installing: /home/silvia/TFG/TFG/src/ros2_ws/src/install/robot_interfaces/include/robot_interfaces/robot_interfaces/srv/detail/add_camera__struct.h
[20.940s] -- Installing: /home/silvia/TFG/TFG/src/ros2_ws/src/install/robot_interfaces/include/robot_interfaces/robot_interfaces/srv/detail/solve_dk__type_support.c
[20.940s] -- Installing: /home/silvia/TFG/TFG/src/ros2_ws/src/install/robot_interfaces/include/robot_interfaces/robot_interfaces/srv/add_obstacle.h
[20.940s] -- Installing: /home/silvia/TFG/TFG/src/ros2_ws/src/install/robot_interfaces/include/robot_interfaces/robot_interfaces/msg
[20.941s] -- Installing: /home/silvia/TFG/TFG/src/ros2_ws/src/install/robot_interfaces/include/robot_interfaces/robot_interfaces/msg/rosidl_generator_c__visibility_control.h
[20.941s] -- Installing: /home/silvia/TFG/TFG/src/ros2_ws/src/install/robot_interfaces/share/robot_interfaces/environment/library_path.sh
[20.942s] -- Installing: /home/silvia/TFG/TFG/src/ros2_ws/src/install/robot_interfaces/share/robot_interfaces/environment/library_path.dsv
[20.942s] -- Installing: /home/silvia/TFG/TFG/src/ros2_ws/src/install/robot_interfaces/lib/librobot_interfaces__rosidl_generator_c.so
[20.944s] -- Set non-toolchain portion of runtime path of "/home/silvia/TFG/TFG/src/ros2_ws/src/install/robot_interfaces/lib/librobot_interfaces__rosidl_generator_c.so" to ""
[20.944s] -- Up-to-date: /home/silvia/TFG/TFG/src/ros2_ws/src/install/robot_interfaces/include/robot_interfaces/robot_interfaces
[20.944s] -- Up-to-date: /home/silvia/TFG/TFG/src/ros2_ws/src/install/robot_interfaces/include/robot_interfaces/robot_interfaces/srv
[20.944s] -- Up-to-date: /home/silvia/TFG/TFG/src/ros2_ws/src/install/robot_interfaces/include/robot_interfaces/robot_interfaces/srv/detail
[20.945s] -- Installing: /home/silvia/TFG/TFG/src/ros2_ws/src/install/robot_interfaces/include/robot_interfaces/robot_interfaces/srv/detail/solve_ik__rosidl_typesupport_fastrtps_c.h
[20.945s] -- Installing: /home/silvia/TFG/TFG/src/ros2_ws/src/install/robot_interfaces/include/robot_interfaces/robot_interfaces/srv/detail/solve_dk__rosidl_typesupport_fastrtps_c.h
[20.945s] -- Installing: /home/silvia/TFG/TFG/src/ros2_ws/src/install/robot_interfaces/include/robot_interfaces/robot_interfaces/srv/detail/remove_obstacle__rosidl_typesupport_fastrtps_c.h
[20.945s] -- Installing: /home/silvia/TFG/TFG/src/ros2_ws/src/install/robot_interfaces/include/robot_interfaces/robot_interfaces/srv/detail/add_camera__rosidl_typesupport_fastrtps_c.h
[20.945s] -- Installing: /home/silvia/TFG/TFG/src/ros2_ws/src/install/robot_interfaces/include/robot_interfaces/robot_interfaces/srv/detail/spawn_object__rosidl_typesupport_fastrtps_c.h
[20.946s] -- Installing: /home/silvia/TFG/TFG/src/ros2_ws/src/install/robot_interfaces/include/robot_interfaces/robot_interfaces/srv/detail/add_obstacle__rosidl_typesupport_fastrtps_c.h
[20.946s] -- Installing: /home/silvia/TFG/TFG/src/ros2_ws/src/install/robot_interfaces/include/robot_interfaces/robot_interfaces/srv/detail/put_piece__rosidl_typesupport_fastrtps_c.h
[20.946s] -- Installing: /home/silvia/TFG/TFG/src/ros2_ws/src/install/robot_interfaces/include/robot_interfaces/robot_interfaces/srv/detail/manage_tool__rosidl_typesupport_fastrtps_c.h
[20.947s] -- Up-to-date: /home/silvia/TFG/TFG/src/ros2_ws/src/install/robot_interfaces/include/robot_interfaces/robot_interfaces/msg
[20.947s] -- Installing: /home/silvia/TFG/TFG/src/ros2_ws/src/install/robot_interfaces/include/robot_interfaces/robot_interfaces/msg/rosidl_typesupport_fastrtps_c__visibility_control.h
[20.947s] -- Installing: /home/silvia/TFG/TFG/src/ros2_ws/src/install/robot_interfaces/lib/librobot_interfaces__rosidl_typesupport_fastrtps_c.so
[20.948s] -- Set non-toolchain portion of runtime path of "/home/silvia/TFG/TFG/src/ros2_ws/src/install/robot_interfaces/lib/librobot_interfaces__rosidl_typesupport_fastrtps_c.so" to ""
[20.948s] -- Up-to-date: /home/silvia/TFG/TFG/src/ros2_ws/src/install/robot_interfaces/include/robot_interfaces/robot_interfaces
[20.948s] -- Up-to-date: /home/silvia/TFG/TFG/src/ros2_ws/src/install/robot_interfaces/include/robot_interfaces/robot_interfaces/srv
[20.949s] -- Installing: /home/silvia/TFG/TFG/src/ros2_ws/src/install/robot_interfaces/include/robot_interfaces/robot_interfaces/srv/remove_obstacle.hpp
[20.949s] -- Installing: /home/silvia/TFG/TFG/src/ros2_ws/src/install/robot_interfaces/include/robot_interfaces/robot_interfaces/srv/add_obstacle.hpp
[20.949s] -- Installing: /home/silvia/TFG/TFG/src/ros2_ws/src/install/robot_interfaces/include/robot_interfaces/robot_interfaces/srv/solve_dk.hpp
[20.949s] -- Installing: /home/silvia/TFG/TFG/src/ros2_ws/src/install/robot_interfaces/include/robot_interfaces/robot_interfaces/srv/solve_ik.hpp
[20.949s] -- Installing: /home/silvia/TFG/TFG/src/ros2_ws/src/install/robot_interfaces/include/robot_interfaces/robot_interfaces/srv/add_camera.hpp
[20.950s] -- Installing: /home/silvia/TFG/TFG/src/ros2_ws/src/install/robot_interfaces/include/robot_interfaces/robot_interfaces/srv/manage_tool.hpp
[20.950s] -- Installing: /home/silvia/TFG/TFG/src/ros2_ws/src/install/robot_interfaces/include/robot_interfaces/robot_interfaces/srv/put_piece.hpp
[20.950s] -- Installing: /home/silvia/TFG/TFG/src/ros2_ws/src/install/robot_interfaces/include/robot_interfaces/robot_interfaces/srv/spawn_object.hpp
[20.950s] -- Up-to-date: /home/silvia/TFG/TFG/src/ros2_ws/src/install/robot_interfaces/include/robot_interfaces/robot_interfaces/srv/detail
[20.951s] -- Installing: /home/silvia/TFG/TFG/src/ros2_ws/src/install/robot_interfaces/include/robot_interfaces/robot_interfaces/srv/detail/remove_obstacle__type_support.hpp
[20.951s] -- Installing: /home/silvia/TFG/TFG/src/ros2_ws/src/install/robot_interfaces/include/robot_interfaces/robot_interfaces/srv/detail/add_obstacle__traits.hpp
[20.951s] -- Installing: /home/silvia/TFG/TFG/src/ros2_ws/src/install/robot_interfaces/include/robot_interfaces/robot_interfaces/srv/detail/solve_ik__traits.hpp
[20.952s] -- Installing: /home/silvia/TFG/TFG/src/ros2_ws/src/install/robot_interfaces/include/robot_interfaces/robot_interfaces/srv/detail/manage_tool__traits.hpp
[20.952s] -- Installing: /home/silvia/TFG/TFG/src/ros2_ws/src/install/robot_interfaces/include/robot_interfaces/robot_interfaces/srv/detail/spawn_object__traits.hpp
[20.952s] -- Installing: /home/silvia/TFG/TFG/src/ros2_ws/src/install/robot_interfaces/include/robot_interfaces/robot_interfaces/srv/detail/solve_ik__builder.hpp
[20.952s] -- Installing: /home/silvia/TFG/TFG/src/ros2_ws/src/install/robot_interfaces/include/robot_interfaces/robot_interfaces/srv/detail/remove_obstacle__struct.hpp
[20.953s] -- Installing: /home/silvia/TFG/TFG/src/ros2_ws/src/install/robot_interfaces/include/robot_interfaces/robot_interfaces/srv/detail/manage_tool__type_support.hpp
[20.953s] -- Installing: /home/silvia/TFG/TFG/src/ros2_ws/src/install/robot_interfaces/include/robot_interfaces/robot_interfaces/srv/detail/solve_dk__struct.hpp
[20.953s] -- Installing: /home/silvia/TFG/TFG/src/ros2_ws/src/install/robot_interfaces/include/robot_interfaces/robot_interfaces/srv/detail/put_piece__builder.hpp
[20.953s] -- Installing: /home/silvia/TFG/TFG/src/ros2_ws/src/install/robot_interfaces/include/robot_interfaces/robot_interfaces/srv/detail/manage_tool__builder.hpp
[20.954s] -- Installing: /home/silvia/TFG/TFG/src/ros2_ws/src/install/robot_interfaces/include/robot_interfaces/robot_interfaces/srv/detail/spawn_object__builder.hpp
[20.954s] -- Installing: /home/silvia/TFG/TFG/src/ros2_ws/src/install/robot_interfaces/include/robot_interfaces/robot_interfaces/srv/detail/add_obstacle__struct.hpp
[20.954s] -- Installing: /home/silvia/TFG/TFG/src/ros2_ws/src/install/robot_interfaces/include/robot_interfaces/robot_interfaces/srv/detail/manage_tool__struct.hpp
[20.954s] -- Installing: /home/silvia/TFG/TFG/src/ros2_ws/src/install/robot_interfaces/include/robot_interfaces/robot_interfaces/srv/detail/put_piece__struct.hpp
[20.955s] -- Installing: /home/silvia/TFG/TFG/src/ros2_ws/src/install/robot_interfaces/include/robot_interfaces/robot_interfaces/srv/detail/solve_ik__struct.hpp
[20.955s] -- Installing: /home/silvia/TFG/TFG/src/ros2_ws/src/install/robot_interfaces/include/robot_interfaces/robot_interfaces/srv/detail/put_piece__type_support.hpp
[20.955s] -- Installing: /home/silvia/TFG/TFG/src/ros2_ws/src/install/robot_interfaces/include/robot_interfaces/robot_interfaces/srv/detail/add_camera__struct.hpp
[20.956s] -- Installing: /home/silvia/TFG/TFG/src/ros2_ws/src/install/robot_interfaces/include/robot_interfaces/robot_interfaces/srv/detail/add_camera__type_support.hpp
[20.956s] -- Installing: /home/silvia/TFG/TFG/src/ros2_ws/src/install/robot_interfaces/include/robot_interfaces/robot_interfaces/srv/detail/remove_obstacle__builder.hpp
[20.956s] -- Installing: /home/silvia/TFG/TFG/src/ros2_ws/src/install/robot_interfaces/include/robot_interfaces/robot_interfaces/srv/detail/solve_dk__builder.hpp
[20.956s] -- Installing: /home/silvia/TFG/TFG/src/ros2_ws/src/install/robot_interfaces/include/robot_interfaces/robot_interfaces/srv/detail/spawn_object__type_support.hpp
[20.957s] -- Installing: /home/silvia/TFG/TFG/src/ros2_ws/src/install/robot_interfaces/include/robot_interfaces/robot_interfaces/srv/detail/solve_dk__type_support.hpp
[20.957s] -- Installing: /home/silvia/TFG/TFG/src/ros2_ws/src/install/robot_interfaces/include/robot_interfaces/robot_interfaces/srv/detail/add_camera__traits.hpp
[20.957s] -- Installing: /home/silvia/TFG/TFG/src/ros2_ws/src/install/robot_interfaces/include/robot_interfaces/robot_interfaces/srv/detail/spawn_object__struct.hpp
[20.958s] -- Installing: /home/silvia/TFG/TFG/src/ros2_ws/src/install/robot_interfaces/include/robot_interfaces/robot_interfaces/srv/detail/solve_dk__traits.hpp
[20.958s] -- Installing: /home/silvia/TFG/TFG/src/ros2_ws/src/install/robot_interfaces/include/robot_interfaces/robot_interfaces/srv/detail/solve_ik__type_support.hpp
[20.959s] -- Installing: /home/silvia/TFG/TFG/src/ros2_ws/src/install/robot_interfaces/include/robot_interfaces/robot_interfaces/srv/detail/add_obstacle__builder.hpp
[20.959s] -- Installing: /home/silvia/TFG/TFG/src/ros2_ws/src/install/robot_interfaces/include/robot_interfaces/robot_interfaces/srv/detail/add_obstacle__type_support.hpp
[20.959s] -- Installing: /home/silvia/TFG/TFG/src/ros2_ws/src/install/robot_interfaces/include/robot_interfaces/robot_interfaces/srv/detail/add_camera__builder.hpp
[20.959s] -- Installing: /home/silvia/TFG/TFG/src/ros2_ws/src/install/robot_interfaces/include/robot_interfaces/robot_interfaces/srv/detail/remove_obstacle__traits.hpp
[20.960s] -- Installing: /home/silvia/TFG/TFG/src/ros2_ws/src/install/robot_interfaces/include/robot_interfaces/robot_interfaces/srv/detail/put_piece__traits.hpp
[20.960s] -- Up-to-date: /home/silvia/TFG/TFG/src/ros2_ws/src/install/robot_interfaces/include/robot_interfaces/robot_interfaces/msg
[20.961s] -- Installing: /home/silvia/TFG/TFG/src/ros2_ws/src/install/robot_interfaces/include/robot_interfaces/robot_interfaces/msg/rosidl_generator_cpp__visibility_control.hpp
[20.961s] -- Up-to-date: /home/silvia/TFG/TFG/src/ros2_ws/src/install/robot_interfaces/include/robot_interfaces/robot_interfaces
[20.961s] -- Up-to-date: /home/silvia/TFG/TFG/src/ros2_ws/src/install/robot_interfaces/include/robot_interfaces/robot_interfaces/srv
[20.961s] -- Up-to-date: /home/silvia/TFG/TFG/src/ros2_ws/src/install/robot_interfaces/include/robot_interfaces/robot_interfaces/srv/detail
[20.961s] -- Installing: /home/silvia/TFG/TFG/src/ros2_ws/src/install/robot_interfaces/include/robot_interfaces/robot_interfaces/srv/detail/add_camera__rosidl_typesupport_fastrtps_cpp.hpp
[20.962s] -- Installing: /home/silvia/TFG/TFG/src/ros2_ws/src/install/robot_interfaces/include/robot_interfaces/robot_interfaces/srv/detail/put_piece__rosidl_typesupport_fastrtps_cpp.hpp
[20.962s] -- Installing: /home/silvia/TFG/TFG/src/ros2_ws/src/install/robot_interfaces/include/robot_interfaces/robot_interfaces/srv/detail/manage_tool__rosidl_typesupport_fastrtps_cpp.hpp
[20.962s] -- Installing: /home/silvia/TFG/TFG/src/ros2_ws/src/install/robot_interfaces/include/robot_interfaces/robot_interfaces/srv/detail/dds_fastrtps
[20.962s] -- Installing: /home/silvia/TFG/TFG/src/ros2_ws/src/install/robot_interfaces/include/robot_interfaces/robot_interfaces/srv/detail/add_obstacle__rosidl_typesupport_fastrtps_cpp.hpp
[20.962s] -- Installing: /home/silvia/TFG/TFG/src/ros2_ws/src/install/robot_interfaces/include/robot_interfaces/robot_interfaces/srv/detail/solve_dk__rosidl_typesupport_fastrtps_cpp.hpp
[20.963s] -- Installing: /home/silvia/TFG/TFG/src/ros2_ws/src/install/robot_interfaces/include/robot_interfaces/robot_interfaces/srv/detail/remove_obstacle__rosidl_typesupport_fastrtps_cpp.hpp
[20.963s] -- Installing: /home/silvia/TFG/TFG/src/ros2_ws/src/install/robot_interfaces/include/robot_interfaces/robot_interfaces/srv/detail/solve_ik__rosidl_typesupport_fastrtps_cpp.hpp
[20.963s] -- Installing: /home/silvia/TFG/TFG/src/ros2_ws/src/install/robot_interfaces/include/robot_interfaces/robot_interfaces/srv/detail/spawn_object__rosidl_typesupport_fastrtps_cpp.hpp
[20.963s] -- Up-to-date: /home/silvia/TFG/TFG/src/ros2_ws/src/install/robot_interfaces/include/robot_interfaces/robot_interfaces/msg
[20.964s] -- Installing: /home/silvia/TFG/TFG/src/ros2_ws/src/install/robot_interfaces/include/robot_interfaces/robot_interfaces/msg/rosidl_typesupport_fastrtps_cpp__visibility_control.h
[20.964s] -- Installing: /home/silvia/TFG/TFG/src/ros2_ws/src/install/robot_interfaces/lib/librobot_interfaces__rosidl_typesupport_fastrtps_cpp.so
[20.966s] -- Set non-toolchain portion of runtime path of "/home/silvia/TFG/TFG/src/ros2_ws/src/install/robot_interfaces/lib/librobot_interfaces__rosidl_typesupport_fastrtps_cpp.so" to ""
[20.966s] -- Up-to-date: /home/silvia/TFG/TFG/src/ros2_ws/src/install/robot_interfaces/include/robot_interfaces/robot_interfaces
[20.967s] -- Up-to-date: /home/silvia/TFG/TFG/src/ros2_ws/src/install/robot_interfaces/include/robot_interfaces/robot_interfaces/srv
[20.967s] -- Up-to-date: /home/silvia/TFG/TFG/src/ros2_ws/src/install/robot_interfaces/include/robot_interfaces/robot_interfaces/srv/detail
[20.967s] -- Installing: /home/silvia/TFG/TFG/src/ros2_ws/src/install/robot_interfaces/include/robot_interfaces/robot_interfaces/srv/detail/put_piece__rosidl_typesupport_introspection_c.h
[20.967s] -- Installing: /home/silvia/TFG/TFG/src/ros2_ws/src/install/robot_interfaces/include/robot_interfaces/robot_interfaces/srv/detail/add_obstacle__rosidl_typesupport_introspection_c.h
[20.968s] -- Installing: /home/silvia/TFG/TFG/src/ros2_ws/src/install/robot_interfaces/include/robot_interfaces/robot_interfaces/srv/detail/remove_obstacle__type_support.c
[20.968s] -- Installing: /home/silvia/TFG/TFG/src/ros2_ws/src/install/robot_interfaces/include/robot_interfaces/robot_interfaces/srv/detail/manage_tool__rosidl_typesupport_introspection_c.h
[20.968s] -- Installing: /home/silvia/TFG/TFG/src/ros2_ws/src/install/robot_interfaces/include/robot_interfaces/robot_interfaces/srv/detail/spawn_object__rosidl_typesupport_introspection_c.h
[20.968s] -- Installing: /home/silvia/TFG/TFG/src/ros2_ws/src/install/robot_interfaces/include/robot_interfaces/robot_interfaces/srv/detail/put_piece__type_support.c
[20.969s] -- Installing: /home/silvia/TFG/TFG/src/ros2_ws/src/install/robot_interfaces/include/robot_interfaces/robot_interfaces/srv/detail/add_camera__type_support.c
[20.969s] -- Installing: /home/silvia/TFG/TFG/src/ros2_ws/src/install/robot_interfaces/include/robot_interfaces/robot_interfaces/srv/detail/add_obstacle__type_support.c
[20.969s] -- Installing: /home/silvia/TFG/TFG/src/ros2_ws/src/install/robot_interfaces/include/robot_interfaces/robot_interfaces/srv/detail/solve_ik__type_support.c
[20.969s] -- Installing: /home/silvia/TFG/TFG/src/ros2_ws/src/install/robot_interfaces/include/robot_interfaces/robot_interfaces/srv/detail/spawn_object__type_support.c
[20.970s] -- Installing: /home/silvia/TFG/TFG/src/ros2_ws/src/install/robot_interfaces/include/robot_interfaces/robot_interfaces/srv/detail/add_camera__rosidl_typesupport_introspection_c.h
[20.970s] -- Installing: /home/silvia/TFG/TFG/src/ros2_ws/src/install/robot_interfaces/include/robot_interfaces/robot_interfaces/srv/detail/solve_dk__rosidl_typesupport_introspection_c.h
[20.970s] -- Installing: /home/silvia/TFG/TFG/src/ros2_ws/src/install/robot_interfaces/include/robot_interfaces/robot_interfaces/srv/detail/solve_ik__rosidl_typesupport_introspection_c.h
[20.971s] -- Installing: /home/silvia/TFG/TFG/src/ros2_ws/src/install/robot_interfaces/include/robot_interfaces/robot_interfaces/srv/detail/manage_tool__type_support.c
[20.971s] -- Installing: /home/silvia/TFG/TFG/src/ros2_ws/src/install/robot_interfaces/include/robot_interfaces/robot_interfaces/srv/detail/solve_dk__type_support.c
[20.971s] -- Installing: /home/silvia/TFG/TFG/src/ros2_ws/src/install/robot_interfaces/include/robot_interfaces/robot_interfaces/srv/detail/remove_obstacle__rosidl_typesupport_introspection_c.h
[20.971s] -- Up-to-date: /home/silvia/TFG/TFG/src/ros2_ws/src/install/robot_interfaces/include/robot_interfaces/robot_interfaces/msg
[20.971s] -- Installing: /home/silvia/TFG/TFG/src/ros2_ws/src/install/robot_interfaces/include/robot_interfaces/robot_interfaces/msg/rosidl_typesupport_introspection_c__visibility_control.h
[20.972s] -- Installing: /home/silvia/TFG/TFG/src/ros2_ws/src/install/robot_interfaces/lib/librobot_interfaces__rosidl_typesupport_introspection_c.so
[20.973s] -- Set non-toolchain portion of runtime path of "/home/silvia/TFG/TFG/src/ros2_ws/src/install/robot_interfaces/lib/librobot_interfaces__rosidl_typesupport_introspection_c.so" to ""
[20.973s] -- Installing: /home/silvia/TFG/TFG/src/ros2_ws/src/install/robot_interfaces/lib/librobot_interfaces__rosidl_typesupport_c.so
[20.974s] -- Set non-toolchain portion of runtime path of "/home/silvia/TFG/TFG/src/ros2_ws/src/install/robot_interfaces/lib/librobot_interfaces__rosidl_typesupport_c.so" to ""
[20.975s] -- Up-to-date: /home/silvia/TFG/TFG/src/ros2_ws/src/install/robot_interfaces/include/robot_interfaces/robot_interfaces
[20.975s] -- Up-to-date: /home/silvia/TFG/TFG/src/ros2_ws/src/install/robot_interfaces/include/robot_interfaces/robot_interfaces/srv
[20.975s] -- Up-to-date: /home/silvia/TFG/TFG/src/ros2_ws/src/install/robot_interfaces/include/robot_interfaces/robot_interfaces/srv/detail
[20.975s] -- Installing: /home/silvia/TFG/TFG/src/ros2_ws/src/install/robot_interfaces/include/robot_interfaces/robot_interfaces/srv/detail/add_obstacle__rosidl_typesupport_introspection_cpp.hpp
[20.976s] -- Installing: /home/silvia/TFG/TFG/src/ros2_ws/src/install/robot_interfaces/include/robot_interfaces/robot_interfaces/srv/detail/spawn_object__rosidl_typesupport_introspection_cpp.hpp
[20.976s] -- Installing: /home/silvia/TFG/TFG/src/ros2_ws/src/install/robot_interfaces/include/robot_interfaces/robot_interfaces/srv/detail/solve_ik__type_support.cpp
[20.976s] -- Installing: /home/silvia/TFG/TFG/src/ros2_ws/src/install/robot_interfaces/include/robot_interfaces/robot_interfaces/srv/detail/manage_tool__type_support.cpp
[20.976s] -- Installing: /home/silvia/TFG/TFG/src/ros2_ws/src/install/robot_interfaces/include/robot_interfaces/robot_interfaces/srv/detail/add_camera__rosidl_typesupport_introspection_cpp.hpp
[20.977s] -- Installing: /home/silvia/TFG/TFG/src/ros2_ws/src/install/robot_interfaces/include/robot_interfaces/robot_interfaces/srv/detail/solve_dk__type_support.cpp
[20.977s] -- Installing: /home/silvia/TFG/TFG/src/ros2_ws/src/install/robot_interfaces/include/robot_interfaces/robot_interfaces/srv/detail/put_piece__type_support.cpp
[20.977s] -- Installing: /home/silvia/TFG/TFG/src/ros2_ws/src/install/robot_interfaces/include/robot_interfaces/robot_interfaces/srv/detail/add_obstacle__type_support.cpp
[20.977s] -- Installing: /home/silvia/TFG/TFG/src/ros2_ws/src/install/robot_interfaces/include/robot_interfaces/robot_interfaces/srv/detail/remove_obstacle__type_support.cpp
[20.978s] -- Installing: /home/silvia/TFG/TFG/src/ros2_ws/src/install/robot_interfaces/include/robot_interfaces/robot_interfaces/srv/detail/add_camera__type_support.cpp
[20.978s] -- Installing: /home/silvia/TFG/TFG/src/ros2_ws/src/install/robot_interfaces/include/robot_interfaces/robot_interfaces/srv/detail/put_piece__rosidl_typesupport_introspection_cpp.hpp
[20.978s] -- Installing: /home/silvia/TFG/TFG/src/ros2_ws/src/install/robot_interfaces/include/robot_interfaces/robot_interfaces/srv/detail/solve_ik__rosidl_typesupport_introspection_cpp.hpp
[20.978s] -- Installing: /home/silvia/TFG/TFG/src/ros2_ws/src/install/robot_interfaces/include/robot_interfaces/robot_interfaces/srv/detail/spawn_object__type_support.cpp
[20.978s] -- Installing: /home/silvia/TFG/TFG/src/ros2_ws/src/install/robot_interfaces/include/robot_interfaces/robot_interfaces/srv/detail/remove_obstacle__rosidl_typesupport_introspection_cpp.hpp
[20.979s] -- Installing: /home/silvia/TFG/TFG/src/ros2_ws/src/install/robot_interfaces/include/robot_interfaces/robot_interfaces/srv/detail/solve_dk__rosidl_typesupport_introspection_cpp.hpp
[20.979s] -- Installing: /home/silvia/TFG/TFG/src/ros2_ws/src/install/robot_interfaces/include/robot_interfaces/robot_interfaces/srv/detail/manage_tool__rosidl_typesupport_introspection_cpp.hpp
[20.979s] -- Installing: /home/silvia/TFG/TFG/src/ros2_ws/src/install/robot_interfaces/lib/librobot_interfaces__rosidl_typesupport_introspection_cpp.so
[20.981s] -- Set non-toolchain portion of runtime path of "/home/silvia/TFG/TFG/src/ros2_ws/src/install/robot_interfaces/lib/librobot_interfaces__rosidl_typesupport_introspection_cpp.so" to ""
[20.981s] -- Installing: /home/silvia/TFG/TFG/src/ros2_ws/src/install/robot_interfaces/lib/librobot_interfaces__rosidl_typesupport_cpp.so
[20.983s] -- Set non-toolchain portion of runtime path of "/home/silvia/TFG/TFG/src/ros2_ws/src/install/robot_interfaces/lib/librobot_interfaces__rosidl_typesupport_cpp.so" to ""
[20.983s] -- Installing: /home/silvia/TFG/TFG/src/ros2_ws/src/install/robot_interfaces/share/robot_interfaces/environment/pythonpath.sh
[20.983s] -- Installing: /home/silvia/TFG/TFG/src/ros2_ws/src/install/robot_interfaces/share/robot_interfaces/environment/pythonpath.dsv
[20.983s] -- Installing: /home/silvia/TFG/TFG/src/ros2_ws/src/install/robot_interfaces/lib/python3.12/site-packages/robot_interfaces-0.0.0-py3.12.egg-info
[20.985s] -- Installing: /home/silvia/TFG/TFG/src/ros2_ws/src/install/robot_interfaces/lib/python3.12/site-packages/robot_interfaces-0.0.0-py3.12.egg-info/dependency_links.txt
[20.985s] -- Installing: /home/silvia/TFG/TFG/src/ros2_ws/src/install/robot_interfaces/lib/python3.12/site-packages/robot_interfaces-0.0.0-py3.12.egg-info/top_level.txt
[20.985s] -- Installing: /home/silvia/TFG/TFG/src/ros2_ws/src/install/robot_interfaces/lib/python3.12/site-packages/robot_interfaces-0.0.0-py3.12.egg-info/SOURCES.txt
[20.985s] -- Installing: /home/silvia/TFG/TFG/src/ros2_ws/src/install/robot_interfaces/lib/python3.12/site-packages/robot_interfaces-0.0.0-py3.12.egg-info/PKG-INFO
[20.986s] -- Installing: /home/silvia/TFG/TFG/src/ros2_ws/src/install/robot_interfaces/lib/python3.12/site-packages/robot_interfaces
[20.986s] -- Installing: /home/silvia/TFG/TFG/src/ros2_ws/src/install/robot_interfaces/lib/python3.12/site-packages/robot_interfaces/_robot_interfaces_s.ep.rosidl_typesupport_introspection_c.c
[20.986s] -- Installing: /home/silvia/TFG/TFG/src/ros2_ws/src/install/robot_interfaces/lib/python3.12/site-packages/robot_interfaces/_robot_interfaces_s.ep.rosidl_typesupport_fastrtps_c.c
[20.987s] -- Installing: /home/silvia/TFG/TFG/src/ros2_ws/src/install/robot_interfaces/lib/python3.12/site-packages/robot_interfaces/robot_interfaces_s__rosidl_typesupport_fastrtps_c.so
[20.987s] -- Installing: /home/silvia/TFG/TFG/src/ros2_ws/src/install/robot_interfaces/lib/python3.12/site-packages/robot_interfaces/_robot_interfaces_s.ep.rosidl_typesupport_c.c
[20.988s] -- Installing: /home/silvia/TFG/TFG/src/ros2_ws/src/install/robot_interfaces/lib/python3.12/site-packages/robot_interfaces/srv
[20.988s] -- Installing: /home/silvia/TFG/TFG/src/ros2_ws/src/install/robot_interfaces/lib/python3.12/site-packages/robot_interfaces/srv/_add_camera.py
[20.988s] -- Installing: /home/silvia/TFG/TFG/src/ros2_ws/src/install/robot_interfaces/lib/python3.12/site-packages/robot_interfaces/srv/_add_obstacle.py
[20.989s] -- Installing: /home/silvia/TFG/TFG/src/ros2_ws/src/install/robot_interfaces/lib/python3.12/site-packages/robot_interfaces/srv/_put_piece_s.c
[20.989s] -- Installing: /home/silvia/TFG/TFG/src/ros2_ws/src/install/robot_interfaces/lib/python3.12/site-packages/robot_interfaces/srv/_remove_obstacle.py
[20.990s] -- Installing: /home/silvia/TFG/TFG/src/ros2_ws/src/install/robot_interfaces/lib/python3.12/site-packages/robot_interfaces/srv/_manage_tool.py
[20.990s] -- Installing: /home/silvia/TFG/TFG/src/ros2_ws/src/install/robot_interfaces/lib/python3.12/site-packages/robot_interfaces/srv/_spawn_object.py
[20.991s] -- Installing: /home/silvia/TFG/TFG/src/ros2_ws/src/install/robot_interfaces/lib/python3.12/site-packages/robot_interfaces/srv/__init__.py
[20.991s] -- Installing: /home/silvia/TFG/TFG/src/ros2_ws/src/install/robot_interfaces/lib/python3.12/site-packages/robot_interfaces/srv/_remove_obstacle_s.c
[20.991s] -- Installing: /home/silvia/TFG/TFG/src/ros2_ws/src/install/robot_interfaces/lib/python3.12/site-packages/robot_interfaces/srv/_solve_ik_s.c
[20.992s] -- Installing: /home/silvia/TFG/TFG/src/ros2_ws/src/install/robot_interfaces/lib/python3.12/site-packages/robot_interfaces/srv/_solve_dk_s.c
[20.992s] -- Installing: /home/silvia/TFG/TFG/src/ros2_ws/src/install/robot_interfaces/lib/python3.12/site-packages/robot_interfaces/srv/_manage_tool_s.c
[20.992s] -- Installing: /home/silvia/TFG/TFG/src/ros2_ws/src/install/robot_interfaces/lib/python3.12/site-packages/robot_interfaces/srv/_add_camera_s.c
[20.993s] -- Installing: /home/silvia/TFG/TFG/src/ros2_ws/src/install/robot_interfaces/lib/python3.12/site-packages/robot_interfaces/srv/_solve_ik.py
[20.993s] -- Installing: /home/silvia/TFG/TFG/src/ros2_ws/src/install/robot_interfaces/lib/python3.12/site-packages/robot_interfaces/srv/_add_obstacle_s.c
[20.993s] -- Installing: /home/silvia/TFG/TFG/src/ros2_ws/src/install/robot_interfaces/lib/python3.12/site-packages/robot_interfaces/srv/_solve_dk.py
[20.994s] -- Installing: /home/silvia/TFG/TFG/src/ros2_ws/src/install/robot_interfaces/lib/python3.12/site-packages/robot_interfaces/srv/_put_piece.py
[20.994s] -- Installing: /home/silvia/TFG/TFG/src/ros2_ws/src/install/robot_interfaces/lib/python3.12/site-packages/robot_interfaces/srv/_spawn_object_s.c
[20.994s] -- Installing: /home/silvia/TFG/TFG/src/ros2_ws/src/install/robot_interfaces/lib/python3.12/site-packages/robot_interfaces/__init__.py
[20.995s] -- Installing: /home/silvia/TFG/TFG/src/ros2_ws/src/install/robot_interfaces/lib/python3.12/site-packages/robot_interfaces/robot_interfaces_s__rosidl_typesupport_introspection_c.so
[20.995s] -- Installing: /home/silvia/TFG/TFG/src/ros2_ws/src/install/robot_interfaces/lib/python3.12/site-packages/robot_interfaces/robot_interfaces_s__rosidl_typesupport_c.so
[21.075s] Listing '/home/silvia/TFG/TFG/src/ros2_ws/src/install/robot_interfaces/lib/python3.12/site-packages/robot_interfaces'...
[21.075s] Compiling '/home/silvia/TFG/TFG/src/ros2_ws/src/install/robot_interfaces/lib/python3.12/site-packages/robot_interfaces/__init__.py'...
[21.075s] Listing '/home/silvia/TFG/TFG/src/ros2_ws/src/install/robot_interfaces/lib/python3.12/site-packages/robot_interfaces/srv'...
[21.075s] Compiling '/home/silvia/TFG/TFG/src/ros2_ws/src/install/robot_interfaces/lib/python3.12/site-packages/robot_interfaces/srv/__init__.py'...
[21.075s] Compiling '/home/silvia/TFG/TFG/src/ros2_ws/src/install/robot_interfaces/lib/python3.12/site-packages/robot_interfaces/srv/_add_camera.py'...
[21.075s] Compiling '/home/silvia/TFG/TFG/src/ros2_ws/src/install/robot_interfaces/lib/python3.12/site-packages/robot_interfaces/srv/_add_obstacle.py'...
[21.075s] Compiling '/home/silvia/TFG/TFG/src/ros2_ws/src/install/robot_interfaces/lib/python3.12/site-packages/robot_interfaces/srv/_manage_tool.py'...
[21.075s] Compiling '/home/silvia/TFG/TFG/src/ros2_ws/src/install/robot_interfaces/lib/python3.12/site-packages/robot_interfaces/srv/_put_piece.py'...
[21.075s] Compiling '/home/silvia/TFG/TFG/src/ros2_ws/src/install/robot_interfaces/lib/python3.12/site-packages/robot_interfaces/srv/_remove_obstacle.py'...
[21.075s] Compiling '/home/silvia/TFG/TFG/src/ros2_ws/src/install/robot_interfaces/lib/python3.12/site-packages/robot_interfaces/srv/_solve_dk.py'...
[21.075s] Compiling '/home/silvia/TFG/TFG/src/ros2_ws/src/install/robot_interfaces/lib/python3.12/site-packages/robot_interfaces/srv/_solve_ik.py'...
[21.075s] Compiling '/home/silvia/TFG/TFG/src/ros2_ws/src/install/robot_interfaces/lib/python3.12/site-packages/robot_interfaces/srv/_spawn_object.py'...
[21.082s] -- Installing: /home/silvia/TFG/TFG/src/ros2_ws/src/install/robot_interfaces/lib/python3.12/site-packages/robot_interfaces/robot_interfaces_s__rosidl_typesupport_fastrtps_c.so
[21.083s] -- Set non-toolchain portion of runtime path of "/home/silvia/TFG/TFG/src/ros2_ws/src/install/robot_interfaces/lib/python3.12/site-packages/robot_interfaces/robot_interfaces_s__rosidl_typesupport_fastrtps_c.so" to ""
[21.084s] -- Installing: /home/silvia/TFG/TFG/src/ros2_ws/src/install/robot_interfaces/lib/python3.12/site-packages/robot_interfaces/robot_interfaces_s__rosidl_typesupport_introspection_c.so
[21.085s] -- Set non-toolchain portion of runtime path of "/home/silvia/TFG/TFG/src/ros2_ws/src/install/robot_interfaces/lib/python3.12/site-packages/robot_interfaces/robot_interfaces_s__rosidl_typesupport_introspection_c.so" to ""
[21.085s] -- Installing: /home/silvia/TFG/TFG/src/ros2_ws/src/install/robot_interfaces/lib/python3.12/site-packages/robot_interfaces/robot_interfaces_s__rosidl_typesupport_c.so
[21.086s] -- Set non-toolchain portion of runtime path of "/home/silvia/TFG/TFG/src/ros2_ws/src/install/robot_interfaces/lib/python3.12/site-packages/robot_interfaces/robot_interfaces_s__rosidl_typesupport_c.so" to ""
[21.087s] -- Installing: /home/silvia/TFG/TFG/src/ros2_ws/src/install/robot_interfaces/lib/librobot_interfaces__rosidl_generator_py.so
[21.087s] -- Set non-toolchain portion of runtime path of "/home/silvia/TFG/TFG/src/ros2_ws/src/install/robot_interfaces/lib/librobot_interfaces__rosidl_generator_py.so" to ""
[21.088s] -- Installing: /home/silvia/TFG/TFG/src/ros2_ws/src/install/robot_interfaces/share/ament_index/resource_index/rust_packages/robot_interfaces
[21.088s] -- Installing: /home/silvia/TFG/TFG/src/ros2_ws/src/install/robot_interfaces/share/robot_interfaces/rust
[21.089s] -- Installing: /home/silvia/TFG/TFG/src/ros2_ws/src/install/robot_interfaces/share/robot_interfaces/rust/build.rs
[21.090s] -- Installing: /home/silvia/TFG/TFG/src/ros2_ws/src/install/robot_interfaces/share/robot_interfaces/rust/Cargo.toml
[21.090s] -- Installing: /home/silvia/TFG/TFG/src/ros2_ws/src/install/robot_interfaces/share/robot_interfaces/rust/src
[21.091s] -- Installing: /home/silvia/TFG/TFG/src/ros2_ws/src/install/robot_interfaces/share/robot_interfaces/rust/src/srv
[21.091s] -- Installing: /home/silvia/TFG/TFG/src/ros2_ws/src/install/robot_interfaces/share/robot_interfaces/rust/src/srv/rmw.rs
[21.091s] -- Installing: /home/silvia/TFG/TFG/src/ros2_ws/src/install/robot_interfaces/share/robot_interfaces/rust/src/srv.rs
[21.092s] -- Installing: /home/silvia/TFG/TFG/src/ros2_ws/src/install/robot_interfaces/share/robot_interfaces/rust/src/lib.rs
[21.092s] -- Installing: /home/silvia/TFG/TFG/src/ros2_ws/src/install/robot_interfaces/share/robot_interfaces/srv/SolveIK.idl
[21.093s] -- Installing: /home/silvia/TFG/TFG/src/ros2_ws/src/install/robot_interfaces/share/robot_interfaces/srv/AddObstacle.idl
[21.093s] -- Installing: /home/silvia/TFG/TFG/src/ros2_ws/src/install/robot_interfaces/share/robot_interfaces/srv/RemoveObstacle.idl
[21.093s] -- Installing: /home/silvia/TFG/TFG/src/ros2_ws/src/install/robot_interfaces/share/robot_interfaces/srv/SolveDK.idl
[21.094s] -- Installing: /home/silvia/TFG/TFG/src/ros2_ws/src/install/robot_interfaces/share/robot_interfaces/srv/ManageTool.idl
[21.094s] -- Installing: /home/silvia/TFG/TFG/src/ros2_ws/src/install/robot_interfaces/share/robot_interfaces/srv/SpawnObject.idl
[21.095s] -- Installing: /home/silvia/TFG/TFG/src/ros2_ws/src/install/robot_interfaces/share/robot_interfaces/srv/AddCamera.idl
[21.095s] -- Installing: /home/silvia/TFG/TFG/src/ros2_ws/src/install/robot_interfaces/share/robot_interfaces/srv/PutPiece.idl
[21.095s] -- Installing: /home/silvia/TFG/TFG/src/ros2_ws/src/install/robot_interfaces/share/robot_interfaces/srv/SolveIK.srv
[21.096s] -- Installing: /home/silvia/TFG/TFG/src/ros2_ws/src/install/robot_interfaces/share/robot_interfaces/srv/AddObstacle.srv
[21.096s] -- Installing: /home/silvia/TFG/TFG/src/ros2_ws/src/install/robot_interfaces/share/robot_interfaces/srv/RemoveObstacle.srv
[21.097s] -- Installing: /home/silvia/TFG/TFG/src/ros2_ws/src/install/robot_interfaces/share/robot_interfaces/srv/SolveDK.srv
[21.097s] -- Installing: /home/silvia/TFG/TFG/src/ros2_ws/src/install/robot_interfaces/share/robot_interfaces/srv/ManageTool.srv
[21.097s] -- Installing: /home/silvia/TFG/TFG/src/ros2_ws/src/install/robot_interfaces/share/robot_interfaces/srv/SpawnObject.srv
[21.098s] -- Installing: /home/silvia/TFG/TFG/src/ros2_ws/src/install/robot_interfaces/share/robot_interfaces/srv/AddCamera.srv
[21.098s] -- Installing: /home/silvia/TFG/TFG/src/ros2_ws/src/install/robot_interfaces/share/robot_interfaces/srv/PutPiece.srv
[21.099s] -- Installing: /home/silvia/TFG/TFG/src/ros2_ws/src/install/robot_interfaces/share/ament_index/resource_index/package_run_dependencies/robot_interfaces
[21.100s] -- Installing: /home/silvia/TFG/TFG/src/ros2_ws/src/install/robot_interfaces/share/ament_index/resource_index/parent_prefix_path/robot_interfaces
[21.100s] -- Installing: /home/silvia/TFG/TFG/src/ros2_ws/src/install/robot_interfaces/share/robot_interfaces/environment/ament_prefix_path.sh
[21.101s] -- Installing: /home/silvia/TFG/TFG/src/ros2_ws/src/install/robot_interfaces/share/robot_interfaces/environment/ament_prefix_path.dsv
[21.101s] -- Installing: /home/silvia/TFG/TFG/src/ros2_ws/src/install/robot_interfaces/share/robot_interfaces/environment/path.sh
[21.101s] -- Installing: /home/silvia/TFG/TFG/src/ros2_ws/src/install/robot_interfaces/share/robot_interfaces/environment/path.dsv
[21.102s] -- Installing: /home/silvia/TFG/TFG/src/ros2_ws/src/install/robot_interfaces/share/robot_interfaces/local_setup.bash
[21.102s] -- Installing: /home/silvia/TFG/TFG/src/ros2_ws/src/install/robot_interfaces/share/robot_interfaces/local_setup.sh
[21.103s] -- Installing: /home/silvia/TFG/TFG/src/ros2_ws/src/install/robot_interfaces/share/robot_interfaces/local_setup.zsh
[21.103s] -- Installing: /home/silvia/TFG/TFG/src/ros2_ws/src/install/robot_interfaces/share/robot_interfaces/local_setup.dsv
[21.103s] -- Installing: /home/silvia/TFG/TFG/src/ros2_ws/src/install/robot_interfaces/share/robot_interfaces/package.dsv
[21.104s] -- Installing: /home/silvia/TFG/TFG/src/ros2_ws/src/install/robot_interfaces/share/ament_index/resource_index/packages/robot_interfaces
[21.105s] -- Installing: /home/silvia/TFG/TFG/src/ros2_ws/src/install/robot_interfaces/share/robot_interfaces/cmake/export_robot_interfaces__rosidl_generator_cExport.cmake
[21.105s] -- Installing: /home/silvia/TFG/TFG/src/ros2_ws/src/install/robot_interfaces/share/robot_interfaces/cmake/export_robot_interfaces__rosidl_generator_cExport-noconfig.cmake
[21.106s] -- Installing: /home/silvia/TFG/TFG/src/ros2_ws/src/install/robot_interfaces/share/robot_interfaces/cmake/export_robot_interfaces__rosidl_typesupport_fastrtps_cExport.cmake
[21.106s] -- Installing: /home/silvia/TFG/TFG/src/ros2_ws/src/install/robot_interfaces/share/robot_interfaces/cmake/export_robot_interfaces__rosidl_typesupport_fastrtps_cExport-noconfig.cmake
[21.106s] -- Installing: /home/silvia/TFG/TFG/src/ros2_ws/src/install/robot_interfaces/share/robot_interfaces/cmake/export_robot_interfaces__rosidl_generator_cppExport.cmake
[21.107s] -- Installing: /home/silvia/TFG/TFG/src/ros2_ws/src/install/robot_interfaces/share/robot_interfaces/cmake/export_robot_interfaces__rosidl_typesupport_fastrtps_cppExport.cmake
[21.107s] -- Installing: /home/silvia/TFG/TFG/src/ros2_ws/src/install/robot_interfaces/share/robot_interfaces/cmake/export_robot_interfaces__rosidl_typesupport_fastrtps_cppExport-noconfig.cmake
[21.108s] -- Installing: /home/silvia/TFG/TFG/src/ros2_ws/src/install/robot_interfaces/share/robot_interfaces/cmake/robot_interfaces__rosidl_typesupport_introspection_cExport.cmake
[21.108s] -- Installing: /home/silvia/TFG/TFG/src/ros2_ws/src/install/robot_interfaces/share/robot_interfaces/cmake/robot_interfaces__rosidl_typesupport_introspection_cExport-noconfig.cmake
[21.108s] -- Installing: /home/silvia/TFG/TFG/src/ros2_ws/src/install/robot_interfaces/share/robot_interfaces/cmake/robot_interfaces__rosidl_typesupport_cExport.cmake
[21.109s] -- Installing: /home/silvia/TFG/TFG/src/ros2_ws/src/install/robot_interfaces/share/robot_interfaces/cmake/robot_interfaces__rosidl_typesupport_cExport-noconfig.cmake
[21.109s] -- Installing: /home/silvia/TFG/TFG/src/ros2_ws/src/install/robot_interfaces/share/robot_interfaces/cmake/robot_interfaces__rosidl_typesupport_introspection_cppExport.cmake
[21.110s] -- Installing: /home/silvia/TFG/TFG/src/ros2_ws/src/install/robot_interfaces/share/robot_interfaces/cmake/robot_interfaces__rosidl_typesupport_introspection_cppExport-noconfig.cmake
[21.110s] -- Installing: /home/silvia/TFG/TFG/src/ros2_ws/src/install/robot_interfaces/share/robot_interfaces/cmake/robot_interfaces__rosidl_typesupport_cppExport.cmake
[21.110s] -- Installing: /home/silvia/TFG/TFG/src/ros2_ws/src/install/robot_interfaces/share/robot_interfaces/cmake/robot_interfaces__rosidl_typesupport_cppExport-noconfig.cmake
[21.111s] -- Installing: /home/silvia/TFG/TFG/src/ros2_ws/src/install/robot_interfaces/share/robot_interfaces/cmake/export_robot_interfaces__rosidl_generator_pyExport.cmake
[21.111s] -- Installing: /home/silvia/TFG/TFG/src/ros2_ws/src/install/robot_interfaces/share/robot_interfaces/cmake/export_robot_interfaces__rosidl_generator_pyExport-noconfig.cmake
[21.112s] -- Installing: /home/silvia/TFG/TFG/src/ros2_ws/src/install/robot_interfaces/share/robot_interfaces/cmake/rosidl_cmake-extras.cmake
[21.112s] -- Installing: /home/silvia/TFG/TFG/src/ros2_ws/src/install/robot_interfaces/share/robot_interfaces/cmake/ament_cmake_export_dependencies-extras.cmake
[21.113s] -- Installing: /home/silvia/TFG/TFG/src/ros2_ws/src/install/robot_interfaces/share/robot_interfaces/cmake/ament_cmake_export_include_directories-extras.cmake
[21.113s] -- Installing: /home/silvia/TFG/TFG/src/ros2_ws/src/install/robot_interfaces/share/robot_interfaces/cmake/ament_cmake_export_libraries-extras.cmake
[21.113s] -- Installing: /home/silvia/TFG/TFG/src/ros2_ws/src/install/robot_interfaces/share/robot_interfaces/cmake/ament_cmake_export_targets-extras.cmake
[21.114s] -- Installing: /home/silvia/TFG/TFG/src/ros2_ws/src/install/robot_interfaces/share/robot_interfaces/cmake/rosidl_cmake_export_typesupport_targets-extras.cmake
[21.114s] -- Installing: /home/silvia/TFG/TFG/src/ros2_ws/src/install/robot_interfaces/share/robot_interfaces/cmake/rosidl_cmake_export_typesupport_libraries-extras.cmake
[21.115s] -- Installing: /home/silvia/TFG/TFG/src/ros2_ws/src/install/robot_interfaces/share/robot_interfaces/cmake/robot_interfacesConfig.cmake
[21.115s] -- Installing: /home/silvia/TFG/TFG/src/ros2_ws/src/install/robot_interfaces/share/robot_interfaces/cmake/robot_interfacesConfig-version.cmake
[21.115s] -- Installing: /home/silvia/TFG/TFG/src/ros2_ws/src/install/robot_interfaces/share/robot_interfaces/package.xml
[21.120s] Invoked command in '/home/silvia/TFG/TFG/src/ros2_ws/src/build/robot_interfaces' returned '0': CMAKE_PREFIX_PATH=${CMAKE_PREFIX_PATH}:/home/silvia/TFG/TFG/src/ros2_ws/install/robot_inverse_kinematics:/opt/ros/jazzy /usr/bin/cmake --install /home/silvia/TFG/TFG/src/ros2_ws/src/build/robot_interfaces
