[1.377s] Invoking command in '/home/silvia/TFG/TFG/src/ros2_ws/src/robot_digital_twin': PYTHONPATH=/home/silvia/TFG/TFG/src/ros2_ws/build/robot_digital_twin/prefix_override:/usr/lib/python3/dist-packages/colcon_core/task/python/colcon_distutils_commands:/home/silvia/TFG/TFG/src/ros2_ws/install/robot_digital_twin/lib/python3.12/site-packages:${PYTHONPATH} /usr/bin/python3 -W ignore:setup.py install is deprecated -W ignore:easy_install command is deprecated setup.py egg_info --egg-base ../../build/robot_digital_twin build --build-base /home/silvia/TFG/TFG/src/ros2_ws/build/robot_digital_twin/build install --record /home/silvia/TFG/TFG/src/ros2_ws/build/robot_digital_twin/install.log --single-version-externally-managed install_data
[1.817s] running egg_info
[1.817s] creating ../../build/robot_digital_twin/robot_digital_twin.egg-info
[1.853s] writing ../../build/robot_digital_twin/robot_digital_twin.egg-info/PKG-INFO
[1.854s] writing dependency_links to ../../build/robot_digital_twin/robot_digital_twin.egg-info/dependency_links.txt
[1.854s] writing entry points to ../../build/robot_digital_twin/robot_digital_twin.egg-info/entry_points.txt
[1.855s] writing requirements to ../../build/robot_digital_twin/robot_digital_twin.egg-info/requires.txt
[1.855s] writing top-level names to ../../build/robot_digital_twin/robot_digital_twin.egg-info/top_level.txt
[1.855s] writing manifest file '../../build/robot_digital_twin/robot_digital_twin.egg-info/SOURCES.txt'
[1.926s] reading manifest file '../../build/robot_digital_twin/robot_digital_twin.egg-info/SOURCES.txt'
[1.927s] writing manifest file '../../build/robot_digital_twin/robot_digital_twin.egg-info/SOURCES.txt'
[1.927s] running build
[1.928s] running build_py
[1.928s] creating /home/silvia/TFG/TFG/src/ros2_ws/build/robot_digital_twin/build
[1.929s] creating /home/silvia/TFG/TFG/src/ros2_ws/build/robot_digital_twin/build/lib
[1.929s] creating /home/silvia/TFG/TFG/src/ros2_ws/build/robot_digital_twin/build/lib/robot_digital_twin
[1.930s] copying robot_digital_twin/__init__.py -> /home/silvia/TFG/TFG/src/ros2_ws/build/robot_digital_twin/build/lib/robot_digital_twin
[1.930s] copying robot_digital_twin/robot_digital_twin_node.py -> /home/silvia/TFG/TFG/src/ros2_ws/build/robot_digital_twin/build/lib/robot_digital_twin
[1.931s] running install
[1.939s] running install_lib
[1.977s] creating /home/silvia/TFG/TFG/src/ros2_ws/install/robot_digital_twin/lib/python3.12/site-packages/robot_digital_twin
[1.978s] copying /home/silvia/TFG/TFG/src/ros2_ws/build/robot_digital_twin/build/lib/robot_digital_twin/__init__.py -> /home/silvia/TFG/TFG/src/ros2_ws/install/robot_digital_twin/lib/python3.12/site-packages/robot_digital_twin
[1.978s] copying /home/silvia/TFG/TFG/src/ros2_ws/build/robot_digital_twin/build/lib/robot_digital_twin/robot_digital_twin_node.py -> /home/silvia/TFG/TFG/src/ros2_ws/install/robot_digital_twin/lib/python3.12/site-packages/robot_digital_twin
[1.979s] byte-compiling /home/silvia/TFG/TFG/src/ros2_ws/install/robot_digital_twin/lib/python3.12/site-packages/robot_digital_twin/__init__.py to __init__.cpython-312.pyc
[1.980s] byte-compiling /home/silvia/TFG/TFG/src/ros2_ws/install/robot_digital_twin/lib/python3.12/site-packages/robot_digital_twin/robot_digital_twin_node.py to robot_digital_twin_node.cpython-312.pyc
[1.983s] running install_data
[1.984s] creating /home/silvia/TFG/TFG/src/ros2_ws/install/robot_digital_twin/share/ament_index
[1.984s] creating /home/silvia/TFG/TFG/src/ros2_ws/install/robot_digital_twin/share/ament_index/resource_index
[1.984s] creating /home/silvia/TFG/TFG/src/ros2_ws/install/robot_digital_twin/share/ament_index/resource_index/packages
[1.985s] copying resource/robot_digital_twin -> /home/silvia/TFG/TFG/src/ros2_ws/install/robot_digital_twin/share/ament_index/resource_index/packages
[1.985s] copying package.xml -> /home/silvia/TFG/TFG/src/ros2_ws/install/robot_digital_twin/share/robot_digital_twin
[1.986s] running install_egg_info
[2.021s] Copying ../../build/robot_digital_twin/robot_digital_twin.egg-info to /home/silvia/TFG/TFG/src/ros2_ws/install/robot_digital_twin/lib/python3.12/site-packages/robot_digital_twin-0.0.0-py3.12.egg-info
[2.023s] running install_scripts
[2.257s] Installing robot_digital_twin_node script to /home/silvia/TFG/TFG/src/ros2_ws/install/robot_digital_twin/lib/robot_digital_twin
[2.258s] writing list of installed files to '/home/silvia/TFG/TFG/src/ros2_ws/build/robot_digital_twin/install.log'
[2.301s] Invoked command in '/home/silvia/TFG/TFG/src/ros2_ws/src/robot_digital_twin' returned '0': PYTHONPATH=/home/silvia/TFG/TFG/src/ros2_ws/build/robot_digital_twin/prefix_override:/usr/lib/python3/dist-packages/colcon_core/task/python/colcon_distutils_commands:/home/silvia/TFG/TFG/src/ros2_ws/install/robot_digital_twin/lib/python3.12/site-packages:${PYTHONPATH} /usr/bin/python3 -W ignore:setup.py install is deprecated -W ignore:easy_install command is deprecated setup.py egg_info --egg-base ../../build/robot_digital_twin build --build-base /home/silvia/TFG/TFG/src/ros2_ws/build/robot_digital_twin/build install --record /home/silvia/TFG/TFG/src/ros2_ws/build/robot_digital_twin/install.log --single-version-externally-managed install_data
