[0.025s] Invoking command in '/home/silvia/TFG/TFG/src/ros2_ws/build/robot_interfaces': CMAKE_PREFIX_PATH=${CMAKE_PREFIX_PATH}:/opt/ros/jazzy /usr/bin/cmake /home/silvia/TFG/TFG/src/ros2_ws/src/robot_interfaces -DCMAKE_INSTALL_PREFIX=/home/silvia/TFG/TFG/src/ros2_ws/install/robot_interfaces
[0.232s] -- The C compiler identification is GNU 13.3.0
[0.918s] -- The CXX compiler identification is GNU 13.3.0
[1.545s] -- Detecting C compiler ABI info
[1.878s] -- Detecting C compiler ABI info - done
[1.889s] -- Check for working C compiler: /usr/bin/cc - skipped
[1.889s] -- Detecting C compile features
[1.890s] -- Detecting C compile features - done
[1.989s] -- Detecting CXX compiler ABI info
[2.315s] -- Detecting CXX compiler ABI info - done
[2.326s] -- Check for working CXX compiler: /usr/bin/c++ - skipped
[2.326s] -- Detecting CXX compile features
[2.327s] -- Detecting CXX compile features - done
[2.331s] -- Found ament_cmake: 2.5.6 (/opt/ros/jazzy/share/ament_cmake/cmake)
[2.516s] -- Found Python3: /usr/bin/python3 (found version "3.12.3") found components: Interpreter 
[2.649s] -- Found geometry_msgs: 5.3.7 (/opt/ros/jazzy/share/geometry_msgs/cmake)
[2.835s] -- Found rosidl_generator_c: 4.6.7 (/opt/ros/jazzy/share/rosidl_generator_c/cmake)
[2.852s] -- Found rosidl_generator_cpp: 4.6.7 (/opt/ros/jazzy/share/rosidl_generator_cpp/cmake)
[2.875s] -- Using all available rosidl_typesupport_c: rosidl_typesupport_fastrtps_c;rosidl_typesupport_introspection_c
[2.898s] -- Using all available rosidl_typesupport_cpp: rosidl_typesupport_fastrtps_cpp;rosidl_typesupport_introspection_cpp
[2.957s] -- Found rosidl_default_generators: 1.6.0 (/opt/ros/jazzy/share/rosidl_default_generators/cmake)
[2.982s] -- Found rosidl_adapter: 4.6.7 (/opt/ros/jazzy/share/rosidl_adapter/cmake)
[3.818s] -- Found ament_cmake_ros: 0.12.0 (/opt/ros/jazzy/share/ament_cmake_ros/cmake)
[4.916s] -- Using all available rosidl_typesupport_c: rosidl_typesupport_fastrtps_c;rosidl_typesupport_introspection_c
[5.352s] -- Using all available rosidl_typesupport_cpp: rosidl_typesupport_fastrtps_cpp;rosidl_typesupport_introspection_cpp
[5.356s] -- Found python_cmake_module: 0.11.1 (/opt/ros/jazzy/share/python_cmake_module/cmake)
[5.531s] -- Found PythonExtra: /usr/bin/python3  
[6.087s] -- Found Python3: /usr/bin/python3 (found version "3.12.3") found components: Interpreter Development NumPy Development.Module Development.Embed 
[6.253s] -- Found Python3: /usr/bin/python3 (found version "3.12.3") found components: Interpreter 
[6.258s] -- Found ament_lint_auto: 0.17.5 (/opt/ros/jazzy/share/ament_lint_auto/cmake)
[6.291s] -- Added test 'lint_cmake' to check CMake code style
[6.294s] -- Added test 'xmllint' to check XML markup files
[6.299s] -- Configuring done (6.3s)
[6.400s] -- Generating done (0.1s)
[6.419s] -- Build files have been written to: /home/silvia/TFG/TFG/src/ros2_ws/build/robot_interfaces
[6.434s] Invoked command in '/home/silvia/TFG/TFG/src/ros2_ws/build/robot_interfaces' returned '0': CMAKE_PREFIX_PATH=${CMAKE_PREFIX_PATH}:/opt/ros/jazzy /usr/bin/cmake /home/silvia/TFG/TFG/src/ros2_ws/src/robot_interfaces -DCMAKE_INSTALL_PREFIX=/home/silvia/TFG/TFG/src/ros2_ws/install/robot_interfaces
[6.437s] Invoking command in '/home/silvia/TFG/TFG/src/ros2_ws/build/robot_interfaces': CMAKE_PREFIX_PATH=${CMAKE_PREFIX_PATH}:/opt/ros/jazzy /usr/bin/cmake --build /home/silvia/TFG/TFG/src/ros2_ws/build/robot_interfaces -- -j8 -l8
[6.516s] [  2%] [34m[1mGenerating Rust code for ROS interfaces[0m
[6.516s] [  2%] [34m[1mGenerating type hashes for ROS interfaces[0m
[6.530s] [  2%] Built target ament_cmake_python_copy_robot_interfaces
[6.843s] running egg_info
[6.844s] creating robot_interfaces.egg-info
[6.883s] writing robot_interfaces.egg-info/PKG-INFO
[6.883s] writing dependency_links to robot_interfaces.egg-info/dependency_links.txt
[6.884s] writing top-level names to robot_interfaces.egg-info/top_level.txt
[6.884s] writing manifest file 'robot_interfaces.egg-info/SOURCES.txt'
[7.003s] reading manifest file 'robot_interfaces.egg-info/SOURCES.txt'
[7.004s] writing manifest file 'robot_interfaces.egg-info/SOURCES.txt'
[7.045s] [  2%] Built target robot_interfaces__rs
[7.063s] [  2%] Built target robot_interfaces__rosidl_generator_type_description
[7.063s] [  2%] Built target ament_cmake_python_build_robot_interfaces_egg
[7.081s] [  3%] [34m[1mGenerating C code for ROS interfaces[0m
[7.098s] [  3%] [34m[1mGenerating C++ code for ROS interfaces[0m
[8.382s] [  3%] Built target robot_interfaces__cpp
[8.647s] [  6%] [32mBuilding C object CMakeFiles/robot_interfaces__rosidl_generator_c.dir/rosidl_generator_c/robot_interfaces/srv/detail/solve_ik__functions.c.o[0m
[8.647s] [  6%] [32mBuilding C object CMakeFiles/robot_interfaces__rosidl_generator_c.dir/rosidl_generator_c/robot_interfaces/srv/detail/solve_ik__type_support.c.o[0m
[8.648s] [  6%] [32mBuilding C object CMakeFiles/robot_interfaces__rosidl_generator_c.dir/rosidl_generator_c/robot_interfaces/srv/detail/solve_ik__description.c.o[0m
[8.648s] [  8%] [32mBuilding C object CMakeFiles/robot_interfaces__rosidl_generator_c.dir/rosidl_generator_c/robot_interfaces/srv/detail/add_obstacle__description.c.o[0m
[8.648s] [  8%] [32mBuilding C object CMakeFiles/robot_interfaces__rosidl_generator_c.dir/rosidl_generator_c/robot_interfaces/srv/detail/add_obstacle__functions.c.o[0m
[8.648s] [  9%] [32mBuilding C object CMakeFiles/robot_interfaces__rosidl_generator_c.dir/rosidl_generator_c/robot_interfaces/srv/detail/add_obstacle__type_support.c.o[0m
[8.649s] [ 11%] [32mBuilding C object CMakeFiles/robot_interfaces__rosidl_generator_c.dir/rosidl_generator_c/robot_interfaces/srv/detail/remove_obstacle__functions.c.o[0m
[8.649s] [ 11%] [32mBuilding C object CMakeFiles/robot_interfaces__rosidl_generator_c.dir/rosidl_generator_c/robot_interfaces/srv/detail/remove_obstacle__description.c.o[0m
[8.739s] [ 12%] [32mBuilding C object CMakeFiles/robot_interfaces__rosidl_generator_c.dir/rosidl_generator_c/robot_interfaces/srv/detail/remove_obstacle__type_support.c.o[0m
[8.740s] [ 13%] [32mBuilding C object CMakeFiles/robot_interfaces__rosidl_generator_c.dir/rosidl_generator_c/robot_interfaces/srv/detail/solve_dk__description.c.o[0m
[8.764s] [ 14%] [32mBuilding C object CMakeFiles/robot_interfaces__rosidl_generator_c.dir/rosidl_generator_c/robot_interfaces/srv/detail/solve_dk__functions.c.o[0m
[8.766s] [ 15%] [32mBuilding C object CMakeFiles/robot_interfaces__rosidl_generator_c.dir/rosidl_generator_c/robot_interfaces/srv/detail/solve_dk__type_support.c.o[0m
[8.775s] [ 16%] [32mBuilding C object CMakeFiles/robot_interfaces__rosidl_generator_c.dir/rosidl_generator_c/robot_interfaces/srv/detail/manage_tool__description.c.o[0m
[8.812s] [ 17%] [32mBuilding C object CMakeFiles/robot_interfaces__rosidl_generator_c.dir/rosidl_generator_c/robot_interfaces/srv/detail/manage_tool__functions.c.o[0m
[8.818s] [ 18%] [32mBuilding C object CMakeFiles/robot_interfaces__rosidl_generator_c.dir/rosidl_generator_c/robot_interfaces/srv/detail/manage_tool__type_support.c.o[0m
[8.820s] [ 19%] [32mBuilding C object CMakeFiles/robot_interfaces__rosidl_generator_c.dir/rosidl_generator_c/robot_interfaces/srv/detail/spawn_object__description.c.o[0m
[8.843s] [ 20%] [32mBuilding C object CMakeFiles/robot_interfaces__rosidl_generator_c.dir/rosidl_generator_c/robot_interfaces/srv/detail/spawn_object__functions.c.o[0m
[8.863s] [ 21%] [32mBuilding C object CMakeFiles/robot_interfaces__rosidl_generator_c.dir/rosidl_generator_c/robot_interfaces/srv/detail/spawn_object__type_support.c.o[0m
[8.885s] [ 21%] [32mBuilding C object CMakeFiles/robot_interfaces__rosidl_generator_c.dir/rosidl_generator_c/robot_interfaces/srv/detail/add_camera__description.c.o[0m
[8.908s] [ 22%] [32mBuilding C object CMakeFiles/robot_interfaces__rosidl_generator_c.dir/rosidl_generator_c/robot_interfaces/srv/detail/add_camera__functions.c.o[0m
[8.916s] [ 23%] [32mBuilding C object CMakeFiles/robot_interfaces__rosidl_generator_c.dir/rosidl_generator_c/robot_interfaces/srv/detail/add_camera__type_support.c.o[0m
[8.941s] [ 24%] [32mBuilding C object CMakeFiles/robot_interfaces__rosidl_generator_c.dir/rosidl_generator_c/robot_interfaces/srv/detail/put_piece__description.c.o[0m
[8.942s] [ 25%] [32mBuilding C object CMakeFiles/robot_interfaces__rosidl_generator_c.dir/rosidl_generator_c/robot_interfaces/srv/detail/put_piece__functions.c.o[0m
[8.956s] [ 26%] [32mBuilding C object CMakeFiles/robot_interfaces__rosidl_generator_c.dir/rosidl_generator_c/robot_interfaces/srv/detail/put_piece__type_support.c.o[0m
[9.071s] [ 27%] [32m[1mLinking C shared library librobot_interfaces__rosidl_generator_c.so[0m
[9.217s] [ 27%] Built target robot_interfaces__rosidl_generator_c
[9.235s] [ 28%] [34m[1mGenerating C type support dispatch for ROS interfaces[0m
[9.237s] [ 29%] [34m[1mGenerating C++ type support dispatch for ROS interfaces[0m
[9.238s] [ 30%] [34m[1mGenerating C type support for eProsima Fast-RTPS[0m
[9.238s] [ 31%] [34m[1mGenerating C introspection for ROS interfaces[0m
[9.239s] [ 32%] [34m[1mGenerating C++ type support for eProsima Fast-RTPS[0m
[9.240s] [ 33%] [34m[1mGenerating C++ introspection for ROS interfaces[0m
[10.218s] [ 36%] [32mBuilding CXX object CMakeFiles/robot_interfaces__rosidl_typesupport_c.dir/rosidl_typesupport_c/robot_interfaces/srv/remove_obstacle__type_support.cpp.o[0m
[10.218s] [ 36%] [32mBuilding CXX object CMakeFiles/robot_interfaces__rosidl_typesupport_c.dir/rosidl_typesupport_c/robot_interfaces/srv/add_obstacle__type_support.cpp.o[0m
[10.218s] [ 36%] [32mBuilding CXX object CMakeFiles/robot_interfaces__rosidl_typesupport_c.dir/rosidl_typesupport_c/robot_interfaces/srv/solve_ik__type_support.cpp.o[0m
[10.378s] [ 36%] [32mBuilding CXX object CMakeFiles/robot_interfaces__rosidl_typesupport_c.dir/rosidl_typesupport_c/robot_interfaces/srv/solve_dk__type_support.cpp.o[0m
[10.393s] [ 37%] [32mBuilding CXX object CMakeFiles/robot_interfaces__rosidl_typesupport_c.dir/rosidl_typesupport_c/robot_interfaces/srv/manage_tool__type_support.cpp.o[0m
[10.395s] [ 38%] [32mBuilding CXX object CMakeFiles/robot_interfaces__rosidl_typesupport_c.dir/rosidl_typesupport_c/robot_interfaces/srv/spawn_object__type_support.cpp.o[0m
[10.448s] [ 39%] [32mBuilding CXX object CMakeFiles/robot_interfaces__rosidl_typesupport_cpp.dir/rosidl_typesupport_cpp/robot_interfaces/srv/solve_ik__type_support.cpp.o[0m
[10.513s] [ 40%] [32mBuilding CXX object CMakeFiles/robot_interfaces__rosidl_typesupport_cpp.dir/rosidl_typesupport_cpp/robot_interfaces/srv/add_obstacle__type_support.cpp.o[0m
[10.520s] [ 41%] [32mBuilding CXX object CMakeFiles/robot_interfaces__rosidl_typesupport_cpp.dir/rosidl_typesupport_cpp/robot_interfaces/srv/remove_obstacle__type_support.cpp.o[0m
[10.529s] [ 42%] [32mBuilding CXX object CMakeFiles/robot_interfaces__rosidl_typesupport_c.dir/rosidl_typesupport_c/robot_interfaces/srv/add_camera__type_support.cpp.o[0m
[10.662s] [ 43%] [32mBuilding CXX object CMakeFiles/robot_interfaces__rosidl_typesupport_c.dir/rosidl_typesupport_c/robot_interfaces/srv/put_piece__type_support.cpp.o[0m
[10.801s] [ 44%] [32m[1mLinking CXX shared library librobot_interfaces__rosidl_typesupport_c.so[0m
[11.044s] [ 44%] Built target robot_interfaces__rosidl_typesupport_c
[11.068s] [ 46%] [32mBuilding CXX object CMakeFiles/robot_interfaces__rosidl_typesupport_introspection_cpp.dir/rosidl_typesupport_introspection_cpp/robot_interfaces/srv/detail/solve_ik__type_support.cpp.o[0m
[11.068s] [ 46%] [32mBuilding CXX object CMakeFiles/robot_interfaces__rosidl_typesupport_cpp.dir/rosidl_typesupport_cpp/robot_interfaces/srv/solve_dk__type_support.cpp.o[0m
[11.184s] [ 47%] [32mBuilding C object CMakeFiles/robot_interfaces__rosidl_typesupport_introspection_c.dir/rosidl_typesupport_introspection_c/robot_interfaces/srv/detail/solve_ik__type_support.c.o[0m
[11.379s] [ 48%] [32mBuilding C object CMakeFiles/robot_interfaces__rosidl_typesupport_introspection_c.dir/rosidl_typesupport_introspection_c/robot_interfaces/srv/detail/add_obstacle__type_support.c.o[0m
[11.502s] [ 49%] [32mBuilding C object CMakeFiles/robot_interfaces__rosidl_typesupport_introspection_c.dir/rosidl_typesupport_introspection_c/robot_interfaces/srv/detail/remove_obstacle__type_support.c.o[0m
[11.519s] [ 50%] [32mBuilding CXX object CMakeFiles/robot_interfaces__rosidl_typesupport_cpp.dir/rosidl_typesupport_cpp/robot_interfaces/srv/manage_tool__type_support.cpp.o[0m
[11.519s] [ 51%] [32mBuilding CXX object CMakeFiles/robot_interfaces__rosidl_typesupport_introspection_cpp.dir/rosidl_typesupport_introspection_cpp/robot_interfaces/srv/detail/add_obstacle__type_support.cpp.o[0m
[11.619s] [ 52%] [32mBuilding C object CMakeFiles/robot_interfaces__rosidl_typesupport_introspection_c.dir/rosidl_typesupport_introspection_c/robot_interfaces/srv/detail/solve_dk__type_support.c.o[0m
[11.625s] [ 53%] [32mBuilding CXX object CMakeFiles/robot_interfaces__rosidl_typesupport_cpp.dir/rosidl_typesupport_cpp/robot_interfaces/srv/spawn_object__type_support.cpp.o[0m
[11.800s] [ 54%] [32mBuilding C object CMakeFiles/robot_interfaces__rosidl_typesupport_introspection_c.dir/rosidl_typesupport_introspection_c/robot_interfaces/srv/detail/manage_tool__type_support.c.o[0m
[11.947s] [ 54%] [32mBuilding C object CMakeFiles/robot_interfaces__rosidl_typesupport_introspection_c.dir/rosidl_typesupport_introspection_c/robot_interfaces/srv/detail/spawn_object__type_support.c.o[0m
[12.102s] [ 55%] [32mBuilding C object CMakeFiles/robot_interfaces__rosidl_typesupport_introspection_c.dir/rosidl_typesupport_introspection_c/robot_interfaces/srv/detail/add_camera__type_support.c.o[0m
[12.212s] [ 56%] [32mBuilding CXX object CMakeFiles/robot_interfaces__rosidl_typesupport_fastrtps_c.dir/rosidl_typesupport_fastrtps_c/robot_interfaces/srv/detail/solve_ik__type_support_c.cpp.o[0m
[12.217s] [ 57%] [32mBuilding CXX object CMakeFiles/robot_interfaces__rosidl_typesupport_fastrtps_cpp.dir/rosidl_typesupport_fastrtps_cpp/robot_interfaces/srv/detail/dds_fastrtps/solve_ik__type_support.cpp.o[0m
[12.240s] [ 58%] [32mBuilding C object CMakeFiles/robot_interfaces__rosidl_typesupport_introspection_c.dir/rosidl_typesupport_introspection_c/robot_interfaces/srv/detail/put_piece__type_support.c.o[0m
[12.287s] [ 59%] [32mBuilding CXX object CMakeFiles/robot_interfaces__rosidl_typesupport_introspection_cpp.dir/rosidl_typesupport_introspection_cpp/robot_interfaces/srv/detail/remove_obstacle__type_support.cpp.o[0m
[12.338s] [ 60%] [32mBuilding CXX object CMakeFiles/robot_interfaces__rosidl_typesupport_introspection_cpp.dir/rosidl_typesupport_introspection_cpp/robot_interfaces/srv/detail/solve_dk__type_support.cpp.o[0m
[12.384s] [ 61%] [32m[1mLinking C shared library librobot_interfaces__rosidl_typesupport_introspection_c.so[0m
[12.600s] [ 61%] Built target robot_interfaces__rosidl_typesupport_introspection_c
[12.624s] [ 62%] [32mBuilding CXX object CMakeFiles/robot_interfaces__rosidl_typesupport_fastrtps_c.dir/rosidl_typesupport_fastrtps_c/robot_interfaces/srv/detail/add_obstacle__type_support_c.cpp.o[0m
[12.640s] [ 63%] [32mBuilding CXX object CMakeFiles/robot_interfaces__rosidl_typesupport_fastrtps_c.dir/rosidl_typesupport_fastrtps_c/robot_interfaces/srv/detail/remove_obstacle__type_support_c.cpp.o[0m
[12.657s] [ 64%] [32mBuilding CXX object CMakeFiles/robot_interfaces__rosidl_typesupport_fastrtps_cpp.dir/rosidl_typesupport_fastrtps_cpp/robot_interfaces/srv/detail/dds_fastrtps/add_obstacle__type_support.cpp.o[0m
[12.849s] [ 65%] [32mBuilding CXX object CMakeFiles/robot_interfaces__rosidl_typesupport_cpp.dir/rosidl_typesupport_cpp/robot_interfaces/srv/add_camera__type_support.cpp.o[0m
[13.472s] [ 66%] [32mBuilding CXX object CMakeFiles/robot_interfaces__rosidl_typesupport_fastrtps_c.dir/rosidl_typesupport_fastrtps_c/robot_interfaces/srv/detail/solve_dk__type_support_c.cpp.o[0m
[13.544s] [ 67%] [32mBuilding CXX object CMakeFiles/robot_interfaces__rosidl_typesupport_introspection_cpp.dir/rosidl_typesupport_introspection_cpp/robot_interfaces/srv/detail/manage_tool__type_support.cpp.o[0m
[13.644s] [ 68%] [32mBuilding CXX object CMakeFiles/robot_interfaces__rosidl_typesupport_fastrtps_cpp.dir/rosidl_typesupport_fastrtps_cpp/robot_interfaces/srv/detail/dds_fastrtps/remove_obstacle__type_support.cpp.o[0m
[13.840s] [ 69%] [32mBuilding CXX object CMakeFiles/robot_interfaces__rosidl_typesupport_cpp.dir/rosidl_typesupport_cpp/robot_interfaces/srv/put_piece__type_support.cpp.o[0m
[13.888s] [ 70%] [32mBuilding CXX object CMakeFiles/robot_interfaces__rosidl_typesupport_introspection_cpp.dir/rosidl_typesupport_introspection_cpp/robot_interfaces/srv/detail/spawn_object__type_support.cpp.o[0m
[13.964s] [ 71%] [32mBuilding CXX object CMakeFiles/robot_interfaces__rosidl_typesupport_fastrtps_cpp.dir/rosidl_typesupport_fastrtps_cpp/robot_interfaces/srv/detail/dds_fastrtps/solve_dk__type_support.cpp.o[0m
[14.044s] [ 71%] [32mBuilding CXX object CMakeFiles/robot_interfaces__rosidl_typesupport_fastrtps_c.dir/rosidl_typesupport_fastrtps_c/robot_interfaces/srv/detail/manage_tool__type_support_c.cpp.o[0m
[14.177s] [ 72%] [32mBuilding CXX object CMakeFiles/robot_interfaces__rosidl_typesupport_fastrtps_cpp.dir/rosidl_typesupport_fastrtps_cpp/robot_interfaces/srv/detail/dds_fastrtps/manage_tool__type_support.cpp.o[0m
[14.695s] [ 73%] [32mBuilding CXX object CMakeFiles/robot_interfaces__rosidl_typesupport_introspection_cpp.dir/rosidl_typesupport_introspection_cpp/robot_interfaces/srv/detail/add_camera__type_support.cpp.o[0m
[14.724s] [ 74%] [32mBuilding CXX object CMakeFiles/robot_interfaces__rosidl_typesupport_fastrtps_cpp.dir/rosidl_typesupport_fastrtps_cpp/robot_interfaces/srv/detail/dds_fastrtps/spawn_object__type_support.cpp.o[0m
[14.781s] [ 75%] [32m[1mLinking CXX shared library librobot_interfaces__rosidl_typesupport_cpp.so[0m
[14.906s] [ 76%] [32mBuilding CXX object CMakeFiles/robot_interfaces__rosidl_typesupport_fastrtps_cpp.dir/rosidl_typesupport_fastrtps_cpp/robot_interfaces/srv/detail/dds_fastrtps/add_camera__type_support.cpp.o[0m
[15.116s] [ 76%] Built target robot_interfaces__rosidl_typesupport_cpp
[15.138s] [ 77%] [32mBuilding CXX object CMakeFiles/robot_interfaces__rosidl_typesupport_fastrtps_c.dir/rosidl_typesupport_fastrtps_c/robot_interfaces/srv/detail/spawn_object__type_support_c.cpp.o[0m
[15.140s] [ 78%] [32mBuilding CXX object CMakeFiles/robot_interfaces__rosidl_typesupport_introspection_cpp.dir/rosidl_typesupport_introspection_cpp/robot_interfaces/srv/detail/put_piece__type_support.cpp.o[0m
[15.291s] [ 79%] [32mBuilding CXX object CMakeFiles/robot_interfaces__rosidl_typesupport_fastrtps_c.dir/rosidl_typesupport_fastrtps_c/robot_interfaces/srv/detail/add_camera__type_support_c.cpp.o[0m
[15.576s] [ 80%] [32mBuilding CXX object CMakeFiles/robot_interfaces__rosidl_typesupport_fastrtps_c.dir/rosidl_typesupport_fastrtps_c/robot_interfaces/srv/detail/put_piece__type_support_c.cpp.o[0m
[15.727s] [ 81%] [32mBuilding CXX object CMakeFiles/robot_interfaces__rosidl_typesupport_fastrtps_cpp.dir/rosidl_typesupport_fastrtps_cpp/robot_interfaces/srv/detail/dds_fastrtps/put_piece__type_support.cpp.o[0m
[16.118s] [ 82%] [32m[1mLinking CXX shared library librobot_interfaces__rosidl_typesupport_introspection_cpp.so[0m
[16.421s] [ 82%] Built target robot_interfaces__rosidl_typesupport_introspection_cpp
[16.579s] [ 83%] [32m[1mLinking CXX shared library librobot_interfaces__rosidl_typesupport_fastrtps_c.so[0m
[16.807s] [ 83%] Built target robot_interfaces__rosidl_typesupport_fastrtps_c
[16.824s] [ 84%] [32m[1mLinking CXX shared library librobot_interfaces__rosidl_typesupport_fastrtps_cpp.so[0m
[17.063s] [ 84%] Built target robot_interfaces__rosidl_typesupport_fastrtps_cpp
[17.091s] [ 84%] Built target robot_interfaces
[17.121s] [ 85%] [34m[1mGenerating Python code for ROS interfaces[0m
[18.892s] [ 85%] Built target robot_interfaces__py
[18.928s] [ 88%] [32mBuilding C object CMakeFiles/robot_interfaces__rosidl_generator_py.dir/rosidl_generator_py/robot_interfaces/srv/_solve_ik_s.c.o[0m
[18.928s] [ 88%] [32mBuilding C object CMakeFiles/robot_interfaces__rosidl_generator_py.dir/rosidl_generator_py/robot_interfaces/srv/_add_obstacle_s.c.o[0m
[18.929s] [ 88%] [32mBuilding C object CMakeFiles/robot_interfaces__rosidl_generator_py.dir/rosidl_generator_py/robot_interfaces/srv/_remove_obstacle_s.c.o[0m
[18.929s] [ 90%] [32mBuilding C object CMakeFiles/robot_interfaces__rosidl_generator_py.dir/rosidl_generator_py/robot_interfaces/srv/_solve_dk_s.c.o[0m
[18.929s] [ 90%] [32mBuilding C object CMakeFiles/robot_interfaces__rosidl_generator_py.dir/rosidl_generator_py/robot_interfaces/srv/_manage_tool_s.c.o[0m
[18.929s] [ 91%] [32mBuilding C object CMakeFiles/robot_interfaces__rosidl_generator_py.dir/rosidl_generator_py/robot_interfaces/srv/_spawn_object_s.c.o[0m
[18.929s] [ 92%] [32mBuilding C object CMakeFiles/robot_interfaces__rosidl_generator_py.dir/rosidl_generator_py/robot_interfaces/srv/_put_piece_s.c.o[0m
[18.931s] [ 93%] [32mBuilding C object CMakeFiles/robot_interfaces__rosidl_generator_py.dir/rosidl_generator_py/robot_interfaces/srv/_add_camera_s.c.o[0m
[19.322s] [ 94%] [32m[1mLinking C shared library librobot_interfaces__rosidl_generator_py.so[0m
[19.475s] [ 94%] Built target robot_interfaces__rosidl_generator_py
[19.507s] [ 97%] [32mBuilding C object CMakeFiles/robot_interfaces_s__rosidl_typesupport_fastrtps_c.dir/rosidl_generator_py/robot_interfaces/_robot_interfaces_s.ep.rosidl_typesupport_fastrtps_c.c.o[0m
[19.508s] [ 97%] [32mBuilding C object CMakeFiles/robot_interfaces_s__rosidl_typesupport_c.dir/rosidl_generator_py/robot_interfaces/_robot_interfaces_s.ep.rosidl_typesupport_c.c.o[0m
[19.508s] [ 97%] [32mBuilding C object CMakeFiles/robot_interfaces_s__rosidl_typesupport_introspection_c.dir/rosidl_generator_py/robot_interfaces/_robot_interfaces_s.ep.rosidl_typesupport_introspection_c.c.o[0m
[19.781s] [ 98%] [32m[1mLinking C shared module rosidl_generator_py/robot_interfaces/robot_interfaces_s__rosidl_typesupport_c.so[0m
[19.781s] [ 99%] [32m[1mLinking C shared module rosidl_generator_py/robot_interfaces/robot_interfaces_s__rosidl_typesupport_introspection_c.so[0m
[19.821s] [100%] [32m[1mLinking C shared module rosidl_generator_py/robot_interfaces/robot_interfaces_s__rosidl_typesupport_fastrtps_c.so[0m
[19.907s] [100%] Built target robot_interfaces_s__rosidl_typesupport_c
[19.909s] [100%] Built target robot_interfaces_s__rosidl_typesupport_introspection_c
[19.973s] [100%] Built target robot_interfaces_s__rosidl_typesupport_fastrtps_c
[19.993s] Invoked command in '/home/silvia/TFG/TFG/src/ros2_ws/build/robot_interfaces' returned '0': CMAKE_PREFIX_PATH=${CMAKE_PREFIX_PATH}:/opt/ros/jazzy /usr/bin/cmake --build /home/silvia/TFG/TFG/src/ros2_ws/build/robot_interfaces -- -j8 -l8
[20.008s] Invoking command in '/home/silvia/TFG/TFG/src/ros2_ws/build/robot_interfaces': CMAKE_PREFIX_PATH=${CMAKE_PREFIX_PATH}:/opt/ros/jazzy /usr/bin/cmake --install /home/silvia/TFG/TFG/src/ros2_ws/build/robot_interfaces
[20.021s] -- Install configuration: ""
[20.023s] -- Installing: /home/silvia/TFG/TFG/src/ros2_ws/install/robot_interfaces/share/ament_index/resource_index/rosidl_interfaces/robot_interfaces
[20.024s] -- Installing: /home/silvia/TFG/TFG/src/ros2_ws/install/robot_interfaces/share/robot_interfaces/srv/SolveIK.json
[20.024s] -- Installing: /home/silvia/TFG/TFG/src/ros2_ws/install/robot_interfaces/share/robot_interfaces/srv/AddObstacle.json
[20.024s] -- Installing: /home/silvia/TFG/TFG/src/ros2_ws/install/robot_interfaces/share/robot_interfaces/srv/RemoveObstacle.json
[20.025s] -- Installing: /home/silvia/TFG/TFG/src/ros2_ws/install/robot_interfaces/share/robot_interfaces/srv/SolveDK.json
[20.025s] -- Installing: /home/silvia/TFG/TFG/src/ros2_ws/install/robot_interfaces/share/robot_interfaces/srv/ManageTool.json
[20.026s] -- Installing: /home/silvia/TFG/TFG/src/ros2_ws/install/robot_interfaces/share/robot_interfaces/srv/SpawnObject.json
[20.026s] -- Installing: /home/silvia/TFG/TFG/src/ros2_ws/install/robot_interfaces/share/robot_interfaces/srv/AddCamera.json
[20.026s] -- Installing: /home/silvia/TFG/TFG/src/ros2_ws/install/robot_interfaces/share/robot_interfaces/srv/PutPiece.json
[20.027s] -- Installing: /home/silvia/TFG/TFG/src/ros2_ws/install/robot_interfaces/include/robot_interfaces/robot_interfaces
[20.028s] -- Installing: /home/silvia/TFG/TFG/src/ros2_ws/install/robot_interfaces/include/robot_interfaces/robot_interfaces/srv
[20.028s] -- Installing: /home/silvia/TFG/TFG/src/ros2_ws/install/robot_interfaces/include/robot_interfaces/robot_interfaces/srv/manage_tool.h
[20.029s] -- Installing: /home/silvia/TFG/TFG/src/ros2_ws/install/robot_interfaces/include/robot_interfaces/robot_interfaces/srv/solve_ik.h
[20.029s] -- Installing: /home/silvia/TFG/TFG/src/ros2_ws/install/robot_interfaces/include/robot_interfaces/robot_interfaces/srv/put_piece.h
[20.029s] -- Installing: /home/silvia/TFG/TFG/src/ros2_ws/install/robot_interfaces/include/robot_interfaces/robot_interfaces/srv/remove_obstacle.h
[20.030s] -- Installing: /home/silvia/TFG/TFG/src/ros2_ws/install/robot_interfaces/include/robot_interfaces/robot_interfaces/srv/spawn_object.h
[20.030s] -- Installing: /home/silvia/TFG/TFG/src/ros2_ws/install/robot_interfaces/include/robot_interfaces/robot_interfaces/srv/add_camera.h
[20.031s] -- Installing: /home/silvia/TFG/TFG/src/ros2_ws/install/robot_interfaces/include/robot_interfaces/robot_interfaces/srv/solve_dk.h
[20.031s] -- Installing: /home/silvia/TFG/TFG/src/ros2_ws/install/robot_interfaces/include/robot_interfaces/robot_interfaces/srv/detail
[20.032s] -- Installing: /home/silvia/TFG/TFG/src/ros2_ws/install/robot_interfaces/include/robot_interfaces/robot_interfaces/srv/detail/remove_obstacle__type_support.h
[20.032s] -- Installing: /home/silvia/TFG/TFG/src/ros2_ws/install/robot_interfaces/include/robot_interfaces/robot_interfaces/srv/detail/remove_obstacle__type_support.c
[20.033s] -- Installing: /home/silvia/TFG/TFG/src/ros2_ws/install/robot_interfaces/include/robot_interfaces/robot_interfaces/srv/detail/manage_tool__type_support.h
[20.033s] -- Installing: /home/silvia/TFG/TFG/src/ros2_ws/install/robot_interfaces/include/robot_interfaces/robot_interfaces/srv/detail/add_camera__functions.c
[20.033s] -- Installing: /home/silvia/TFG/TFG/src/ros2_ws/install/robot_interfaces/include/robot_interfaces/robot_interfaces/srv/detail/add_obstacle__functions.c
[20.033s] -- Installing: /home/silvia/TFG/TFG/src/ros2_ws/install/robot_interfaces/include/robot_interfaces/robot_interfaces/srv/detail/put_piece__functions.h
[20.034s] -- Installing: /home/silvia/TFG/TFG/src/ros2_ws/install/robot_interfaces/include/robot_interfaces/robot_interfaces/srv/detail/solve_ik__functions.h
[20.034s] -- Installing: /home/silvia/TFG/TFG/src/ros2_ws/install/robot_interfaces/include/robot_interfaces/robot_interfaces/srv/detail/solve_dk__description.c
[20.035s] -- Installing: /home/silvia/TFG/TFG/src/ros2_ws/install/robot_interfaces/include/robot_interfaces/robot_interfaces/srv/detail/solve_ik__functions.c
[20.035s] -- Installing: /home/silvia/TFG/TFG/src/ros2_ws/install/robot_interfaces/include/robot_interfaces/robot_interfaces/srv/detail/put_piece__functions.c
[20.036s] -- Installing: /home/silvia/TFG/TFG/src/ros2_ws/install/robot_interfaces/include/robot_interfaces/robot_interfaces/srv/detail/add_obstacle__struct.h
[20.036s] -- Installing: /home/silvia/TFG/TFG/src/ros2_ws/install/robot_interfaces/include/robot_interfaces/robot_interfaces/srv/detail/spawn_object__functions.h
[20.036s] -- Installing: /home/silvia/TFG/TFG/src/ros2_ws/install/robot_interfaces/include/robot_interfaces/robot_interfaces/srv/detail/remove_obstacle__functions.h
[20.037s] -- Installing: /home/silvia/TFG/TFG/src/ros2_ws/install/robot_interfaces/include/robot_interfaces/robot_interfaces/srv/detail/manage_tool__struct.h
[20.037s] -- Installing: /home/silvia/TFG/TFG/src/ros2_ws/install/robot_interfaces/include/robot_interfaces/robot_interfaces/srv/detail/remove_obstacle__description.c
[20.038s] -- Installing: /home/silvia/TFG/TFG/src/ros2_ws/install/robot_interfaces/include/robot_interfaces/robot_interfaces/srv/detail/add_obstacle__functions.h
[20.038s] -- Installing: /home/silvia/TFG/TFG/src/ros2_ws/install/robot_interfaces/include/robot_interfaces/robot_interfaces/srv/detail/spawn_object__type_support.h
[20.038s] -- Installing: /home/silvia/TFG/TFG/src/ros2_ws/install/robot_interfaces/include/robot_interfaces/robot_interfaces/srv/detail/put_piece__type_support.h
[20.038s] -- Installing: /home/silvia/TFG/TFG/src/ros2_ws/install/robot_interfaces/include/robot_interfaces/robot_interfaces/srv/detail/remove_obstacle__struct.h
[20.039s] -- Installing: /home/silvia/TFG/TFG/src/ros2_ws/install/robot_interfaces/include/robot_interfaces/robot_interfaces/srv/detail/put_piece__type_support.c
[20.039s] -- Installing: /home/silvia/TFG/TFG/src/ros2_ws/install/robot_interfaces/include/robot_interfaces/robot_interfaces/srv/detail/spawn_object__struct.h
[20.040s] -- Installing: /home/silvia/TFG/TFG/src/ros2_ws/install/robot_interfaces/include/robot_interfaces/robot_interfaces/srv/detail/add_camera__description.c
[20.040s] -- Installing: /home/silvia/TFG/TFG/src/ros2_ws/install/robot_interfaces/include/robot_interfaces/robot_interfaces/srv/detail/add_camera__type_support.c
[20.040s] -- Installing: /home/silvia/TFG/TFG/src/ros2_ws/install/robot_interfaces/include/robot_interfaces/robot_interfaces/srv/detail/spawn_object__functions.c
[20.040s] -- Installing: /home/silvia/TFG/TFG/src/ros2_ws/install/robot_interfaces/include/robot_interfaces/robot_interfaces/srv/detail/add_camera__type_support.h
[20.041s] -- Installing: /home/silvia/TFG/TFG/src/ros2_ws/install/robot_interfaces/include/robot_interfaces/robot_interfaces/srv/detail/put_piece__struct.h
[20.041s] -- Installing: /home/silvia/TFG/TFG/src/ros2_ws/install/robot_interfaces/include/robot_interfaces/robot_interfaces/srv/detail/put_piece__description.c
[20.042s] -- Installing: /home/silvia/TFG/TFG/src/ros2_ws/install/robot_interfaces/include/robot_interfaces/robot_interfaces/srv/detail/add_obstacle__description.c
[20.042s] -- Installing: /home/silvia/TFG/TFG/src/ros2_ws/install/robot_interfaces/include/robot_interfaces/robot_interfaces/srv/detail/remove_obstacle__functions.c
[20.042s] -- Installing: /home/silvia/TFG/TFG/src/ros2_ws/install/robot_interfaces/include/robot_interfaces/robot_interfaces/srv/detail/add_obstacle__type_support.c
[20.043s] -- Installing: /home/silvia/TFG/TFG/src/ros2_ws/install/robot_interfaces/include/robot_interfaces/robot_interfaces/srv/detail/solve_ik__type_support.c
[20.043s] -- Installing: /home/silvia/TFG/TFG/src/ros2_ws/install/robot_interfaces/include/robot_interfaces/robot_interfaces/srv/detail/manage_tool__functions.c
[20.043s] -- Installing: /home/silvia/TFG/TFG/src/ros2_ws/install/robot_interfaces/include/robot_interfaces/robot_interfaces/srv/detail/spawn_object__description.c
[20.044s] -- Installing: /home/silvia/TFG/TFG/src/ros2_ws/install/robot_interfaces/include/robot_interfaces/robot_interfaces/srv/detail/add_camera__functions.h
[20.044s] -- Installing: /home/silvia/TFG/TFG/src/ros2_ws/install/robot_interfaces/include/robot_interfaces/robot_interfaces/srv/detail/solve_ik__type_support.h
[20.044s] -- Installing: /home/silvia/TFG/TFG/src/ros2_ws/install/robot_interfaces/include/robot_interfaces/robot_interfaces/srv/detail/solve_ik__description.c
[20.045s] -- Installing: /home/silvia/TFG/TFG/src/ros2_ws/install/robot_interfaces/include/robot_interfaces/robot_interfaces/srv/detail/solve_dk__struct.h
[20.045s] -- Installing: /home/silvia/TFG/TFG/src/ros2_ws/install/robot_interfaces/include/robot_interfaces/robot_interfaces/srv/detail/manage_tool__description.c
[20.045s] -- Installing: /home/silvia/TFG/TFG/src/ros2_ws/install/robot_interfaces/include/robot_interfaces/robot_interfaces/srv/detail/spawn_object__type_support.c
[20.046s] -- Installing: /home/silvia/TFG/TFG/src/ros2_ws/install/robot_interfaces/include/robot_interfaces/robot_interfaces/srv/detail/add_obstacle__type_support.h
[20.046s] -- Installing: /home/silvia/TFG/TFG/src/ros2_ws/install/robot_interfaces/include/robot_interfaces/robot_interfaces/srv/detail/manage_tool__functions.h
[20.046s] -- Installing: /home/silvia/TFG/TFG/src/ros2_ws/install/robot_interfaces/include/robot_interfaces/robot_interfaces/srv/detail/solve_ik__struct.h
[20.046s] -- Installing: /home/silvia/TFG/TFG/src/ros2_ws/install/robot_interfaces/include/robot_interfaces/robot_interfaces/srv/detail/solve_dk__functions.h
[20.047s] -- Installing: /home/silvia/TFG/TFG/src/ros2_ws/install/robot_interfaces/include/robot_interfaces/robot_interfaces/srv/detail/solve_dk__functions.c
[20.047s] -- Installing: /home/silvia/TFG/TFG/src/ros2_ws/install/robot_interfaces/include/robot_interfaces/robot_interfaces/srv/detail/solve_dk__type_support.h
[20.047s] -- Installing: /home/silvia/TFG/TFG/src/ros2_ws/install/robot_interfaces/include/robot_interfaces/robot_interfaces/srv/detail/manage_tool__type_support.c
[20.048s] -- Installing: /home/silvia/TFG/TFG/src/ros2_ws/install/robot_interfaces/include/robot_interfaces/robot_interfaces/srv/detail/add_camera__struct.h
[20.048s] -- Installing: /home/silvia/TFG/TFG/src/ros2_ws/install/robot_interfaces/include/robot_interfaces/robot_interfaces/srv/detail/solve_dk__type_support.c
[20.048s] -- Installing: /home/silvia/TFG/TFG/src/ros2_ws/install/robot_interfaces/include/robot_interfaces/robot_interfaces/srv/add_obstacle.h
[20.048s] -- Installing: /home/silvia/TFG/TFG/src/ros2_ws/install/robot_interfaces/include/robot_interfaces/robot_interfaces/msg
[20.049s] -- Installing: /home/silvia/TFG/TFG/src/ros2_ws/install/robot_interfaces/include/robot_interfaces/robot_interfaces/msg/rosidl_generator_c__visibility_control.h
[20.049s] -- Installing: /home/silvia/TFG/TFG/src/ros2_ws/install/robot_interfaces/share/robot_interfaces/environment/library_path.sh
[20.050s] -- Installing: /home/silvia/TFG/TFG/src/ros2_ws/install/robot_interfaces/share/robot_interfaces/environment/library_path.dsv
[20.050s] -- Installing: /home/silvia/TFG/TFG/src/ros2_ws/install/robot_interfaces/lib/librobot_interfaces__rosidl_generator_c.so
[20.052s] -- Set non-toolchain portion of runtime path of "/home/silvia/TFG/TFG/src/ros2_ws/install/robot_interfaces/lib/librobot_interfaces__rosidl_generator_c.so" to ""
[20.053s] -- Up-to-date: /home/silvia/TFG/TFG/src/ros2_ws/install/robot_interfaces/include/robot_interfaces/robot_interfaces
[20.053s] -- Up-to-date: /home/silvia/TFG/TFG/src/ros2_ws/install/robot_interfaces/include/robot_interfaces/robot_interfaces/srv
[20.053s] -- Up-to-date: /home/silvia/TFG/TFG/src/ros2_ws/install/robot_interfaces/include/robot_interfaces/robot_interfaces/srv/detail
[20.053s] -- Installing: /home/silvia/TFG/TFG/src/ros2_ws/install/robot_interfaces/include/robot_interfaces/robot_interfaces/srv/detail/solve_ik__rosidl_typesupport_fastrtps_c.h
[20.053s] -- Installing: /home/silvia/TFG/TFG/src/ros2_ws/install/robot_interfaces/include/robot_interfaces/robot_interfaces/srv/detail/solve_dk__rosidl_typesupport_fastrtps_c.h
[20.054s] -- Installing: /home/silvia/TFG/TFG/src/ros2_ws/install/robot_interfaces/include/robot_interfaces/robot_interfaces/srv/detail/remove_obstacle__rosidl_typesupport_fastrtps_c.h
[20.054s] -- Installing: /home/silvia/TFG/TFG/src/ros2_ws/install/robot_interfaces/include/robot_interfaces/robot_interfaces/srv/detail/add_camera__rosidl_typesupport_fastrtps_c.h
[20.054s] -- Installing: /home/silvia/TFG/TFG/src/ros2_ws/install/robot_interfaces/include/robot_interfaces/robot_interfaces/srv/detail/spawn_object__rosidl_typesupport_fastrtps_c.h
[20.054s] -- Installing: /home/silvia/TFG/TFG/src/ros2_ws/install/robot_interfaces/include/robot_interfaces/robot_interfaces/srv/detail/add_obstacle__rosidl_typesupport_fastrtps_c.h
[20.054s] -- Installing: /home/silvia/TFG/TFG/src/ros2_ws/install/robot_interfaces/include/robot_interfaces/robot_interfaces/srv/detail/put_piece__rosidl_typesupport_fastrtps_c.h
[20.055s] -- Installing: /home/silvia/TFG/TFG/src/ros2_ws/install/robot_interfaces/include/robot_interfaces/robot_interfaces/srv/detail/manage_tool__rosidl_typesupport_fastrtps_c.h
[20.055s] -- Up-to-date: /home/silvia/TFG/TFG/src/ros2_ws/install/robot_interfaces/include/robot_interfaces/robot_interfaces/msg
[20.055s] -- Installing: /home/silvia/TFG/TFG/src/ros2_ws/install/robot_interfaces/include/robot_interfaces/robot_interfaces/msg/rosidl_typesupport_fastrtps_c__visibility_control.h
[20.055s] -- Installing: /home/silvia/TFG/TFG/src/ros2_ws/install/robot_interfaces/lib/librobot_interfaces__rosidl_typesupport_fastrtps_c.so
[20.057s] -- Set non-toolchain portion of runtime path of "/home/silvia/TFG/TFG/src/ros2_ws/install/robot_interfaces/lib/librobot_interfaces__rosidl_typesupport_fastrtps_c.so" to ""
[20.057s] -- Up-to-date: /home/silvia/TFG/TFG/src/ros2_ws/install/robot_interfaces/include/robot_interfaces/robot_interfaces
[20.057s] -- Up-to-date: /home/silvia/TFG/TFG/src/ros2_ws/install/robot_interfaces/include/robot_interfaces/robot_interfaces/srv
[20.057s] -- Installing: /home/silvia/TFG/TFG/src/ros2_ws/install/robot_interfaces/include/robot_interfaces/robot_interfaces/srv/remove_obstacle.hpp
[20.058s] -- Installing: /home/silvia/TFG/TFG/src/ros2_ws/install/robot_interfaces/include/robot_interfaces/robot_interfaces/srv/add_obstacle.hpp
[20.058s] -- Installing: /home/silvia/TFG/TFG/src/ros2_ws/install/robot_interfaces/include/robot_interfaces/robot_interfaces/srv/solve_dk.hpp
[20.058s] -- Installing: /home/silvia/TFG/TFG/src/ros2_ws/install/robot_interfaces/include/robot_interfaces/robot_interfaces/srv/solve_ik.hpp
[20.059s] -- Installing: /home/silvia/TFG/TFG/src/ros2_ws/install/robot_interfaces/include/robot_interfaces/robot_interfaces/srv/add_camera.hpp
[20.059s] -- Installing: /home/silvia/TFG/TFG/src/ros2_ws/install/robot_interfaces/include/robot_interfaces/robot_interfaces/srv/manage_tool.hpp
[20.059s] -- Installing: /home/silvia/TFG/TFG/src/ros2_ws/install/robot_interfaces/include/robot_interfaces/robot_interfaces/srv/put_piece.hpp
[20.059s] -- Installing: /home/silvia/TFG/TFG/src/ros2_ws/install/robot_interfaces/include/robot_interfaces/robot_interfaces/srv/spawn_object.hpp
[20.059s] -- Up-to-date: /home/silvia/TFG/TFG/src/ros2_ws/install/robot_interfaces/include/robot_interfaces/robot_interfaces/srv/detail
[20.060s] -- Installing: /home/silvia/TFG/TFG/src/ros2_ws/install/robot_interfaces/include/robot_interfaces/robot_interfaces/srv/detail/remove_obstacle__type_support.hpp
[20.060s] -- Installing: /home/silvia/TFG/TFG/src/ros2_ws/install/robot_interfaces/include/robot_interfaces/robot_interfaces/srv/detail/add_obstacle__traits.hpp
[20.060s] -- Installing: /home/silvia/TFG/TFG/src/ros2_ws/install/robot_interfaces/include/robot_interfaces/robot_interfaces/srv/detail/solve_ik__traits.hpp
[20.060s] -- Installing: /home/silvia/TFG/TFG/src/ros2_ws/install/robot_interfaces/include/robot_interfaces/robot_interfaces/srv/detail/manage_tool__traits.hpp
[20.061s] -- Installing: /home/silvia/TFG/TFG/src/ros2_ws/install/robot_interfaces/include/robot_interfaces/robot_interfaces/srv/detail/spawn_object__traits.hpp
[20.061s] -- Installing: /home/silvia/TFG/TFG/src/ros2_ws/install/robot_interfaces/include/robot_interfaces/robot_interfaces/srv/detail/solve_ik__builder.hpp
[20.061s] -- Installing: /home/silvia/TFG/TFG/src/ros2_ws/install/robot_interfaces/include/robot_interfaces/robot_interfaces/srv/detail/remove_obstacle__struct.hpp
[20.061s] -- Installing: /home/silvia/TFG/TFG/src/ros2_ws/install/robot_interfaces/include/robot_interfaces/robot_interfaces/srv/detail/manage_tool__type_support.hpp
[20.062s] -- Installing: /home/silvia/TFG/TFG/src/ros2_ws/install/robot_interfaces/include/robot_interfaces/robot_interfaces/srv/detail/solve_dk__struct.hpp
[20.062s] -- Installing: /home/silvia/TFG/TFG/src/ros2_ws/install/robot_interfaces/include/robot_interfaces/robot_interfaces/srv/detail/put_piece__builder.hpp
[20.062s] -- Installing: /home/silvia/TFG/TFG/src/ros2_ws/install/robot_interfaces/include/robot_interfaces/robot_interfaces/srv/detail/manage_tool__builder.hpp
[20.062s] -- Installing: /home/silvia/TFG/TFG/src/ros2_ws/install/robot_interfaces/include/robot_interfaces/robot_interfaces/srv/detail/spawn_object__builder.hpp
[20.062s] -- Installing: /home/silvia/TFG/TFG/src/ros2_ws/install/robot_interfaces/include/robot_interfaces/robot_interfaces/srv/detail/add_obstacle__struct.hpp
[20.063s] -- Installing: /home/silvia/TFG/TFG/src/ros2_ws/install/robot_interfaces/include/robot_interfaces/robot_interfaces/srv/detail/manage_tool__struct.hpp
[20.063s] -- Installing: /home/silvia/TFG/TFG/src/ros2_ws/install/robot_interfaces/include/robot_interfaces/robot_interfaces/srv/detail/put_piece__struct.hpp
[20.063s] -- Installing: /home/silvia/TFG/TFG/src/ros2_ws/install/robot_interfaces/include/robot_interfaces/robot_interfaces/srv/detail/solve_ik__struct.hpp
[20.064s] -- Installing: /home/silvia/TFG/TFG/src/ros2_ws/install/robot_interfaces/include/robot_interfaces/robot_interfaces/srv/detail/put_piece__type_support.hpp
[20.064s] -- Installing: /home/silvia/TFG/TFG/src/ros2_ws/install/robot_interfaces/include/robot_interfaces/robot_interfaces/srv/detail/add_camera__struct.hpp
[20.064s] -- Installing: /home/silvia/TFG/TFG/src/ros2_ws/install/robot_interfaces/include/robot_interfaces/robot_interfaces/srv/detail/add_camera__type_support.hpp
[20.065s] -- Installing: /home/silvia/TFG/TFG/src/ros2_ws/install/robot_interfaces/include/robot_interfaces/robot_interfaces/srv/detail/remove_obstacle__builder.hpp
[20.065s] -- Installing: /home/silvia/TFG/TFG/src/ros2_ws/install/robot_interfaces/include/robot_interfaces/robot_interfaces/srv/detail/solve_dk__builder.hpp
[20.065s] -- Installing: /home/silvia/TFG/TFG/src/ros2_ws/install/robot_interfaces/include/robot_interfaces/robot_interfaces/srv/detail/spawn_object__type_support.hpp
[20.066s] -- Installing: /home/silvia/TFG/TFG/src/ros2_ws/install/robot_interfaces/include/robot_interfaces/robot_interfaces/srv/detail/solve_dk__type_support.hpp
[20.066s] -- Installing: /home/silvia/TFG/TFG/src/ros2_ws/install/robot_interfaces/include/robot_interfaces/robot_interfaces/srv/detail/add_camera__traits.hpp
[20.066s] -- Installing: /home/silvia/TFG/TFG/src/ros2_ws/install/robot_interfaces/include/robot_interfaces/robot_interfaces/srv/detail/spawn_object__struct.hpp
[20.066s] -- Installing: /home/silvia/TFG/TFG/src/ros2_ws/install/robot_interfaces/include/robot_interfaces/robot_interfaces/srv/detail/solve_dk__traits.hpp
[20.067s] -- Installing: /home/silvia/TFG/TFG/src/ros2_ws/install/robot_interfaces/include/robot_interfaces/robot_interfaces/srv/detail/solve_ik__type_support.hpp
[20.067s] -- Installing: /home/silvia/TFG/TFG/src/ros2_ws/install/robot_interfaces/include/robot_interfaces/robot_interfaces/srv/detail/add_obstacle__builder.hpp
[20.067s] -- Installing: /home/silvia/TFG/TFG/src/ros2_ws/install/robot_interfaces/include/robot_interfaces/robot_interfaces/srv/detail/add_obstacle__type_support.hpp
[20.068s] -- Installing: /home/silvia/TFG/TFG/src/ros2_ws/install/robot_interfaces/include/robot_interfaces/robot_interfaces/srv/detail/add_camera__builder.hpp
[20.068s] -- Installing: /home/silvia/TFG/TFG/src/ros2_ws/install/robot_interfaces/include/robot_interfaces/robot_interfaces/srv/detail/remove_obstacle__traits.hpp
[20.069s] -- Installing: /home/silvia/TFG/TFG/src/ros2_ws/install/robot_interfaces/include/robot_interfaces/robot_interfaces/srv/detail/put_piece__traits.hpp
[20.069s] -- Up-to-date: /home/silvia/TFG/TFG/src/ros2_ws/install/robot_interfaces/include/robot_interfaces/robot_interfaces/msg
[20.069s] -- Installing: /home/silvia/TFG/TFG/src/ros2_ws/install/robot_interfaces/include/robot_interfaces/robot_interfaces/msg/rosidl_generator_cpp__visibility_control.hpp
[20.069s] -- Up-to-date: /home/silvia/TFG/TFG/src/ros2_ws/install/robot_interfaces/include/robot_interfaces/robot_interfaces
[20.070s] -- Up-to-date: /home/silvia/TFG/TFG/src/ros2_ws/install/robot_interfaces/include/robot_interfaces/robot_interfaces/srv
[20.070s] -- Up-to-date: /home/silvia/TFG/TFG/src/ros2_ws/install/robot_interfaces/include/robot_interfaces/robot_interfaces/srv/detail
[20.070s] -- Installing: /home/silvia/TFG/TFG/src/ros2_ws/install/robot_interfaces/include/robot_interfaces/robot_interfaces/srv/detail/add_camera__rosidl_typesupport_fastrtps_cpp.hpp
[20.070s] -- Installing: /home/silvia/TFG/TFG/src/ros2_ws/install/robot_interfaces/include/robot_interfaces/robot_interfaces/srv/detail/put_piece__rosidl_typesupport_fastrtps_cpp.hpp
[20.071s] -- Installing: /home/silvia/TFG/TFG/src/ros2_ws/install/robot_interfaces/include/robot_interfaces/robot_interfaces/srv/detail/manage_tool__rosidl_typesupport_fastrtps_cpp.hpp
[20.071s] -- Installing: /home/silvia/TFG/TFG/src/ros2_ws/install/robot_interfaces/include/robot_interfaces/robot_interfaces/srv/detail/dds_fastrtps
[20.071s] -- Installing: /home/silvia/TFG/TFG/src/ros2_ws/install/robot_interfaces/include/robot_interfaces/robot_interfaces/srv/detail/add_obstacle__rosidl_typesupport_fastrtps_cpp.hpp
[20.071s] -- Installing: /home/silvia/TFG/TFG/src/ros2_ws/install/robot_interfaces/include/robot_interfaces/robot_interfaces/srv/detail/solve_dk__rosidl_typesupport_fastrtps_cpp.hpp
[20.072s] -- Installing: /home/silvia/TFG/TFG/src/ros2_ws/install/robot_interfaces/include/robot_interfaces/robot_interfaces/srv/detail/remove_obstacle__rosidl_typesupport_fastrtps_cpp.hpp
[20.072s] -- Installing: /home/silvia/TFG/TFG/src/ros2_ws/install/robot_interfaces/include/robot_interfaces/robot_interfaces/srv/detail/solve_ik__rosidl_typesupport_fastrtps_cpp.hpp
[20.073s] -- Installing: /home/silvia/TFG/TFG/src/ros2_ws/install/robot_interfaces/include/robot_interfaces/robot_interfaces/srv/detail/spawn_object__rosidl_typesupport_fastrtps_cpp.hpp
[20.073s] -- Up-to-date: /home/silvia/TFG/TFG/src/ros2_ws/install/robot_interfaces/include/robot_interfaces/robot_interfaces/msg
[20.073s] -- Installing: /home/silvia/TFG/TFG/src/ros2_ws/install/robot_interfaces/include/robot_interfaces/robot_interfaces/msg/rosidl_typesupport_fastrtps_cpp__visibility_control.h
[20.073s] -- Installing: /home/silvia/TFG/TFG/src/ros2_ws/install/robot_interfaces/lib/librobot_interfaces__rosidl_typesupport_fastrtps_cpp.so
[20.075s] -- Set non-toolchain portion of runtime path of "/home/silvia/TFG/TFG/src/ros2_ws/install/robot_interfaces/lib/librobot_interfaces__rosidl_typesupport_fastrtps_cpp.so" to ""
[20.075s] -- Up-to-date: /home/silvia/TFG/TFG/src/ros2_ws/install/robot_interfaces/include/robot_interfaces/robot_interfaces
[20.076s] -- Up-to-date: /home/silvia/TFG/TFG/src/ros2_ws/install/robot_interfaces/include/robot_interfaces/robot_interfaces/srv
[20.076s] -- Up-to-date: /home/silvia/TFG/TFG/src/ros2_ws/install/robot_interfaces/include/robot_interfaces/robot_interfaces/srv/detail
[20.076s] -- Installing: /home/silvia/TFG/TFG/src/ros2_ws/install/robot_interfaces/include/robot_interfaces/robot_interfaces/srv/detail/put_piece__rosidl_typesupport_introspection_c.h
[20.077s] -- Installing: /home/silvia/TFG/TFG/src/ros2_ws/install/robot_interfaces/include/robot_interfaces/robot_interfaces/srv/detail/add_obstacle__rosidl_typesupport_introspection_c.h
[20.077s] -- Installing: /home/silvia/TFG/TFG/src/ros2_ws/install/robot_interfaces/include/robot_interfaces/robot_interfaces/srv/detail/remove_obstacle__type_support.c
[20.077s] -- Installing: /home/silvia/TFG/TFG/src/ros2_ws/install/robot_interfaces/include/robot_interfaces/robot_interfaces/srv/detail/manage_tool__rosidl_typesupport_introspection_c.h
[20.077s] -- Installing: /home/silvia/TFG/TFG/src/ros2_ws/install/robot_interfaces/include/robot_interfaces/robot_interfaces/srv/detail/spawn_object__rosidl_typesupport_introspection_c.h
[20.078s] -- Installing: /home/silvia/TFG/TFG/src/ros2_ws/install/robot_interfaces/include/robot_interfaces/robot_interfaces/srv/detail/put_piece__type_support.c
[20.078s] -- Installing: /home/silvia/TFG/TFG/src/ros2_ws/install/robot_interfaces/include/robot_interfaces/robot_interfaces/srv/detail/add_camera__type_support.c
[20.078s] -- Installing: /home/silvia/TFG/TFG/src/ros2_ws/install/robot_interfaces/include/robot_interfaces/robot_interfaces/srv/detail/add_obstacle__type_support.c
[20.078s] -- Installing: /home/silvia/TFG/TFG/src/ros2_ws/install/robot_interfaces/include/robot_interfaces/robot_interfaces/srv/detail/solve_ik__type_support.c
[20.079s] -- Installing: /home/silvia/TFG/TFG/src/ros2_ws/install/robot_interfaces/include/robot_interfaces/robot_interfaces/srv/detail/spawn_object__type_support.c
[20.079s] -- Installing: /home/silvia/TFG/TFG/src/ros2_ws/install/robot_interfaces/include/robot_interfaces/robot_interfaces/srv/detail/add_camera__rosidl_typesupport_introspection_c.h
[20.079s] -- Installing: /home/silvia/TFG/TFG/src/ros2_ws/install/robot_interfaces/include/robot_interfaces/robot_interfaces/srv/detail/solve_dk__rosidl_typesupport_introspection_c.h
[20.080s] -- Installing: /home/silvia/TFG/TFG/src/ros2_ws/install/robot_interfaces/include/robot_interfaces/robot_interfaces/srv/detail/solve_ik__rosidl_typesupport_introspection_c.h
[20.080s] -- Installing: /home/silvia/TFG/TFG/src/ros2_ws/install/robot_interfaces/include/robot_interfaces/robot_interfaces/srv/detail/manage_tool__type_support.c
[20.080s] -- Installing: /home/silvia/TFG/TFG/src/ros2_ws/install/robot_interfaces/include/robot_interfaces/robot_interfaces/srv/detail/solve_dk__type_support.c
[20.080s] -- Installing: /home/silvia/TFG/TFG/src/ros2_ws/install/robot_interfaces/include/robot_interfaces/robot_interfaces/srv/detail/remove_obstacle__rosidl_typesupport_introspection_c.h
[20.081s] -- Up-to-date: /home/silvia/TFG/TFG/src/ros2_ws/install/robot_interfaces/include/robot_interfaces/robot_interfaces/msg
[20.081s] -- Installing: /home/silvia/TFG/TFG/src/ros2_ws/install/robot_interfaces/include/robot_interfaces/robot_interfaces/msg/rosidl_typesupport_introspection_c__visibility_control.h
[20.082s] -- Installing: /home/silvia/TFG/TFG/src/ros2_ws/install/robot_interfaces/lib/librobot_interfaces__rosidl_typesupport_introspection_c.so
[20.083s] -- Set non-toolchain portion of runtime path of "/home/silvia/TFG/TFG/src/ros2_ws/install/robot_interfaces/lib/librobot_interfaces__rosidl_typesupport_introspection_c.so" to ""
[20.083s] -- Installing: /home/silvia/TFG/TFG/src/ros2_ws/install/robot_interfaces/lib/librobot_interfaces__rosidl_typesupport_c.so
[20.084s] -- Set non-toolchain portion of runtime path of "/home/silvia/TFG/TFG/src/ros2_ws/install/robot_interfaces/lib/librobot_interfaces__rosidl_typesupport_c.so" to ""
[20.084s] -- Up-to-date: /home/silvia/TFG/TFG/src/ros2_ws/install/robot_interfaces/include/robot_interfaces/robot_interfaces
[20.084s] -- Up-to-date: /home/silvia/TFG/TFG/src/ros2_ws/install/robot_interfaces/include/robot_interfaces/robot_interfaces/srv
[20.085s] -- Up-to-date: /home/silvia/TFG/TFG/src/ros2_ws/install/robot_interfaces/include/robot_interfaces/robot_interfaces/srv/detail
[20.085s] -- Installing: /home/silvia/TFG/TFG/src/ros2_ws/install/robot_interfaces/include/robot_interfaces/robot_interfaces/srv/detail/add_obstacle__rosidl_typesupport_introspection_cpp.hpp
[20.085s] -- Installing: /home/silvia/TFG/TFG/src/ros2_ws/install/robot_interfaces/include/robot_interfaces/robot_interfaces/srv/detail/spawn_object__rosidl_typesupport_introspection_cpp.hpp
[20.086s] -- Installing: /home/silvia/TFG/TFG/src/ros2_ws/install/robot_interfaces/include/robot_interfaces/robot_interfaces/srv/detail/solve_ik__type_support.cpp
[20.086s] -- Installing: /home/silvia/TFG/TFG/src/ros2_ws/install/robot_interfaces/include/robot_interfaces/robot_interfaces/srv/detail/manage_tool__type_support.cpp
[20.086s] -- Installing: /home/silvia/TFG/TFG/src/ros2_ws/install/robot_interfaces/include/robot_interfaces/robot_interfaces/srv/detail/add_camera__rosidl_typesupport_introspection_cpp.hpp
[20.086s] -- Installing: /home/silvia/TFG/TFG/src/ros2_ws/install/robot_interfaces/include/robot_interfaces/robot_interfaces/srv/detail/solve_dk__type_support.cpp
[20.086s] -- Installing: /home/silvia/TFG/TFG/src/ros2_ws/install/robot_interfaces/include/robot_interfaces/robot_interfaces/srv/detail/put_piece__type_support.cpp
[20.087s] -- Installing: /home/silvia/TFG/TFG/src/ros2_ws/install/robot_interfaces/include/robot_interfaces/robot_interfaces/srv/detail/add_obstacle__type_support.cpp
[20.087s] -- Installing: /home/silvia/TFG/TFG/src/ros2_ws/install/robot_interfaces/include/robot_interfaces/robot_interfaces/srv/detail/remove_obstacle__type_support.cpp
[20.088s] -- Installing: /home/silvia/TFG/TFG/src/ros2_ws/install/robot_interfaces/include/robot_interfaces/robot_interfaces/srv/detail/add_camera__type_support.cpp
[20.088s] -- Installing: /home/silvia/TFG/TFG/src/ros2_ws/install/robot_interfaces/include/robot_interfaces/robot_interfaces/srv/detail/put_piece__rosidl_typesupport_introspection_cpp.hpp
[20.088s] -- Installing: /home/silvia/TFG/TFG/src/ros2_ws/install/robot_interfaces/include/robot_interfaces/robot_interfaces/srv/detail/solve_ik__rosidl_typesupport_introspection_cpp.hpp
[20.089s] -- Installing: /home/silvia/TFG/TFG/src/ros2_ws/install/robot_interfaces/include/robot_interfaces/robot_interfaces/srv/detail/spawn_object__type_support.cpp
[20.089s] -- Installing: /home/silvia/TFG/TFG/src/ros2_ws/install/robot_interfaces/include/robot_interfaces/robot_interfaces/srv/detail/remove_obstacle__rosidl_typesupport_introspection_cpp.hpp
[20.089s] -- Installing: /home/silvia/TFG/TFG/src/ros2_ws/install/robot_interfaces/include/robot_interfaces/robot_interfaces/srv/detail/solve_dk__rosidl_typesupport_introspection_cpp.hpp
[20.089s] -- Installing: /home/silvia/TFG/TFG/src/ros2_ws/install/robot_interfaces/include/robot_interfaces/robot_interfaces/srv/detail/manage_tool__rosidl_typesupport_introspection_cpp.hpp
[20.090s] -- Installing: /home/silvia/TFG/TFG/src/ros2_ws/install/robot_interfaces/lib/librobot_interfaces__rosidl_typesupport_introspection_cpp.so
[20.091s] -- Set non-toolchain portion of runtime path of "/home/silvia/TFG/TFG/src/ros2_ws/install/robot_interfaces/lib/librobot_interfaces__rosidl_typesupport_introspection_cpp.so" to ""
[20.092s] -- Installing: /home/silvia/TFG/TFG/src/ros2_ws/install/robot_interfaces/lib/librobot_interfaces__rosidl_typesupport_cpp.so
[20.093s] -- Set non-toolchain portion of runtime path of "/home/silvia/TFG/TFG/src/ros2_ws/install/robot_interfaces/lib/librobot_interfaces__rosidl_typesupport_cpp.so" to ""
[20.093s] -- Installing: /home/silvia/TFG/TFG/src/ros2_ws/install/robot_interfaces/share/robot_interfaces/environment/pythonpath.sh
[20.093s] -- Installing: /home/silvia/TFG/TFG/src/ros2_ws/install/robot_interfaces/share/robot_interfaces/environment/pythonpath.dsv
[20.094s] -- Installing: /home/silvia/TFG/TFG/src/ros2_ws/install/robot_interfaces/lib/python3.12/site-packages/robot_interfaces-0.0.0-py3.12.egg-info
[20.095s] -- Installing: /home/silvia/TFG/TFG/src/ros2_ws/install/robot_interfaces/lib/python3.12/site-packages/robot_interfaces-0.0.0-py3.12.egg-info/dependency_links.txt
[20.095s] -- Installing: /home/silvia/TFG/TFG/src/ros2_ws/install/robot_interfaces/lib/python3.12/site-packages/robot_interfaces-0.0.0-py3.12.egg-info/top_level.txt
[20.095s] -- Installing: /home/silvia/TFG/TFG/src/ros2_ws/install/robot_interfaces/lib/python3.12/site-packages/robot_interfaces-0.0.0-py3.12.egg-info/SOURCES.txt
[20.096s] -- Installing: /home/silvia/TFG/TFG/src/ros2_ws/install/robot_interfaces/lib/python3.12/site-packages/robot_interfaces-0.0.0-py3.12.egg-info/PKG-INFO
[20.096s] -- Installing: /home/silvia/TFG/TFG/src/ros2_ws/install/robot_interfaces/lib/python3.12/site-packages/robot_interfaces
[20.096s] -- Installing: /home/silvia/TFG/TFG/src/ros2_ws/install/robot_interfaces/lib/python3.12/site-packages/robot_interfaces/_robot_interfaces_s.ep.rosidl_typesupport_introspection_c.c
[20.097s] -- Installing: /home/silvia/TFG/TFG/src/ros2_ws/install/robot_interfaces/lib/python3.12/site-packages/robot_interfaces/_robot_interfaces_s.ep.rosidl_typesupport_fastrtps_c.c
[20.097s] -- Installing: /home/silvia/TFG/TFG/src/ros2_ws/install/robot_interfaces/lib/python3.12/site-packages/robot_interfaces/robot_interfaces_s__rosidl_typesupport_fastrtps_c.so
[20.097s] -- Installing: /home/silvia/TFG/TFG/src/ros2_ws/install/robot_interfaces/lib/python3.12/site-packages/robot_interfaces/_robot_interfaces_s.ep.rosidl_typesupport_c.c
[20.098s] -- Installing: /home/silvia/TFG/TFG/src/ros2_ws/install/robot_interfaces/lib/python3.12/site-packages/robot_interfaces/srv
[20.098s] -- Installing: /home/silvia/TFG/TFG/src/ros2_ws/install/robot_interfaces/lib/python3.12/site-packages/robot_interfaces/srv/_add_camera.py
[20.098s] -- Installing: /home/silvia/TFG/TFG/src/ros2_ws/install/robot_interfaces/lib/python3.12/site-packages/robot_interfaces/srv/_add_obstacle.py
[20.099s] -- Installing: /home/silvia/TFG/TFG/src/ros2_ws/install/robot_interfaces/lib/python3.12/site-packages/robot_interfaces/srv/_put_piece_s.c
[20.099s] -- Installing: /home/silvia/TFG/TFG/src/ros2_ws/install/robot_interfaces/lib/python3.12/site-packages/robot_interfaces/srv/_remove_obstacle.py
[20.099s] -- Installing: /home/silvia/TFG/TFG/src/ros2_ws/install/robot_interfaces/lib/python3.12/site-packages/robot_interfaces/srv/_manage_tool.py
[20.100s] -- Installing: /home/silvia/TFG/TFG/src/ros2_ws/install/robot_interfaces/lib/python3.12/site-packages/robot_interfaces/srv/_spawn_object.py
[20.100s] -- Installing: /home/silvia/TFG/TFG/src/ros2_ws/install/robot_interfaces/lib/python3.12/site-packages/robot_interfaces/srv/__init__.py
[20.101s] -- Installing: /home/silvia/TFG/TFG/src/ros2_ws/install/robot_interfaces/lib/python3.12/site-packages/robot_interfaces/srv/_remove_obstacle_s.c
[20.101s] -- Installing: /home/silvia/TFG/TFG/src/ros2_ws/install/robot_interfaces/lib/python3.12/site-packages/robot_interfaces/srv/_solve_ik_s.c
[20.101s] -- Installing: /home/silvia/TFG/TFG/src/ros2_ws/install/robot_interfaces/lib/python3.12/site-packages/robot_interfaces/srv/_solve_dk_s.c
[20.101s] -- Installing: /home/silvia/TFG/TFG/src/ros2_ws/install/robot_interfaces/lib/python3.12/site-packages/robot_interfaces/srv/_manage_tool_s.c
[20.102s] -- Installing: /home/silvia/TFG/TFG/src/ros2_ws/install/robot_interfaces/lib/python3.12/site-packages/robot_interfaces/srv/_add_camera_s.c
[20.102s] -- Installing: /home/silvia/TFG/TFG/src/ros2_ws/install/robot_interfaces/lib/python3.12/site-packages/robot_interfaces/srv/_solve_ik.py
[20.102s] -- Installing: /home/silvia/TFG/TFG/src/ros2_ws/install/robot_interfaces/lib/python3.12/site-packages/robot_interfaces/srv/_add_obstacle_s.c
[20.103s] -- Installing: /home/silvia/TFG/TFG/src/ros2_ws/install/robot_interfaces/lib/python3.12/site-packages/robot_interfaces/srv/_solve_dk.py
[20.103s] -- Installing: /home/silvia/TFG/TFG/src/ros2_ws/install/robot_interfaces/lib/python3.12/site-packages/robot_interfaces/srv/_put_piece.py
[20.103s] -- Installing: /home/silvia/TFG/TFG/src/ros2_ws/install/robot_interfaces/lib/python3.12/site-packages/robot_interfaces/srv/_spawn_object_s.c
[20.104s] -- Installing: /home/silvia/TFG/TFG/src/ros2_ws/install/robot_interfaces/lib/python3.12/site-packages/robot_interfaces/__init__.py
[20.104s] -- Installing: /home/silvia/TFG/TFG/src/ros2_ws/install/robot_interfaces/lib/python3.12/site-packages/robot_interfaces/robot_interfaces_s__rosidl_typesupport_introspection_c.so
[20.104s] -- Installing: /home/silvia/TFG/TFG/src/ros2_ws/install/robot_interfaces/lib/python3.12/site-packages/robot_interfaces/robot_interfaces_s__rosidl_typesupport_c.so
[20.184s] Listing '/home/silvia/TFG/TFG/src/ros2_ws/install/robot_interfaces/lib/python3.12/site-packages/robot_interfaces'...
[20.184s] Compiling '/home/silvia/TFG/TFG/src/ros2_ws/install/robot_interfaces/lib/python3.12/site-packages/robot_interfaces/__init__.py'...
[20.184s] Listing '/home/silvia/TFG/TFG/src/ros2_ws/install/robot_interfaces/lib/python3.12/site-packages/robot_interfaces/srv'...
[20.184s] Compiling '/home/silvia/TFG/TFG/src/ros2_ws/install/robot_interfaces/lib/python3.12/site-packages/robot_interfaces/srv/__init__.py'...
[20.184s] Compiling '/home/silvia/TFG/TFG/src/ros2_ws/install/robot_interfaces/lib/python3.12/site-packages/robot_interfaces/srv/_add_camera.py'...
[20.184s] Compiling '/home/silvia/TFG/TFG/src/ros2_ws/install/robot_interfaces/lib/python3.12/site-packages/robot_interfaces/srv/_add_obstacle.py'...
[20.185s] Compiling '/home/silvia/TFG/TFG/src/ros2_ws/install/robot_interfaces/lib/python3.12/site-packages/robot_interfaces/srv/_manage_tool.py'...
[20.185s] Compiling '/home/silvia/TFG/TFG/src/ros2_ws/install/robot_interfaces/lib/python3.12/site-packages/robot_interfaces/srv/_put_piece.py'...
[20.185s] Compiling '/home/silvia/TFG/TFG/src/ros2_ws/install/robot_interfaces/lib/python3.12/site-packages/robot_interfaces/srv/_remove_obstacle.py'...
[20.185s] Compiling '/home/silvia/TFG/TFG/src/ros2_ws/install/robot_interfaces/lib/python3.12/site-packages/robot_interfaces/srv/_solve_dk.py'...
[20.185s] Compiling '/home/silvia/TFG/TFG/src/ros2_ws/install/robot_interfaces/lib/python3.12/site-packages/robot_interfaces/srv/_solve_ik.py'...
[20.185s] Compiling '/home/silvia/TFG/TFG/src/ros2_ws/install/robot_interfaces/lib/python3.12/site-packages/robot_interfaces/srv/_spawn_object.py'...
[20.191s] -- Installing: /home/silvia/TFG/TFG/src/ros2_ws/install/robot_interfaces/lib/python3.12/site-packages/robot_interfaces/robot_interfaces_s__rosidl_typesupport_fastrtps_c.so
[20.192s] -- Set non-toolchain portion of runtime path of "/home/silvia/TFG/TFG/src/ros2_ws/install/robot_interfaces/lib/python3.12/site-packages/robot_interfaces/robot_interfaces_s__rosidl_typesupport_fastrtps_c.so" to ""
[20.193s] -- Installing: /home/silvia/TFG/TFG/src/ros2_ws/install/robot_interfaces/lib/python3.12/site-packages/robot_interfaces/robot_interfaces_s__rosidl_typesupport_introspection_c.so
[20.194s] -- Set non-toolchain portion of runtime path of "/home/silvia/TFG/TFG/src/ros2_ws/install/robot_interfaces/lib/python3.12/site-packages/robot_interfaces/robot_interfaces_s__rosidl_typesupport_introspection_c.so" to ""
[20.194s] -- Installing: /home/silvia/TFG/TFG/src/ros2_ws/install/robot_interfaces/lib/python3.12/site-packages/robot_interfaces/robot_interfaces_s__rosidl_typesupport_c.so
[20.195s] -- Set non-toolchain portion of runtime path of "/home/silvia/TFG/TFG/src/ros2_ws/install/robot_interfaces/lib/python3.12/site-packages/robot_interfaces/robot_interfaces_s__rosidl_typesupport_c.so" to ""
[20.195s] -- Installing: /home/silvia/TFG/TFG/src/ros2_ws/install/robot_interfaces/lib/librobot_interfaces__rosidl_generator_py.so
[20.197s] -- Set non-toolchain portion of runtime path of "/home/silvia/TFG/TFG/src/ros2_ws/install/robot_interfaces/lib/librobot_interfaces__rosidl_generator_py.so" to ""
[20.197s] -- Installing: /home/silvia/TFG/TFG/src/ros2_ws/install/robot_interfaces/share/ament_index/resource_index/rust_packages/robot_interfaces
[20.198s] -- Installing: /home/silvia/TFG/TFG/src/ros2_ws/install/robot_interfaces/share/robot_interfaces/rust
[20.198s] -- Installing: /home/silvia/TFG/TFG/src/ros2_ws/install/robot_interfaces/share/robot_interfaces/rust/build.rs
[20.199s] -- Installing: /home/silvia/TFG/TFG/src/ros2_ws/install/robot_interfaces/share/robot_interfaces/rust/Cargo.toml
[20.199s] -- Installing: /home/silvia/TFG/TFG/src/ros2_ws/install/robot_interfaces/share/robot_interfaces/rust/src
[20.199s] -- Installing: /home/silvia/TFG/TFG/src/ros2_ws/install/robot_interfaces/share/robot_interfaces/rust/src/srv
[20.200s] -- Installing: /home/silvia/TFG/TFG/src/ros2_ws/install/robot_interfaces/share/robot_interfaces/rust/src/srv/rmw.rs
[20.200s] -- Installing: /home/silvia/TFG/TFG/src/ros2_ws/install/robot_interfaces/share/robot_interfaces/rust/src/srv.rs
[20.201s] -- Installing: /home/silvia/TFG/TFG/src/ros2_ws/install/robot_interfaces/share/robot_interfaces/rust/src/lib.rs
[20.201s] -- Installing: /home/silvia/TFG/TFG/src/ros2_ws/install/robot_interfaces/share/robot_interfaces/srv/SolveIK.idl
[20.202s] -- Installing: /home/silvia/TFG/TFG/src/ros2_ws/install/robot_interfaces/share/robot_interfaces/srv/AddObstacle.idl
[20.202s] -- Installing: /home/silvia/TFG/TFG/src/ros2_ws/install/robot_interfaces/share/robot_interfaces/srv/RemoveObstacle.idl
[20.203s] -- Installing: /home/silvia/TFG/TFG/src/ros2_ws/install/robot_interfaces/share/robot_interfaces/srv/SolveDK.idl
[20.203s] -- Installing: /home/silvia/TFG/TFG/src/ros2_ws/install/robot_interfaces/share/robot_interfaces/srv/ManageTool.idl
[20.203s] -- Installing: /home/silvia/TFG/TFG/src/ros2_ws/install/robot_interfaces/share/robot_interfaces/srv/SpawnObject.idl
[20.204s] -- Installing: /home/silvia/TFG/TFG/src/ros2_ws/install/robot_interfaces/share/robot_interfaces/srv/AddCamera.idl
[20.204s] -- Installing: /home/silvia/TFG/TFG/src/ros2_ws/install/robot_interfaces/share/robot_interfaces/srv/PutPiece.idl
[20.205s] -- Installing: /home/silvia/TFG/TFG/src/ros2_ws/install/robot_interfaces/share/robot_interfaces/srv/SolveIK.srv
[20.205s] -- Installing: /home/silvia/TFG/TFG/src/ros2_ws/install/robot_interfaces/share/robot_interfaces/srv/AddObstacle.srv
[20.205s] -- Installing: /home/silvia/TFG/TFG/src/ros2_ws/install/robot_interfaces/share/robot_interfaces/srv/RemoveObstacle.srv
[20.206s] -- Installing: /home/silvia/TFG/TFG/src/ros2_ws/install/robot_interfaces/share/robot_interfaces/srv/SolveDK.srv
[20.206s] -- Installing: /home/silvia/TFG/TFG/src/ros2_ws/install/robot_interfaces/share/robot_interfaces/srv/ManageTool.srv
[20.207s] -- Installing: /home/silvia/TFG/TFG/src/ros2_ws/install/robot_interfaces/share/robot_interfaces/srv/SpawnObject.srv
[20.207s] -- Installing: /home/silvia/TFG/TFG/src/ros2_ws/install/robot_interfaces/share/robot_interfaces/srv/AddCamera.srv
[20.207s] -- Installing: /home/silvia/TFG/TFG/src/ros2_ws/install/robot_interfaces/share/robot_interfaces/srv/PutPiece.srv
[20.208s] -- Installing: /home/silvia/TFG/TFG/src/ros2_ws/install/robot_interfaces/share/ament_index/resource_index/package_run_dependencies/robot_interfaces
[20.209s] -- Installing: /home/silvia/TFG/TFG/src/ros2_ws/install/robot_interfaces/share/ament_index/resource_index/parent_prefix_path/robot_interfaces
[20.210s] -- Installing: /home/silvia/TFG/TFG/src/ros2_ws/install/robot_interfaces/share/robot_interfaces/environment/ament_prefix_path.sh
[20.210s] -- Installing: /home/silvia/TFG/TFG/src/ros2_ws/install/robot_interfaces/share/robot_interfaces/environment/ament_prefix_path.dsv
[20.210s] -- Installing: /home/silvia/TFG/TFG/src/ros2_ws/install/robot_interfaces/share/robot_interfaces/environment/path.sh
[20.210s] -- Installing: /home/silvia/TFG/TFG/src/ros2_ws/install/robot_interfaces/share/robot_interfaces/environment/path.dsv
[20.211s] -- Installing: /home/silvia/TFG/TFG/src/ros2_ws/install/robot_interfaces/share/robot_interfaces/local_setup.bash
[20.211s] -- Installing: /home/silvia/TFG/TFG/src/ros2_ws/install/robot_interfaces/share/robot_interfaces/local_setup.sh
[20.212s] -- Installing: /home/silvia/TFG/TFG/src/ros2_ws/install/robot_interfaces/share/robot_interfaces/local_setup.zsh
[20.212s] -- Installing: /home/silvia/TFG/TFG/src/ros2_ws/install/robot_interfaces/share/robot_interfaces/local_setup.dsv
[20.212s] -- Installing: /home/silvia/TFG/TFG/src/ros2_ws/install/robot_interfaces/share/robot_interfaces/package.dsv
[20.213s] -- Installing: /home/silvia/TFG/TFG/src/ros2_ws/install/robot_interfaces/share/ament_index/resource_index/packages/robot_interfaces
[20.213s] -- Installing: /home/silvia/TFG/TFG/src/ros2_ws/install/robot_interfaces/share/robot_interfaces/cmake/export_robot_interfaces__rosidl_generator_cExport.cmake
[20.214s] -- Installing: /home/silvia/TFG/TFG/src/ros2_ws/install/robot_interfaces/share/robot_interfaces/cmake/export_robot_interfaces__rosidl_generator_cExport-noconfig.cmake
[20.214s] -- Installing: /home/silvia/TFG/TFG/src/ros2_ws/install/robot_interfaces/share/robot_interfaces/cmake/export_robot_interfaces__rosidl_typesupport_fastrtps_cExport.cmake
[20.214s] -- Installing: /home/silvia/TFG/TFG/src/ros2_ws/install/robot_interfaces/share/robot_interfaces/cmake/export_robot_interfaces__rosidl_typesupport_fastrtps_cExport-noconfig.cmake
[20.215s] -- Installing: /home/silvia/TFG/TFG/src/ros2_ws/install/robot_interfaces/share/robot_interfaces/cmake/export_robot_interfaces__rosidl_generator_cppExport.cmake
[20.215s] -- Installing: /home/silvia/TFG/TFG/src/ros2_ws/install/robot_interfaces/share/robot_interfaces/cmake/export_robot_interfaces__rosidl_typesupport_fastrtps_cppExport.cmake
[20.216s] -- Installing: /home/silvia/TFG/TFG/src/ros2_ws/install/robot_interfaces/share/robot_interfaces/cmake/export_robot_interfaces__rosidl_typesupport_fastrtps_cppExport-noconfig.cmake
[20.216s] -- Installing: /home/silvia/TFG/TFG/src/ros2_ws/install/robot_interfaces/share/robot_interfaces/cmake/robot_interfaces__rosidl_typesupport_introspection_cExport.cmake
[20.216s] -- Installing: /home/silvia/TFG/TFG/src/ros2_ws/install/robot_interfaces/share/robot_interfaces/cmake/robot_interfaces__rosidl_typesupport_introspection_cExport-noconfig.cmake
[20.217s] -- Installing: /home/silvia/TFG/TFG/src/ros2_ws/install/robot_interfaces/share/robot_interfaces/cmake/robot_interfaces__rosidl_typesupport_cExport.cmake
[20.217s] -- Installing: /home/silvia/TFG/TFG/src/ros2_ws/install/robot_interfaces/share/robot_interfaces/cmake/robot_interfaces__rosidl_typesupport_cExport-noconfig.cmake
[20.218s] -- Installing: /home/silvia/TFG/TFG/src/ros2_ws/install/robot_interfaces/share/robot_interfaces/cmake/robot_interfaces__rosidl_typesupport_introspection_cppExport.cmake
[20.218s] -- Installing: /home/silvia/TFG/TFG/src/ros2_ws/install/robot_interfaces/share/robot_interfaces/cmake/robot_interfaces__rosidl_typesupport_introspection_cppExport-noconfig.cmake
[20.219s] -- Installing: /home/silvia/TFG/TFG/src/ros2_ws/install/robot_interfaces/share/robot_interfaces/cmake/robot_interfaces__rosidl_typesupport_cppExport.cmake
[20.219s] -- Installing: /home/silvia/TFG/TFG/src/ros2_ws/install/robot_interfaces/share/robot_interfaces/cmake/robot_interfaces__rosidl_typesupport_cppExport-noconfig.cmake
[20.219s] -- Installing: /home/silvia/TFG/TFG/src/ros2_ws/install/robot_interfaces/share/robot_interfaces/cmake/export_robot_interfaces__rosidl_generator_pyExport.cmake
[20.220s] -- Installing: /home/silvia/TFG/TFG/src/ros2_ws/install/robot_interfaces/share/robot_interfaces/cmake/export_robot_interfaces__rosidl_generator_pyExport-noconfig.cmake
[20.220s] -- Installing: /home/silvia/TFG/TFG/src/ros2_ws/install/robot_interfaces/share/robot_interfaces/cmake/rosidl_cmake-extras.cmake
[20.220s] -- Installing: /home/silvia/TFG/TFG/src/ros2_ws/install/robot_interfaces/share/robot_interfaces/cmake/ament_cmake_export_dependencies-extras.cmake
[20.221s] -- Installing: /home/silvia/TFG/TFG/src/ros2_ws/install/robot_interfaces/share/robot_interfaces/cmake/ament_cmake_export_include_directories-extras.cmake
[20.221s] -- Installing: /home/silvia/TFG/TFG/src/ros2_ws/install/robot_interfaces/share/robot_interfaces/cmake/ament_cmake_export_libraries-extras.cmake
[20.222s] -- Installing: /home/silvia/TFG/TFG/src/ros2_ws/install/robot_interfaces/share/robot_interfaces/cmake/ament_cmake_export_targets-extras.cmake
[20.222s] -- Installing: /home/silvia/TFG/TFG/src/ros2_ws/install/robot_interfaces/share/robot_interfaces/cmake/rosidl_cmake_export_typesupport_targets-extras.cmake
[20.222s] -- Installing: /home/silvia/TFG/TFG/src/ros2_ws/install/robot_interfaces/share/robot_interfaces/cmake/rosidl_cmake_export_typesupport_libraries-extras.cmake
[20.223s] -- Installing: /home/silvia/TFG/TFG/src/ros2_ws/install/robot_interfaces/share/robot_interfaces/cmake/robot_interfacesConfig.cmake
[20.223s] -- Installing: /home/silvia/TFG/TFG/src/ros2_ws/install/robot_interfaces/share/robot_interfaces/cmake/robot_interfacesConfig-version.cmake
[20.223s] -- Installing: /home/silvia/TFG/TFG/src/ros2_ws/install/robot_interfaces/share/robot_interfaces/package.xml
[20.228s] Invoked command in '/home/silvia/TFG/TFG/src/ros2_ws/build/robot_interfaces' returned '0': CMAKE_PREFIX_PATH=${CMAKE_PREFIX_PATH}:/opt/ros/jazzy /usr/bin/cmake --install /home/silvia/TFG/TFG/src/ros2_ws/build/robot_interfaces
