[0.022s] Invoking command in '/home/silvia/TFG/TFG/src/ros2_ws/build/robot_interfaces': CMAKE_PREFIX_PATH=${CMAKE_PREFIX_PATH}:/home/silvia/TFG/TFG/src/ros2_ws/install/robot_inverse_kinematics:/opt/ros/jazzy /usr/bin/cmake /home/silvia/TFG/TFG/src/ros2_ws/src/robot_interfaces -DCMAKE_INSTALL_PREFIX=/home/silvia/TFG/TFG/src/ros2_ws/install/robot_interfaces
[0.361s] -- The C compiler identification is GNU 13.3.0
[1.036s] -- The CXX compiler identification is GNU 13.3.0
[1.529s] -- Detecting C compiler ABI info
[1.793s] -- Detecting C compiler ABI info - done
[1.804s] -- Check for working C compiler: /usr/bin/cc - skipped
[1.805s] -- Detecting C compile features
[1.807s] -- Detecting C compile features - done
[1.879s] -- Detecting CXX compiler ABI info
[2.145s] -- Detecting CXX compiler ABI info - done
[2.158s] -- Check for working CXX compiler: /usr/bin/c++ - skipped
[2.159s] -- Detecting CXX compile features
[2.160s] -- Detecting CXX compile features - done
[2.193s] -- Found ament_cmake: 2.5.6 (/opt/ros/jazzy/share/ament_cmake/cmake)
[2.430s] -- Found Python3: /usr/bin/python3 (found version "3.12.3") found components: Interpreter 
[2.647s] -- Found geometry_msgs: 5.3.7 (/opt/ros/jazzy/share/geometry_msgs/cmake)
[2.864s] -- Found rosidl_generator_c: 4.6.7 (/opt/ros/jazzy/share/rosidl_generator_c/cmake)
[2.899s] -- Found rosidl_generator_cpp: 4.6.7 (/opt/ros/jazzy/share/rosidl_generator_cpp/cmake)
[2.955s] -- Using all available rosidl_typesupport_c: rosidl_typesupport_fastrtps_c;rosidl_typesupport_introspection_c
[3.009s] -- Using all available rosidl_typesupport_cpp: rosidl_typesupport_fastrtps_cpp;rosidl_typesupport_introspection_cpp
[3.121s] -- Found rosidl_default_generators: 1.6.0 (/opt/ros/jazzy/share/rosidl_default_generators/cmake)
[3.167s] -- Found rosidl_adapter: 4.6.7 (/opt/ros/jazzy/share/rosidl_adapter/cmake)
[4.218s] -- Found ament_cmake_ros: 0.12.0 (/opt/ros/jazzy/share/ament_cmake_ros/cmake)
[5.479s] -- Using all available rosidl_typesupport_c: rosidl_typesupport_fastrtps_c;rosidl_typesupport_introspection_c
[5.967s] -- Using all available rosidl_typesupport_cpp: rosidl_typesupport_fastrtps_cpp;rosidl_typesupport_introspection_cpp
[5.974s] -- Found python_cmake_module: 0.11.1 (/opt/ros/jazzy/share/python_cmake_module/cmake)
[6.183s] -- Found PythonExtra: /usr/bin/python3  
[6.983s] -- Found Python3: /usr/bin/python3 (found version "3.12.3") found components: Interpreter Development NumPy Development.Module Development.Embed 
[7.160s] -- Found Python3: /usr/bin/python3 (found version "3.12.3") found components: Interpreter 
[7.165s] -- Found ament_lint_auto: 0.17.5 (/opt/ros/jazzy/share/ament_lint_auto/cmake)
[7.208s] -- Added test 'lint_cmake' to check CMake code style
[7.211s] -- Added test 'xmllint' to check XML markup files
[7.217s] -- Configuring done (7.2s)
[7.330s] -- Generating done (0.1s)
[7.352s] -- Build files have been written to: /home/silvia/TFG/TFG/src/ros2_ws/build/robot_interfaces
[7.368s] Invoked command in '/home/silvia/TFG/TFG/src/ros2_ws/build/robot_interfaces' returned '0': CMAKE_PREFIX_PATH=${CMAKE_PREFIX_PATH}:/home/silvia/TFG/TFG/src/ros2_ws/install/robot_inverse_kinematics:/opt/ros/jazzy /usr/bin/cmake /home/silvia/TFG/TFG/src/ros2_ws/src/robot_interfaces -DCMAKE_INSTALL_PREFIX=/home/silvia/TFG/TFG/src/ros2_ws/install/robot_interfaces
[7.370s] Invoking command in '/home/silvia/TFG/TFG/src/ros2_ws/build/robot_interfaces': CMAKE_PREFIX_PATH=${CMAKE_PREFIX_PATH}:/home/silvia/TFG/TFG/src/ros2_ws/install/robot_inverse_kinematics:/opt/ros/jazzy /usr/bin/cmake --build /home/silvia/TFG/TFG/src/ros2_ws/build/robot_interfaces -- -j8 -l8
[7.454s] [  1%] [34m[1mGenerating type hashes for ROS interfaces[0m
[7.457s] [  2%] [34m[1mGenerating Rust code for ROS interfaces[0m
[7.480s] [  2%] Built target ament_cmake_python_copy_robot_interfaces
[7.898s] running egg_info
[7.899s] creating robot_interfaces.egg-info
[7.945s] writing robot_interfaces.egg-info/PKG-INFO
[7.946s] writing dependency_links to robot_interfaces.egg-info/dependency_links.txt
[7.946s] writing top-level names to robot_interfaces.egg-info/top_level.txt
[7.947s] writing manifest file 'robot_interfaces.egg-info/SOURCES.txt'
[8.059s] [  2%] Built target robot_interfaces__rosidl_generator_type_description
[8.083s] [  3%] [34m[1mGenerating C code for ROS interfaces[0m
[8.089s] reading manifest file 'robot_interfaces.egg-info/SOURCES.txt'
[8.090s] writing manifest file 'robot_interfaces.egg-info/SOURCES.txt'
[8.102s] [  3%] [34m[1mGenerating C++ code for ROS interfaces[0m
[8.137s] [  3%] Built target robot_interfaces__rs
[8.155s] [  3%] Built target ament_cmake_python_build_robot_interfaces_egg
[9.576s] [  3%] Built target robot_interfaces__cpp
[9.834s] [  5%] [32mBuilding C object CMakeFiles/robot_interfaces__rosidl_generator_c.dir/rosidl_generator_c/robot_interfaces/srv/detail/solve_ik__type_support.c.o[0m
[9.834s] [  5%] [32mBuilding C object CMakeFiles/robot_interfaces__rosidl_generator_c.dir/rosidl_generator_c/robot_interfaces/srv/detail/solve_ik__description.c.o[0m
[9.834s] [  6%] [32mBuilding C object CMakeFiles/robot_interfaces__rosidl_generator_c.dir/rosidl_generator_c/robot_interfaces/srv/detail/add_obstacle__functions.c.o[0m
[9.834s] [  7%] [32mBuilding C object CMakeFiles/robot_interfaces__rosidl_generator_c.dir/rosidl_generator_c/robot_interfaces/srv/detail/solve_ik__functions.c.o[0m
[9.835s] [  8%] [32mBuilding C object CMakeFiles/robot_interfaces__rosidl_generator_c.dir/rosidl_generator_c/robot_interfaces/srv/detail/add_obstacle__type_support.c.o[0m
[9.835s] [  9%] [32mBuilding C object CMakeFiles/robot_interfaces__rosidl_generator_c.dir/rosidl_generator_c/robot_interfaces/srv/detail/remove_obstacle__description.c.o[0m
[9.835s] [ 10%] [32mBuilding C object CMakeFiles/robot_interfaces__rosidl_generator_c.dir/rosidl_generator_c/robot_interfaces/srv/detail/add_obstacle__description.c.o[0m
[9.852s] [ 11%] [32mBuilding C object CMakeFiles/robot_interfaces__rosidl_generator_c.dir/rosidl_generator_c/robot_interfaces/srv/detail/remove_obstacle__functions.c.o[0m
[9.948s] [ 12%] [32mBuilding C object CMakeFiles/robot_interfaces__rosidl_generator_c.dir/rosidl_generator_c/robot_interfaces/srv/detail/remove_obstacle__type_support.c.o[0m
[9.953s] [ 13%] [32mBuilding C object CMakeFiles/robot_interfaces__rosidl_generator_c.dir/rosidl_generator_c/robot_interfaces/srv/detail/solve_dk__description.c.o[0m
[9.963s] [ 14%] [32mBuilding C object CMakeFiles/robot_interfaces__rosidl_generator_c.dir/rosidl_generator_c/robot_interfaces/srv/detail/solve_dk__type_support.c.o[0m
[9.969s] [ 15%] [32mBuilding C object CMakeFiles/robot_interfaces__rosidl_generator_c.dir/rosidl_generator_c/robot_interfaces/srv/detail/solve_dk__functions.c.o[0m
[10.005s] [ 16%] [32mBuilding C object CMakeFiles/robot_interfaces__rosidl_generator_c.dir/rosidl_generator_c/robot_interfaces/srv/detail/manage_tool__description.c.o[0m
[10.047s] [ 17%] [32mBuilding C object CMakeFiles/robot_interfaces__rosidl_generator_c.dir/rosidl_generator_c/robot_interfaces/srv/detail/manage_tool__functions.c.o[0m
[10.051s] [ 18%] [32mBuilding C object CMakeFiles/robot_interfaces__rosidl_generator_c.dir/rosidl_generator_c/robot_interfaces/srv/detail/manage_tool__type_support.c.o[0m
[10.059s] [ 19%] [32mBuilding C object CMakeFiles/robot_interfaces__rosidl_generator_c.dir/rosidl_generator_c/robot_interfaces/srv/detail/spawn_object__description.c.o[0m
[10.065s] [ 20%] [32mBuilding C object CMakeFiles/robot_interfaces__rosidl_generator_c.dir/rosidl_generator_c/robot_interfaces/srv/detail/spawn_object__functions.c.o[0m
[10.076s] [ 21%] [32mBuilding C object CMakeFiles/robot_interfaces__rosidl_generator_c.dir/rosidl_generator_c/robot_interfaces/srv/detail/spawn_object__type_support.c.o[0m
[10.108s] [ 21%] [32mBuilding C object CMakeFiles/robot_interfaces__rosidl_generator_c.dir/rosidl_generator_c/robot_interfaces/srv/detail/add_camera__description.c.o[0m
[10.157s] [ 22%] [32mBuilding C object CMakeFiles/robot_interfaces__rosidl_generator_c.dir/rosidl_generator_c/robot_interfaces/srv/detail/add_camera__type_support.c.o[0m
[10.164s] [ 23%] [32mBuilding C object CMakeFiles/robot_interfaces__rosidl_generator_c.dir/rosidl_generator_c/robot_interfaces/srv/detail/add_camera__functions.c.o[0m
[10.183s] [ 24%] [32mBuilding C object CMakeFiles/robot_interfaces__rosidl_generator_c.dir/rosidl_generator_c/robot_interfaces/srv/detail/put_piece__description.c.o[0m
[10.191s] [ 25%] [32mBuilding C object CMakeFiles/robot_interfaces__rosidl_generator_c.dir/rosidl_generator_c/robot_interfaces/srv/detail/put_piece__functions.c.o[0m
[10.219s] [ 26%] [32mBuilding C object CMakeFiles/robot_interfaces__rosidl_generator_c.dir/rosidl_generator_c/robot_interfaces/srv/detail/put_piece__type_support.c.o[0m
[10.334s] [ 27%] [32m[1mLinking C shared library librobot_interfaces__rosidl_generator_c.so[0m
[10.496s] [ 27%] Built target robot_interfaces__rosidl_generator_c
[10.517s] [ 28%] [34m[1mGenerating C++ introspection for ROS interfaces[0m
[10.517s] [ 29%] [34m[1mGenerating C type support for eProsima Fast-RTPS[0m
[10.518s] [ 30%] [34m[1mGenerating C++ type support for eProsima Fast-RTPS[0m
[10.518s] [ 31%] [34m[1mGenerating C introspection for ROS interfaces[0m
[10.518s] [ 32%] [34m[1mGenerating C type support dispatch for ROS interfaces[0m
[10.522s] [ 33%] [34m[1mGenerating C++ type support dispatch for ROS interfaces[0m
[11.677s] [ 34%] [32mBuilding CXX object CMakeFiles/robot_interfaces__rosidl_typesupport_cpp.dir/rosidl_typesupport_cpp/robot_interfaces/srv/solve_ik__type_support.cpp.o[0m
[11.685s] [ 35%] [32mBuilding CXX object CMakeFiles/robot_interfaces__rosidl_typesupport_cpp.dir/rosidl_typesupport_cpp/robot_interfaces/srv/remove_obstacle__type_support.cpp.o[0m
[11.686s] [ 36%] [32mBuilding CXX object CMakeFiles/robot_interfaces__rosidl_typesupport_cpp.dir/rosidl_typesupport_cpp/robot_interfaces/srv/add_obstacle__type_support.cpp.o[0m
[11.729s] [ 37%] [32mBuilding CXX object CMakeFiles/robot_interfaces__rosidl_typesupport_c.dir/rosidl_typesupport_c/robot_interfaces/srv/solve_ik__type_support.cpp.o[0m
[11.909s] [ 38%] [32mBuilding CXX object CMakeFiles/robot_interfaces__rosidl_typesupport_c.dir/rosidl_typesupport_c/robot_interfaces/srv/add_obstacle__type_support.cpp.o[0m
[12.063s] [ 39%] [32mBuilding CXX object CMakeFiles/robot_interfaces__rosidl_typesupport_c.dir/rosidl_typesupport_c/robot_interfaces/srv/remove_obstacle__type_support.cpp.o[0m
[12.235s] [ 39%] [32mBuilding CXX object CMakeFiles/robot_interfaces__rosidl_typesupport_c.dir/rosidl_typesupport_c/robot_interfaces/srv/solve_dk__type_support.cpp.o[0m
[12.333s] [ 40%] [32mBuilding CXX object CMakeFiles/robot_interfaces__rosidl_typesupport_introspection_cpp.dir/rosidl_typesupport_introspection_cpp/robot_interfaces/srv/detail/solve_ik__type_support.cpp.o[0m
[12.452s] [ 41%] [32mBuilding CXX object CMakeFiles/robot_interfaces__rosidl_typesupport_c.dir/rosidl_typesupport_c/robot_interfaces/srv/manage_tool__type_support.cpp.o[0m
[12.482s] [ 42%] [32mBuilding C object CMakeFiles/robot_interfaces__rosidl_typesupport_introspection_c.dir/rosidl_typesupport_introspection_c/robot_interfaces/srv/detail/solve_ik__type_support.c.o[0m
[12.598s] [ 43%] [32mBuilding CXX object CMakeFiles/robot_interfaces__rosidl_typesupport_c.dir/rosidl_typesupport_c/robot_interfaces/srv/spawn_object__type_support.cpp.o[0m
[12.704s] [ 44%] [32mBuilding C object CMakeFiles/robot_interfaces__rosidl_typesupport_introspection_c.dir/rosidl_typesupport_introspection_c/robot_interfaces/srv/detail/add_obstacle__type_support.c.o[0m
[12.748s] [ 45%] [32mBuilding CXX object CMakeFiles/robot_interfaces__rosidl_typesupport_c.dir/rosidl_typesupport_c/robot_interfaces/srv/add_camera__type_support.cpp.o[0m
[12.753s] [ 46%] [32mBuilding CXX object CMakeFiles/robot_interfaces__rosidl_typesupport_introspection_cpp.dir/rosidl_typesupport_introspection_cpp/robot_interfaces/srv/detail/add_obstacle__type_support.cpp.o[0m
[12.773s] [ 47%] [32mBuilding C object CMakeFiles/robot_interfaces__rosidl_typesupport_introspection_c.dir/rosidl_typesupport_introspection_c/robot_interfaces/srv/detail/remove_obstacle__type_support.c.o[0m
[12.834s] [ 48%] [32mBuilding CXX object CMakeFiles/robot_interfaces__rosidl_typesupport_cpp.dir/rosidl_typesupport_cpp/robot_interfaces/srv/solve_dk__type_support.cpp.o[0m
[12.889s] [ 49%] [32mBuilding CXX object CMakeFiles/robot_interfaces__rosidl_typesupport_c.dir/rosidl_typesupport_c/robot_interfaces/srv/put_piece__type_support.cpp.o[0m
[12.902s] [ 50%] [32mBuilding CXX object CMakeFiles/robot_interfaces__rosidl_typesupport_cpp.dir/rosidl_typesupport_cpp/robot_interfaces/srv/manage_tool__type_support.cpp.o[0m
[12.981s] [ 51%] [32mBuilding C object CMakeFiles/robot_interfaces__rosidl_typesupport_introspection_c.dir/rosidl_typesupport_introspection_c/robot_interfaces/srv/detail/solve_dk__type_support.c.o[0m
[13.009s] [ 52%] [32m[1mLinking CXX shared library librobot_interfaces__rosidl_typesupport_c.so[0m
[13.140s] [ 53%] [32mBuilding C object CMakeFiles/robot_interfaces__rosidl_typesupport_introspection_c.dir/rosidl_typesupport_introspection_c/robot_interfaces/srv/detail/manage_tool__type_support.c.o[0m
[13.248s] [ 54%] [32mBuilding CXX object CMakeFiles/robot_interfaces__rosidl_typesupport_fastrtps_cpp.dir/rosidl_typesupport_fastrtps_cpp/robot_interfaces/srv/detail/dds_fastrtps/solve_ik__type_support.cpp.o[0m
[13.274s] [ 54%] Built target robot_interfaces__rosidl_typesupport_c
[13.280s] [ 54%] [32mBuilding C object CMakeFiles/robot_interfaces__rosidl_typesupport_introspection_c.dir/rosidl_typesupport_introspection_c/robot_interfaces/srv/detail/spawn_object__type_support.c.o[0m
[13.315s] [ 55%] [32mBuilding CXX object CMakeFiles/robot_interfaces__rosidl_typesupport_introspection_cpp.dir/rosidl_typesupport_introspection_cpp/robot_interfaces/srv/detail/remove_obstacle__type_support.cpp.o[0m
[13.389s] [ 56%] [32mBuilding CXX object CMakeFiles/robot_interfaces__rosidl_typesupport_fastrtps_c.dir/rosidl_typesupport_fastrtps_c/robot_interfaces/srv/detail/solve_ik__type_support_c.cpp.o[0m
[13.457s] [ 57%] [32mBuilding C object CMakeFiles/robot_interfaces__rosidl_typesupport_introspection_c.dir/rosidl_typesupport_introspection_c/robot_interfaces/srv/detail/add_camera__type_support.c.o[0m
[13.583s] [ 58%] [32mBuilding CXX object CMakeFiles/robot_interfaces__rosidl_typesupport_cpp.dir/rosidl_typesupport_cpp/robot_interfaces/srv/spawn_object__type_support.cpp.o[0m
[13.587s] [ 59%] [32mBuilding C object CMakeFiles/robot_interfaces__rosidl_typesupport_introspection_c.dir/rosidl_typesupport_introspection_c/robot_interfaces/srv/detail/put_piece__type_support.c.o[0m
[13.713s] [ 60%] [32m[1mLinking C shared library librobot_interfaces__rosidl_typesupport_introspection_c.so[0m
[13.873s] [ 61%] [32mBuilding CXX object CMakeFiles/robot_interfaces__rosidl_typesupport_fastrtps_cpp.dir/rosidl_typesupport_fastrtps_cpp/robot_interfaces/srv/detail/dds_fastrtps/add_obstacle__type_support.cpp.o[0m
[13.982s] [ 62%] [32mBuilding CXX object CMakeFiles/robot_interfaces__rosidl_typesupport_fastrtps_c.dir/rosidl_typesupport_fastrtps_c/robot_interfaces/srv/detail/add_obstacle__type_support_c.cpp.o[0m
[14.060s] [ 63%] [32mBuilding CXX object CMakeFiles/robot_interfaces__rosidl_typesupport_fastrtps_c.dir/rosidl_typesupport_fastrtps_c/robot_interfaces/srv/detail/remove_obstacle__type_support_c.cpp.o[0m
[14.136s] [ 63%] Built target robot_interfaces__rosidl_typesupport_introspection_c
[14.185s] [ 64%] [32mBuilding CXX object CMakeFiles/robot_interfaces__rosidl_typesupport_fastrtps_cpp.dir/rosidl_typesupport_fastrtps_cpp/robot_interfaces/srv/detail/dds_fastrtps/remove_obstacle__type_support.cpp.o[0m
[14.527s] [ 65%] [32mBuilding CXX object CMakeFiles/robot_interfaces__rosidl_typesupport_introspection_cpp.dir/rosidl_typesupport_introspection_cpp/robot_interfaces/srv/detail/solve_dk__type_support.cpp.o[0m
[14.668s] [ 66%] [32mBuilding CXX object CMakeFiles/robot_interfaces__rosidl_typesupport_cpp.dir/rosidl_typesupport_cpp/robot_interfaces/srv/add_camera__type_support.cpp.o[0m
[15.033s] [ 67%] [32mBuilding CXX object CMakeFiles/robot_interfaces__rosidl_typesupport_fastrtps_cpp.dir/rosidl_typesupport_fastrtps_cpp/robot_interfaces/srv/detail/dds_fastrtps/solve_dk__type_support.cpp.o[0m
[15.428s] [ 68%] [32mBuilding CXX object CMakeFiles/robot_interfaces__rosidl_typesupport_fastrtps_c.dir/rosidl_typesupport_fastrtps_c/robot_interfaces/srv/detail/solve_dk__type_support_c.cpp.o[0m
[15.492s] [ 69%] [32mBuilding CXX object CMakeFiles/robot_interfaces__rosidl_typesupport_fastrtps_cpp.dir/rosidl_typesupport_fastrtps_cpp/robot_interfaces/srv/detail/dds_fastrtps/manage_tool__type_support.cpp.o[0m
[15.576s] [ 70%] [32mBuilding CXX object CMakeFiles/robot_interfaces__rosidl_typesupport_introspection_cpp.dir/rosidl_typesupport_introspection_cpp/robot_interfaces/srv/detail/manage_tool__type_support.cpp.o[0m
[15.601s] [ 70%] [32mBuilding CXX object CMakeFiles/robot_interfaces__rosidl_typesupport_fastrtps_c.dir/rosidl_typesupport_fastrtps_c/robot_interfaces/srv/detail/manage_tool__type_support_c.cpp.o[0m
[15.763s] [ 71%] [32mBuilding CXX object CMakeFiles/robot_interfaces__rosidl_typesupport_cpp.dir/rosidl_typesupport_cpp/robot_interfaces/srv/put_piece__type_support.cpp.o[0m
[15.808s] [ 72%] [32mBuilding CXX object CMakeFiles/robot_interfaces__rosidl_typesupport_fastrtps_c.dir/rosidl_typesupport_fastrtps_c/robot_interfaces/srv/detail/spawn_object__type_support_c.cpp.o[0m
[15.958s] [ 73%] [32mBuilding CXX object CMakeFiles/robot_interfaces__rosidl_typesupport_introspection_cpp.dir/rosidl_typesupport_introspection_cpp/robot_interfaces/srv/detail/spawn_object__type_support.cpp.o[0m
[16.745s] [ 74%] [32mBuilding CXX object CMakeFiles/robot_interfaces__rosidl_typesupport_fastrtps_cpp.dir/rosidl_typesupport_fastrtps_cpp/robot_interfaces/srv/detail/dds_fastrtps/spawn_object__type_support.cpp.o[0m
[16.751s] [ 75%] [32mBuilding CXX object CMakeFiles/robot_interfaces__rosidl_typesupport_introspection_cpp.dir/rosidl_typesupport_introspection_cpp/robot_interfaces/srv/detail/add_camera__type_support.cpp.o[0m
[16.870s] [ 76%] [32mBuilding CXX object CMakeFiles/robot_interfaces__rosidl_typesupport_fastrtps_cpp.dir/rosidl_typesupport_fastrtps_cpp/robot_interfaces/srv/detail/dds_fastrtps/add_camera__type_support.cpp.o[0m
[16.901s] [ 77%] [32mBuilding CXX object CMakeFiles/robot_interfaces__rosidl_typesupport_introspection_cpp.dir/rosidl_typesupport_introspection_cpp/robot_interfaces/srv/detail/put_piece__type_support.cpp.o[0m
[16.922s] [ 78%] [32m[1mLinking CXX shared library librobot_interfaces__rosidl_typesupport_cpp.so[0m
[17.042s] [ 79%] [32mBuilding CXX object CMakeFiles/robot_interfaces__rosidl_typesupport_fastrtps_cpp.dir/rosidl_typesupport_fastrtps_cpp/robot_interfaces/srv/detail/dds_fastrtps/put_piece__type_support.cpp.o[0m
[17.318s] [ 80%] [32mBuilding CXX object CMakeFiles/robot_interfaces__rosidl_typesupport_fastrtps_c.dir/rosidl_typesupport_fastrtps_c/robot_interfaces/srv/detail/add_camera__type_support_c.cpp.o[0m
[17.389s] [ 80%] Built target robot_interfaces__rosidl_typesupport_cpp
[17.424s] [ 81%] [32mBuilding CXX object CMakeFiles/robot_interfaces__rosidl_typesupport_fastrtps_c.dir/rosidl_typesupport_fastrtps_c/robot_interfaces/srv/detail/put_piece__type_support_c.cpp.o[0m
[17.968s] [ 82%] [32m[1mLinking CXX shared library librobot_interfaces__rosidl_typesupport_introspection_cpp.so[0m
[18.305s] [ 82%] Built target robot_interfaces__rosidl_typesupport_introspection_cpp
[18.442s] [ 83%] [32m[1mLinking CXX shared library librobot_interfaces__rosidl_typesupport_fastrtps_cpp.so[0m
[18.515s] [ 84%] [32m[1mLinking CXX shared library librobot_interfaces__rosidl_typesupport_fastrtps_c.so[0m
[18.725s] [ 84%] Built target robot_interfaces__rosidl_typesupport_fastrtps_cpp
[18.758s] [ 84%] Built target robot_interfaces__rosidl_typesupport_fastrtps_c
[18.790s] [ 84%] Built target robot_interfaces
[18.823s] [ 85%] [34m[1mGenerating Python code for ROS interfaces[0m
[20.969s] [ 85%] Built target robot_interfaces__py
[21.006s] [ 87%] [32mBuilding C object CMakeFiles/robot_interfaces__rosidl_generator_py.dir/rosidl_generator_py/robot_interfaces/srv/_add_obstacle_s.c.o[0m
[21.006s] [ 88%] [32mBuilding C object CMakeFiles/robot_interfaces__rosidl_generator_py.dir/rosidl_generator_py/robot_interfaces/srv/_solve_ik_s.c.o[0m
[21.007s] [ 88%] [32mBuilding C object CMakeFiles/robot_interfaces__rosidl_generator_py.dir/rosidl_generator_py/robot_interfaces/srv/_remove_obstacle_s.c.o[0m
[21.007s] [ 89%] [32mBuilding C object CMakeFiles/robot_interfaces__rosidl_generator_py.dir/rosidl_generator_py/robot_interfaces/srv/_solve_dk_s.c.o[0m
[21.007s] [ 90%] [32mBuilding C object CMakeFiles/robot_interfaces__rosidl_generator_py.dir/rosidl_generator_py/robot_interfaces/srv/_manage_tool_s.c.o[0m
[21.008s] [ 91%] [32mBuilding C object CMakeFiles/robot_interfaces__rosidl_generator_py.dir/rosidl_generator_py/robot_interfaces/srv/_spawn_object_s.c.o[0m
[21.008s] [ 92%] [32mBuilding C object CMakeFiles/robot_interfaces__rosidl_generator_py.dir/rosidl_generator_py/robot_interfaces/srv/_add_camera_s.c.o[0m
[21.011s] [ 93%] [32mBuilding C object CMakeFiles/robot_interfaces__rosidl_generator_py.dir/rosidl_generator_py/robot_interfaces/srv/_put_piece_s.c.o[0m
[21.474s] [ 94%] [32m[1mLinking C shared library librobot_interfaces__rosidl_generator_py.so[0m
[21.632s] [ 94%] Built target robot_interfaces__rosidl_generator_py
[21.664s] [ 95%] [32mBuilding C object CMakeFiles/robot_interfaces_s__rosidl_typesupport_introspection_c.dir/rosidl_generator_py/robot_interfaces/_robot_interfaces_s.ep.rosidl_typesupport_introspection_c.c.o[0m
[21.666s] [ 97%] [32mBuilding C object CMakeFiles/robot_interfaces_s__rosidl_typesupport_fastrtps_c.dir/rosidl_generator_py/robot_interfaces/_robot_interfaces_s.ep.rosidl_typesupport_fastrtps_c.c.o[0m
[21.667s] [ 97%] [32mBuilding C object CMakeFiles/robot_interfaces_s__rosidl_typesupport_c.dir/rosidl_generator_py/robot_interfaces/_robot_interfaces_s.ep.rosidl_typesupport_c.c.o[0m
[21.965s] [ 98%] [32m[1mLinking C shared module rosidl_generator_py/robot_interfaces/robot_interfaces_s__rosidl_typesupport_introspection_c.so[0m
[21.976s] [ 99%] [32m[1mLinking C shared module rosidl_generator_py/robot_interfaces/robot_interfaces_s__rosidl_typesupport_c.so[0m
[21.995s] [100%] [32m[1mLinking C shared module rosidl_generator_py/robot_interfaces/robot_interfaces_s__rosidl_typesupport_fastrtps_c.so[0m
[22.144s] [100%] Built target robot_interfaces_s__rosidl_typesupport_introspection_c
[22.160s] [100%] Built target robot_interfaces_s__rosidl_typesupport_c
[22.182s] [100%] Built target robot_interfaces_s__rosidl_typesupport_fastrtps_c
[22.205s] Invoked command in '/home/silvia/TFG/TFG/src/ros2_ws/build/robot_interfaces' returned '0': CMAKE_PREFIX_PATH=${CMAKE_PREFIX_PATH}:/home/silvia/TFG/TFG/src/ros2_ws/install/robot_inverse_kinematics:/opt/ros/jazzy /usr/bin/cmake --build /home/silvia/TFG/TFG/src/ros2_ws/build/robot_interfaces -- -j8 -l8
[22.207s] Invoking command in '/home/silvia/TFG/TFG/src/ros2_ws/build/robot_interfaces': CMAKE_PREFIX_PATH=${CMAKE_PREFIX_PATH}:/home/silvia/TFG/TFG/src/ros2_ws/install/robot_inverse_kinematics:/opt/ros/jazzy /usr/bin/cmake --install /home/silvia/TFG/TFG/src/ros2_ws/build/robot_interfaces
[22.224s] -- Install configuration: ""
[22.226s] -- Installing: /home/silvia/TFG/TFG/src/ros2_ws/install/robot_interfaces/share/ament_index/resource_index/rosidl_interfaces/robot_interfaces
[22.228s] -- Installing: /home/silvia/TFG/TFG/src/ros2_ws/install/robot_interfaces/share/robot_interfaces/srv/SolveIK.json
[22.228s] -- Installing: /home/silvia/TFG/TFG/src/ros2_ws/install/robot_interfaces/share/robot_interfaces/srv/AddObstacle.json
[22.229s] -- Installing: /home/silvia/TFG/TFG/src/ros2_ws/install/robot_interfaces/share/robot_interfaces/srv/RemoveObstacle.json
[22.229s] -- Installing: /home/silvia/TFG/TFG/src/ros2_ws/install/robot_interfaces/share/robot_interfaces/srv/SolveDK.json
[22.230s] -- Installing: /home/silvia/TFG/TFG/src/ros2_ws/install/robot_interfaces/share/robot_interfaces/srv/ManageTool.json
[22.230s] -- Installing: /home/silvia/TFG/TFG/src/ros2_ws/install/robot_interfaces/share/robot_interfaces/srv/SpawnObject.json
[22.231s] -- Installing: /home/silvia/TFG/TFG/src/ros2_ws/install/robot_interfaces/share/robot_interfaces/srv/AddCamera.json
[22.231s] -- Installing: /home/silvia/TFG/TFG/src/ros2_ws/install/robot_interfaces/share/robot_interfaces/srv/PutPiece.json
[22.232s] -- Installing: /home/silvia/TFG/TFG/src/ros2_ws/install/robot_interfaces/include/robot_interfaces/robot_interfaces
[22.233s] -- Installing: /home/silvia/TFG/TFG/src/ros2_ws/install/robot_interfaces/include/robot_interfaces/robot_interfaces/srv
[22.234s] -- Installing: /home/silvia/TFG/TFG/src/ros2_ws/install/robot_interfaces/include/robot_interfaces/robot_interfaces/srv/manage_tool.h
[22.234s] -- Installing: /home/silvia/TFG/TFG/src/ros2_ws/install/robot_interfaces/include/robot_interfaces/robot_interfaces/srv/solve_ik.h
[22.235s] -- Installing: /home/silvia/TFG/TFG/src/ros2_ws/install/robot_interfaces/include/robot_interfaces/robot_interfaces/srv/put_piece.h
[22.235s] -- Installing: /home/silvia/TFG/TFG/src/ros2_ws/install/robot_interfaces/include/robot_interfaces/robot_interfaces/srv/remove_obstacle.h
[22.236s] -- Installing: /home/silvia/TFG/TFG/src/ros2_ws/install/robot_interfaces/include/robot_interfaces/robot_interfaces/srv/spawn_object.h
[22.236s] -- Installing: /home/silvia/TFG/TFG/src/ros2_ws/install/robot_interfaces/include/robot_interfaces/robot_interfaces/srv/add_camera.h
[22.237s] -- Installing: /home/silvia/TFG/TFG/src/ros2_ws/install/robot_interfaces/include/robot_interfaces/robot_interfaces/srv/solve_dk.h
[22.237s] -- Installing: /home/silvia/TFG/TFG/src/ros2_ws/install/robot_interfaces/include/robot_interfaces/robot_interfaces/srv/detail
[22.238s] -- Installing: /home/silvia/TFG/TFG/src/ros2_ws/install/robot_interfaces/include/robot_interfaces/robot_interfaces/srv/detail/remove_obstacle__type_support.h
[22.238s] -- Installing: /home/silvia/TFG/TFG/src/ros2_ws/install/robot_interfaces/include/robot_interfaces/robot_interfaces/srv/detail/remove_obstacle__type_support.c
[22.238s] -- Installing: /home/silvia/TFG/TFG/src/ros2_ws/install/robot_interfaces/include/robot_interfaces/robot_interfaces/srv/detail/manage_tool__type_support.h
[22.239s] -- Installing: /home/silvia/TFG/TFG/src/ros2_ws/install/robot_interfaces/include/robot_interfaces/robot_interfaces/srv/detail/add_camera__functions.c
[22.239s] -- Installing: /home/silvia/TFG/TFG/src/ros2_ws/install/robot_interfaces/include/robot_interfaces/robot_interfaces/srv/detail/add_obstacle__functions.c
[22.240s] -- Installing: /home/silvia/TFG/TFG/src/ros2_ws/install/robot_interfaces/include/robot_interfaces/robot_interfaces/srv/detail/put_piece__functions.h
[22.240s] -- Installing: /home/silvia/TFG/TFG/src/ros2_ws/install/robot_interfaces/include/robot_interfaces/robot_interfaces/srv/detail/solve_ik__functions.h
[22.241s] -- Installing: /home/silvia/TFG/TFG/src/ros2_ws/install/robot_interfaces/include/robot_interfaces/robot_interfaces/srv/detail/solve_dk__description.c
[22.241s] -- Installing: /home/silvia/TFG/TFG/src/ros2_ws/install/robot_interfaces/include/robot_interfaces/robot_interfaces/srv/detail/solve_ik__functions.c
[22.241s] -- Installing: /home/silvia/TFG/TFG/src/ros2_ws/install/robot_interfaces/include/robot_interfaces/robot_interfaces/srv/detail/put_piece__functions.c
[22.242s] -- Installing: /home/silvia/TFG/TFG/src/ros2_ws/install/robot_interfaces/include/robot_interfaces/robot_interfaces/srv/detail/add_obstacle__struct.h
[22.242s] -- Installing: /home/silvia/TFG/TFG/src/ros2_ws/install/robot_interfaces/include/robot_interfaces/robot_interfaces/srv/detail/spawn_object__functions.h
[22.243s] -- Installing: /home/silvia/TFG/TFG/src/ros2_ws/install/robot_interfaces/include/robot_interfaces/robot_interfaces/srv/detail/remove_obstacle__functions.h
[22.243s] -- Installing: /home/silvia/TFG/TFG/src/ros2_ws/install/robot_interfaces/include/robot_interfaces/robot_interfaces/srv/detail/manage_tool__struct.h
[22.243s] -- Installing: /home/silvia/TFG/TFG/src/ros2_ws/install/robot_interfaces/include/robot_interfaces/robot_interfaces/srv/detail/remove_obstacle__description.c
[22.243s] -- Installing: /home/silvia/TFG/TFG/src/ros2_ws/install/robot_interfaces/include/robot_interfaces/robot_interfaces/srv/detail/add_obstacle__functions.h
[22.244s] -- Installing: /home/silvia/TFG/TFG/src/ros2_ws/install/robot_interfaces/include/robot_interfaces/robot_interfaces/srv/detail/spawn_object__type_support.h
[22.244s] -- Installing: /home/silvia/TFG/TFG/src/ros2_ws/install/robot_interfaces/include/robot_interfaces/robot_interfaces/srv/detail/put_piece__type_support.h
[22.244s] -- Installing: /home/silvia/TFG/TFG/src/ros2_ws/install/robot_interfaces/include/robot_interfaces/robot_interfaces/srv/detail/remove_obstacle__struct.h
[22.245s] -- Installing: /home/silvia/TFG/TFG/src/ros2_ws/install/robot_interfaces/include/robot_interfaces/robot_interfaces/srv/detail/put_piece__type_support.c
[22.245s] -- Installing: /home/silvia/TFG/TFG/src/ros2_ws/install/robot_interfaces/include/robot_interfaces/robot_interfaces/srv/detail/spawn_object__struct.h
[22.245s] -- Installing: /home/silvia/TFG/TFG/src/ros2_ws/install/robot_interfaces/include/robot_interfaces/robot_interfaces/srv/detail/add_camera__description.c
[22.246s] -- Installing: /home/silvia/TFG/TFG/src/ros2_ws/install/robot_interfaces/include/robot_interfaces/robot_interfaces/srv/detail/add_camera__type_support.c
[22.246s] -- Installing: /home/silvia/TFG/TFG/src/ros2_ws/install/robot_interfaces/include/robot_interfaces/robot_interfaces/srv/detail/spawn_object__functions.c
[22.247s] -- Installing: /home/silvia/TFG/TFG/src/ros2_ws/install/robot_interfaces/include/robot_interfaces/robot_interfaces/srv/detail/add_camera__type_support.h
[22.247s] -- Installing: /home/silvia/TFG/TFG/src/ros2_ws/install/robot_interfaces/include/robot_interfaces/robot_interfaces/srv/detail/put_piece__struct.h
[22.247s] -- Installing: /home/silvia/TFG/TFG/src/ros2_ws/install/robot_interfaces/include/robot_interfaces/robot_interfaces/srv/detail/put_piece__description.c
[22.248s] -- Installing: /home/silvia/TFG/TFG/src/ros2_ws/install/robot_interfaces/include/robot_interfaces/robot_interfaces/srv/detail/add_obstacle__description.c
[22.248s] -- Installing: /home/silvia/TFG/TFG/src/ros2_ws/install/robot_interfaces/include/robot_interfaces/robot_interfaces/srv/detail/remove_obstacle__functions.c
[22.248s] -- Installing: /home/silvia/TFG/TFG/src/ros2_ws/install/robot_interfaces/include/robot_interfaces/robot_interfaces/srv/detail/add_obstacle__type_support.c
[22.249s] -- Installing: /home/silvia/TFG/TFG/src/ros2_ws/install/robot_interfaces/include/robot_interfaces/robot_interfaces/srv/detail/solve_ik__type_support.c
[22.249s] -- Installing: /home/silvia/TFG/TFG/src/ros2_ws/install/robot_interfaces/include/robot_interfaces/robot_interfaces/srv/detail/manage_tool__functions.c
[22.249s] -- Installing: /home/silvia/TFG/TFG/src/ros2_ws/install/robot_interfaces/include/robot_interfaces/robot_interfaces/srv/detail/spawn_object__description.c
[22.250s] -- Installing: /home/silvia/TFG/TFG/src/ros2_ws/install/robot_interfaces/include/robot_interfaces/robot_interfaces/srv/detail/add_camera__functions.h
[22.250s] -- Installing: /home/silvia/TFG/TFG/src/ros2_ws/install/robot_interfaces/include/robot_interfaces/robot_interfaces/srv/detail/solve_ik__type_support.h
[22.250s] -- Installing: /home/silvia/TFG/TFG/src/ros2_ws/install/robot_interfaces/include/robot_interfaces/robot_interfaces/srv/detail/solve_ik__description.c
[22.251s] -- Installing: /home/silvia/TFG/TFG/src/ros2_ws/install/robot_interfaces/include/robot_interfaces/robot_interfaces/srv/detail/solve_dk__struct.h
[22.251s] -- Installing: /home/silvia/TFG/TFG/src/ros2_ws/install/robot_interfaces/include/robot_interfaces/robot_interfaces/srv/detail/manage_tool__description.c
[22.251s] -- Installing: /home/silvia/TFG/TFG/src/ros2_ws/install/robot_interfaces/include/robot_interfaces/robot_interfaces/srv/detail/spawn_object__type_support.c
[22.252s] -- Installing: /home/silvia/TFG/TFG/src/ros2_ws/install/robot_interfaces/include/robot_interfaces/robot_interfaces/srv/detail/add_obstacle__type_support.h
[22.252s] -- Installing: /home/silvia/TFG/TFG/src/ros2_ws/install/robot_interfaces/include/robot_interfaces/robot_interfaces/srv/detail/manage_tool__functions.h
[22.252s] -- Installing: /home/silvia/TFG/TFG/src/ros2_ws/install/robot_interfaces/include/robot_interfaces/robot_interfaces/srv/detail/solve_ik__struct.h
[22.253s] -- Installing: /home/silvia/TFG/TFG/src/ros2_ws/install/robot_interfaces/include/robot_interfaces/robot_interfaces/srv/detail/solve_dk__functions.h
[22.253s] -- Installing: /home/silvia/TFG/TFG/src/ros2_ws/install/robot_interfaces/include/robot_interfaces/robot_interfaces/srv/detail/solve_dk__functions.c
[22.253s] -- Installing: /home/silvia/TFG/TFG/src/ros2_ws/install/robot_interfaces/include/robot_interfaces/robot_interfaces/srv/detail/solve_dk__type_support.h
[22.254s] -- Installing: /home/silvia/TFG/TFG/src/ros2_ws/install/robot_interfaces/include/robot_interfaces/robot_interfaces/srv/detail/manage_tool__type_support.c
[22.254s] -- Installing: /home/silvia/TFG/TFG/src/ros2_ws/install/robot_interfaces/include/robot_interfaces/robot_interfaces/srv/detail/add_camera__struct.h
[22.254s] -- Installing: /home/silvia/TFG/TFG/src/ros2_ws/install/robot_interfaces/include/robot_interfaces/robot_interfaces/srv/detail/solve_dk__type_support.c
[22.254s] -- Installing: /home/silvia/TFG/TFG/src/ros2_ws/install/robot_interfaces/include/robot_interfaces/robot_interfaces/srv/add_obstacle.h
[22.255s] -- Installing: /home/silvia/TFG/TFG/src/ros2_ws/install/robot_interfaces/include/robot_interfaces/robot_interfaces/msg
[22.255s] -- Installing: /home/silvia/TFG/TFG/src/ros2_ws/install/robot_interfaces/include/robot_interfaces/robot_interfaces/msg/rosidl_generator_c__visibility_control.h
[22.256s] -- Installing: /home/silvia/TFG/TFG/src/ros2_ws/install/robot_interfaces/share/robot_interfaces/environment/library_path.sh
[22.257s] -- Installing: /home/silvia/TFG/TFG/src/ros2_ws/install/robot_interfaces/share/robot_interfaces/environment/library_path.dsv
[22.258s] -- Installing: /home/silvia/TFG/TFG/src/ros2_ws/install/robot_interfaces/lib/librobot_interfaces__rosidl_generator_c.so
[22.259s] -- Set non-toolchain portion of runtime path of "/home/silvia/TFG/TFG/src/ros2_ws/install/robot_interfaces/lib/librobot_interfaces__rosidl_generator_c.so" to ""
[22.259s] -- Up-to-date: /home/silvia/TFG/TFG/src/ros2_ws/install/robot_interfaces/include/robot_interfaces/robot_interfaces
[22.259s] -- Up-to-date: /home/silvia/TFG/TFG/src/ros2_ws/install/robot_interfaces/include/robot_interfaces/robot_interfaces/srv
[22.260s] -- Up-to-date: /home/silvia/TFG/TFG/src/ros2_ws/install/robot_interfaces/include/robot_interfaces/robot_interfaces/srv/detail
[22.260s] -- Installing: /home/silvia/TFG/TFG/src/ros2_ws/install/robot_interfaces/include/robot_interfaces/robot_interfaces/srv/detail/solve_ik__rosidl_typesupport_fastrtps_c.h
[22.260s] -- Installing: /home/silvia/TFG/TFG/src/ros2_ws/install/robot_interfaces/include/robot_interfaces/robot_interfaces/srv/detail/solve_dk__rosidl_typesupport_fastrtps_c.h
[22.260s] -- Installing: /home/silvia/TFG/TFG/src/ros2_ws/install/robot_interfaces/include/robot_interfaces/robot_interfaces/srv/detail/remove_obstacle__rosidl_typesupport_fastrtps_c.h
[22.261s] -- Installing: /home/silvia/TFG/TFG/src/ros2_ws/install/robot_interfaces/include/robot_interfaces/robot_interfaces/srv/detail/add_camera__rosidl_typesupport_fastrtps_c.h
[22.261s] -- Installing: /home/silvia/TFG/TFG/src/ros2_ws/install/robot_interfaces/include/robot_interfaces/robot_interfaces/srv/detail/spawn_object__rosidl_typesupport_fastrtps_c.h
[22.262s] -- Installing: /home/silvia/TFG/TFG/src/ros2_ws/install/robot_interfaces/include/robot_interfaces/robot_interfaces/srv/detail/add_obstacle__rosidl_typesupport_fastrtps_c.h
[22.262s] -- Installing: /home/silvia/TFG/TFG/src/ros2_ws/install/robot_interfaces/include/robot_interfaces/robot_interfaces/srv/detail/put_piece__rosidl_typesupport_fastrtps_c.h
[22.263s] -- Installing: /home/silvia/TFG/TFG/src/ros2_ws/install/robot_interfaces/include/robot_interfaces/robot_interfaces/srv/detail/manage_tool__rosidl_typesupport_fastrtps_c.h
[22.263s] -- Up-to-date: /home/silvia/TFG/TFG/src/ros2_ws/install/robot_interfaces/include/robot_interfaces/robot_interfaces/msg
[22.264s] -- Installing: /home/silvia/TFG/TFG/src/ros2_ws/install/robot_interfaces/include/robot_interfaces/robot_interfaces/msg/rosidl_typesupport_fastrtps_c__visibility_control.h
[22.264s] -- Installing: /home/silvia/TFG/TFG/src/ros2_ws/install/robot_interfaces/lib/librobot_interfaces__rosidl_typesupport_fastrtps_c.so
[22.265s] -- Set non-toolchain portion of runtime path of "/home/silvia/TFG/TFG/src/ros2_ws/install/robot_interfaces/lib/librobot_interfaces__rosidl_typesupport_fastrtps_c.so" to ""
[22.265s] -- Up-to-date: /home/silvia/TFG/TFG/src/ros2_ws/install/robot_interfaces/include/robot_interfaces/robot_interfaces
[22.266s] -- Up-to-date: /home/silvia/TFG/TFG/src/ros2_ws/install/robot_interfaces/include/robot_interfaces/robot_interfaces/srv
[22.266s] -- Installing: /home/silvia/TFG/TFG/src/ros2_ws/install/robot_interfaces/include/robot_interfaces/robot_interfaces/srv/remove_obstacle.hpp
[22.267s] -- Installing: /home/silvia/TFG/TFG/src/ros2_ws/install/robot_interfaces/include/robot_interfaces/robot_interfaces/srv/add_obstacle.hpp
[22.267s] -- Installing: /home/silvia/TFG/TFG/src/ros2_ws/install/robot_interfaces/include/robot_interfaces/robot_interfaces/srv/solve_dk.hpp
[22.267s] -- Installing: /home/silvia/TFG/TFG/src/ros2_ws/install/robot_interfaces/include/robot_interfaces/robot_interfaces/srv/solve_ik.hpp
[22.267s] -- Installing: /home/silvia/TFG/TFG/src/ros2_ws/install/robot_interfaces/include/robot_interfaces/robot_interfaces/srv/add_camera.hpp
[22.268s] -- Installing: /home/silvia/TFG/TFG/src/ros2_ws/install/robot_interfaces/include/robot_interfaces/robot_interfaces/srv/manage_tool.hpp
[22.268s] -- Installing: /home/silvia/TFG/TFG/src/ros2_ws/install/robot_interfaces/include/robot_interfaces/robot_interfaces/srv/put_piece.hpp
[22.268s] -- Installing: /home/silvia/TFG/TFG/src/ros2_ws/install/robot_interfaces/include/robot_interfaces/robot_interfaces/srv/spawn_object.hpp
[22.268s] -- Up-to-date: /home/silvia/TFG/TFG/src/ros2_ws/install/robot_interfaces/include/robot_interfaces/robot_interfaces/srv/detail
[22.269s] -- Installing: /home/silvia/TFG/TFG/src/ros2_ws/install/robot_interfaces/include/robot_interfaces/robot_interfaces/srv/detail/remove_obstacle__type_support.hpp
[22.269s] -- Installing: /home/silvia/TFG/TFG/src/ros2_ws/install/robot_interfaces/include/robot_interfaces/robot_interfaces/srv/detail/add_obstacle__traits.hpp
[22.269s] -- Installing: /home/silvia/TFG/TFG/src/ros2_ws/install/robot_interfaces/include/robot_interfaces/robot_interfaces/srv/detail/solve_ik__traits.hpp
[22.270s] -- Installing: /home/silvia/TFG/TFG/src/ros2_ws/install/robot_interfaces/include/robot_interfaces/robot_interfaces/srv/detail/manage_tool__traits.hpp
[22.270s] -- Installing: /home/silvia/TFG/TFG/src/ros2_ws/install/robot_interfaces/include/robot_interfaces/robot_interfaces/srv/detail/spawn_object__traits.hpp
[22.270s] -- Installing: /home/silvia/TFG/TFG/src/ros2_ws/install/robot_interfaces/include/robot_interfaces/robot_interfaces/srv/detail/solve_ik__builder.hpp
[22.271s] -- Installing: /home/silvia/TFG/TFG/src/ros2_ws/install/robot_interfaces/include/robot_interfaces/robot_interfaces/srv/detail/remove_obstacle__struct.hpp
[22.271s] -- Installing: /home/silvia/TFG/TFG/src/ros2_ws/install/robot_interfaces/include/robot_interfaces/robot_interfaces/srv/detail/manage_tool__type_support.hpp
[22.272s] -- Installing: /home/silvia/TFG/TFG/src/ros2_ws/install/robot_interfaces/include/robot_interfaces/robot_interfaces/srv/detail/solve_dk__struct.hpp
[22.272s] -- Installing: /home/silvia/TFG/TFG/src/ros2_ws/install/robot_interfaces/include/robot_interfaces/robot_interfaces/srv/detail/put_piece__builder.hpp
[22.272s] -- Installing: /home/silvia/TFG/TFG/src/ros2_ws/install/robot_interfaces/include/robot_interfaces/robot_interfaces/srv/detail/manage_tool__builder.hpp
[22.273s] -- Installing: /home/silvia/TFG/TFG/src/ros2_ws/install/robot_interfaces/include/robot_interfaces/robot_interfaces/srv/detail/spawn_object__builder.hpp
[22.273s] -- Installing: /home/silvia/TFG/TFG/src/ros2_ws/install/robot_interfaces/include/robot_interfaces/robot_interfaces/srv/detail/add_obstacle__struct.hpp
[22.273s] -- Installing: /home/silvia/TFG/TFG/src/ros2_ws/install/robot_interfaces/include/robot_interfaces/robot_interfaces/srv/detail/manage_tool__struct.hpp
[22.274s] -- Installing: /home/silvia/TFG/TFG/src/ros2_ws/install/robot_interfaces/include/robot_interfaces/robot_interfaces/srv/detail/put_piece__struct.hpp
[22.274s] -- Installing: /home/silvia/TFG/TFG/src/ros2_ws/install/robot_interfaces/include/robot_interfaces/robot_interfaces/srv/detail/solve_ik__struct.hpp
[22.274s] -- Installing: /home/silvia/TFG/TFG/src/ros2_ws/install/robot_interfaces/include/robot_interfaces/robot_interfaces/srv/detail/put_piece__type_support.hpp
[22.275s] -- Installing: /home/silvia/TFG/TFG/src/ros2_ws/install/robot_interfaces/include/robot_interfaces/robot_interfaces/srv/detail/add_camera__struct.hpp
[22.275s] -- Installing: /home/silvia/TFG/TFG/src/ros2_ws/install/robot_interfaces/include/robot_interfaces/robot_interfaces/srv/detail/add_camera__type_support.hpp
[22.276s] -- Installing: /home/silvia/TFG/TFG/src/ros2_ws/install/robot_interfaces/include/robot_interfaces/robot_interfaces/srv/detail/remove_obstacle__builder.hpp
[22.276s] -- Installing: /home/silvia/TFG/TFG/src/ros2_ws/install/robot_interfaces/include/robot_interfaces/robot_interfaces/srv/detail/solve_dk__builder.hpp
[22.276s] -- Installing: /home/silvia/TFG/TFG/src/ros2_ws/install/robot_interfaces/include/robot_interfaces/robot_interfaces/srv/detail/spawn_object__type_support.hpp
[22.277s] -- Installing: /home/silvia/TFG/TFG/src/ros2_ws/install/robot_interfaces/include/robot_interfaces/robot_interfaces/srv/detail/solve_dk__type_support.hpp
[22.277s] -- Installing: /home/silvia/TFG/TFG/src/ros2_ws/install/robot_interfaces/include/robot_interfaces/robot_interfaces/srv/detail/add_camera__traits.hpp
[22.277s] -- Installing: /home/silvia/TFG/TFG/src/ros2_ws/install/robot_interfaces/include/robot_interfaces/robot_interfaces/srv/detail/spawn_object__struct.hpp
[22.278s] -- Installing: /home/silvia/TFG/TFG/src/ros2_ws/install/robot_interfaces/include/robot_interfaces/robot_interfaces/srv/detail/solve_dk__traits.hpp
[22.278s] -- Installing: /home/silvia/TFG/TFG/src/ros2_ws/install/robot_interfaces/include/robot_interfaces/robot_interfaces/srv/detail/solve_ik__type_support.hpp
[22.278s] -- Installing: /home/silvia/TFG/TFG/src/ros2_ws/install/robot_interfaces/include/robot_interfaces/robot_interfaces/srv/detail/add_obstacle__builder.hpp
[22.278s] -- Installing: /home/silvia/TFG/TFG/src/ros2_ws/install/robot_interfaces/include/robot_interfaces/robot_interfaces/srv/detail/add_obstacle__type_support.hpp
[22.279s] -- Installing: /home/silvia/TFG/TFG/src/ros2_ws/install/robot_interfaces/include/robot_interfaces/robot_interfaces/srv/detail/add_camera__builder.hpp
[22.279s] -- Installing: /home/silvia/TFG/TFG/src/ros2_ws/install/robot_interfaces/include/robot_interfaces/robot_interfaces/srv/detail/remove_obstacle__traits.hpp
[22.279s] -- Installing: /home/silvia/TFG/TFG/src/ros2_ws/install/robot_interfaces/include/robot_interfaces/robot_interfaces/srv/detail/put_piece__traits.hpp
[22.280s] -- Up-to-date: /home/silvia/TFG/TFG/src/ros2_ws/install/robot_interfaces/include/robot_interfaces/robot_interfaces/msg
[22.281s] -- Installing: /home/silvia/TFG/TFG/src/ros2_ws/install/robot_interfaces/include/robot_interfaces/robot_interfaces/msg/rosidl_generator_cpp__visibility_control.hpp
[22.281s] -- Up-to-date: /home/silvia/TFG/TFG/src/ros2_ws/install/robot_interfaces/include/robot_interfaces/robot_interfaces
[22.282s] -- Up-to-date: /home/silvia/TFG/TFG/src/ros2_ws/install/robot_interfaces/include/robot_interfaces/robot_interfaces/srv
[22.282s] -- Up-to-date: /home/silvia/TFG/TFG/src/ros2_ws/install/robot_interfaces/include/robot_interfaces/robot_interfaces/srv/detail
[22.283s] -- Installing: /home/silvia/TFG/TFG/src/ros2_ws/install/robot_interfaces/include/robot_interfaces/robot_interfaces/srv/detail/add_camera__rosidl_typesupport_fastrtps_cpp.hpp
[22.283s] -- Installing: /home/silvia/TFG/TFG/src/ros2_ws/install/robot_interfaces/include/robot_interfaces/robot_interfaces/srv/detail/put_piece__rosidl_typesupport_fastrtps_cpp.hpp
[22.283s] -- Installing: /home/silvia/TFG/TFG/src/ros2_ws/install/robot_interfaces/include/robot_interfaces/robot_interfaces/srv/detail/manage_tool__rosidl_typesupport_fastrtps_cpp.hpp
[22.283s] -- Installing: /home/silvia/TFG/TFG/src/ros2_ws/install/robot_interfaces/include/robot_interfaces/robot_interfaces/srv/detail/dds_fastrtps
[22.284s] -- Installing: /home/silvia/TFG/TFG/src/ros2_ws/install/robot_interfaces/include/robot_interfaces/robot_interfaces/srv/detail/add_obstacle__rosidl_typesupport_fastrtps_cpp.hpp
[22.284s] -- Installing: /home/silvia/TFG/TFG/src/ros2_ws/install/robot_interfaces/include/robot_interfaces/robot_interfaces/srv/detail/solve_dk__rosidl_typesupport_fastrtps_cpp.hpp
[22.285s] -- Installing: /home/silvia/TFG/TFG/src/ros2_ws/install/robot_interfaces/include/robot_interfaces/robot_interfaces/srv/detail/remove_obstacle__rosidl_typesupport_fastrtps_cpp.hpp
[22.285s] -- Installing: /home/silvia/TFG/TFG/src/ros2_ws/install/robot_interfaces/include/robot_interfaces/robot_interfaces/srv/detail/solve_ik__rosidl_typesupport_fastrtps_cpp.hpp
[22.286s] -- Installing: /home/silvia/TFG/TFG/src/ros2_ws/install/robot_interfaces/include/robot_interfaces/robot_interfaces/srv/detail/spawn_object__rosidl_typesupport_fastrtps_cpp.hpp
[22.286s] -- Up-to-date: /home/silvia/TFG/TFG/src/ros2_ws/install/robot_interfaces/include/robot_interfaces/robot_interfaces/msg
[22.287s] -- Installing: /home/silvia/TFG/TFG/src/ros2_ws/install/robot_interfaces/include/robot_interfaces/robot_interfaces/msg/rosidl_typesupport_fastrtps_cpp__visibility_control.h
[22.287s] -- Installing: /home/silvia/TFG/TFG/src/ros2_ws/install/robot_interfaces/lib/librobot_interfaces__rosidl_typesupport_fastrtps_cpp.so
[22.289s] -- Set non-toolchain portion of runtime path of "/home/silvia/TFG/TFG/src/ros2_ws/install/robot_interfaces/lib/librobot_interfaces__rosidl_typesupport_fastrtps_cpp.so" to ""
[22.290s] -- Up-to-date: /home/silvia/TFG/TFG/src/ros2_ws/install/robot_interfaces/include/robot_interfaces/robot_interfaces
[22.290s] -- Up-to-date: /home/silvia/TFG/TFG/src/ros2_ws/install/robot_interfaces/include/robot_interfaces/robot_interfaces/srv
[22.291s] -- Up-to-date: /home/silvia/TFG/TFG/src/ros2_ws/install/robot_interfaces/include/robot_interfaces/robot_interfaces/srv/detail
[22.291s] -- Installing: /home/silvia/TFG/TFG/src/ros2_ws/install/robot_interfaces/include/robot_interfaces/robot_interfaces/srv/detail/put_piece__rosidl_typesupport_introspection_c.h
[22.291s] -- Installing: /home/silvia/TFG/TFG/src/ros2_ws/install/robot_interfaces/include/robot_interfaces/robot_interfaces/srv/detail/add_obstacle__rosidl_typesupport_introspection_c.h
[22.292s] -- Installing: /home/silvia/TFG/TFG/src/ros2_ws/install/robot_interfaces/include/robot_interfaces/robot_interfaces/srv/detail/remove_obstacle__type_support.c
[22.292s] -- Installing: /home/silvia/TFG/TFG/src/ros2_ws/install/robot_interfaces/include/robot_interfaces/robot_interfaces/srv/detail/manage_tool__rosidl_typesupport_introspection_c.h
[22.293s] -- Installing: /home/silvia/TFG/TFG/src/ros2_ws/install/robot_interfaces/include/robot_interfaces/robot_interfaces/srv/detail/spawn_object__rosidl_typesupport_introspection_c.h
[22.293s] -- Installing: /home/silvia/TFG/TFG/src/ros2_ws/install/robot_interfaces/include/robot_interfaces/robot_interfaces/srv/detail/put_piece__type_support.c
[22.293s] -- Installing: /home/silvia/TFG/TFG/src/ros2_ws/install/robot_interfaces/include/robot_interfaces/robot_interfaces/srv/detail/add_camera__type_support.c
[22.294s] -- Installing: /home/silvia/TFG/TFG/src/ros2_ws/install/robot_interfaces/include/robot_interfaces/robot_interfaces/srv/detail/add_obstacle__type_support.c
[22.294s] -- Installing: /home/silvia/TFG/TFG/src/ros2_ws/install/robot_interfaces/include/robot_interfaces/robot_interfaces/srv/detail/solve_ik__type_support.c
[22.294s] -- Installing: /home/silvia/TFG/TFG/src/ros2_ws/install/robot_interfaces/include/robot_interfaces/robot_interfaces/srv/detail/spawn_object__type_support.c
[22.295s] -- Installing: /home/silvia/TFG/TFG/src/ros2_ws/install/robot_interfaces/include/robot_interfaces/robot_interfaces/srv/detail/add_camera__rosidl_typesupport_introspection_c.h
[22.295s] -- Installing: /home/silvia/TFG/TFG/src/ros2_ws/install/robot_interfaces/include/robot_interfaces/robot_interfaces/srv/detail/solve_dk__rosidl_typesupport_introspection_c.h
[22.295s] -- Installing: /home/silvia/TFG/TFG/src/ros2_ws/install/robot_interfaces/include/robot_interfaces/robot_interfaces/srv/detail/solve_ik__rosidl_typesupport_introspection_c.h
[22.295s] -- Installing: /home/silvia/TFG/TFG/src/ros2_ws/install/robot_interfaces/include/robot_interfaces/robot_interfaces/srv/detail/manage_tool__type_support.c
[22.295s] -- Installing: /home/silvia/TFG/TFG/src/ros2_ws/install/robot_interfaces/include/robot_interfaces/robot_interfaces/srv/detail/solve_dk__type_support.c
[22.296s] -- Installing: /home/silvia/TFG/TFG/src/ros2_ws/install/robot_interfaces/include/robot_interfaces/robot_interfaces/srv/detail/remove_obstacle__rosidl_typesupport_introspection_c.h
[22.297s] -- Up-to-date: /home/silvia/TFG/TFG/src/ros2_ws/install/robot_interfaces/include/robot_interfaces/robot_interfaces/msg
[22.297s] -- Installing: /home/silvia/TFG/TFG/src/ros2_ws/install/robot_interfaces/include/robot_interfaces/robot_interfaces/msg/rosidl_typesupport_introspection_c__visibility_control.h
[22.297s] -- Installing: /home/silvia/TFG/TFG/src/ros2_ws/install/robot_interfaces/lib/librobot_interfaces__rosidl_typesupport_introspection_c.so
[22.299s] -- Set non-toolchain portion of runtime path of "/home/silvia/TFG/TFG/src/ros2_ws/install/robot_interfaces/lib/librobot_interfaces__rosidl_typesupport_introspection_c.so" to ""
[22.299s] -- Installing: /home/silvia/TFG/TFG/src/ros2_ws/install/robot_interfaces/lib/librobot_interfaces__rosidl_typesupport_c.so
[22.300s] -- Set non-toolchain portion of runtime path of "/home/silvia/TFG/TFG/src/ros2_ws/install/robot_interfaces/lib/librobot_interfaces__rosidl_typesupport_c.so" to ""
[22.300s] -- Up-to-date: /home/silvia/TFG/TFG/src/ros2_ws/install/robot_interfaces/include/robot_interfaces/robot_interfaces
[22.301s] -- Up-to-date: /home/silvia/TFG/TFG/src/ros2_ws/install/robot_interfaces/include/robot_interfaces/robot_interfaces/srv
[22.301s] -- Up-to-date: /home/silvia/TFG/TFG/src/ros2_ws/install/robot_interfaces/include/robot_interfaces/robot_interfaces/srv/detail
[22.301s] -- Installing: /home/silvia/TFG/TFG/src/ros2_ws/install/robot_interfaces/include/robot_interfaces/robot_interfaces/srv/detail/add_obstacle__rosidl_typesupport_introspection_cpp.hpp
[22.302s] -- Installing: /home/silvia/TFG/TFG/src/ros2_ws/install/robot_interfaces/include/robot_interfaces/robot_interfaces/srv/detail/spawn_object__rosidl_typesupport_introspection_cpp.hpp
[22.302s] -- Installing: /home/silvia/TFG/TFG/src/ros2_ws/install/robot_interfaces/include/robot_interfaces/robot_interfaces/srv/detail/solve_ik__type_support.cpp
[22.303s] -- Installing: /home/silvia/TFG/TFG/src/ros2_ws/install/robot_interfaces/include/robot_interfaces/robot_interfaces/srv/detail/manage_tool__type_support.cpp
[22.303s] -- Installing: /home/silvia/TFG/TFG/src/ros2_ws/install/robot_interfaces/include/robot_interfaces/robot_interfaces/srv/detail/add_camera__rosidl_typesupport_introspection_cpp.hpp
[22.303s] -- Installing: /home/silvia/TFG/TFG/src/ros2_ws/install/robot_interfaces/include/robot_interfaces/robot_interfaces/srv/detail/solve_dk__type_support.cpp
[22.304s] -- Installing: /home/silvia/TFG/TFG/src/ros2_ws/install/robot_interfaces/include/robot_interfaces/robot_interfaces/srv/detail/put_piece__type_support.cpp
[22.304s] -- Installing: /home/silvia/TFG/TFG/src/ros2_ws/install/robot_interfaces/include/robot_interfaces/robot_interfaces/srv/detail/add_obstacle__type_support.cpp
[22.305s] -- Installing: /home/silvia/TFG/TFG/src/ros2_ws/install/robot_interfaces/include/robot_interfaces/robot_interfaces/srv/detail/remove_obstacle__type_support.cpp
[22.305s] -- Installing: /home/silvia/TFG/TFG/src/ros2_ws/install/robot_interfaces/include/robot_interfaces/robot_interfaces/srv/detail/add_camera__type_support.cpp
[22.305s] -- Installing: /home/silvia/TFG/TFG/src/ros2_ws/install/robot_interfaces/include/robot_interfaces/robot_interfaces/srv/detail/put_piece__rosidl_typesupport_introspection_cpp.hpp
[22.306s] -- Installing: /home/silvia/TFG/TFG/src/ros2_ws/install/robot_interfaces/include/robot_interfaces/robot_interfaces/srv/detail/solve_ik__rosidl_typesupport_introspection_cpp.hpp
[22.306s] -- Installing: /home/silvia/TFG/TFG/src/ros2_ws/install/robot_interfaces/include/robot_interfaces/robot_interfaces/srv/detail/spawn_object__type_support.cpp
[22.306s] -- Installing: /home/silvia/TFG/TFG/src/ros2_ws/install/robot_interfaces/include/robot_interfaces/robot_interfaces/srv/detail/remove_obstacle__rosidl_typesupport_introspection_cpp.hpp
[22.307s] -- Installing: /home/silvia/TFG/TFG/src/ros2_ws/install/robot_interfaces/include/robot_interfaces/robot_interfaces/srv/detail/solve_dk__rosidl_typesupport_introspection_cpp.hpp
[22.307s] -- Installing: /home/silvia/TFG/TFG/src/ros2_ws/install/robot_interfaces/include/robot_interfaces/robot_interfaces/srv/detail/manage_tool__rosidl_typesupport_introspection_cpp.hpp
[22.307s] -- Installing: /home/silvia/TFG/TFG/src/ros2_ws/install/robot_interfaces/lib/librobot_interfaces__rosidl_typesupport_introspection_cpp.so
[22.310s] -- Set non-toolchain portion of runtime path of "/home/silvia/TFG/TFG/src/ros2_ws/install/robot_interfaces/lib/librobot_interfaces__rosidl_typesupport_introspection_cpp.so" to ""
[22.310s] -- Installing: /home/silvia/TFG/TFG/src/ros2_ws/install/robot_interfaces/lib/librobot_interfaces__rosidl_typesupport_cpp.so
[22.312s] -- Set non-toolchain portion of runtime path of "/home/silvia/TFG/TFG/src/ros2_ws/install/robot_interfaces/lib/librobot_interfaces__rosidl_typesupport_cpp.so" to ""
[22.312s] -- Installing: /home/silvia/TFG/TFG/src/ros2_ws/install/robot_interfaces/share/robot_interfaces/environment/pythonpath.sh
[22.313s] -- Installing: /home/silvia/TFG/TFG/src/ros2_ws/install/robot_interfaces/share/robot_interfaces/environment/pythonpath.dsv
[22.313s] -- Installing: /home/silvia/TFG/TFG/src/ros2_ws/install/robot_interfaces/lib/python3.12/site-packages/robot_interfaces-0.0.0-py3.12.egg-info
[22.314s] -- Installing: /home/silvia/TFG/TFG/src/ros2_ws/install/robot_interfaces/lib/python3.12/site-packages/robot_interfaces-0.0.0-py3.12.egg-info/dependency_links.txt
[22.314s] -- Installing: /home/silvia/TFG/TFG/src/ros2_ws/install/robot_interfaces/lib/python3.12/site-packages/robot_interfaces-0.0.0-py3.12.egg-info/top_level.txt
[22.315s] -- Installing: /home/silvia/TFG/TFG/src/ros2_ws/install/robot_interfaces/lib/python3.12/site-packages/robot_interfaces-0.0.0-py3.12.egg-info/SOURCES.txt
[22.315s] -- Installing: /home/silvia/TFG/TFG/src/ros2_ws/install/robot_interfaces/lib/python3.12/site-packages/robot_interfaces-0.0.0-py3.12.egg-info/PKG-INFO
[22.315s] -- Installing: /home/silvia/TFG/TFG/src/ros2_ws/install/robot_interfaces/lib/python3.12/site-packages/robot_interfaces
[22.316s] -- Installing: /home/silvia/TFG/TFG/src/ros2_ws/install/robot_interfaces/lib/python3.12/site-packages/robot_interfaces/_robot_interfaces_s.ep.rosidl_typesupport_introspection_c.c
[22.316s] -- Installing: /home/silvia/TFG/TFG/src/ros2_ws/install/robot_interfaces/lib/python3.12/site-packages/robot_interfaces/_robot_interfaces_s.ep.rosidl_typesupport_fastrtps_c.c
[22.317s] -- Installing: /home/silvia/TFG/TFG/src/ros2_ws/install/robot_interfaces/lib/python3.12/site-packages/robot_interfaces/robot_interfaces_s__rosidl_typesupport_fastrtps_c.so
[22.317s] -- Installing: /home/silvia/TFG/TFG/src/ros2_ws/install/robot_interfaces/lib/python3.12/site-packages/robot_interfaces/_robot_interfaces_s.ep.rosidl_typesupport_c.c
[22.318s] -- Installing: /home/silvia/TFG/TFG/src/ros2_ws/install/robot_interfaces/lib/python3.12/site-packages/robot_interfaces/srv
[22.319s] -- Installing: /home/silvia/TFG/TFG/src/ros2_ws/install/robot_interfaces/lib/python3.12/site-packages/robot_interfaces/srv/_add_camera.py
[22.319s] -- Installing: /home/silvia/TFG/TFG/src/ros2_ws/install/robot_interfaces/lib/python3.12/site-packages/robot_interfaces/srv/_add_obstacle.py
[22.319s] -- Installing: /home/silvia/TFG/TFG/src/ros2_ws/install/robot_interfaces/lib/python3.12/site-packages/robot_interfaces/srv/_put_piece_s.c
[22.319s] -- Installing: /home/silvia/TFG/TFG/src/ros2_ws/install/robot_interfaces/lib/python3.12/site-packages/robot_interfaces/srv/_remove_obstacle.py
[22.320s] -- Installing: /home/silvia/TFG/TFG/src/ros2_ws/install/robot_interfaces/lib/python3.12/site-packages/robot_interfaces/srv/_manage_tool.py
[22.320s] -- Installing: /home/silvia/TFG/TFG/src/ros2_ws/install/robot_interfaces/lib/python3.12/site-packages/robot_interfaces/srv/_spawn_object.py
[22.320s] -- Installing: /home/silvia/TFG/TFG/src/ros2_ws/install/robot_interfaces/lib/python3.12/site-packages/robot_interfaces/srv/__init__.py
[22.321s] -- Installing: /home/silvia/TFG/TFG/src/ros2_ws/install/robot_interfaces/lib/python3.12/site-packages/robot_interfaces/srv/_remove_obstacle_s.c
[22.321s] -- Installing: /home/silvia/TFG/TFG/src/ros2_ws/install/robot_interfaces/lib/python3.12/site-packages/robot_interfaces/srv/_solve_ik_s.c
[22.321s] -- Installing: /home/silvia/TFG/TFG/src/ros2_ws/install/robot_interfaces/lib/python3.12/site-packages/robot_interfaces/srv/_solve_dk_s.c
[22.322s] -- Installing: /home/silvia/TFG/TFG/src/ros2_ws/install/robot_interfaces/lib/python3.12/site-packages/robot_interfaces/srv/_manage_tool_s.c
[22.322s] -- Installing: /home/silvia/TFG/TFG/src/ros2_ws/install/robot_interfaces/lib/python3.12/site-packages/robot_interfaces/srv/_add_camera_s.c
[22.322s] -- Installing: /home/silvia/TFG/TFG/src/ros2_ws/install/robot_interfaces/lib/python3.12/site-packages/robot_interfaces/srv/_solve_ik.py
[22.323s] -- Installing: /home/silvia/TFG/TFG/src/ros2_ws/install/robot_interfaces/lib/python3.12/site-packages/robot_interfaces/srv/_add_obstacle_s.c
[22.323s] -- Installing: /home/silvia/TFG/TFG/src/ros2_ws/install/robot_interfaces/lib/python3.12/site-packages/robot_interfaces/srv/_solve_dk.py
[22.323s] -- Installing: /home/silvia/TFG/TFG/src/ros2_ws/install/robot_interfaces/lib/python3.12/site-packages/robot_interfaces/srv/_put_piece.py
[22.324s] -- Installing: /home/silvia/TFG/TFG/src/ros2_ws/install/robot_interfaces/lib/python3.12/site-packages/robot_interfaces/srv/_spawn_object_s.c
[22.324s] -- Installing: /home/silvia/TFG/TFG/src/ros2_ws/install/robot_interfaces/lib/python3.12/site-packages/robot_interfaces/__init__.py
[22.324s] -- Installing: /home/silvia/TFG/TFG/src/ros2_ws/install/robot_interfaces/lib/python3.12/site-packages/robot_interfaces/robot_interfaces_s__rosidl_typesupport_introspection_c.so
[22.325s] -- Installing: /home/silvia/TFG/TFG/src/ros2_ws/install/robot_interfaces/lib/python3.12/site-packages/robot_interfaces/robot_interfaces_s__rosidl_typesupport_c.so
[22.409s] Listing '/home/silvia/TFG/TFG/src/ros2_ws/install/robot_interfaces/lib/python3.12/site-packages/robot_interfaces'...
[22.410s] Compiling '/home/silvia/TFG/TFG/src/ros2_ws/install/robot_interfaces/lib/python3.12/site-packages/robot_interfaces/__init__.py'...
[22.410s] Listing '/home/silvia/TFG/TFG/src/ros2_ws/install/robot_interfaces/lib/python3.12/site-packages/robot_interfaces/srv'...
[22.410s] Compiling '/home/silvia/TFG/TFG/src/ros2_ws/install/robot_interfaces/lib/python3.12/site-packages/robot_interfaces/srv/__init__.py'...
[22.410s] Compiling '/home/silvia/TFG/TFG/src/ros2_ws/install/robot_interfaces/lib/python3.12/site-packages/robot_interfaces/srv/_add_camera.py'...
[22.410s] Compiling '/home/silvia/TFG/TFG/src/ros2_ws/install/robot_interfaces/lib/python3.12/site-packages/robot_interfaces/srv/_add_obstacle.py'...
[22.410s] Compiling '/home/silvia/TFG/TFG/src/ros2_ws/install/robot_interfaces/lib/python3.12/site-packages/robot_interfaces/srv/_manage_tool.py'...
[22.410s] Compiling '/home/silvia/TFG/TFG/src/ros2_ws/install/robot_interfaces/lib/python3.12/site-packages/robot_interfaces/srv/_put_piece.py'...
[22.410s] Compiling '/home/silvia/TFG/TFG/src/ros2_ws/install/robot_interfaces/lib/python3.12/site-packages/robot_interfaces/srv/_remove_obstacle.py'...
[22.410s] Compiling '/home/silvia/TFG/TFG/src/ros2_ws/install/robot_interfaces/lib/python3.12/site-packages/robot_interfaces/srv/_solve_dk.py'...
[22.410s] Compiling '/home/silvia/TFG/TFG/src/ros2_ws/install/robot_interfaces/lib/python3.12/site-packages/robot_interfaces/srv/_solve_ik.py'...
[22.411s] Compiling '/home/silvia/TFG/TFG/src/ros2_ws/install/robot_interfaces/lib/python3.12/site-packages/robot_interfaces/srv/_spawn_object.py'...
[22.417s] -- Installing: /home/silvia/TFG/TFG/src/ros2_ws/install/robot_interfaces/lib/python3.12/site-packages/robot_interfaces/robot_interfaces_s__rosidl_typesupport_fastrtps_c.so
[22.418s] -- Set non-toolchain portion of runtime path of "/home/silvia/TFG/TFG/src/ros2_ws/install/robot_interfaces/lib/python3.12/site-packages/robot_interfaces/robot_interfaces_s__rosidl_typesupport_fastrtps_c.so" to ""
[22.418s] -- Installing: /home/silvia/TFG/TFG/src/ros2_ws/install/robot_interfaces/lib/python3.12/site-packages/robot_interfaces/robot_interfaces_s__rosidl_typesupport_introspection_c.so
[22.419s] -- Set non-toolchain portion of runtime path of "/home/silvia/TFG/TFG/src/ros2_ws/install/robot_interfaces/lib/python3.12/site-packages/robot_interfaces/robot_interfaces_s__rosidl_typesupport_introspection_c.so" to ""
[22.420s] -- Installing: /home/silvia/TFG/TFG/src/ros2_ws/install/robot_interfaces/lib/python3.12/site-packages/robot_interfaces/robot_interfaces_s__rosidl_typesupport_c.so
[22.420s] -- Set non-toolchain portion of runtime path of "/home/silvia/TFG/TFG/src/ros2_ws/install/robot_interfaces/lib/python3.12/site-packages/robot_interfaces/robot_interfaces_s__rosidl_typesupport_c.so" to ""
[22.421s] -- Installing: /home/silvia/TFG/TFG/src/ros2_ws/install/robot_interfaces/lib/librobot_interfaces__rosidl_generator_py.so
[22.421s] -- Set non-toolchain portion of runtime path of "/home/silvia/TFG/TFG/src/ros2_ws/install/robot_interfaces/lib/librobot_interfaces__rosidl_generator_py.so" to ""
[22.422s] -- Installing: /home/silvia/TFG/TFG/src/ros2_ws/install/robot_interfaces/share/ament_index/resource_index/rust_packages/robot_interfaces
[22.422s] -- Installing: /home/silvia/TFG/TFG/src/ros2_ws/install/robot_interfaces/share/robot_interfaces/rust
[22.423s] -- Installing: /home/silvia/TFG/TFG/src/ros2_ws/install/robot_interfaces/share/robot_interfaces/rust/build.rs
[22.423s] -- Installing: /home/silvia/TFG/TFG/src/ros2_ws/install/robot_interfaces/share/robot_interfaces/rust/Cargo.toml
[22.424s] -- Installing: /home/silvia/TFG/TFG/src/ros2_ws/install/robot_interfaces/share/robot_interfaces/rust/src
[22.424s] -- Installing: /home/silvia/TFG/TFG/src/ros2_ws/install/robot_interfaces/share/robot_interfaces/rust/src/srv
[22.424s] -- Installing: /home/silvia/TFG/TFG/src/ros2_ws/install/robot_interfaces/share/robot_interfaces/rust/src/srv/rmw.rs
[22.425s] -- Installing: /home/silvia/TFG/TFG/src/ros2_ws/install/robot_interfaces/share/robot_interfaces/rust/src/srv.rs
[22.425s] -- Installing: /home/silvia/TFG/TFG/src/ros2_ws/install/robot_interfaces/share/robot_interfaces/rust/src/lib.rs
[22.425s] -- Installing: /home/silvia/TFG/TFG/src/ros2_ws/install/robot_interfaces/share/robot_interfaces/srv/SolveIK.idl
[22.425s] -- Installing: /home/silvia/TFG/TFG/src/ros2_ws/install/robot_interfaces/share/robot_interfaces/srv/AddObstacle.idl
[22.426s] -- Installing: /home/silvia/TFG/TFG/src/ros2_ws/install/robot_interfaces/share/robot_interfaces/srv/RemoveObstacle.idl
[22.426s] -- Installing: /home/silvia/TFG/TFG/src/ros2_ws/install/robot_interfaces/share/robot_interfaces/srv/SolveDK.idl
[22.426s] -- Installing: /home/silvia/TFG/TFG/src/ros2_ws/install/robot_interfaces/share/robot_interfaces/srv/ManageTool.idl
[22.427s] -- Installing: /home/silvia/TFG/TFG/src/ros2_ws/install/robot_interfaces/share/robot_interfaces/srv/SpawnObject.idl
[22.427s] -- Installing: /home/silvia/TFG/TFG/src/ros2_ws/install/robot_interfaces/share/robot_interfaces/srv/AddCamera.idl
[22.427s] -- Installing: /home/silvia/TFG/TFG/src/ros2_ws/install/robot_interfaces/share/robot_interfaces/srv/PutPiece.idl
[22.428s] -- Installing: /home/silvia/TFG/TFG/src/ros2_ws/install/robot_interfaces/share/robot_interfaces/srv/SolveIK.srv
[22.428s] -- Installing: /home/silvia/TFG/TFG/src/ros2_ws/install/robot_interfaces/share/robot_interfaces/srv/AddObstacle.srv
[22.428s] -- Installing: /home/silvia/TFG/TFG/src/ros2_ws/install/robot_interfaces/share/robot_interfaces/srv/RemoveObstacle.srv
[22.428s] -- Installing: /home/silvia/TFG/TFG/src/ros2_ws/install/robot_interfaces/share/robot_interfaces/srv/SolveDK.srv
[22.429s] -- Installing: /home/silvia/TFG/TFG/src/ros2_ws/install/robot_interfaces/share/robot_interfaces/srv/ManageTool.srv
[22.429s] -- Installing: /home/silvia/TFG/TFG/src/ros2_ws/install/robot_interfaces/share/robot_interfaces/srv/SpawnObject.srv
[22.430s] -- Installing: /home/silvia/TFG/TFG/src/ros2_ws/install/robot_interfaces/share/robot_interfaces/srv/AddCamera.srv
[22.430s] -- Installing: /home/silvia/TFG/TFG/src/ros2_ws/install/robot_interfaces/share/robot_interfaces/srv/PutPiece.srv
[22.431s] -- Installing: /home/silvia/TFG/TFG/src/ros2_ws/install/robot_interfaces/share/ament_index/resource_index/package_run_dependencies/robot_interfaces
[22.431s] -- Installing: /home/silvia/TFG/TFG/src/ros2_ws/install/robot_interfaces/share/ament_index/resource_index/parent_prefix_path/robot_interfaces
[22.432s] -- Installing: /home/silvia/TFG/TFG/src/ros2_ws/install/robot_interfaces/share/robot_interfaces/environment/ament_prefix_path.sh
[22.432s] -- Installing: /home/silvia/TFG/TFG/src/ros2_ws/install/robot_interfaces/share/robot_interfaces/environment/ament_prefix_path.dsv
[22.432s] -- Installing: /home/silvia/TFG/TFG/src/ros2_ws/install/robot_interfaces/share/robot_interfaces/environment/path.sh
[22.432s] -- Installing: /home/silvia/TFG/TFG/src/ros2_ws/install/robot_interfaces/share/robot_interfaces/environment/path.dsv
[22.433s] -- Installing: /home/silvia/TFG/TFG/src/ros2_ws/install/robot_interfaces/share/robot_interfaces/local_setup.bash
[22.433s] -- Installing: /home/silvia/TFG/TFG/src/ros2_ws/install/robot_interfaces/share/robot_interfaces/local_setup.sh
[22.434s] -- Installing: /home/silvia/TFG/TFG/src/ros2_ws/install/robot_interfaces/share/robot_interfaces/local_setup.zsh
[22.434s] -- Installing: /home/silvia/TFG/TFG/src/ros2_ws/install/robot_interfaces/share/robot_interfaces/local_setup.dsv
[22.434s] -- Installing: /home/silvia/TFG/TFG/src/ros2_ws/install/robot_interfaces/share/robot_interfaces/package.dsv
[22.435s] -- Installing: /home/silvia/TFG/TFG/src/ros2_ws/install/robot_interfaces/share/ament_index/resource_index/packages/robot_interfaces
[22.436s] -- Installing: /home/silvia/TFG/TFG/src/ros2_ws/install/robot_interfaces/share/robot_interfaces/cmake/export_robot_interfaces__rosidl_generator_cExport.cmake
[22.436s] -- Installing: /home/silvia/TFG/TFG/src/ros2_ws/install/robot_interfaces/share/robot_interfaces/cmake/export_robot_interfaces__rosidl_generator_cExport-noconfig.cmake
[22.436s] -- Installing: /home/silvia/TFG/TFG/src/ros2_ws/install/robot_interfaces/share/robot_interfaces/cmake/export_robot_interfaces__rosidl_typesupport_fastrtps_cExport.cmake
[22.437s] -- Installing: /home/silvia/TFG/TFG/src/ros2_ws/install/robot_interfaces/share/robot_interfaces/cmake/export_robot_interfaces__rosidl_typesupport_fastrtps_cExport-noconfig.cmake
[22.437s] -- Installing: /home/silvia/TFG/TFG/src/ros2_ws/install/robot_interfaces/share/robot_interfaces/cmake/export_robot_interfaces__rosidl_generator_cppExport.cmake
[22.438s] -- Installing: /home/silvia/TFG/TFG/src/ros2_ws/install/robot_interfaces/share/robot_interfaces/cmake/export_robot_interfaces__rosidl_typesupport_fastrtps_cppExport.cmake
[22.438s] -- Installing: /home/silvia/TFG/TFG/src/ros2_ws/install/robot_interfaces/share/robot_interfaces/cmake/export_robot_interfaces__rosidl_typesupport_fastrtps_cppExport-noconfig.cmake
[22.438s] -- Installing: /home/silvia/TFG/TFG/src/ros2_ws/install/robot_interfaces/share/robot_interfaces/cmake/robot_interfaces__rosidl_typesupport_introspection_cExport.cmake
[22.439s] -- Installing: /home/silvia/TFG/TFG/src/ros2_ws/install/robot_interfaces/share/robot_interfaces/cmake/robot_interfaces__rosidl_typesupport_introspection_cExport-noconfig.cmake
[22.439s] -- Installing: /home/silvia/TFG/TFG/src/ros2_ws/install/robot_interfaces/share/robot_interfaces/cmake/robot_interfaces__rosidl_typesupport_cExport.cmake
[22.439s] -- Installing: /home/silvia/TFG/TFG/src/ros2_ws/install/robot_interfaces/share/robot_interfaces/cmake/robot_interfaces__rosidl_typesupport_cExport-noconfig.cmake
[22.440s] -- Installing: /home/silvia/TFG/TFG/src/ros2_ws/install/robot_interfaces/share/robot_interfaces/cmake/robot_interfaces__rosidl_typesupport_introspection_cppExport.cmake
[22.440s] -- Installing: /home/silvia/TFG/TFG/src/ros2_ws/install/robot_interfaces/share/robot_interfaces/cmake/robot_interfaces__rosidl_typesupport_introspection_cppExport-noconfig.cmake
[22.440s] -- Installing: /home/silvia/TFG/TFG/src/ros2_ws/install/robot_interfaces/share/robot_interfaces/cmake/robot_interfaces__rosidl_typesupport_cppExport.cmake
[22.441s] -- Installing: /home/silvia/TFG/TFG/src/ros2_ws/install/robot_interfaces/share/robot_interfaces/cmake/robot_interfaces__rosidl_typesupport_cppExport-noconfig.cmake
[22.441s] -- Installing: /home/silvia/TFG/TFG/src/ros2_ws/install/robot_interfaces/share/robot_interfaces/cmake/export_robot_interfaces__rosidl_generator_pyExport.cmake
[22.441s] -- Installing: /home/silvia/TFG/TFG/src/ros2_ws/install/robot_interfaces/share/robot_interfaces/cmake/export_robot_interfaces__rosidl_generator_pyExport-noconfig.cmake
[22.441s] -- Installing: /home/silvia/TFG/TFG/src/ros2_ws/install/robot_interfaces/share/robot_interfaces/cmake/rosidl_cmake-extras.cmake
[22.442s] -- Installing: /home/silvia/TFG/TFG/src/ros2_ws/install/robot_interfaces/share/robot_interfaces/cmake/ament_cmake_export_dependencies-extras.cmake
[22.442s] -- Installing: /home/silvia/TFG/TFG/src/ros2_ws/install/robot_interfaces/share/robot_interfaces/cmake/ament_cmake_export_include_directories-extras.cmake
[22.442s] -- Installing: /home/silvia/TFG/TFG/src/ros2_ws/install/robot_interfaces/share/robot_interfaces/cmake/ament_cmake_export_libraries-extras.cmake
[22.443s] -- Installing: /home/silvia/TFG/TFG/src/ros2_ws/install/robot_interfaces/share/robot_interfaces/cmake/ament_cmake_export_targets-extras.cmake
[22.443s] -- Installing: /home/silvia/TFG/TFG/src/ros2_ws/install/robot_interfaces/share/robot_interfaces/cmake/rosidl_cmake_export_typesupport_targets-extras.cmake
[22.443s] -- Installing: /home/silvia/TFG/TFG/src/ros2_ws/install/robot_interfaces/share/robot_interfaces/cmake/rosidl_cmake_export_typesupport_libraries-extras.cmake
[22.443s] -- Installing: /home/silvia/TFG/TFG/src/ros2_ws/install/robot_interfaces/share/robot_interfaces/cmake/robot_interfacesConfig.cmake
[22.444s] -- Installing: /home/silvia/TFG/TFG/src/ros2_ws/install/robot_interfaces/share/robot_interfaces/cmake/robot_interfacesConfig-version.cmake
[22.444s] -- Installing: /home/silvia/TFG/TFG/src/ros2_ws/install/robot_interfaces/share/robot_interfaces/package.xml
[22.449s] Invoked command in '/home/silvia/TFG/TFG/src/ros2_ws/build/robot_interfaces' returned '0': CMAKE_PREFIX_PATH=${CMAKE_PREFIX_PATH}:/home/silvia/TFG/TFG/src/ros2_ws/install/robot_inverse_kinematics:/opt/ros/jazzy /usr/bin/cmake --install /home/silvia/TFG/TFG/src/ros2_ws/build/robot_interfaces
