-- The C compiler identification is GNU 13.3.0
-- The CXX compiler identification is GNU 13.3.0
-- Detecting C compiler ABI info
-- Detecting C compiler ABI info - done
-- Check for working C compiler: /usr/bin/cc - skipped
-- Detecting C compile features
-- Detecting C compile features - done
-- Detecting CXX compiler ABI info
-- Detecting CXX compiler ABI info - done
-- Check for working CXX compiler: /usr/bin/c++ - skipped
-- Detecting CXX compile features
-- Detecting CXX compile features - done
-- Found ament_cmake: 2.5.6 (/opt/ros/jazzy/share/ament_cmake/cmake)
-- Found Python3: /usr/bin/python3 (found version "3.12.3") found components: Interpreter 
-- Found rclcpp: 28.1.18 (/opt/ros/jazzy/share/rclcpp/cmake)
-- Found rosidl_generator_c: 4.6.7 (/opt/ros/jazzy/share/rosidl_generator_c/cmake)
-- Found rosidl_generator_cpp: 4.6.7 (/opt/ros/jazzy/share/rosidl_generator_cpp/cmake)
-- Using all available rosidl_typesupport_c: rosidl_typesupport_fastrtps_c;rosidl_typesupport_introspection_c
-- Using all available rosidl_typesupport_cpp: rosidl_typesupport_fastrtps_cpp;rosidl_typesupport_introspection_cpp
-- Found rmw_implementation_cmake: 7.3.3 (/opt/ros/jazzy/share/rmw_implementation_cmake/cmake)
-- Found rmw_fastrtps_cpp: 8.4.3 (/opt/ros/jazzy/share/rmw_fastrtps_cpp/cmake)
-- Found OpenSSL: /usr/lib/x86_64-linux-gnu/libcrypto.so (found version "3.0.13")  
-- Found FastRTPS: /opt/ros/jazzy/include (Required is at least version "2.13") 
-- Using RMW implementation 'rmw_fastrtps_cpp' as default
-- Found robot_interfaces: 0.0.0 (/home/silvia/TFG/TFG/src/ros2_ws/install/robot_interfaces/share/robot_interfaces/cmake)
-- Found tf2: 0.36.20 (/opt/ros/jazzy/share/tf2/cmake)
-- Found tf2_ros: 0.36.20 (/opt/ros/jazzy/share/tf2_ros/cmake)
-- Found tf2_geometry_msgs: 0.36.20 (/opt/ros/jazzy/share/tf2_geometry_msgs/cmake)
-- Found eigen3_cmake_module: 0.3.0 (/opt/ros/jazzy/share/eigen3_cmake_module/cmake)
-- Found Eigen3: TRUE (found version "3.4.0") 
-- Ensuring Eigen3 include directory is part of orocos-kdl CMake target
-- Found sensor_msgs: 5.3.7 (/opt/ros/jazzy/share/sensor_msgs/cmake)
-- Found OpenCV: /usr (found version "4.6.0") 
-- Found std_srvs: 5.3.7 (/opt/ros/jazzy/share/std_srvs/cmake)
-- Found nav2_msgs: 1.3.11 (/opt/ros/jazzy/share/nav2_msgs/cmake)
-- Found ament_lint_auto: 0.17.5 (/opt/ros/jazzy/share/ament_lint_auto/cmake)
-- Added test 'cppcheck' to perform static code analysis on C / C++ code
-- Configured cppcheck include dirs: /home/silvia/TFG/TFG/src/ros2_ws/src/tic_tac_toe_dlc/include
-- Configured cppcheck exclude dirs and/or files: 
-- Added test 'flake8' to check Python code syntax and style conventions
-- Configured 'flake8' exclude dirs and/or files: 
-- Added test 'lint_cmake' to check CMake code style
-- Added test 'pep257' to check Python code against some of the docstring style conventions in PEP 257
-- Added test 'uncrustify' to check C / C++ code style
-- Configured uncrustify additional arguments: 
-- Added test 'xmllint' to check XML markup files
-- Configuring done (4.8s)
-- Generating done (0.0s)
-- Build files have been written to: /home/silvia/TFG/TFG/src/ros2_ws/build/tic_tac_toe_dlc
[ 50%] [32mBuilding CXX object CMakeFiles/tic_tac_toe_node.dir/src/tic_tac_toe_node.cpp.o[0m
[100%] [32m[1mLinking CXX executable tic_tac_toe_node[0m
[100%] Built target tic_tac_toe_node
-- Install configuration: ""
-- Installing: /home/silvia/TFG/TFG/src/ros2_ws/install/tic_tac_toe_dlc/share/tic_tac_toe_dlc/urdf
-- Installing: /home/silvia/TFG/TFG/src/ros2_ws/install/tic_tac_toe_dlc/share/tic_tac_toe_dlc/urdf/tablero.urdf
-- Installing: /home/silvia/TFG/TFG/src/ros2_ws/install/tic_tac_toe_dlc/share/tic_tac_toe_dlc/urdf/ficha_x.urdf
-- Installing: /home/silvia/TFG/TFG/src/ros2_ws/install/tic_tac_toe_dlc/share/tic_tac_toe_dlc/urdf/ficha_o.urdf
-- Installing: /home/silvia/TFG/TFG/src/ros2_ws/install/tic_tac_toe_dlc/share/tic_tac_toe_dlc/models
-- Installing: /home/silvia/TFG/TFG/src/ros2_ws/install/tic_tac_toe_dlc/share/tic_tac_toe_dlc/models/ia_modelo.py
-- Installing: /home/silvia/TFG/TFG/src/ros2_ws/install/tic_tac_toe_dlc/share/tic_tac_toe_dlc/models/ia_server.py
-- Installing: /home/silvia/TFG/TFG/src/ros2_ws/install/tic_tac_toe_dlc/share/tic_tac_toe_dlc/models/modelo_tictactoe.pth
-- Installing: /home/silvia/TFG/TFG/src/ros2_ws/install/tic_tac_toe_dlc/share/tic_tac_toe_dlc/models/__pycache__
-- Installing: /home/silvia/TFG/TFG/src/ros2_ws/install/tic_tac_toe_dlc/share/tic_tac_toe_dlc/models/__pycache__/ia_modelo.cpython-312.pyc
-- Installing: /home/silvia/TFG/TFG/src/ros2_ws/install/tic_tac_toe_dlc/share/tic_tac_toe_dlc/launch
-- Installing: /home/silvia/TFG/TFG/src/ros2_ws/install/tic_tac_toe_dlc/share/tic_tac_toe_dlc/launch/init_game.launch.py
-- Installing: /home/silvia/TFG/TFG/src/ros2_ws/install/tic_tac_toe_dlc/share/tic_tac_toe_dlc/launch/init_python.sh
-- Installing: /home/silvia/TFG/TFG/src/ros2_ws/install/tic_tac_toe_dlc/lib/tic_tac_toe_dlc/tic_tac_toe_node
-- Set non-toolchain portion of runtime path of "/home/silvia/TFG/TFG/src/ros2_ws/install/tic_tac_toe_dlc/lib/tic_tac_toe_dlc/tic_tac_toe_node" to ""
-- Installing: /home/silvia/TFG/TFG/src/ros2_ws/install/tic_tac_toe_dlc/share/ament_index/resource_index/package_run_dependencies/tic_tac_toe_dlc
-- Installing: /home/silvia/TFG/TFG/src/ros2_ws/install/tic_tac_toe_dlc/share/ament_index/resource_index/parent_prefix_path/tic_tac_toe_dlc
-- Installing: /home/silvia/TFG/TFG/src/ros2_ws/install/tic_tac_toe_dlc/share/tic_tac_toe_dlc/environment/ament_prefix_path.sh
-- Installing: /home/silvia/TFG/TFG/src/ros2_ws/install/tic_tac_toe_dlc/share/tic_tac_toe_dlc/environment/ament_prefix_path.dsv
-- Installing: /home/silvia/TFG/TFG/src/ros2_ws/install/tic_tac_toe_dlc/share/tic_tac_toe_dlc/environment/path.sh
-- Installing: /home/silvia/TFG/TFG/src/ros2_ws/install/tic_tac_toe_dlc/share/tic_tac_toe_dlc/environment/path.dsv
-- Installing: /home/silvia/TFG/TFG/src/ros2_ws/install/tic_tac_toe_dlc/share/tic_tac_toe_dlc/local_setup.bash
-- Installing: /home/silvia/TFG/TFG/src/ros2_ws/install/tic_tac_toe_dlc/share/tic_tac_toe_dlc/local_setup.sh
-- Installing: /home/silvia/TFG/TFG/src/ros2_ws/install/tic_tac_toe_dlc/share/tic_tac_toe_dlc/local_setup.zsh
-- Installing: /home/silvia/TFG/TFG/src/ros2_ws/install/tic_tac_toe_dlc/share/tic_tac_toe_dlc/local_setup.dsv
-- Installing: /home/silvia/TFG/TFG/src/ros2_ws/install/tic_tac_toe_dlc/share/tic_tac_toe_dlc/package.dsv
-- Installing: /home/silvia/TFG/TFG/src/ros2_ws/install/tic_tac_toe_dlc/share/ament_index/resource_index/packages/tic_tac_toe_dlc
-- Installing: /home/silvia/TFG/TFG/src/ros2_ws/install/tic_tac_toe_dlc/share/tic_tac_toe_dlc/cmake/tic_tac_toe_dlcConfig.cmake
-- Installing: /home/silvia/TFG/TFG/src/ros2_ws/install/tic_tac_toe_dlc/share/tic_tac_toe_dlc/cmake/tic_tac_toe_dlcConfig-version.cmake
-- Installing: /home/silvia/TFG/TFG/src/ros2_ws/install/tic_tac_toe_dlc/share/tic_tac_toe_dlc/package.xml
