running egg_info
creating ../../build/robot_inverse_kinematics/robot_inverse_kinematics.egg-info
writing ../../build/robot_inverse_kinematics/robot_inverse_kinematics.egg-info/PKG-INFO
writing dependency_links to ../../build/robot_inverse_kinematics/robot_inverse_kinematics.egg-info/dependency_links.txt
writing entry points to ../../build/robot_inverse_kinematics/robot_inverse_kinematics.egg-info/entry_points.txt
writing requirements to ../../build/robot_inverse_kinematics/robot_inverse_kinematics.egg-info/requires.txt
writing top-level names to ../../build/robot_inverse_kinematics/robot_inverse_kinematics.egg-info/top_level.txt
writing manifest file '../../build/robot_inverse_kinematics/robot_inverse_kinematics.egg-info/SOURCES.txt'
reading manifest file '../../build/robot_inverse_kinematics/robot_inverse_kinematics.egg-info/SOURCES.txt'
writing manifest file '../../build/robot_inverse_kinematics/robot_inverse_kinematics.egg-info/SOURCES.txt'
running build
running build_py
creating /home/silvia/TFG/TFG/src/ros2_ws/build/robot_inverse_kinematics/build
creating /home/silvia/TFG/TFG/src/ros2_ws/build/robot_inverse_kinematics/build/lib
creating /home/silvia/TFG/TFG/src/ros2_ws/build/robot_inverse_kinematics/build/lib/robot_inverse_kinematics
copying robot_inverse_kinematics/__init__.py -> /home/silvia/TFG/TFG/src/ros2_ws/build/robot_inverse_kinematics/build/lib/robot_inverse_kinematics
copying robot_inverse_kinematics/ik_node.py -> /home/silvia/TFG/TFG/src/ros2_ws/build/robot_inverse_kinematics/build/lib/robot_inverse_kinematics
running install
running install_lib
creating /home/silvia/TFG/TFG/src/ros2_ws/install/robot_inverse_kinematics/lib/python3.12/site-packages/robot_inverse_kinematics
copying /home/silvia/TFG/TFG/src/ros2_ws/build/robot_inverse_kinematics/build/lib/robot_inverse_kinematics/__init__.py -> /home/silvia/TFG/TFG/src/ros2_ws/install/robot_inverse_kinematics/lib/python3.12/site-packages/robot_inverse_kinematics
copying /home/silvia/TFG/TFG/src/ros2_ws/build/robot_inverse_kinematics/build/lib/robot_inverse_kinematics/ik_node.py -> /home/silvia/TFG/TFG/src/ros2_ws/install/robot_inverse_kinematics/lib/python3.12/site-packages/robot_inverse_kinematics
byte-compiling /home/silvia/TFG/TFG/src/ros2_ws/install/robot_inverse_kinematics/lib/python3.12/site-packages/robot_inverse_kinematics/__init__.py to __init__.cpython-312.pyc
byte-compiling /home/silvia/TFG/TFG/src/ros2_ws/install/robot_inverse_kinematics/lib/python3.12/site-packages/robot_inverse_kinematics/ik_node.py to ik_node.cpython-312.pyc
running install_data
creating /home/silvia/TFG/TFG/src/ros2_ws/install/robot_inverse_kinematics/share/ament_index
creating /home/silvia/TFG/TFG/src/ros2_ws/install/robot_inverse_kinematics/share/ament_index/resource_index
creating /home/silvia/TFG/TFG/src/ros2_ws/install/robot_inverse_kinematics/share/ament_index/resource_index/packages
copying resource/robot_inverse_kinematics -> /home/silvia/TFG/TFG/src/ros2_ws/install/robot_inverse_kinematics/share/ament_index/resource_index/packages
copying package.xml -> /home/silvia/TFG/TFG/src/ros2_ws/install/robot_inverse_kinematics/share/robot_inverse_kinematics
running install_egg_info
Copying ../../build/robot_inverse_kinematics/robot_inverse_kinematics.egg-info to /home/silvia/TFG/TFG/src/ros2_ws/install/robot_inverse_kinematics/lib/python3.12/site-packages/robot_inverse_kinematics-0.0.0-py3.12.egg-info
running install_scripts
Installing ik_node script to /home/silvia/TFG/TFG/src/ros2_ws/install/robot_inverse_kinematics/lib/robot_inverse_kinematics
writing list of installed files to '/home/silvia/TFG/TFG/src/ros2_ws/build/robot_inverse_kinematics/install.log'
