[2.147s] Invoking command in '/home/silvia/TFG/TFG/src/ros2_ws/src/robot_inverse_kinematics': AMENT_PREFIX_PATH=/home/silvia/TFG/TFG/src/ros2_ws/install/robot_interfaces:${AMENT_PREFIX_PATH} CMAKE_PREFIX_PATH=/home/silvia/TFG/TFG/src/ros2_ws/install/robot_interfaces:${CMAKE_PREFIX_PATH} LD_LIBRARY_PATH=/home/silvia/TFG/TFG/src/ros2_ws/install/robot_interfaces/lib:${LD_LIBRARY_PATH} PYTHONPATH=/home/silvia/TFG/TFG/src/ros2_ws/build/robot_inverse_kinematics/prefix_override:/usr/lib/python3/dist-packages/colcon_core/task/python/colcon_distutils_commands:/home/silvia/TFG/TFG/src/ros2_ws/install/robot_inverse_kinematics/lib/python3.12/site-packages:/home/silvia/TFG/TFG/src/ros2_ws/install/robot_interfaces/lib/python3.12/site-packages:${PYTHONPATH} /usr/bin/python3 -W ignore:setup.py install is deprecated -W ignore:easy_install command is deprecated setup.py egg_info --egg-base ../../build/robot_inverse_kinematics build --build-base /home/silvia/TFG/TFG/src/ros2_ws/build/robot_inverse_kinematics/build install --record /home/silvia/TFG/TFG/src/ros2_ws/build/robot_inverse_kinematics/install.log --single-version-externally-managed install_data
[2.727s] running egg_info
[2.727s] creating ../../build/robot_inverse_kinematics/robot_inverse_kinematics.egg-info
[2.772s] writing ../../build/robot_inverse_kinematics/robot_inverse_kinematics.egg-info/PKG-INFO
[2.773s] writing dependency_links to ../../build/robot_inverse_kinematics/robot_inverse_kinematics.egg-info/dependency_links.txt
[2.774s] writing entry points to ../../build/robot_inverse_kinematics/robot_inverse_kinematics.egg-info/entry_points.txt
[2.774s] writing requirements to ../../build/robot_inverse_kinematics/robot_inverse_kinematics.egg-info/requires.txt
[2.774s] writing top-level names to ../../build/robot_inverse_kinematics/robot_inverse_kinematics.egg-info/top_level.txt
[2.775s] writing manifest file '../../build/robot_inverse_kinematics/robot_inverse_kinematics.egg-info/SOURCES.txt'
[2.860s] reading manifest file '../../build/robot_inverse_kinematics/robot_inverse_kinematics.egg-info/SOURCES.txt'
[2.861s] writing manifest file '../../build/robot_inverse_kinematics/robot_inverse_kinematics.egg-info/SOURCES.txt'
[2.862s] running build
[2.862s] running build_py
[2.862s] creating /home/silvia/TFG/TFG/src/ros2_ws/build/robot_inverse_kinematics/build
[2.863s] creating /home/silvia/TFG/TFG/src/ros2_ws/build/robot_inverse_kinematics/build/lib
[2.864s] creating /home/silvia/TFG/TFG/src/ros2_ws/build/robot_inverse_kinematics/build/lib/robot_inverse_kinematics
[2.865s] copying robot_inverse_kinematics/__init__.py -> /home/silvia/TFG/TFG/src/ros2_ws/build/robot_inverse_kinematics/build/lib/robot_inverse_kinematics
[2.865s] copying robot_inverse_kinematics/ik_node.py -> /home/silvia/TFG/TFG/src/ros2_ws/build/robot_inverse_kinematics/build/lib/robot_inverse_kinematics
[2.866s] running install
[2.875s] running install_lib
[2.919s] creating /home/silvia/TFG/TFG/src/ros2_ws/install/robot_inverse_kinematics/lib/python3.12/site-packages/robot_inverse_kinematics
[2.920s] copying /home/silvia/TFG/TFG/src/ros2_ws/build/robot_inverse_kinematics/build/lib/robot_inverse_kinematics/__init__.py -> /home/silvia/TFG/TFG/src/ros2_ws/install/robot_inverse_kinematics/lib/python3.12/site-packages/robot_inverse_kinematics
[2.920s] copying /home/silvia/TFG/TFG/src/ros2_ws/build/robot_inverse_kinematics/build/lib/robot_inverse_kinematics/ik_node.py -> /home/silvia/TFG/TFG/src/ros2_ws/install/robot_inverse_kinematics/lib/python3.12/site-packages/robot_inverse_kinematics
[2.922s] byte-compiling /home/silvia/TFG/TFG/src/ros2_ws/install/robot_inverse_kinematics/lib/python3.12/site-packages/robot_inverse_kinematics/__init__.py to __init__.cpython-312.pyc
[2.923s] byte-compiling /home/silvia/TFG/TFG/src/ros2_ws/install/robot_inverse_kinematics/lib/python3.12/site-packages/robot_inverse_kinematics/ik_node.py to ik_node.cpython-312.pyc
[2.933s] running install_data
[2.933s] creating /home/silvia/TFG/TFG/src/ros2_ws/install/robot_inverse_kinematics/share/ament_index
[2.934s] creating /home/silvia/TFG/TFG/src/ros2_ws/install/robot_inverse_kinematics/share/ament_index/resource_index
[2.935s] creating /home/silvia/TFG/TFG/src/ros2_ws/install/robot_inverse_kinematics/share/ament_index/resource_index/packages
[2.936s] copying resource/robot_inverse_kinematics -> /home/silvia/TFG/TFG/src/ros2_ws/install/robot_inverse_kinematics/share/ament_index/resource_index/packages
[2.937s] copying package.xml -> /home/silvia/TFG/TFG/src/ros2_ws/install/robot_inverse_kinematics/share/robot_inverse_kinematics
[2.937s] running install_egg_info
[2.990s] Copying ../../build/robot_inverse_kinematics/robot_inverse_kinematics.egg-info to /home/silvia/TFG/TFG/src/ros2_ws/install/robot_inverse_kinematics/lib/python3.12/site-packages/robot_inverse_kinematics-0.0.0-py3.12.egg-info
[2.993s] running install_scripts
[3.287s] Installing ik_node script to /home/silvia/TFG/TFG/src/ros2_ws/install/robot_inverse_kinematics/lib/robot_inverse_kinematics
[3.289s] writing list of installed files to '/home/silvia/TFG/TFG/src/ros2_ws/build/robot_inverse_kinematics/install.log'
[3.347s] Invoked command in '/home/silvia/TFG/TFG/src/ros2_ws/src/robot_inverse_kinematics' returned '0': AMENT_PREFIX_PATH=/home/silvia/TFG/TFG/src/ros2_ws/install/robot_interfaces:${AMENT_PREFIX_PATH} CMAKE_PREFIX_PATH=/home/silvia/TFG/TFG/src/ros2_ws/install/robot_interfaces:${CMAKE_PREFIX_PATH} LD_LIBRARY_PATH=/home/silvia/TFG/TFG/src/ros2_ws/install/robot_interfaces/lib:${LD_LIBRARY_PATH} PYTHONPATH=/home/silvia/TFG/TFG/src/ros2_ws/build/robot_inverse_kinematics/prefix_override:/usr/lib/python3/dist-packages/colcon_core/task/python/colcon_distutils_commands:/home/silvia/TFG/TFG/src/ros2_ws/install/robot_inverse_kinematics/lib/python3.12/site-packages:/home/silvia/TFG/TFG/src/ros2_ws/install/robot_interfaces/lib/python3.12/site-packages:${PYTHONPATH} /usr/bin/python3 -W ignore:setup.py install is deprecated -W ignore:easy_install command is deprecated setup.py egg_info --egg-base ../../build/robot_inverse_kinematics build --build-base /home/silvia/TFG/TFG/src/ros2_ws/build/robot_inverse_kinematics/build install --record /home/silvia/TFG/TFG/src/ros2_ws/build/robot_inverse_kinematics/install.log --single-version-externally-managed install_data
