[2.036s] Invoking command in '/home/silvia/TFG/TFG/src/ros2_ws/src/robot_kinematics': AMENT_PREFIX_PATH=/home/silvia/TFG/TFG/src/ros2_ws/src/install/robot_interfaces:${AMENT_PREFIX_PATH} CMAKE_PREFIX_PATH=/home/silvia/TFG/TFG/src/ros2_ws/src/install/robot_interfaces:${CMAKE_PREFIX_PATH} LD_LIBRARY_PATH=/home/silvia/TFG/TFG/src/ros2_ws/src/install/robot_interfaces/lib:${LD_LIBRARY_PATH} PYTHONPATH=/home/silvia/TFG/TFG/src/ros2_ws/src/build/robot_kinematics/prefix_override:/usr/lib/python3/dist-packages/colcon_core/task/python/colcon_distutils_commands:/home/silvia/TFG/TFG/src/ros2_ws/src/install/robot_kinematics/lib/python3.12/site-packages:/home/silvia/TFG/TFG/src/ros2_ws/src/install/robot_interfaces/lib/python3.12/site-packages:${PYTHONPATH} /usr/bin/python3 -W ignore:setup.py install is deprecated -W ignore:easy_install command is deprecated setup.py egg_info --egg-base ../build/robot_kinematics build --build-base /home/silvia/TFG/TFG/src/ros2_ws/src/build/robot_kinematics/build install --record /home/silvia/TFG/TFG/src/ros2_ws/src/build/robot_kinematics/install.log --single-version-externally-managed install_data
[2.551s] running egg_info
[2.552s] creating ../build/robot_kinematics/robot_kinematics.egg-info
[2.580s] writing ../build/robot_kinematics/robot_kinematics.egg-info/PKG-INFO
[2.581s] writing dependency_links to ../build/robot_kinematics/robot_kinematics.egg-info/dependency_links.txt
[2.581s] writing entry points to ../build/robot_kinematics/robot_kinematics.egg-info/entry_points.txt
[2.582s] writing requirements to ../build/robot_kinematics/robot_kinematics.egg-info/requires.txt
[2.582s] writing top-level names to ../build/robot_kinematics/robot_kinematics.egg-info/top_level.txt
[2.583s] writing manifest file '../build/robot_kinematics/robot_kinematics.egg-info/SOURCES.txt'
[2.648s] reading manifest file '../build/robot_kinematics/robot_kinematics.egg-info/SOURCES.txt'
[2.650s] writing manifest file '../build/robot_kinematics/robot_kinematics.egg-info/SOURCES.txt'
[2.650s] running build
[2.650s] running build_py
[2.651s] creating /home/silvia/TFG/TFG/src/ros2_ws/src/build/robot_kinematics/build
[2.651s] creating /home/silvia/TFG/TFG/src/ros2_ws/src/build/robot_kinematics/build/lib
[2.652s] creating /home/silvia/TFG/TFG/src/ros2_ws/src/build/robot_kinematics/build/lib/robot_kinematics
[2.652s] copying robot_kinematics/__init__.py -> /home/silvia/TFG/TFG/src/ros2_ws/src/build/robot_kinematics/build/lib/robot_kinematics
[2.652s] copying robot_kinematics/robot_kinematics.py -> /home/silvia/TFG/TFG/src/ros2_ws/src/build/robot_kinematics/build/lib/robot_kinematics
[2.653s] running install
[2.660s] running install_lib
[2.690s] creating /home/silvia/TFG/TFG/src/ros2_ws/src/install/robot_kinematics/lib/python3.12/site-packages/robot_kinematics
[2.690s] copying /home/silvia/TFG/TFG/src/ros2_ws/src/build/robot_kinematics/build/lib/robot_kinematics/__init__.py -> /home/silvia/TFG/TFG/src/ros2_ws/src/install/robot_kinematics/lib/python3.12/site-packages/robot_kinematics
[2.691s] copying /home/silvia/TFG/TFG/src/ros2_ws/src/build/robot_kinematics/build/lib/robot_kinematics/robot_kinematics.py -> /home/silvia/TFG/TFG/src/ros2_ws/src/install/robot_kinematics/lib/python3.12/site-packages/robot_kinematics
[2.692s] byte-compiling /home/silvia/TFG/TFG/src/ros2_ws/src/install/robot_kinematics/lib/python3.12/site-packages/robot_kinematics/__init__.py to __init__.cpython-312.pyc
[2.692s] byte-compiling /home/silvia/TFG/TFG/src/ros2_ws/src/install/robot_kinematics/lib/python3.12/site-packages/robot_kinematics/robot_kinematics.py to robot_kinematics.cpython-312.pyc
[2.698s] running install_data
[2.698s] creating /home/silvia/TFG/TFG/src/ros2_ws/src/install/robot_kinematics/share/ament_index
[2.699s] creating /home/silvia/TFG/TFG/src/ros2_ws/src/install/robot_kinematics/share/ament_index/resource_index
[2.699s] creating /home/silvia/TFG/TFG/src/ros2_ws/src/install/robot_kinematics/share/ament_index/resource_index/packages
[2.699s] copying resource/robot_kinematics -> /home/silvia/TFG/TFG/src/ros2_ws/src/install/robot_kinematics/share/ament_index/resource_index/packages
[2.700s] copying package.xml -> /home/silvia/TFG/TFG/src/ros2_ws/src/install/robot_kinematics/share/robot_kinematics
[2.700s] running install_egg_info
[2.731s] Copying ../build/robot_kinematics/robot_kinematics.egg-info to /home/silvia/TFG/TFG/src/ros2_ws/src/install/robot_kinematics/lib/python3.12/site-packages/robot_kinematics-0.0.0-py3.12.egg-info
[2.733s] running install_scripts
[2.975s] Installing robot_kinematics script to /home/silvia/TFG/TFG/src/ros2_ws/src/install/robot_kinematics/lib/robot_kinematics
[2.977s] writing list of installed files to '/home/silvia/TFG/TFG/src/ros2_ws/src/build/robot_kinematics/install.log'
[3.033s] Invoked command in '/home/silvia/TFG/TFG/src/ros2_ws/src/robot_kinematics' returned '0': AMENT_PREFIX_PATH=/home/silvia/TFG/TFG/src/ros2_ws/src/install/robot_interfaces:${AMENT_PREFIX_PATH} CMAKE_PREFIX_PATH=/home/silvia/TFG/TFG/src/ros2_ws/src/install/robot_interfaces:${CMAKE_PREFIX_PATH} LD_LIBRARY_PATH=/home/silvia/TFG/TFG/src/ros2_ws/src/install/robot_interfaces/lib:${LD_LIBRARY_PATH} PYTHONPATH=/home/silvia/TFG/TFG/src/ros2_ws/src/build/robot_kinematics/prefix_override:/usr/lib/python3/dist-packages/colcon_core/task/python/colcon_distutils_commands:/home/silvia/TFG/TFG/src/ros2_ws/src/install/robot_kinematics/lib/python3.12/site-packages:/home/silvia/TFG/TFG/src/ros2_ws/src/install/robot_interfaces/lib/python3.12/site-packages:${PYTHONPATH} /usr/bin/python3 -W ignore:setup.py install is deprecated -W ignore:easy_install command is deprecated setup.py egg_info --egg-base ../build/robot_kinematics build --build-base /home/silvia/TFG/TFG/src/ros2_ws/src/build/robot_kinematics/build install --record /home/silvia/TFG/TFG/src/ros2_ws/src/build/robot_kinematics/install.log --single-version-externally-managed install_data
