[0.683s] Invoking command in '/home/silvia/TFG/TFG/src/ros2_ws/src/build/tic_tac_toe_dlc': AMENT_PREFIX_PATH=/home/silvia/TFG/TFG/src/ros2_ws/src/install/robot_interfaces:${AMENT_PREFIX_PATH} CMAKE_PREFIX_PATH=/home/silvia/TFG/TFG/src/ros2_ws/src/install/robot_interfaces:/home/silvia/TFG/TFG/src/ros2_ws/install/tic_tac_toe_dlc:/home/silvia/TFG/TFG/src/ros2_ws/install/robot_pkg:/home/silvia/TFG/TFG/src/ros2_ws/install/robot_interfaces:/home/silvia/TFG/TFG/src/ros2_ws/install/digital_twin:/opt/ros/jazzy/opt/sdformat_vendor:/opt/ros/jazzy/opt/gz_math_vendor:/opt/ros/jazzy/opt/gz_utils_vendor:/opt/ros/jazzy/opt/gz_tools_vendor:/opt/ros/jazzy/opt/gz_cmake_vendor:/home/silvia/TFG/TFG/src/ros2_ws/install/robot_inverse_kinematics:/opt/ros/jazzy LD_LIBRARY_PATH=/home/silvia/TFG/TFG/src/ros2_ws/src/install/robot_interfaces/lib:${LD_LIBRARY_PATH} PYTHONPATH=/home/silvia/TFG/TFG/src/ros2_ws/src/install/robot_interfaces/lib/python3.12/site-packages:${PYTHONPATH} /usr/bin/cmake /home/silvia/TFG/TFG/src/ros2_ws/src/tic_tac_toe_dlc -DCMAKE_INSTALL_PREFIX=/home/silvia/TFG/TFG/src/ros2_ws/src/install/tic_tac_toe_dlc
[0.837s] -- The C compiler identification is GNU 13.3.0
[1.368s] -- The CXX compiler identification is GNU 13.3.0
[1.813s] -- Detecting C compiler ABI info
[2.097s] -- Detecting C compiler ABI info - done
[2.109s] -- Check for working C compiler: /usr/bin/cc - skipped
[2.109s] -- Detecting C compile features
[2.110s] -- Detecting C compile features - done
[2.187s] -- Detecting CXX compiler ABI info
[2.500s] -- Detecting CXX compiler ABI info - done
[2.515s] -- Check for working CXX compiler: /usr/bin/c++ - skipped
[2.516s] -- Detecting CXX compile features
[2.517s] -- Detecting CXX compile features - done
[2.521s] -- Found ament_cmake: 2.5.6 (/opt/ros/jazzy/share/ament_cmake/cmake)
[2.772s] -- Found Python3: /usr/bin/python3 (found version "3.12.3") found components: Interpreter 
[2.935s] -- Found rclcpp: 28.1.18 (/opt/ros/jazzy/share/rclcpp/cmake)
[3.120s] -- Found rosidl_generator_c: 4.6.7 (/opt/ros/jazzy/share/rosidl_generator_c/cmake)
[3.147s] -- Found rosidl_generator_cpp: 4.6.7 (/opt/ros/jazzy/share/rosidl_generator_cpp/cmake)
[3.171s] -- Using all available rosidl_typesupport_c: rosidl_typesupport_fastrtps_c;rosidl_typesupport_introspection_c
[3.198s] -- Using all available rosidl_typesupport_cpp: rosidl_typesupport_fastrtps_cpp;rosidl_typesupport_introspection_cpp
[3.357s] -- Found rmw_implementation_cmake: 7.3.3 (/opt/ros/jazzy/share/rmw_implementation_cmake/cmake)
[3.368s] -- Found rmw_fastrtps_cpp: 8.4.3 (/opt/ros/jazzy/share/rmw_fastrtps_cpp/cmake)
[3.555s] -- Found OpenSSL: /usr/lib/x86_64-linux-gnu/libcrypto.so (found version "3.0.13")  
[3.701s] -- Found FastRTPS: /opt/ros/jazzy/include (Required is at least version "2.13") 
[3.790s] -- Using RMW implementation 'rmw_fastrtps_cpp' as default
[4.021s] -- Found robot_interfaces: 0.0.0 (/home/silvia/TFG/TFG/src/ros2_ws/src/install/robot_interfaces/share/robot_interfaces/cmake)
[4.121s] -- Found tf2: 0.36.20 (/opt/ros/jazzy/share/tf2/cmake)
[4.135s] -- Found tf2_ros: 0.36.20 (/opt/ros/jazzy/share/tf2_ros/cmake)
[4.377s] -- Found tf2_geometry_msgs: 0.36.20 (/opt/ros/jazzy/share/tf2_geometry_msgs/cmake)
[4.447s] -- Found eigen3_cmake_module: 0.3.0 (/opt/ros/jazzy/share/eigen3_cmake_module/cmake)
[4.449s] -- Found Eigen3: TRUE (found version "3.4.0") 
[4.450s] -- Ensuring Eigen3 include directory is part of orocos-kdl CMake target
[4.454s] -- Found sensor_msgs: 5.3.7 (/opt/ros/jazzy/share/sensor_msgs/cmake)
[4.502s] -- Found OpenCV: /usr (found version "4.6.0") 
[4.506s] -- Found std_srvs: 5.3.7 (/opt/ros/jazzy/share/std_srvs/cmake)
[4.541s] -- Found nav2_msgs: 1.3.11 (/opt/ros/jazzy/share/nav2_msgs/cmake)
[4.718s] -- Found ament_lint_auto: 0.17.5 (/opt/ros/jazzy/share/ament_lint_auto/cmake)
[4.866s] -- Added test 'cppcheck' to perform static code analysis on C / C++ code
[4.867s] -- Configured cppcheck include dirs: /home/silvia/TFG/TFG/src/ros2_ws/src/tic_tac_toe_dlc/include
[4.867s] -- Configured cppcheck exclude dirs and/or files: 
[4.869s] -- Added test 'flake8' to check Python code syntax and style conventions
[4.869s] -- Configured 'flake8' exclude dirs and/or files: 
[4.871s] -- Added test 'lint_cmake' to check CMake code style
[4.873s] -- Added test 'pep257' to check Python code against some of the docstring style conventions in PEP 257
[4.876s] -- Added test 'uncrustify' to check C / C++ code style
[4.877s] -- Configured uncrustify additional arguments: 
[4.878s] -- Added test 'xmllint' to check XML markup files
[4.881s] -- Configuring done (4.2s)
[4.923s] -- Generating done (0.0s)
[4.930s] -- Build files have been written to: /home/silvia/TFG/TFG/src/ros2_ws/src/build/tic_tac_toe_dlc
[4.948s] Invoked command in '/home/silvia/TFG/TFG/src/ros2_ws/src/build/tic_tac_toe_dlc' returned '0': AMENT_PREFIX_PATH=/home/silvia/TFG/TFG/src/ros2_ws/src/install/robot_interfaces:${AMENT_PREFIX_PATH} CMAKE_PREFIX_PATH=/home/silvia/TFG/TFG/src/ros2_ws/src/install/robot_interfaces:/home/silvia/TFG/TFG/src/ros2_ws/install/tic_tac_toe_dlc:/home/silvia/TFG/TFG/src/ros2_ws/install/robot_pkg:/home/silvia/TFG/TFG/src/ros2_ws/install/robot_interfaces:/home/silvia/TFG/TFG/src/ros2_ws/install/digital_twin:/opt/ros/jazzy/opt/sdformat_vendor:/opt/ros/jazzy/opt/gz_math_vendor:/opt/ros/jazzy/opt/gz_utils_vendor:/opt/ros/jazzy/opt/gz_tools_vendor:/opt/ros/jazzy/opt/gz_cmake_vendor:/home/silvia/TFG/TFG/src/ros2_ws/install/robot_inverse_kinematics:/opt/ros/jazzy LD_LIBRARY_PATH=/home/silvia/TFG/TFG/src/ros2_ws/src/install/robot_interfaces/lib:${LD_LIBRARY_PATH} PYTHONPATH=/home/silvia/TFG/TFG/src/ros2_ws/src/install/robot_interfaces/lib/python3.12/site-packages:${PYTHONPATH} /usr/bin/cmake /home/silvia/TFG/TFG/src/ros2_ws/src/tic_tac_toe_dlc -DCMAKE_INSTALL_PREFIX=/home/silvia/TFG/TFG/src/ros2_ws/src/install/tic_tac_toe_dlc
[4.950s] Invoking command in '/home/silvia/TFG/TFG/src/ros2_ws/src/build/tic_tac_toe_dlc': AMENT_PREFIX_PATH=/home/silvia/TFG/TFG/src/ros2_ws/src/install/robot_interfaces:${AMENT_PREFIX_PATH} CMAKE_PREFIX_PATH=/home/silvia/TFG/TFG/src/ros2_ws/src/install/robot_interfaces:/home/silvia/TFG/TFG/src/ros2_ws/install/tic_tac_toe_dlc:/home/silvia/TFG/TFG/src/ros2_ws/install/robot_pkg:/home/silvia/TFG/TFG/src/ros2_ws/install/robot_interfaces:/home/silvia/TFG/TFG/src/ros2_ws/install/digital_twin:/opt/ros/jazzy/opt/sdformat_vendor:/opt/ros/jazzy/opt/gz_math_vendor:/opt/ros/jazzy/opt/gz_utils_vendor:/opt/ros/jazzy/opt/gz_tools_vendor:/opt/ros/jazzy/opt/gz_cmake_vendor:/home/silvia/TFG/TFG/src/ros2_ws/install/robot_inverse_kinematics:/opt/ros/jazzy LD_LIBRARY_PATH=/home/silvia/TFG/TFG/src/ros2_ws/src/install/robot_interfaces/lib:${LD_LIBRARY_PATH} PYTHONPATH=/home/silvia/TFG/TFG/src/ros2_ws/src/install/robot_interfaces/lib/python3.12/site-packages:${PYTHONPATH} /usr/bin/cmake --build /home/silvia/TFG/TFG/src/ros2_ws/src/build/tic_tac_toe_dlc -- -j8 -l8
[5.036s] [ 50%] [32mBuilding CXX object CMakeFiles/tic_tac_toe_node.dir/src/tic_tac_toe_node.cpp.o[0m
[30.416s] [100%] [32m[1mLinking CXX executable tic_tac_toe_node[0m
[32.388s] [100%] Built target tic_tac_toe_node
[32.405s] Invoked command in '/home/silvia/TFG/TFG/src/ros2_ws/src/build/tic_tac_toe_dlc' returned '0': AMENT_PREFIX_PATH=/home/silvia/TFG/TFG/src/ros2_ws/src/install/robot_interfaces:${AMENT_PREFIX_PATH} CMAKE_PREFIX_PATH=/home/silvia/TFG/TFG/src/ros2_ws/src/install/robot_interfaces:/home/silvia/TFG/TFG/src/ros2_ws/install/tic_tac_toe_dlc:/home/silvia/TFG/TFG/src/ros2_ws/install/robot_pkg:/home/silvia/TFG/TFG/src/ros2_ws/install/robot_interfaces:/home/silvia/TFG/TFG/src/ros2_ws/install/digital_twin:/opt/ros/jazzy/opt/sdformat_vendor:/opt/ros/jazzy/opt/gz_math_vendor:/opt/ros/jazzy/opt/gz_utils_vendor:/opt/ros/jazzy/opt/gz_tools_vendor:/opt/ros/jazzy/opt/gz_cmake_vendor:/home/silvia/TFG/TFG/src/ros2_ws/install/robot_inverse_kinematics:/opt/ros/jazzy LD_LIBRARY_PATH=/home/silvia/TFG/TFG/src/ros2_ws/src/install/robot_interfaces/lib:${LD_LIBRARY_PATH} PYTHONPATH=/home/silvia/TFG/TFG/src/ros2_ws/src/install/robot_interfaces/lib/python3.12/site-packages:${PYTHONPATH} /usr/bin/cmake --build /home/silvia/TFG/TFG/src/ros2_ws/src/build/tic_tac_toe_dlc -- -j8 -l8
[32.407s] Invoking command in '/home/silvia/TFG/TFG/src/ros2_ws/src/build/tic_tac_toe_dlc': AMENT_PREFIX_PATH=/home/silvia/TFG/TFG/src/ros2_ws/src/install/robot_interfaces:${AMENT_PREFIX_PATH} CMAKE_PREFIX_PATH=/home/silvia/TFG/TFG/src/ros2_ws/src/install/robot_interfaces:/home/silvia/TFG/TFG/src/ros2_ws/install/tic_tac_toe_dlc:/home/silvia/TFG/TFG/src/ros2_ws/install/robot_pkg:/home/silvia/TFG/TFG/src/ros2_ws/install/robot_interfaces:/home/silvia/TFG/TFG/src/ros2_ws/install/digital_twin:/opt/ros/jazzy/opt/sdformat_vendor:/opt/ros/jazzy/opt/gz_math_vendor:/opt/ros/jazzy/opt/gz_utils_vendor:/opt/ros/jazzy/opt/gz_tools_vendor:/opt/ros/jazzy/opt/gz_cmake_vendor:/home/silvia/TFG/TFG/src/ros2_ws/install/robot_inverse_kinematics:/opt/ros/jazzy LD_LIBRARY_PATH=/home/silvia/TFG/TFG/src/ros2_ws/src/install/robot_interfaces/lib:${LD_LIBRARY_PATH} PYTHONPATH=/home/silvia/TFG/TFG/src/ros2_ws/src/install/robot_interfaces/lib/python3.12/site-packages:${PYTHONPATH} /usr/bin/cmake --install /home/silvia/TFG/TFG/src/ros2_ws/src/build/tic_tac_toe_dlc
[32.418s] -- Install configuration: ""
[32.419s] -- Installing: /home/silvia/TFG/TFG/src/ros2_ws/src/install/tic_tac_toe_dlc/share/tic_tac_toe_dlc/urdf
[32.420s] -- Installing: /home/silvia/TFG/TFG/src/ros2_ws/src/install/tic_tac_toe_dlc/share/tic_tac_toe_dlc/urdf/tablero.urdf
[32.421s] -- Installing: /home/silvia/TFG/TFG/src/ros2_ws/src/install/tic_tac_toe_dlc/share/tic_tac_toe_dlc/urdf/ficha_x.urdf
[32.422s] -- Installing: /home/silvia/TFG/TFG/src/ros2_ws/src/install/tic_tac_toe_dlc/share/tic_tac_toe_dlc/urdf/ficha_o.urdf
[32.424s] -- Installing: /home/silvia/TFG/TFG/src/ros2_ws/src/install/tic_tac_toe_dlc/share/tic_tac_toe_dlc/models
[32.424s] -- Installing: /home/silvia/TFG/TFG/src/ros2_ws/src/install/tic_tac_toe_dlc/share/tic_tac_toe_dlc/models/ia_modelo.py
[32.425s] -- Installing: /home/silvia/TFG/TFG/src/ros2_ws/src/install/tic_tac_toe_dlc/share/tic_tac_toe_dlc/models/ia_server.py
[32.426s] -- Installing: /home/silvia/TFG/TFG/src/ros2_ws/src/install/tic_tac_toe_dlc/share/tic_tac_toe_dlc/models/modelo_tictactoe.pth
[32.439s] -- Installing: /home/silvia/TFG/TFG/src/ros2_ws/src/install/tic_tac_toe_dlc/share/tic_tac_toe_dlc/models/__pycache__
[32.440s] -- Installing: /home/silvia/TFG/TFG/src/ros2_ws/src/install/tic_tac_toe_dlc/share/tic_tac_toe_dlc/models/__pycache__/ia_modelo.cpython-312.pyc
[32.440s] -- Installing: /home/silvia/TFG/TFG/src/ros2_ws/src/install/tic_tac_toe_dlc/share/tic_tac_toe_dlc/launch
[32.441s] -- Installing: /home/silvia/TFG/TFG/src/ros2_ws/src/install/tic_tac_toe_dlc/share/tic_tac_toe_dlc/launch/init_game.launch.py
[32.442s] -- Installing: /home/silvia/TFG/TFG/src/ros2_ws/src/install/tic_tac_toe_dlc/share/tic_tac_toe_dlc/launch/init_python.sh
[32.444s] -- Installing: /home/silvia/TFG/TFG/src/ros2_ws/src/install/tic_tac_toe_dlc/lib/tic_tac_toe_dlc/tic_tac_toe_node
[32.459s] -- Set non-toolchain portion of runtime path of "/home/silvia/TFG/TFG/src/ros2_ws/src/install/tic_tac_toe_dlc/lib/tic_tac_toe_dlc/tic_tac_toe_node" to ""
[32.461s] -- Installing: /home/silvia/TFG/TFG/src/ros2_ws/src/install/tic_tac_toe_dlc/share/ament_index/resource_index/package_run_dependencies/tic_tac_toe_dlc
[32.461s] -- Installing: /home/silvia/TFG/TFG/src/ros2_ws/src/install/tic_tac_toe_dlc/share/ament_index/resource_index/parent_prefix_path/tic_tac_toe_dlc
[32.462s] -- Installing: /home/silvia/TFG/TFG/src/ros2_ws/src/install/tic_tac_toe_dlc/share/tic_tac_toe_dlc/environment/ament_prefix_path.sh
[32.463s] -- Installing: /home/silvia/TFG/TFG/src/ros2_ws/src/install/tic_tac_toe_dlc/share/tic_tac_toe_dlc/environment/ament_prefix_path.dsv
[32.463s] -- Installing: /home/silvia/TFG/TFG/src/ros2_ws/src/install/tic_tac_toe_dlc/share/tic_tac_toe_dlc/environment/path.sh
[32.463s] -- Installing: /home/silvia/TFG/TFG/src/ros2_ws/src/install/tic_tac_toe_dlc/share/tic_tac_toe_dlc/environment/path.dsv
[32.464s] -- Installing: /home/silvia/TFG/TFG/src/ros2_ws/src/install/tic_tac_toe_dlc/share/tic_tac_toe_dlc/local_setup.bash
[32.464s] -- Installing: /home/silvia/TFG/TFG/src/ros2_ws/src/install/tic_tac_toe_dlc/share/tic_tac_toe_dlc/local_setup.sh
[32.464s] -- Installing: /home/silvia/TFG/TFG/src/ros2_ws/src/install/tic_tac_toe_dlc/share/tic_tac_toe_dlc/local_setup.zsh
[32.465s] -- Installing: /home/silvia/TFG/TFG/src/ros2_ws/src/install/tic_tac_toe_dlc/share/tic_tac_toe_dlc/local_setup.dsv
[32.465s] -- Installing: /home/silvia/TFG/TFG/src/ros2_ws/src/install/tic_tac_toe_dlc/share/tic_tac_toe_dlc/package.dsv
[32.466s] -- Installing: /home/silvia/TFG/TFG/src/ros2_ws/src/install/tic_tac_toe_dlc/share/ament_index/resource_index/packages/tic_tac_toe_dlc
[32.467s] -- Installing: /home/silvia/TFG/TFG/src/ros2_ws/src/install/tic_tac_toe_dlc/share/tic_tac_toe_dlc/cmake/tic_tac_toe_dlcConfig.cmake
[32.467s] -- Installing: /home/silvia/TFG/TFG/src/ros2_ws/src/install/tic_tac_toe_dlc/share/tic_tac_toe_dlc/cmake/tic_tac_toe_dlcConfig-version.cmake
[32.468s] -- Installing: /home/silvia/TFG/TFG/src/ros2_ws/src/install/tic_tac_toe_dlc/share/tic_tac_toe_dlc/package.xml
[32.471s] Invoked command in '/home/silvia/TFG/TFG/src/ros2_ws/src/build/tic_tac_toe_dlc' returned '0': AMENT_PREFIX_PATH=/home/silvia/TFG/TFG/src/ros2_ws/src/install/robot_interfaces:${AMENT_PREFIX_PATH} CMAKE_PREFIX_PATH=/home/silvia/TFG/TFG/src/ros2_ws/src/install/robot_interfaces:/home/silvia/TFG/TFG/src/ros2_ws/install/tic_tac_toe_dlc:/home/silvia/TFG/TFG/src/ros2_ws/install/robot_pkg:/home/silvia/TFG/TFG/src/ros2_ws/install/robot_interfaces:/home/silvia/TFG/TFG/src/ros2_ws/install/digital_twin:/opt/ros/jazzy/opt/sdformat_vendor:/opt/ros/jazzy/opt/gz_math_vendor:/opt/ros/jazzy/opt/gz_utils_vendor:/opt/ros/jazzy/opt/gz_tools_vendor:/opt/ros/jazzy/opt/gz_cmake_vendor:/home/silvia/TFG/TFG/src/ros2_ws/install/robot_inverse_kinematics:/opt/ros/jazzy LD_LIBRARY_PATH=/home/silvia/TFG/TFG/src/ros2_ws/src/install/robot_interfaces/lib:${LD_LIBRARY_PATH} PYTHONPATH=/home/silvia/TFG/TFG/src/ros2_ws/src/install/robot_interfaces/lib/python3.12/site-packages:${PYTHONPATH} /usr/bin/cmake --install /home/silvia/TFG/TFG/src/ros2_ws/src/build/tic_tac_toe_dlc
