[0.255s] DEBUG:colcon:Command line arguments: ['/usr/bin/colcon', 'build']
[0.256s] DEBUG:colcon:Parsed command line arguments: Namespace(log_base=None, log_level=None, verb_name='build', build_base='build', install_base='install', merge_install=False, symlink_install=False, test_result_base=None, continue_on_error=False, executor='parallel', parallel_workers=8, event_handlers=None, ignore_user_meta=False, metas=['./colcon.meta'], base_paths=['.'], packages_ignore=None, packages_ignore_regex=None, paths=None, packages_up_to=None, packages_up_to_regex=None, packages_above=None, packages_above_and_dependencies=None, packages_above_depth=None, packages_select_by_dep=None, packages_skip_by_dep=None, packages_skip_up_to=None, packages_select_build_failed=False, packages_skip_build_finished=False, packages_select_test_failures=False, packages_skip_test_passed=False, packages_select=None, packages_skip=None, packages_select_regex=None, packages_skip_regex=None, packages_start=None, packages_end=None, allow_overriding=[], cmake_args=None, cmake_target=None, cmake_target_skip_unavailable=False, cmake_clean_cache=False, cmake_clean_first=False, cmake_force_configure=False, ament_cmake_args=None, catkin_cmake_args=None, catkin_skip_building_tests=False, verb_parser=<colcon_defaults.argument_parser.defaults.DefaultArgumentsDecorator object at 0x7486699781d0>, verb_extension=<colcon_core.verb.build.BuildVerb object at 0x74866a40b4d0>, main=<bound method BuildVerb.main of <colcon_core.verb.build.BuildVerb object at 0x74866a40b4d0>>)
[0.302s] Level 1:colcon.colcon_core.package_discovery:discover_packages(colcon_meta) check parameters
[0.303s] Level 1:colcon.colcon_core.package_discovery:discover_packages(recursive) check parameters
[0.303s] Level 1:colcon.colcon_core.package_discovery:discover_packages(ignore) check parameters
[0.303s] Level 1:colcon.colcon_core.package_discovery:discover_packages(path) check parameters
[0.303s] Level 1:colcon.colcon_core.package_discovery:discover_packages(colcon_meta) discover
[0.303s] Level 1:colcon.colcon_core.package_discovery:discover_packages(recursive) discover
[0.303s] INFO:colcon.colcon_core.package_discovery:Crawling recursively for packages in '/home/silvia/TFG/TFG/src/ros2_ws'
[0.303s] Level 1:colcon.colcon_core.package_identification:_identify(.) by extensions ['ignore', 'ignore_ament_install']
[0.303s] Level 1:colcon.colcon_core.package_identification:_identify(.) by extension 'ignore'
[0.303s] Level 1:colcon.colcon_core.package_identification:_identify(.) by extension 'ignore_ament_install'
[0.303s] Level 1:colcon.colcon_core.package_identification:_identify(.) by extensions ['colcon_pkg']
[0.303s] Level 1:colcon.colcon_core.package_identification:_identify(.) by extension 'colcon_pkg'
[0.303s] Level 1:colcon.colcon_core.package_identification:_identify(.) by extensions ['colcon_meta']
[0.303s] Level 1:colcon.colcon_core.package_identification:_identify(.) by extension 'colcon_meta'
[0.303s] Level 1:colcon.colcon_core.package_identification:_identify(.) by extensions ['ros']
[0.303s] Level 1:colcon.colcon_core.package_identification:_identify(.) by extension 'ros'
[0.332s] Level 1:colcon.colcon_core.package_identification:_identify(.) by extensions ['cmake', 'python']
[0.332s] Level 1:colcon.colcon_core.package_identification:_identify(.) by extension 'cmake'
[0.332s] Level 1:colcon.colcon_core.package_identification:_identify(.) by extension 'python'
[0.332s] Level 1:colcon.colcon_core.package_identification:_identify(.) by extensions ['python_setup_py']
[0.332s] Level 1:colcon.colcon_core.package_identification:_identify(.) by extension 'python_setup_py'
[0.332s] Level 1:colcon.colcon_core.package_identification:_identify(build) by extensions ['ignore', 'ignore_ament_install']
[0.332s] Level 1:colcon.colcon_core.package_identification:_identify(build) by extension 'ignore'
[0.332s] Level 1:colcon.colcon_core.package_identification:_identify(build) ignored
[0.332s] Level 1:colcon.colcon_core.package_identification:_identify(install) by extensions ['ignore', 'ignore_ament_install']
[0.332s] Level 1:colcon.colcon_core.package_identification:_identify(install) by extension 'ignore'
[0.332s] Level 1:colcon.colcon_core.package_identification:_identify(install) ignored
[0.333s] Level 1:colcon.colcon_core.package_identification:_identify(log) by extensions ['ignore', 'ignore_ament_install']
[0.333s] Level 1:colcon.colcon_core.package_identification:_identify(log) by extension 'ignore'
[0.333s] Level 1:colcon.colcon_core.package_identification:_identify(log) ignored
[0.333s] Level 1:colcon.colcon_core.package_identification:_identify(src) by extensions ['ignore', 'ignore_ament_install']
[0.333s] Level 1:colcon.colcon_core.package_identification:_identify(src) by extension 'ignore'
[0.333s] Level 1:colcon.colcon_core.package_identification:_identify(src) by extension 'ignore_ament_install'
[0.333s] Level 1:colcon.colcon_core.package_identification:_identify(src) by extensions ['colcon_pkg']
[0.333s] Level 1:colcon.colcon_core.package_identification:_identify(src) by extension 'colcon_pkg'
[0.333s] Level 1:colcon.colcon_core.package_identification:_identify(src) by extensions ['colcon_meta']
[0.333s] Level 1:colcon.colcon_core.package_identification:_identify(src) by extension 'colcon_meta'
[0.333s] Level 1:colcon.colcon_core.package_identification:_identify(src) by extensions ['ros']
[0.333s] Level 1:colcon.colcon_core.package_identification:_identify(src) by extension 'ros'
[0.333s] Level 1:colcon.colcon_core.package_identification:_identify(src) by extensions ['cmake', 'python']
[0.333s] Level 1:colcon.colcon_core.package_identification:_identify(src) by extension 'cmake'
[0.333s] Level 1:colcon.colcon_core.package_identification:_identify(src) by extension 'python'
[0.333s] Level 1:colcon.colcon_core.package_identification:_identify(src) by extensions ['python_setup_py']
[0.333s] Level 1:colcon.colcon_core.package_identification:_identify(src) by extension 'python_setup_py'
[0.334s] Level 1:colcon.colcon_core.package_identification:_identify(src/build) by extensions ['ignore', 'ignore_ament_install']
[0.334s] Level 1:colcon.colcon_core.package_identification:_identify(src/build) by extension 'ignore'
[0.334s] Level 1:colcon.colcon_core.package_identification:_identify(src/build) ignored
[0.334s] Level 1:colcon.colcon_core.package_identification:_identify(src/digital_twin_mal) by extensions ['ignore', 'ignore_ament_install']
[0.334s] Level 1:colcon.colcon_core.package_identification:_identify(src/digital_twin_mal) by extension 'ignore'
[0.334s] Level 1:colcon.colcon_core.package_identification:_identify(src/digital_twin_mal) ignored
[0.334s] Level 1:colcon.colcon_core.package_identification:_identify(src/install) by extensions ['ignore', 'ignore_ament_install']
[0.334s] Level 1:colcon.colcon_core.package_identification:_identify(src/install) by extension 'ignore'
[0.334s] Level 1:colcon.colcon_core.package_identification:_identify(src/install) ignored
[0.334s] Level 1:colcon.colcon_core.package_identification:_identify(src/log) by extensions ['ignore', 'ignore_ament_install']
[0.334s] Level 1:colcon.colcon_core.package_identification:_identify(src/log) by extension 'ignore'
[0.334s] Level 1:colcon.colcon_core.package_identification:_identify(src/log) ignored
[0.334s] Level 1:colcon.colcon_core.package_identification:_identify(src/robot_digital_twin) by extensions ['ignore', 'ignore_ament_install']
[0.335s] Level 1:colcon.colcon_core.package_identification:_identify(src/robot_digital_twin) by extension 'ignore'
[0.335s] Level 1:colcon.colcon_core.package_identification:_identify(src/robot_digital_twin) by extension 'ignore_ament_install'
[0.335s] Level 1:colcon.colcon_core.package_identification:_identify(src/robot_digital_twin) by extensions ['colcon_pkg']
[0.335s] Level 1:colcon.colcon_core.package_identification:_identify(src/robot_digital_twin) by extension 'colcon_pkg'
[0.335s] Level 1:colcon.colcon_core.package_identification:_identify(src/robot_digital_twin) by extensions ['colcon_meta']
[0.335s] Level 1:colcon.colcon_core.package_identification:_identify(src/robot_digital_twin) by extension 'colcon_meta'
[0.335s] Level 1:colcon.colcon_core.package_identification:_identify(src/robot_digital_twin) by extensions ['ros']
[0.335s] Level 1:colcon.colcon_core.package_identification:_identify(src/robot_digital_twin) by extension 'ros'
[0.337s] DEBUG:colcon.colcon_core.package_identification:Package 'src/robot_digital_twin' with type 'ros.ament_python' and name 'robot_digital_twin'
[0.337s] Level 1:colcon.colcon_core.package_identification:_identify(src/robot_interfaces) by extensions ['ignore', 'ignore_ament_install']
[0.338s] Level 1:colcon.colcon_core.package_identification:_identify(src/robot_interfaces) by extension 'ignore'
[0.338s] Level 1:colcon.colcon_core.package_identification:_identify(src/robot_interfaces) by extension 'ignore_ament_install'
[0.338s] Level 1:colcon.colcon_core.package_identification:_identify(src/robot_interfaces) by extensions ['colcon_pkg']
[0.338s] Level 1:colcon.colcon_core.package_identification:_identify(src/robot_interfaces) by extension 'colcon_pkg'
[0.338s] Level 1:colcon.colcon_core.package_identification:_identify(src/robot_interfaces) by extensions ['colcon_meta']
[0.338s] Level 1:colcon.colcon_core.package_identification:_identify(src/robot_interfaces) by extension 'colcon_meta'
[0.338s] Level 1:colcon.colcon_core.package_identification:_identify(src/robot_interfaces) by extensions ['ros']
[0.338s] Level 1:colcon.colcon_core.package_identification:_identify(src/robot_interfaces) by extension 'ros'
[0.338s] DEBUG:colcon.colcon_core.package_identification:Package 'src/robot_interfaces' with type 'ros.ament_cmake' and name 'robot_interfaces'
[0.338s] Level 1:colcon.colcon_core.package_identification:_identify(src/robot_inverse_kinematics) by extensions ['ignore', 'ignore_ament_install']
[0.339s] Level 1:colcon.colcon_core.package_identification:_identify(src/robot_inverse_kinematics) by extension 'ignore'
[0.339s] Level 1:colcon.colcon_core.package_identification:_identify(src/robot_inverse_kinematics) by extension 'ignore_ament_install'
[0.339s] Level 1:colcon.colcon_core.package_identification:_identify(src/robot_inverse_kinematics) by extensions ['colcon_pkg']
[0.339s] Level 1:colcon.colcon_core.package_identification:_identify(src/robot_inverse_kinematics) by extension 'colcon_pkg'
[0.339s] Level 1:colcon.colcon_core.package_identification:_identify(src/robot_inverse_kinematics) by extensions ['colcon_meta']
[0.339s] Level 1:colcon.colcon_core.package_identification:_identify(src/robot_inverse_kinematics) by extension 'colcon_meta'
[0.339s] Level 1:colcon.colcon_core.package_identification:_identify(src/robot_inverse_kinematics) by extensions ['ros']
[0.339s] Level 1:colcon.colcon_core.package_identification:_identify(src/robot_inverse_kinematics) by extension 'ros'
[0.339s] DEBUG:colcon.colcon_core.package_identification:Package 'src/robot_inverse_kinematics' with type 'ros.ament_python' and name 'robot_inverse_kinematics'
[0.340s] Level 1:colcon.colcon_core.package_identification:_identify(src/robot_kinematics) by extensions ['ignore', 'ignore_ament_install']
[0.340s] Level 1:colcon.colcon_core.package_identification:_identify(src/robot_kinematics) by extension 'ignore'
[0.340s] Level 1:colcon.colcon_core.package_identification:_identify(src/robot_kinematics) by extension 'ignore_ament_install'
[0.340s] Level 1:colcon.colcon_core.package_identification:_identify(src/robot_kinematics) by extensions ['colcon_pkg']
[0.340s] Level 1:colcon.colcon_core.package_identification:_identify(src/robot_kinematics) by extension 'colcon_pkg'
[0.340s] Level 1:colcon.colcon_core.package_identification:_identify(src/robot_kinematics) by extensions ['colcon_meta']
[0.340s] Level 1:colcon.colcon_core.package_identification:_identify(src/robot_kinematics) by extension 'colcon_meta'
[0.340s] Level 1:colcon.colcon_core.package_identification:_identify(src/robot_kinematics) by extensions ['ros']
[0.340s] Level 1:colcon.colcon_core.package_identification:_identify(src/robot_kinematics) by extension 'ros'
[0.341s] DEBUG:colcon.colcon_core.package_identification:Package 'src/robot_kinematics' with type 'ros.ament_python' and name 'robot_kinematics'
[0.341s] Level 1:colcon.colcon_core.package_identification:_identify(src/robot_pkg) by extensions ['ignore', 'ignore_ament_install']
[0.341s] Level 1:colcon.colcon_core.package_identification:_identify(src/robot_pkg) by extension 'ignore'
[0.341s] Level 1:colcon.colcon_core.package_identification:_identify(src/robot_pkg) by extension 'ignore_ament_install'
[0.341s] Level 1:colcon.colcon_core.package_identification:_identify(src/robot_pkg) by extensions ['colcon_pkg']
[0.341s] Level 1:colcon.colcon_core.package_identification:_identify(src/robot_pkg) by extension 'colcon_pkg'
[0.341s] Level 1:colcon.colcon_core.package_identification:_identify(src/robot_pkg) by extensions ['colcon_meta']
[0.341s] Level 1:colcon.colcon_core.package_identification:_identify(src/robot_pkg) by extension 'colcon_meta'
[0.341s] Level 1:colcon.colcon_core.package_identification:_identify(src/robot_pkg) by extensions ['ros']
[0.341s] Level 1:colcon.colcon_core.package_identification:_identify(src/robot_pkg) by extension 'ros'
[0.342s] DEBUG:colcon.colcon_core.package_identification:Package 'src/robot_pkg' with type 'ros.ament_cmake' and name 'robot_pkg'
[0.342s] Level 1:colcon.colcon_core.package_identification:_identify(src/tic_tac_toe_dlc) by extensions ['ignore', 'ignore_ament_install']
[0.342s] Level 1:colcon.colcon_core.package_identification:_identify(src/tic_tac_toe_dlc) by extension 'ignore'
[0.342s] Level 1:colcon.colcon_core.package_identification:_identify(src/tic_tac_toe_dlc) by extension 'ignore_ament_install'
[0.343s] Level 1:colcon.colcon_core.package_identification:_identify(src/tic_tac_toe_dlc) by extensions ['colcon_pkg']
[0.343s] Level 1:colcon.colcon_core.package_identification:_identify(src/tic_tac_toe_dlc) by extension 'colcon_pkg'
[0.343s] Level 1:colcon.colcon_core.package_identification:_identify(src/tic_tac_toe_dlc) by extensions ['colcon_meta']
[0.343s] Level 1:colcon.colcon_core.package_identification:_identify(src/tic_tac_toe_dlc) by extension 'colcon_meta'
[0.343s] Level 1:colcon.colcon_core.package_identification:_identify(src/tic_tac_toe_dlc) by extensions ['ros']
[0.343s] Level 1:colcon.colcon_core.package_identification:_identify(src/tic_tac_toe_dlc) by extension 'ros'
[0.344s] DEBUG:colcon.colcon_core.package_identification:Package 'src/tic_tac_toe_dlc' with type 'ros.ament_cmake' and name 'tic_tac_toe_dlc'
[0.344s] Level 1:colcon.colcon_core.package_discovery:discover_packages(recursive) using defaults
[0.344s] Level 1:colcon.colcon_core.package_discovery:discover_packages(ignore) discover
[0.344s] Level 1:colcon.colcon_core.package_discovery:discover_packages(ignore) using defaults
[0.344s] Level 1:colcon.colcon_core.package_discovery:discover_packages(path) discover
[0.344s] Level 1:colcon.colcon_core.package_discovery:discover_packages(path) using defaults
[0.365s] Level 1:colcon.colcon_core.package_discovery:discover_packages(prefix_path) check parameters
[0.365s] Level 1:colcon.colcon_core.package_discovery:discover_packages(prefix_path) discover
[0.369s] DEBUG:colcon.colcon_installed_package_information.package_discovery:Found 6 installed packages in /home/silvia/TFG/TFG/src/ros2_ws/install
[0.372s] DEBUG:colcon.colcon_installed_package_information.package_discovery:Found 331 installed packages in /opt/ros/jazzy
[0.373s] Level 1:colcon.colcon_core.package_discovery:discover_packages(prefix_path) using defaults
[0.431s] Level 5:colcon.colcon_core.verb:set package 'robot_digital_twin' build argument 'cmake_args' from command line to 'None'
[0.432s] Level 5:colcon.colcon_core.verb:set package 'robot_digital_twin' build argument 'cmake_target' from command line to 'None'
[0.432s] Level 5:colcon.colcon_core.verb:set package 'robot_digital_twin' build argument 'cmake_target_skip_unavailable' from command line to 'False'
[0.432s] Level 5:colcon.colcon_core.verb:set package 'robot_digital_twin' build argument 'cmake_clean_cache' from command line to 'False'
[0.432s] Level 5:colcon.colcon_core.verb:set package 'robot_digital_twin' build argument 'cmake_clean_first' from command line to 'False'
[0.432s] Level 5:colcon.colcon_core.verb:set package 'robot_digital_twin' build argument 'cmake_force_configure' from command line to 'False'
[0.432s] Level 5:colcon.colcon_core.verb:set package 'robot_digital_twin' build argument 'ament_cmake_args' from command line to 'None'
[0.432s] Level 5:colcon.colcon_core.verb:set package 'robot_digital_twin' build argument 'catkin_cmake_args' from command line to 'None'
[0.432s] Level 5:colcon.colcon_core.verb:set package 'robot_digital_twin' build argument 'catkin_skip_building_tests' from command line to 'False'
[0.432s] DEBUG:colcon.colcon_core.verb:Building package 'robot_digital_twin' with the following arguments: {'ament_cmake_args': None, 'build_base': '/home/silvia/TFG/TFG/src/ros2_ws/build/robot_digital_twin', 'catkin_cmake_args': None, 'catkin_skip_building_tests': False, 'cmake_args': None, 'cmake_clean_cache': False, 'cmake_clean_first': False, 'cmake_force_configure': False, 'cmake_target': None, 'cmake_target_skip_unavailable': False, 'install_base': '/home/silvia/TFG/TFG/src/ros2_ws/install/robot_digital_twin', 'merge_install': False, 'path': '/home/silvia/TFG/TFG/src/ros2_ws/src/robot_digital_twin', 'symlink_install': False, 'test_result_base': None}
[0.432s] Level 5:colcon.colcon_core.verb:set package 'robot_interfaces' build argument 'cmake_args' from command line to 'None'
[0.432s] Level 5:colcon.colcon_core.verb:set package 'robot_interfaces' build argument 'cmake_target' from command line to 'None'
[0.432s] Level 5:colcon.colcon_core.verb:set package 'robot_interfaces' build argument 'cmake_target_skip_unavailable' from command line to 'False'
[0.432s] Level 5:colcon.colcon_core.verb:set package 'robot_interfaces' build argument 'cmake_clean_cache' from command line to 'False'
[0.432s] Level 5:colcon.colcon_core.verb:set package 'robot_interfaces' build argument 'cmake_clean_first' from command line to 'False'
[0.432s] Level 5:colcon.colcon_core.verb:set package 'robot_interfaces' build argument 'cmake_force_configure' from command line to 'False'
[0.432s] Level 5:colcon.colcon_core.verb:set package 'robot_interfaces' build argument 'ament_cmake_args' from command line to 'None'
[0.432s] Level 5:colcon.colcon_core.verb:set package 'robot_interfaces' build argument 'catkin_cmake_args' from command line to 'None'
[0.432s] Level 5:colcon.colcon_core.verb:set package 'robot_interfaces' build argument 'catkin_skip_building_tests' from command line to 'False'
[0.432s] DEBUG:colcon.colcon_core.verb:Building package 'robot_interfaces' with the following arguments: {'ament_cmake_args': None, 'build_base': '/home/silvia/TFG/TFG/src/ros2_ws/build/robot_interfaces', 'catkin_cmake_args': None, 'catkin_skip_building_tests': False, 'cmake_args': None, 'cmake_clean_cache': False, 'cmake_clean_first': False, 'cmake_force_configure': False, 'cmake_target': None, 'cmake_target_skip_unavailable': False, 'install_base': '/home/silvia/TFG/TFG/src/ros2_ws/install/robot_interfaces', 'merge_install': False, 'path': '/home/silvia/TFG/TFG/src/ros2_ws/src/robot_interfaces', 'symlink_install': False, 'test_result_base': None}
[0.433s] Level 5:colcon.colcon_core.verb:set package 'robot_inverse_kinematics' build argument 'cmake_args' from command line to 'None'
[0.433s] Level 5:colcon.colcon_core.verb:set package 'robot_inverse_kinematics' build argument 'cmake_target' from command line to 'None'
[0.433s] Level 5:colcon.colcon_core.verb:set package 'robot_inverse_kinematics' build argument 'cmake_target_skip_unavailable' from command line to 'False'
[0.433s] Level 5:colcon.colcon_core.verb:set package 'robot_inverse_kinematics' build argument 'cmake_clean_cache' from command line to 'False'
[0.433s] Level 5:colcon.colcon_core.verb:set package 'robot_inverse_kinematics' build argument 'cmake_clean_first' from command line to 'False'
[0.433s] Level 5:colcon.colcon_core.verb:set package 'robot_inverse_kinematics' build argument 'cmake_force_configure' from command line to 'False'
[0.433s] Level 5:colcon.colcon_core.verb:set package 'robot_inverse_kinematics' build argument 'ament_cmake_args' from command line to 'None'
[0.433s] Level 5:colcon.colcon_core.verb:set package 'robot_inverse_kinematics' build argument 'catkin_cmake_args' from command line to 'None'
[0.433s] Level 5:colcon.colcon_core.verb:set package 'robot_inverse_kinematics' build argument 'catkin_skip_building_tests' from command line to 'False'
[0.433s] DEBUG:colcon.colcon_core.verb:Building package 'robot_inverse_kinematics' with the following arguments: {'ament_cmake_args': None, 'build_base': '/home/silvia/TFG/TFG/src/ros2_ws/build/robot_inverse_kinematics', 'catkin_cmake_args': None, 'catkin_skip_building_tests': False, 'cmake_args': None, 'cmake_clean_cache': False, 'cmake_clean_first': False, 'cmake_force_configure': False, 'cmake_target': None, 'cmake_target_skip_unavailable': False, 'install_base': '/home/silvia/TFG/TFG/src/ros2_ws/install/robot_inverse_kinematics', 'merge_install': False, 'path': '/home/silvia/TFG/TFG/src/ros2_ws/src/robot_inverse_kinematics', 'symlink_install': False, 'test_result_base': None}
[0.433s] Level 5:colcon.colcon_core.verb:set package 'robot_kinematics' build argument 'cmake_args' from command line to 'None'
[0.433s] Level 5:colcon.colcon_core.verb:set package 'robot_kinematics' build argument 'cmake_target' from command line to 'None'
[0.433s] Level 5:colcon.colcon_core.verb:set package 'robot_kinematics' build argument 'cmake_target_skip_unavailable' from command line to 'False'
[0.433s] Level 5:colcon.colcon_core.verb:set package 'robot_kinematics' build argument 'cmake_clean_cache' from command line to 'False'
[0.433s] Level 5:colcon.colcon_core.verb:set package 'robot_kinematics' build argument 'cmake_clean_first' from command line to 'False'
[0.433s] Level 5:colcon.colcon_core.verb:set package 'robot_kinematics' build argument 'cmake_force_configure' from command line to 'False'
[0.433s] Level 5:colcon.colcon_core.verb:set package 'robot_kinematics' build argument 'ament_cmake_args' from command line to 'None'
[0.433s] Level 5:colcon.colcon_core.verb:set package 'robot_kinematics' build argument 'catkin_cmake_args' from command line to 'None'
[0.433s] Level 5:colcon.colcon_core.verb:set package 'robot_kinematics' build argument 'catkin_skip_building_tests' from command line to 'False'
[0.433s] DEBUG:colcon.colcon_core.verb:Building package 'robot_kinematics' with the following arguments: {'ament_cmake_args': None, 'build_base': '/home/silvia/TFG/TFG/src/ros2_ws/build/robot_kinematics', 'catkin_cmake_args': None, 'catkin_skip_building_tests': False, 'cmake_args': None, 'cmake_clean_cache': False, 'cmake_clean_first': False, 'cmake_force_configure': False, 'cmake_target': None, 'cmake_target_skip_unavailable': False, 'install_base': '/home/silvia/TFG/TFG/src/ros2_ws/install/robot_kinematics', 'merge_install': False, 'path': '/home/silvia/TFG/TFG/src/ros2_ws/src/robot_kinematics', 'symlink_install': False, 'test_result_base': None}
[0.434s] Level 5:colcon.colcon_core.verb:set package 'robot_pkg' build argument 'cmake_args' from command line to 'None'
[0.434s] Level 5:colcon.colcon_core.verb:set package 'robot_pkg' build argument 'cmake_target' from command line to 'None'
[0.434s] Level 5:colcon.colcon_core.verb:set package 'robot_pkg' build argument 'cmake_target_skip_unavailable' from command line to 'False'
[0.434s] Level 5:colcon.colcon_core.verb:set package 'robot_pkg' build argument 'cmake_clean_cache' from command line to 'False'
[0.434s] Level 5:colcon.colcon_core.verb:set package 'robot_pkg' build argument 'cmake_clean_first' from command line to 'False'
[0.434s] Level 5:colcon.colcon_core.verb:set package 'robot_pkg' build argument 'cmake_force_configure' from command line to 'False'
[0.434s] Level 5:colcon.colcon_core.verb:set package 'robot_pkg' build argument 'ament_cmake_args' from command line to 'None'
[0.434s] Level 5:colcon.colcon_core.verb:set package 'robot_pkg' build argument 'catkin_cmake_args' from command line to 'None'
[0.434s] Level 5:colcon.colcon_core.verb:set package 'robot_pkg' build argument 'catkin_skip_building_tests' from command line to 'False'
[0.434s] DEBUG:colcon.colcon_core.verb:Building package 'robot_pkg' with the following arguments: {'ament_cmake_args': None, 'build_base': '/home/silvia/TFG/TFG/src/ros2_ws/build/robot_pkg', 'catkin_cmake_args': None, 'catkin_skip_building_tests': False, 'cmake_args': None, 'cmake_clean_cache': False, 'cmake_clean_first': False, 'cmake_force_configure': False, 'cmake_target': None, 'cmake_target_skip_unavailable': False, 'install_base': '/home/silvia/TFG/TFG/src/ros2_ws/install/robot_pkg', 'merge_install': False, 'path': '/home/silvia/TFG/TFG/src/ros2_ws/src/robot_pkg', 'symlink_install': False, 'test_result_base': None}
[0.434s] Level 5:colcon.colcon_core.verb:set package 'tic_tac_toe_dlc' build argument 'cmake_args' from command line to 'None'
[0.434s] Level 5:colcon.colcon_core.verb:set package 'tic_tac_toe_dlc' build argument 'cmake_target' from command line to 'None'
[0.434s] Level 5:colcon.colcon_core.verb:set package 'tic_tac_toe_dlc' build argument 'cmake_target_skip_unavailable' from command line to 'False'
[0.434s] Level 5:colcon.colcon_core.verb:set package 'tic_tac_toe_dlc' build argument 'cmake_clean_cache' from command line to 'False'
[0.434s] Level 5:colcon.colcon_core.verb:set package 'tic_tac_toe_dlc' build argument 'cmake_clean_first' from command line to 'False'
[0.434s] Level 5:colcon.colcon_core.verb:set package 'tic_tac_toe_dlc' build argument 'cmake_force_configure' from command line to 'False'
[0.434s] Level 5:colcon.colcon_core.verb:set package 'tic_tac_toe_dlc' build argument 'ament_cmake_args' from command line to 'None'
[0.434s] Level 5:colcon.colcon_core.verb:set package 'tic_tac_toe_dlc' build argument 'catkin_cmake_args' from command line to 'None'
[0.434s] Level 5:colcon.colcon_core.verb:set package 'tic_tac_toe_dlc' build argument 'catkin_skip_building_tests' from command line to 'False'
[0.434s] DEBUG:colcon.colcon_core.verb:Building package 'tic_tac_toe_dlc' with the following arguments: {'ament_cmake_args': None, 'build_base': '/home/silvia/TFG/TFG/src/ros2_ws/build/tic_tac_toe_dlc', 'catkin_cmake_args': None, 'catkin_skip_building_tests': False, 'cmake_args': None, 'cmake_clean_cache': False, 'cmake_clean_first': False, 'cmake_force_configure': False, 'cmake_target': None, 'cmake_target_skip_unavailable': False, 'install_base': '/home/silvia/TFG/TFG/src/ros2_ws/install/tic_tac_toe_dlc', 'merge_install': False, 'path': '/home/silvia/TFG/TFG/src/ros2_ws/src/tic_tac_toe_dlc', 'symlink_install': False, 'test_result_base': None}
[0.434s] INFO:colcon.colcon_core.executor:Executing jobs using 'parallel' executor
[0.436s] DEBUG:colcon.colcon_parallel_executor.executor.parallel:run_until_complete
[0.436s] INFO:colcon.colcon_ros.task.ament_cmake.build:Building ROS package in '/home/silvia/TFG/TFG/src/ros2_ws/src/robot_interfaces' with build type 'ament_cmake'
[0.436s] INFO:colcon.colcon_cmake.task.cmake.build:Building CMake package in '/home/silvia/TFG/TFG/src/ros2_ws/src/robot_interfaces'
[0.440s] INFO:colcon.colcon_core.plugin_system:Skipping extension 'colcon_core.shell.bat': Not used on non-Windows systems
[0.441s] INFO:colcon.colcon_core.shell:Skip shell extension 'powershell' for command environment: Not usable outside of PowerShell
[0.441s] DEBUG:colcon.colcon_core.shell:Skip shell extension 'dsv' for command environment
[0.446s] INFO:colcon.colcon_ros.task.ament_python.build:Building ROS package in '/home/silvia/TFG/TFG/src/ros2_ws/src/robot_digital_twin' with build type 'ament_python'
[0.446s] Level 1:colcon.colcon_core.shell:create_environment_hook('robot_digital_twin', 'ament_prefix_path')
[0.447s] INFO:colcon.colcon_core.shell:Creating environment hook '/home/silvia/TFG/TFG/src/ros2_ws/install/robot_digital_twin/share/robot_digital_twin/hook/ament_prefix_path.ps1'
[0.448s] INFO:colcon.colcon_core.shell:Creating environment descriptor '/home/silvia/TFG/TFG/src/ros2_ws/install/robot_digital_twin/share/robot_digital_twin/hook/ament_prefix_path.dsv'
[0.449s] INFO:colcon.colcon_core.shell:Creating environment hook '/home/silvia/TFG/TFG/src/ros2_ws/install/robot_digital_twin/share/robot_digital_twin/hook/ament_prefix_path.sh'
[0.450s] INFO:colcon.colcon_core.shell:Skip shell extension 'powershell' for command environment: Not usable outside of PowerShell
[0.450s] DEBUG:colcon.colcon_core.shell:Skip shell extension 'dsv' for command environment
[0.463s] DEBUG:colcon.colcon_core.event_handler.log_command:Invoking command in '/home/silvia/TFG/TFG/src/ros2_ws/build/robot_interfaces': CMAKE_PREFIX_PATH=${CMAKE_PREFIX_PATH}:/home/silvia/TFG/TFG/src/ros2_ws/install/robot_kinematics:/home/silvia/TFG/TFG/src/ros2_ws/install/robot_inverse_kinematics:/home/silvia/TFG/TFG/src/ros2_ws/install/robot_digital_twin:/opt/ros/jazzy /usr/bin/cmake --build /home/silvia/TFG/TFG/src/ros2_ws/build/robot_interfaces -- -j8 -l8
[0.836s] INFO:colcon.colcon_core.task.python.build:Building Python package in '/home/silvia/TFG/TFG/src/ros2_ws/src/robot_digital_twin'
[0.837s] INFO:colcon.colcon_core.shell:Skip shell extension 'powershell' for command environment: Not usable outside of PowerShell
[0.837s] DEBUG:colcon.colcon_core.shell:Skip shell extension 'dsv' for command environment
[1.119s] DEBUG:colcon.colcon_core.event_handler.log_command:Invoked command in '/home/silvia/TFG/TFG/src/ros2_ws/build/robot_interfaces' returned '0': CMAKE_PREFIX_PATH=${CMAKE_PREFIX_PATH}:/home/silvia/TFG/TFG/src/ros2_ws/install/robot_kinematics:/home/silvia/TFG/TFG/src/ros2_ws/install/robot_inverse_kinematics:/home/silvia/TFG/TFG/src/ros2_ws/install/robot_digital_twin:/opt/ros/jazzy /usr/bin/cmake --build /home/silvia/TFG/TFG/src/ros2_ws/build/robot_interfaces -- -j8 -l8
[1.135s] DEBUG:colcon.colcon_core.event_handler.log_command:Invoking command in '/home/silvia/TFG/TFG/src/ros2_ws/build/robot_interfaces': CMAKE_PREFIX_PATH=${CMAKE_PREFIX_PATH}:/home/silvia/TFG/TFG/src/ros2_ws/install/robot_kinematics:/home/silvia/TFG/TFG/src/ros2_ws/install/robot_inverse_kinematics:/home/silvia/TFG/TFG/src/ros2_ws/install/robot_digital_twin:/opt/ros/jazzy /usr/bin/cmake --install /home/silvia/TFG/TFG/src/ros2_ws/build/robot_interfaces
[1.268s] Level 1:colcon.colcon_core.environment:create_environment_scripts_only(robot_interfaces)
[1.268s] DEBUG:colcon.colcon_core.event_handler.log_command:Invoked command in '/home/silvia/TFG/TFG/src/ros2_ws/build/robot_interfaces' returned '0': CMAKE_PREFIX_PATH=${CMAKE_PREFIX_PATH}:/home/silvia/TFG/TFG/src/ros2_ws/install/robot_kinematics:/home/silvia/TFG/TFG/src/ros2_ws/install/robot_inverse_kinematics:/home/silvia/TFG/TFG/src/ros2_ws/install/robot_digital_twin:/opt/ros/jazzy /usr/bin/cmake --install /home/silvia/TFG/TFG/src/ros2_ws/build/robot_interfaces
[1.271s] Level 1:colcon.colcon_core.environment:checking '/home/silvia/TFG/TFG/src/ros2_ws/install/robot_interfaces' for CMake module files
[1.272s] Level 1:colcon.colcon_core.environment:checking '/home/silvia/TFG/TFG/src/ros2_ws/install/robot_interfaces' for CMake config files
[1.272s] Level 1:colcon.colcon_core.shell:create_environment_hook('robot_interfaces', 'cmake_prefix_path')
[1.273s] INFO:colcon.colcon_core.shell:Creating environment hook '/home/silvia/TFG/TFG/src/ros2_ws/install/robot_interfaces/share/robot_interfaces/hook/cmake_prefix_path.ps1'
[1.273s] INFO:colcon.colcon_core.shell:Creating environment descriptor '/home/silvia/TFG/TFG/src/ros2_ws/install/robot_interfaces/share/robot_interfaces/hook/cmake_prefix_path.dsv'
[1.273s] INFO:colcon.colcon_core.shell:Creating environment hook '/home/silvia/TFG/TFG/src/ros2_ws/install/robot_interfaces/share/robot_interfaces/hook/cmake_prefix_path.sh'
[1.274s] Level 1:colcon.colcon_core.environment:checking '/home/silvia/TFG/TFG/src/ros2_ws/install/robot_interfaces/lib'
[1.274s] Level 1:colcon.colcon_core.shell:create_environment_hook('robot_interfaces', 'ld_library_path_lib')
[1.275s] INFO:colcon.colcon_core.shell:Creating environment hook '/home/silvia/TFG/TFG/src/ros2_ws/install/robot_interfaces/share/robot_interfaces/hook/ld_library_path_lib.ps1'
[1.275s] INFO:colcon.colcon_core.shell:Creating environment descriptor '/home/silvia/TFG/TFG/src/ros2_ws/install/robot_interfaces/share/robot_interfaces/hook/ld_library_path_lib.dsv'
[1.275s] INFO:colcon.colcon_core.shell:Creating environment hook '/home/silvia/TFG/TFG/src/ros2_ws/install/robot_interfaces/share/robot_interfaces/hook/ld_library_path_lib.sh'
[1.276s] Level 1:colcon.colcon_core.environment:checking '/home/silvia/TFG/TFG/src/ros2_ws/install/robot_interfaces/bin'
[1.276s] Level 1:colcon.colcon_core.environment:checking '/home/silvia/TFG/TFG/src/ros2_ws/install/robot_interfaces/lib/pkgconfig/robot_interfaces.pc'
[1.276s] Level 1:colcon.colcon_core.environment:checking '/home/silvia/TFG/TFG/src/ros2_ws/install/robot_interfaces/lib/python3.12/site-packages'
[1.277s] Level 1:colcon.colcon_core.shell:create_environment_hook('robot_interfaces', 'pythonpath')
[1.277s] INFO:colcon.colcon_core.shell:Creating environment hook '/home/silvia/TFG/TFG/src/ros2_ws/install/robot_interfaces/share/robot_interfaces/hook/pythonpath.ps1'
[1.277s] INFO:colcon.colcon_core.shell:Creating environment descriptor '/home/silvia/TFG/TFG/src/ros2_ws/install/robot_interfaces/share/robot_interfaces/hook/pythonpath.dsv'
[1.278s] INFO:colcon.colcon_core.shell:Creating environment hook '/home/silvia/TFG/TFG/src/ros2_ws/install/robot_interfaces/share/robot_interfaces/hook/pythonpath.sh'
[1.278s] Level 1:colcon.colcon_core.environment:checking '/home/silvia/TFG/TFG/src/ros2_ws/install/robot_interfaces/bin'
[1.279s] INFO:colcon.colcon_core.shell:Creating package script '/home/silvia/TFG/TFG/src/ros2_ws/install/robot_interfaces/share/robot_interfaces/package.ps1'
[1.280s] INFO:colcon.colcon_core.shell:Creating package descriptor '/home/silvia/TFG/TFG/src/ros2_ws/install/robot_interfaces/share/robot_interfaces/package.dsv'
[1.281s] INFO:colcon.colcon_core.shell:Creating package script '/home/silvia/TFG/TFG/src/ros2_ws/install/robot_interfaces/share/robot_interfaces/package.sh'
[1.281s] INFO:colcon.colcon_core.shell:Creating package script '/home/silvia/TFG/TFG/src/ros2_ws/install/robot_interfaces/share/robot_interfaces/package.bash'
[1.282s] INFO:colcon.colcon_core.shell:Creating package script '/home/silvia/TFG/TFG/src/ros2_ws/install/robot_interfaces/share/robot_interfaces/package.zsh'
[1.283s] Level 1:colcon.colcon_core.environment:create_file_with_runtime_dependencies(/home/silvia/TFG/TFG/src/ros2_ws/install/robot_interfaces/share/colcon-core/packages/robot_interfaces)
[1.284s] Level 1:colcon.colcon_core.environment:create_environment_scripts_only(robot_interfaces)
[1.284s] Level 1:colcon.colcon_core.environment:checking '/home/silvia/TFG/TFG/src/ros2_ws/install/robot_interfaces' for CMake module files
[1.285s] Level 1:colcon.colcon_core.environment:checking '/home/silvia/TFG/TFG/src/ros2_ws/install/robot_interfaces' for CMake config files
[1.285s] Level 1:colcon.colcon_core.shell:create_environment_hook('robot_interfaces', 'cmake_prefix_path')
[1.285s] INFO:colcon.colcon_core.shell:Creating environment hook '/home/silvia/TFG/TFG/src/ros2_ws/install/robot_interfaces/share/robot_interfaces/hook/cmake_prefix_path.ps1'
[1.286s] INFO:colcon.colcon_core.shell:Creating environment descriptor '/home/silvia/TFG/TFG/src/ros2_ws/install/robot_interfaces/share/robot_interfaces/hook/cmake_prefix_path.dsv'
[1.286s] INFO:colcon.colcon_core.shell:Creating environment hook '/home/silvia/TFG/TFG/src/ros2_ws/install/robot_interfaces/share/robot_interfaces/hook/cmake_prefix_path.sh'
[1.287s] Level 1:colcon.colcon_core.environment:checking '/home/silvia/TFG/TFG/src/ros2_ws/install/robot_interfaces/lib'
[1.287s] Level 1:colcon.colcon_core.shell:create_environment_hook('robot_interfaces', 'ld_library_path_lib')
[1.287s] INFO:colcon.colcon_core.shell:Creating environment hook '/home/silvia/TFG/TFG/src/ros2_ws/install/robot_interfaces/share/robot_interfaces/hook/ld_library_path_lib.ps1'
[1.287s] INFO:colcon.colcon_core.shell:Creating environment descriptor '/home/silvia/TFG/TFG/src/ros2_ws/install/robot_interfaces/share/robot_interfaces/hook/ld_library_path_lib.dsv'
[1.288s] INFO:colcon.colcon_core.shell:Creating environment hook '/home/silvia/TFG/TFG/src/ros2_ws/install/robot_interfaces/share/robot_interfaces/hook/ld_library_path_lib.sh'
[1.288s] Level 1:colcon.colcon_core.environment:checking '/home/silvia/TFG/TFG/src/ros2_ws/install/robot_interfaces/bin'
[1.288s] Level 1:colcon.colcon_core.environment:checking '/home/silvia/TFG/TFG/src/ros2_ws/install/robot_interfaces/lib/pkgconfig/robot_interfaces.pc'
[1.289s] Level 1:colcon.colcon_core.environment:checking '/home/silvia/TFG/TFG/src/ros2_ws/install/robot_interfaces/lib/python3.12/site-packages'
[1.289s] Level 1:colcon.colcon_core.shell:create_environment_hook('robot_interfaces', 'pythonpath')
[1.289s] INFO:colcon.colcon_core.shell:Creating environment hook '/home/silvia/TFG/TFG/src/ros2_ws/install/robot_interfaces/share/robot_interfaces/hook/pythonpath.ps1'
[1.289s] INFO:colcon.colcon_core.shell:Creating environment descriptor '/home/silvia/TFG/TFG/src/ros2_ws/install/robot_interfaces/share/robot_interfaces/hook/pythonpath.dsv'
[1.290s] INFO:colcon.colcon_core.shell:Creating environment hook '/home/silvia/TFG/TFG/src/ros2_ws/install/robot_interfaces/share/robot_interfaces/hook/pythonpath.sh'
[1.291s] Level 1:colcon.colcon_core.environment:checking '/home/silvia/TFG/TFG/src/ros2_ws/install/robot_interfaces/bin'
[1.291s] INFO:colcon.colcon_core.shell:Creating package script '/home/silvia/TFG/TFG/src/ros2_ws/install/robot_interfaces/share/robot_interfaces/package.ps1'
[1.292s] INFO:colcon.colcon_core.shell:Creating package descriptor '/home/silvia/TFG/TFG/src/ros2_ws/install/robot_interfaces/share/robot_interfaces/package.dsv'
[1.292s] INFO:colcon.colcon_core.shell:Creating package script '/home/silvia/TFG/TFG/src/ros2_ws/install/robot_interfaces/share/robot_interfaces/package.sh'
[1.293s] INFO:colcon.colcon_core.shell:Creating package script '/home/silvia/TFG/TFG/src/ros2_ws/install/robot_interfaces/share/robot_interfaces/package.bash'
[1.293s] INFO:colcon.colcon_core.shell:Creating package script '/home/silvia/TFG/TFG/src/ros2_ws/install/robot_interfaces/share/robot_interfaces/package.zsh'
[1.294s] Level 1:colcon.colcon_core.environment:create_file_with_runtime_dependencies(/home/silvia/TFG/TFG/src/ros2_ws/install/robot_interfaces/share/colcon-core/packages/robot_interfaces)
[1.294s] INFO:colcon.colcon_ros.task.ament_python.build:Building ROS package in '/home/silvia/TFG/TFG/src/ros2_ws/src/robot_inverse_kinematics' with build type 'ament_python'
[1.295s] Level 1:colcon.colcon_core.shell:create_environment_hook('robot_inverse_kinematics', 'ament_prefix_path')
[1.295s] INFO:colcon.colcon_core.shell:Creating environment hook '/home/silvia/TFG/TFG/src/ros2_ws/install/robot_inverse_kinematics/share/robot_inverse_kinematics/hook/ament_prefix_path.ps1'
[1.297s] INFO:colcon.colcon_core.shell:Creating environment descriptor '/home/silvia/TFG/TFG/src/ros2_ws/install/robot_inverse_kinematics/share/robot_inverse_kinematics/hook/ament_prefix_path.dsv'
[1.298s] INFO:colcon.colcon_core.shell:Creating environment hook '/home/silvia/TFG/TFG/src/ros2_ws/install/robot_inverse_kinematics/share/robot_inverse_kinematics/hook/ament_prefix_path.sh'
[1.299s] INFO:colcon.colcon_core.shell:Skip shell extension 'powershell' for command environment: Not usable outside of PowerShell
[1.299s] DEBUG:colcon.colcon_core.shell:Skip shell extension 'dsv' for command environment
[1.304s] INFO:colcon.colcon_ros.task.ament_python.build:Building ROS package in '/home/silvia/TFG/TFG/src/ros2_ws/src/robot_kinematics' with build type 'ament_python'
[1.305s] Level 1:colcon.colcon_core.shell:create_environment_hook('robot_kinematics', 'ament_prefix_path')
[1.305s] INFO:colcon.colcon_core.shell:Creating environment hook '/home/silvia/TFG/TFG/src/ros2_ws/install/robot_kinematics/share/robot_kinematics/hook/ament_prefix_path.ps1'
[1.306s] INFO:colcon.colcon_core.shell:Creating environment descriptor '/home/silvia/TFG/TFG/src/ros2_ws/install/robot_kinematics/share/robot_kinematics/hook/ament_prefix_path.dsv'
[1.307s] INFO:colcon.colcon_core.shell:Creating environment hook '/home/silvia/TFG/TFG/src/ros2_ws/install/robot_kinematics/share/robot_kinematics/hook/ament_prefix_path.sh'
[1.308s] INFO:colcon.colcon_core.shell:Skip shell extension 'powershell' for command environment: Not usable outside of PowerShell
[1.308s] DEBUG:colcon.colcon_core.shell:Skip shell extension 'dsv' for command environment
[1.313s] INFO:colcon.colcon_ros.task.ament_cmake.build:Building ROS package in '/home/silvia/TFG/TFG/src/ros2_ws/src/robot_pkg' with build type 'ament_cmake'
[1.313s] INFO:colcon.colcon_cmake.task.cmake.build:Building CMake package in '/home/silvia/TFG/TFG/src/ros2_ws/src/robot_pkg'
[1.313s] INFO:colcon.colcon_core.shell:Skip shell extension 'powershell' for command environment: Not usable outside of PowerShell
[1.313s] DEBUG:colcon.colcon_core.shell:Skip shell extension 'dsv' for command environment
[1.325s] INFO:colcon.colcon_ros.task.ament_cmake.build:Building ROS package in '/home/silvia/TFG/TFG/src/ros2_ws/src/tic_tac_toe_dlc' with build type 'ament_cmake'
[1.325s] INFO:colcon.colcon_cmake.task.cmake.build:Building CMake package in '/home/silvia/TFG/TFG/src/ros2_ws/src/tic_tac_toe_dlc'
[1.325s] INFO:colcon.colcon_core.shell:Skip shell extension 'powershell' for command environment: Not usable outside of PowerShell
[1.326s] DEBUG:colcon.colcon_core.shell:Skip shell extension 'dsv' for command environment
[1.760s] INFO:colcon.colcon_core.task.python.build:Building Python package in '/home/silvia/TFG/TFG/src/ros2_ws/src/robot_inverse_kinematics'
[1.760s] INFO:colcon.colcon_core.shell:Skip shell extension 'powershell' for command environment: Not usable outside of PowerShell
[1.760s] DEBUG:colcon.colcon_core.shell:Skip shell extension 'dsv' for command environment
[2.080s] INFO:colcon.colcon_core.task.python.build:Building Python package in '/home/silvia/TFG/TFG/src/ros2_ws/src/robot_kinematics'
[2.080s] INFO:colcon.colcon_core.shell:Skip shell extension 'powershell' for command environment: Not usable outside of PowerShell
[2.080s] DEBUG:colcon.colcon_core.shell:Skip shell extension 'dsv' for command environment
[2.092s] DEBUG:colcon.colcon_core.event_handler.log_command:Invoking command in '/home/silvia/TFG/TFG/src/ros2_ws/build/tic_tac_toe_dlc': CMAKE_PREFIX_PATH=/home/silvia/TFG/TFG/src/ros2_ws/install/robot_interfaces:/home/silvia/TFG/TFG/src/ros2_ws/install/tic_tac_toe_dlc:/home/silvia/TFG/TFG/src/ros2_ws/install/robot_pkg:/opt/ros/jazzy/opt/sdformat_vendor:/opt/ros/jazzy/opt/gz_math_vendor:/opt/ros/jazzy/opt/gz_utils_vendor:/opt/ros/jazzy/opt/gz_tools_vendor:/opt/ros/jazzy/opt/gz_cmake_vendor:/home/silvia/TFG/TFG/src/ros2_ws/install/robot_kinematics:/home/silvia/TFG/TFG/src/ros2_ws/install/robot_inverse_kinematics:/home/silvia/TFG/TFG/src/ros2_ws/install/robot_digital_twin:/opt/ros/jazzy PYTHONPATH=/home/silvia/TFG/TFG/src/ros2_ws/install/robot_interfaces/lib/python3.12/site-packages:/home/silvia/TFG/TFG/src/ros2_ws/install/robot_kinematics/lib/python3.12/site-packages:/home/silvia/TFG/TFG/src/ros2_ws/install/robot_inverse_kinematics/lib/python3.12/site-packages:/home/silvia/TFG/TFG/src/ros2_ws/install/robot_digital_twin/lib/python3.12/site-packages:/opt/ros/jazzy/lib/python3.12/site-packages /usr/bin/cmake --build /home/silvia/TFG/TFG/src/ros2_ws/build/tic_tac_toe_dlc -- -j8 -l8
[2.101s] DEBUG:colcon.colcon_core.event_handler.log_command:Invoking command in '/home/silvia/TFG/TFG/src/ros2_ws/build/robot_pkg': CMAKE_PREFIX_PATH=/home/silvia/TFG/TFG/src/ros2_ws/install/robot_interfaces:/home/silvia/TFG/TFG/src/ros2_ws/install/tic_tac_toe_dlc:/home/silvia/TFG/TFG/src/ros2_ws/install/robot_pkg:/opt/ros/jazzy/opt/sdformat_vendor:/opt/ros/jazzy/opt/gz_math_vendor:/opt/ros/jazzy/opt/gz_utils_vendor:/opt/ros/jazzy/opt/gz_tools_vendor:/opt/ros/jazzy/opt/gz_cmake_vendor:/home/silvia/TFG/TFG/src/ros2_ws/install/robot_kinematics:/home/silvia/TFG/TFG/src/ros2_ws/install/robot_inverse_kinematics:/home/silvia/TFG/TFG/src/ros2_ws/install/robot_digital_twin:/opt/ros/jazzy PYTHONPATH=/home/silvia/TFG/TFG/src/ros2_ws/install/robot_interfaces/lib/python3.12/site-packages:/home/silvia/TFG/TFG/src/ros2_ws/install/robot_kinematics/lib/python3.12/site-packages:/home/silvia/TFG/TFG/src/ros2_ws/install/robot_inverse_kinematics/lib/python3.12/site-packages:/home/silvia/TFG/TFG/src/ros2_ws/install/robot_digital_twin/lib/python3.12/site-packages:/opt/ros/jazzy/lib/python3.12/site-packages /usr/bin/cmake --build /home/silvia/TFG/TFG/src/ros2_ws/build/robot_pkg -- -j8 -l8
[2.111s] DEBUG:colcon.colcon_core.event_handler.log_command:Invoking command in '/home/silvia/TFG/TFG/src/ros2_ws/src/robot_digital_twin': PYTHONPATH=/home/silvia/TFG/TFG/src/ros2_ws/build/robot_digital_twin/prefix_override:/usr/lib/python3/dist-packages/colcon_core/task/python/colcon_distutils_commands:/home/silvia/TFG/TFG/src/ros2_ws/install/robot_digital_twin/lib/python3.12/site-packages:${PYTHONPATH} /usr/bin/python3 -W ignore:setup.py install is deprecated -W ignore:easy_install command is deprecated setup.py egg_info --egg-base ../../build/robot_digital_twin build --build-base /home/silvia/TFG/TFG/src/ros2_ws/build/robot_digital_twin/build install --record /home/silvia/TFG/TFG/src/ros2_ws/build/robot_digital_twin/install.log --single-version-externally-managed install_data
[2.254s] DEBUG:colcon.colcon_core.event_handler.log_command:Invoked command in '/home/silvia/TFG/TFG/src/ros2_ws/build/robot_pkg' returned '0': CMAKE_PREFIX_PATH=/home/silvia/TFG/TFG/src/ros2_ws/install/robot_interfaces:/home/silvia/TFG/TFG/src/ros2_ws/install/tic_tac_toe_dlc:/home/silvia/TFG/TFG/src/ros2_ws/install/robot_pkg:/opt/ros/jazzy/opt/sdformat_vendor:/opt/ros/jazzy/opt/gz_math_vendor:/opt/ros/jazzy/opt/gz_utils_vendor:/opt/ros/jazzy/opt/gz_tools_vendor:/opt/ros/jazzy/opt/gz_cmake_vendor:/home/silvia/TFG/TFG/src/ros2_ws/install/robot_kinematics:/home/silvia/TFG/TFG/src/ros2_ws/install/robot_inverse_kinematics:/home/silvia/TFG/TFG/src/ros2_ws/install/robot_digital_twin:/opt/ros/jazzy PYTHONPATH=/home/silvia/TFG/TFG/src/ros2_ws/install/robot_interfaces/lib/python3.12/site-packages:/home/silvia/TFG/TFG/src/ros2_ws/install/robot_kinematics/lib/python3.12/site-packages:/home/silvia/TFG/TFG/src/ros2_ws/install/robot_inverse_kinematics/lib/python3.12/site-packages:/home/silvia/TFG/TFG/src/ros2_ws/install/robot_digital_twin/lib/python3.12/site-packages:/opt/ros/jazzy/lib/python3.12/site-packages /usr/bin/cmake --build /home/silvia/TFG/TFG/src/ros2_ws/build/robot_pkg -- -j8 -l8
[2.258s] DEBUG:colcon.colcon_core.event_handler.log_command:Invoking command in '/home/silvia/TFG/TFG/src/ros2_ws/build/robot_pkg': CMAKE_PREFIX_PATH=/home/silvia/TFG/TFG/src/ros2_ws/install/robot_interfaces:/home/silvia/TFG/TFG/src/ros2_ws/install/tic_tac_toe_dlc:/home/silvia/TFG/TFG/src/ros2_ws/install/robot_pkg:/opt/ros/jazzy/opt/sdformat_vendor:/opt/ros/jazzy/opt/gz_math_vendor:/opt/ros/jazzy/opt/gz_utils_vendor:/opt/ros/jazzy/opt/gz_tools_vendor:/opt/ros/jazzy/opt/gz_cmake_vendor:/home/silvia/TFG/TFG/src/ros2_ws/install/robot_kinematics:/home/silvia/TFG/TFG/src/ros2_ws/install/robot_inverse_kinematics:/home/silvia/TFG/TFG/src/ros2_ws/install/robot_digital_twin:/opt/ros/jazzy PYTHONPATH=/home/silvia/TFG/TFG/src/ros2_ws/install/robot_interfaces/lib/python3.12/site-packages:/home/silvia/TFG/TFG/src/ros2_ws/install/robot_kinematics/lib/python3.12/site-packages:/home/silvia/TFG/TFG/src/ros2_ws/install/robot_inverse_kinematics/lib/python3.12/site-packages:/home/silvia/TFG/TFG/src/ros2_ws/install/robot_digital_twin/lib/python3.12/site-packages:/opt/ros/jazzy/lib/python3.12/site-packages /usr/bin/cmake --install /home/silvia/TFG/TFG/src/ros2_ws/build/robot_pkg
[2.268s] DEBUG:colcon.colcon_core.event_handler.log_command:Invoked command in '/home/silvia/TFG/TFG/src/ros2_ws/build/tic_tac_toe_dlc' returned '0': CMAKE_PREFIX_PATH=/home/silvia/TFG/TFG/src/ros2_ws/install/robot_interfaces:/home/silvia/TFG/TFG/src/ros2_ws/install/tic_tac_toe_dlc:/home/silvia/TFG/TFG/src/ros2_ws/install/robot_pkg:/opt/ros/jazzy/opt/sdformat_vendor:/opt/ros/jazzy/opt/gz_math_vendor:/opt/ros/jazzy/opt/gz_utils_vendor:/opt/ros/jazzy/opt/gz_tools_vendor:/opt/ros/jazzy/opt/gz_cmake_vendor:/home/silvia/TFG/TFG/src/ros2_ws/install/robot_kinematics:/home/silvia/TFG/TFG/src/ros2_ws/install/robot_inverse_kinematics:/home/silvia/TFG/TFG/src/ros2_ws/install/robot_digital_twin:/opt/ros/jazzy PYTHONPATH=/home/silvia/TFG/TFG/src/ros2_ws/install/robot_interfaces/lib/python3.12/site-packages:/home/silvia/TFG/TFG/src/ros2_ws/install/robot_kinematics/lib/python3.12/site-packages:/home/silvia/TFG/TFG/src/ros2_ws/install/robot_inverse_kinematics/lib/python3.12/site-packages:/home/silvia/TFG/TFG/src/ros2_ws/install/robot_digital_twin/lib/python3.12/site-packages:/opt/ros/jazzy/lib/python3.12/site-packages /usr/bin/cmake --build /home/silvia/TFG/TFG/src/ros2_ws/build/tic_tac_toe_dlc -- -j8 -l8
[2.270s] DEBUG:colcon.colcon_core.event_handler.log_command:Invoking command in '/home/silvia/TFG/TFG/src/ros2_ws/build/tic_tac_toe_dlc': CMAKE_PREFIX_PATH=/home/silvia/TFG/TFG/src/ros2_ws/install/robot_interfaces:/home/silvia/TFG/TFG/src/ros2_ws/install/tic_tac_toe_dlc:/home/silvia/TFG/TFG/src/ros2_ws/install/robot_pkg:/opt/ros/jazzy/opt/sdformat_vendor:/opt/ros/jazzy/opt/gz_math_vendor:/opt/ros/jazzy/opt/gz_utils_vendor:/opt/ros/jazzy/opt/gz_tools_vendor:/opt/ros/jazzy/opt/gz_cmake_vendor:/home/silvia/TFG/TFG/src/ros2_ws/install/robot_kinematics:/home/silvia/TFG/TFG/src/ros2_ws/install/robot_inverse_kinematics:/home/silvia/TFG/TFG/src/ros2_ws/install/robot_digital_twin:/opt/ros/jazzy PYTHONPATH=/home/silvia/TFG/TFG/src/ros2_ws/install/robot_interfaces/lib/python3.12/site-packages:/home/silvia/TFG/TFG/src/ros2_ws/install/robot_kinematics/lib/python3.12/site-packages:/home/silvia/TFG/TFG/src/ros2_ws/install/robot_inverse_kinematics/lib/python3.12/site-packages:/home/silvia/TFG/TFG/src/ros2_ws/install/robot_digital_twin/lib/python3.12/site-packages:/opt/ros/jazzy/lib/python3.12/site-packages /usr/bin/cmake --install /home/silvia/TFG/TFG/src/ros2_ws/build/tic_tac_toe_dlc
[2.302s] Level 1:colcon.colcon_core.environment:create_environment_scripts_only(robot_pkg)
[2.302s] Level 1:colcon.colcon_core.environment:checking '/home/silvia/TFG/TFG/src/ros2_ws/install/robot_pkg' for CMake module files
[2.303s] DEBUG:colcon.colcon_core.event_handler.log_command:Invoked command in '/home/silvia/TFG/TFG/src/ros2_ws/build/robot_pkg' returned '0': CMAKE_PREFIX_PATH=/home/silvia/TFG/TFG/src/ros2_ws/install/robot_interfaces:/home/silvia/TFG/TFG/src/ros2_ws/install/tic_tac_toe_dlc:/home/silvia/TFG/TFG/src/ros2_ws/install/robot_pkg:/opt/ros/jazzy/opt/sdformat_vendor:/opt/ros/jazzy/opt/gz_math_vendor:/opt/ros/jazzy/opt/gz_utils_vendor:/opt/ros/jazzy/opt/gz_tools_vendor:/opt/ros/jazzy/opt/gz_cmake_vendor:/home/silvia/TFG/TFG/src/ros2_ws/install/robot_kinematics:/home/silvia/TFG/TFG/src/ros2_ws/install/robot_inverse_kinematics:/home/silvia/TFG/TFG/src/ros2_ws/install/robot_digital_twin:/opt/ros/jazzy PYTHONPATH=/home/silvia/TFG/TFG/src/ros2_ws/install/robot_interfaces/lib/python3.12/site-packages:/home/silvia/TFG/TFG/src/ros2_ws/install/robot_kinematics/lib/python3.12/site-packages:/home/silvia/TFG/TFG/src/ros2_ws/install/robot_inverse_kinematics/lib/python3.12/site-packages:/home/silvia/TFG/TFG/src/ros2_ws/install/robot_digital_twin/lib/python3.12/site-packages:/opt/ros/jazzy/lib/python3.12/site-packages /usr/bin/cmake --install /home/silvia/TFG/TFG/src/ros2_ws/build/robot_pkg
[2.304s] Level 1:colcon.colcon_core.environment:checking '/home/silvia/TFG/TFG/src/ros2_ws/install/robot_pkg' for CMake config files
[2.305s] Level 1:colcon.colcon_core.shell:create_environment_hook('robot_pkg', 'cmake_prefix_path')
[2.305s] INFO:colcon.colcon_core.shell:Creating environment hook '/home/silvia/TFG/TFG/src/ros2_ws/install/robot_pkg/share/robot_pkg/hook/cmake_prefix_path.ps1'
[2.306s] INFO:colcon.colcon_core.shell:Creating environment descriptor '/home/silvia/TFG/TFG/src/ros2_ws/install/robot_pkg/share/robot_pkg/hook/cmake_prefix_path.dsv'
[2.306s] INFO:colcon.colcon_core.shell:Creating environment hook '/home/silvia/TFG/TFG/src/ros2_ws/install/robot_pkg/share/robot_pkg/hook/cmake_prefix_path.sh'
[2.307s] Level 1:colcon.colcon_core.environment:checking '/home/silvia/TFG/TFG/src/ros2_ws/install/robot_pkg/lib'
[2.307s] Level 1:colcon.colcon_core.environment:checking '/home/silvia/TFG/TFG/src/ros2_ws/install/robot_pkg/bin'
[2.307s] Level 1:colcon.colcon_core.environment:checking '/home/silvia/TFG/TFG/src/ros2_ws/install/robot_pkg/lib/pkgconfig/robot_pkg.pc'
[2.308s] Level 1:colcon.colcon_core.environment:checking '/home/silvia/TFG/TFG/src/ros2_ws/install/robot_pkg/lib/python3.12/site-packages'
[2.308s] Level 1:colcon.colcon_core.environment:checking '/home/silvia/TFG/TFG/src/ros2_ws/install/robot_pkg/bin'
[2.308s] INFO:colcon.colcon_core.shell:Creating package script '/home/silvia/TFG/TFG/src/ros2_ws/install/robot_pkg/share/robot_pkg/package.ps1'
[2.309s] INFO:colcon.colcon_core.shell:Creating package descriptor '/home/silvia/TFG/TFG/src/ros2_ws/install/robot_pkg/share/robot_pkg/package.dsv'
[2.309s] INFO:colcon.colcon_core.shell:Creating package script '/home/silvia/TFG/TFG/src/ros2_ws/install/robot_pkg/share/robot_pkg/package.sh'
[2.310s] INFO:colcon.colcon_core.shell:Creating package script '/home/silvia/TFG/TFG/src/ros2_ws/install/robot_pkg/share/robot_pkg/package.bash'
[2.310s] INFO:colcon.colcon_core.shell:Creating package script '/home/silvia/TFG/TFG/src/ros2_ws/install/robot_pkg/share/robot_pkg/package.zsh'
[2.311s] Level 1:colcon.colcon_core.environment:create_file_with_runtime_dependencies(/home/silvia/TFG/TFG/src/ros2_ws/install/robot_pkg/share/colcon-core/packages/robot_pkg)
[2.312s] Level 1:colcon.colcon_core.environment:create_environment_scripts_only(robot_pkg)
[2.312s] Level 1:colcon.colcon_core.environment:checking '/home/silvia/TFG/TFG/src/ros2_ws/install/robot_pkg' for CMake module files
[2.312s] Level 1:colcon.colcon_core.environment:checking '/home/silvia/TFG/TFG/src/ros2_ws/install/robot_pkg' for CMake config files
[2.313s] Level 1:colcon.colcon_core.shell:create_environment_hook('robot_pkg', 'cmake_prefix_path')
[2.313s] INFO:colcon.colcon_core.shell:Creating environment hook '/home/silvia/TFG/TFG/src/ros2_ws/install/robot_pkg/share/robot_pkg/hook/cmake_prefix_path.ps1'
[2.314s] INFO:colcon.colcon_core.shell:Creating environment descriptor '/home/silvia/TFG/TFG/src/ros2_ws/install/robot_pkg/share/robot_pkg/hook/cmake_prefix_path.dsv'
[2.314s] INFO:colcon.colcon_core.shell:Creating environment hook '/home/silvia/TFG/TFG/src/ros2_ws/install/robot_pkg/share/robot_pkg/hook/cmake_prefix_path.sh'
[2.315s] Level 1:colcon.colcon_core.environment:checking '/home/silvia/TFG/TFG/src/ros2_ws/install/robot_pkg/lib'
[2.315s] Level 1:colcon.colcon_core.environment:checking '/home/silvia/TFG/TFG/src/ros2_ws/install/robot_pkg/bin'
[2.315s] Level 1:colcon.colcon_core.environment:checking '/home/silvia/TFG/TFG/src/ros2_ws/install/robot_pkg/lib/pkgconfig/robot_pkg.pc'
[2.315s] Level 1:colcon.colcon_core.environment:checking '/home/silvia/TFG/TFG/src/ros2_ws/install/robot_pkg/lib/python3.12/site-packages'
[2.316s] Level 1:colcon.colcon_core.environment:checking '/home/silvia/TFG/TFG/src/ros2_ws/install/robot_pkg/bin'
[2.316s] INFO:colcon.colcon_core.shell:Creating package script '/home/silvia/TFG/TFG/src/ros2_ws/install/robot_pkg/share/robot_pkg/package.ps1'
[2.317s] INFO:colcon.colcon_core.shell:Creating package descriptor '/home/silvia/TFG/TFG/src/ros2_ws/install/robot_pkg/share/robot_pkg/package.dsv'
[2.317s] INFO:colcon.colcon_core.shell:Creating package script '/home/silvia/TFG/TFG/src/ros2_ws/install/robot_pkg/share/robot_pkg/package.sh'
[2.318s] INFO:colcon.colcon_core.shell:Creating package script '/home/silvia/TFG/TFG/src/ros2_ws/install/robot_pkg/share/robot_pkg/package.bash'
[2.319s] INFO:colcon.colcon_core.shell:Creating package script '/home/silvia/TFG/TFG/src/ros2_ws/install/robot_pkg/share/robot_pkg/package.zsh'
[2.320s] Level 1:colcon.colcon_core.environment:create_file_with_runtime_dependencies(/home/silvia/TFG/TFG/src/ros2_ws/install/robot_pkg/share/colcon-core/packages/robot_pkg)
[2.320s] Level 1:colcon.colcon_core.environment:create_environment_scripts_only(tic_tac_toe_dlc)
[2.321s] Level 1:colcon.colcon_core.environment:checking '/home/silvia/TFG/TFG/src/ros2_ws/install/tic_tac_toe_dlc' for CMake module files
[2.324s] Level 1:colcon.colcon_core.environment:checking '/home/silvia/TFG/TFG/src/ros2_ws/install/tic_tac_toe_dlc' for CMake config files
[2.325s] DEBUG:colcon.colcon_core.event_handler.log_command:Invoked command in '/home/silvia/TFG/TFG/src/ros2_ws/build/tic_tac_toe_dlc' returned '0': CMAKE_PREFIX_PATH=/home/silvia/TFG/TFG/src/ros2_ws/install/robot_interfaces:/home/silvia/TFG/TFG/src/ros2_ws/install/tic_tac_toe_dlc:/home/silvia/TFG/TFG/src/ros2_ws/install/robot_pkg:/opt/ros/jazzy/opt/sdformat_vendor:/opt/ros/jazzy/opt/gz_math_vendor:/opt/ros/jazzy/opt/gz_utils_vendor:/opt/ros/jazzy/opt/gz_tools_vendor:/opt/ros/jazzy/opt/gz_cmake_vendor:/home/silvia/TFG/TFG/src/ros2_ws/install/robot_kinematics:/home/silvia/TFG/TFG/src/ros2_ws/install/robot_inverse_kinematics:/home/silvia/TFG/TFG/src/ros2_ws/install/robot_digital_twin:/opt/ros/jazzy PYTHONPATH=/home/silvia/TFG/TFG/src/ros2_ws/install/robot_interfaces/lib/python3.12/site-packages:/home/silvia/TFG/TFG/src/ros2_ws/install/robot_kinematics/lib/python3.12/site-packages:/home/silvia/TFG/TFG/src/ros2_ws/install/robot_inverse_kinematics/lib/python3.12/site-packages:/home/silvia/TFG/TFG/src/ros2_ws/install/robot_digital_twin/lib/python3.12/site-packages:/opt/ros/jazzy/lib/python3.12/site-packages /usr/bin/cmake --install /home/silvia/TFG/TFG/src/ros2_ws/build/tic_tac_toe_dlc
[2.326s] Level 1:colcon.colcon_core.shell:create_environment_hook('tic_tac_toe_dlc', 'cmake_prefix_path')
[2.326s] INFO:colcon.colcon_core.shell:Creating environment hook '/home/silvia/TFG/TFG/src/ros2_ws/install/tic_tac_toe_dlc/share/tic_tac_toe_dlc/hook/cmake_prefix_path.ps1'
[2.326s] INFO:colcon.colcon_core.shell:Creating environment descriptor '/home/silvia/TFG/TFG/src/ros2_ws/install/tic_tac_toe_dlc/share/tic_tac_toe_dlc/hook/cmake_prefix_path.dsv'
[2.327s] INFO:colcon.colcon_core.shell:Creating environment hook '/home/silvia/TFG/TFG/src/ros2_ws/install/tic_tac_toe_dlc/share/tic_tac_toe_dlc/hook/cmake_prefix_path.sh'
[2.328s] Level 1:colcon.colcon_core.environment:checking '/home/silvia/TFG/TFG/src/ros2_ws/install/tic_tac_toe_dlc/lib'
[2.328s] Level 1:colcon.colcon_core.environment:checking '/home/silvia/TFG/TFG/src/ros2_ws/install/tic_tac_toe_dlc/bin'
[2.328s] Level 1:colcon.colcon_core.environment:checking '/home/silvia/TFG/TFG/src/ros2_ws/install/tic_tac_toe_dlc/lib/pkgconfig/tic_tac_toe_dlc.pc'
[2.328s] Level 1:colcon.colcon_core.environment:checking '/home/silvia/TFG/TFG/src/ros2_ws/install/tic_tac_toe_dlc/lib/python3.12/site-packages'
[2.328s] Level 1:colcon.colcon_core.environment:checking '/home/silvia/TFG/TFG/src/ros2_ws/install/tic_tac_toe_dlc/bin'
[2.329s] INFO:colcon.colcon_core.shell:Creating package script '/home/silvia/TFG/TFG/src/ros2_ws/install/tic_tac_toe_dlc/share/tic_tac_toe_dlc/package.ps1'
[2.329s] INFO:colcon.colcon_core.shell:Creating package descriptor '/home/silvia/TFG/TFG/src/ros2_ws/install/tic_tac_toe_dlc/share/tic_tac_toe_dlc/package.dsv'
[2.330s] INFO:colcon.colcon_core.shell:Creating package script '/home/silvia/TFG/TFG/src/ros2_ws/install/tic_tac_toe_dlc/share/tic_tac_toe_dlc/package.sh'
[2.330s] INFO:colcon.colcon_core.shell:Creating package script '/home/silvia/TFG/TFG/src/ros2_ws/install/tic_tac_toe_dlc/share/tic_tac_toe_dlc/package.bash'
[2.331s] INFO:colcon.colcon_core.shell:Creating package script '/home/silvia/TFG/TFG/src/ros2_ws/install/tic_tac_toe_dlc/share/tic_tac_toe_dlc/package.zsh'
[2.331s] Level 1:colcon.colcon_core.environment:create_file_with_runtime_dependencies(/home/silvia/TFG/TFG/src/ros2_ws/install/tic_tac_toe_dlc/share/colcon-core/packages/tic_tac_toe_dlc)
[2.332s] Level 1:colcon.colcon_core.environment:create_environment_scripts_only(tic_tac_toe_dlc)
[2.332s] Level 1:colcon.colcon_core.environment:checking '/home/silvia/TFG/TFG/src/ros2_ws/install/tic_tac_toe_dlc' for CMake module files
[2.333s] Level 1:colcon.colcon_core.environment:checking '/home/silvia/TFG/TFG/src/ros2_ws/install/tic_tac_toe_dlc' for CMake config files
[2.333s] Level 1:colcon.colcon_core.shell:create_environment_hook('tic_tac_toe_dlc', 'cmake_prefix_path')
[2.333s] INFO:colcon.colcon_core.shell:Creating environment hook '/home/silvia/TFG/TFG/src/ros2_ws/install/tic_tac_toe_dlc/share/tic_tac_toe_dlc/hook/cmake_prefix_path.ps1'
[2.334s] INFO:colcon.colcon_core.shell:Creating environment descriptor '/home/silvia/TFG/TFG/src/ros2_ws/install/tic_tac_toe_dlc/share/tic_tac_toe_dlc/hook/cmake_prefix_path.dsv'
[2.334s] INFO:colcon.colcon_core.shell:Creating environment hook '/home/silvia/TFG/TFG/src/ros2_ws/install/tic_tac_toe_dlc/share/tic_tac_toe_dlc/hook/cmake_prefix_path.sh'
[2.335s] Level 1:colcon.colcon_core.environment:checking '/home/silvia/TFG/TFG/src/ros2_ws/install/tic_tac_toe_dlc/lib'
[2.336s] Level 1:colcon.colcon_core.environment:checking '/home/silvia/TFG/TFG/src/ros2_ws/install/tic_tac_toe_dlc/bin'
[2.336s] Level 1:colcon.colcon_core.environment:checking '/home/silvia/TFG/TFG/src/ros2_ws/install/tic_tac_toe_dlc/lib/pkgconfig/tic_tac_toe_dlc.pc'
[2.336s] Level 1:colcon.colcon_core.environment:checking '/home/silvia/TFG/TFG/src/ros2_ws/install/tic_tac_toe_dlc/lib/python3.12/site-packages'
[2.337s] Level 1:colcon.colcon_core.environment:checking '/home/silvia/TFG/TFG/src/ros2_ws/install/tic_tac_toe_dlc/bin'
[2.337s] INFO:colcon.colcon_core.shell:Creating package script '/home/silvia/TFG/TFG/src/ros2_ws/install/tic_tac_toe_dlc/share/tic_tac_toe_dlc/package.ps1'
[2.338s] INFO:colcon.colcon_core.shell:Creating package descriptor '/home/silvia/TFG/TFG/src/ros2_ws/install/tic_tac_toe_dlc/share/tic_tac_toe_dlc/package.dsv'
[2.339s] INFO:colcon.colcon_core.shell:Creating package script '/home/silvia/TFG/TFG/src/ros2_ws/install/tic_tac_toe_dlc/share/tic_tac_toe_dlc/package.sh'
[2.340s] INFO:colcon.colcon_core.shell:Creating package script '/home/silvia/TFG/TFG/src/ros2_ws/install/tic_tac_toe_dlc/share/tic_tac_toe_dlc/package.bash'
[2.341s] INFO:colcon.colcon_core.shell:Creating package script '/home/silvia/TFG/TFG/src/ros2_ws/install/tic_tac_toe_dlc/share/tic_tac_toe_dlc/package.zsh'
[2.343s] Level 1:colcon.colcon_core.environment:create_file_with_runtime_dependencies(/home/silvia/TFG/TFG/src/ros2_ws/install/tic_tac_toe_dlc/share/colcon-core/packages/tic_tac_toe_dlc)
[3.074s] Level 1:colcon.colcon_core.environment:checking '/home/silvia/TFG/TFG/src/ros2_ws/install/robot_digital_twin' for CMake module files
[3.074s] DEBUG:colcon.colcon_core.event_handler.log_command:Invoked command in '/home/silvia/TFG/TFG/src/ros2_ws/src/robot_digital_twin' returned '0': PYTHONPATH=/home/silvia/TFG/TFG/src/ros2_ws/build/robot_digital_twin/prefix_override:/usr/lib/python3/dist-packages/colcon_core/task/python/colcon_distutils_commands:/home/silvia/TFG/TFG/src/ros2_ws/install/robot_digital_twin/lib/python3.12/site-packages:${PYTHONPATH} /usr/bin/python3 -W ignore:setup.py install is deprecated -W ignore:easy_install command is deprecated setup.py egg_info --egg-base ../../build/robot_digital_twin build --build-base /home/silvia/TFG/TFG/src/ros2_ws/build/robot_digital_twin/build install --record /home/silvia/TFG/TFG/src/ros2_ws/build/robot_digital_twin/install.log --single-version-externally-managed install_data
[3.076s] Level 1:colcon.colcon_core.environment:checking '/home/silvia/TFG/TFG/src/ros2_ws/install/robot_digital_twin' for CMake config files
[3.077s] Level 1:colcon.colcon_core.environment:checking '/home/silvia/TFG/TFG/src/ros2_ws/install/robot_digital_twin/lib'
[3.077s] Level 1:colcon.colcon_core.environment:checking '/home/silvia/TFG/TFG/src/ros2_ws/install/robot_digital_twin/bin'
[3.077s] Level 1:colcon.colcon_core.environment:checking '/home/silvia/TFG/TFG/src/ros2_ws/install/robot_digital_twin/lib/pkgconfig/robot_digital_twin.pc'
[3.077s] Level 1:colcon.colcon_core.environment:checking '/home/silvia/TFG/TFG/src/ros2_ws/install/robot_digital_twin/lib/python3.12/site-packages'
[3.077s] Level 1:colcon.colcon_core.shell:create_environment_hook('robot_digital_twin', 'pythonpath')
[3.077s] INFO:colcon.colcon_core.shell:Creating environment hook '/home/silvia/TFG/TFG/src/ros2_ws/install/robot_digital_twin/share/robot_digital_twin/hook/pythonpath.ps1'
[3.078s] INFO:colcon.colcon_core.shell:Creating environment descriptor '/home/silvia/TFG/TFG/src/ros2_ws/install/robot_digital_twin/share/robot_digital_twin/hook/pythonpath.dsv'
[3.078s] INFO:colcon.colcon_core.shell:Creating environment hook '/home/silvia/TFG/TFG/src/ros2_ws/install/robot_digital_twin/share/robot_digital_twin/hook/pythonpath.sh'
[3.079s] Level 1:colcon.colcon_core.environment:checking '/home/silvia/TFG/TFG/src/ros2_ws/install/robot_digital_twin/bin'
[3.079s] Level 1:colcon.colcon_core.environment:create_environment_scripts_only(robot_digital_twin)
[3.079s] INFO:colcon.colcon_core.shell:Creating package script '/home/silvia/TFG/TFG/src/ros2_ws/install/robot_digital_twin/share/robot_digital_twin/package.ps1'
[3.080s] INFO:colcon.colcon_core.shell:Creating package descriptor '/home/silvia/TFG/TFG/src/ros2_ws/install/robot_digital_twin/share/robot_digital_twin/package.dsv'
[3.081s] INFO:colcon.colcon_core.shell:Creating package script '/home/silvia/TFG/TFG/src/ros2_ws/install/robot_digital_twin/share/robot_digital_twin/package.sh'
[3.081s] INFO:colcon.colcon_core.shell:Creating package script '/home/silvia/TFG/TFG/src/ros2_ws/install/robot_digital_twin/share/robot_digital_twin/package.bash'
[3.082s] INFO:colcon.colcon_core.shell:Creating package script '/home/silvia/TFG/TFG/src/ros2_ws/install/robot_digital_twin/share/robot_digital_twin/package.zsh'
[3.082s] Level 1:colcon.colcon_core.environment:create_file_with_runtime_dependencies(/home/silvia/TFG/TFG/src/ros2_ws/install/robot_digital_twin/share/colcon-core/packages/robot_digital_twin)
[3.088s] DEBUG:colcon.colcon_core.event_handler.log_command:Invoking command in '/home/silvia/TFG/TFG/src/ros2_ws/src/robot_inverse_kinematics': CMAKE_PREFIX_PATH=/home/silvia/TFG/TFG/src/ros2_ws/install/robot_interfaces:/home/silvia/TFG/TFG/src/ros2_ws/install/tic_tac_toe_dlc:/home/silvia/TFG/TFG/src/ros2_ws/install/robot_pkg:/opt/ros/jazzy/opt/sdformat_vendor:/opt/ros/jazzy/opt/gz_math_vendor:/opt/ros/jazzy/opt/gz_utils_vendor:/opt/ros/jazzy/opt/gz_tools_vendor:/opt/ros/jazzy/opt/gz_cmake_vendor PYTHONPATH=/home/silvia/TFG/TFG/src/ros2_ws/build/robot_inverse_kinematics/prefix_override:/usr/lib/python3/dist-packages/colcon_core/task/python/colcon_distutils_commands:/home/silvia/TFG/TFG/src/ros2_ws/install/robot_inverse_kinematics/lib/python3.12/site-packages:/home/silvia/TFG/TFG/src/ros2_ws/install/robot_interfaces/lib/python3.12/site-packages:/home/silvia/TFG/TFG/src/ros2_ws/install/robot_kinematics/lib/python3.12/site-packages:/home/silvia/TFG/TFG/src/ros2_ws/install/robot_inverse_kinematics/lib/python3.12/site-packages:/home/silvia/TFG/TFG/src/ros2_ws/install/robot_digital_twin/lib/python3.12/site-packages:/opt/ros/jazzy/lib/python3.12/site-packages /usr/bin/python3 -W ignore:setup.py install is deprecated -W ignore:easy_install command is deprecated setup.py egg_info --egg-base ../../build/robot_inverse_kinematics build --build-base /home/silvia/TFG/TFG/src/ros2_ws/build/robot_inverse_kinematics/build install --record /home/silvia/TFG/TFG/src/ros2_ws/build/robot_inverse_kinematics/install.log --single-version-externally-managed install_data
[3.225s] DEBUG:colcon.colcon_core.event_handler.log_command:Invoking command in '/home/silvia/TFG/TFG/src/ros2_ws/src/robot_kinematics': CMAKE_PREFIX_PATH=/home/silvia/TFG/TFG/src/ros2_ws/install/robot_interfaces:/home/silvia/TFG/TFG/src/ros2_ws/install/tic_tac_toe_dlc:/home/silvia/TFG/TFG/src/ros2_ws/install/robot_pkg:/opt/ros/jazzy/opt/sdformat_vendor:/opt/ros/jazzy/opt/gz_math_vendor:/opt/ros/jazzy/opt/gz_utils_vendor:/opt/ros/jazzy/opt/gz_tools_vendor:/opt/ros/jazzy/opt/gz_cmake_vendor PYTHONPATH=/home/silvia/TFG/TFG/src/ros2_ws/build/robot_kinematics/prefix_override:/usr/lib/python3/dist-packages/colcon_core/task/python/colcon_distutils_commands:/home/silvia/TFG/TFG/src/ros2_ws/install/robot_kinematics/lib/python3.12/site-packages:/home/silvia/TFG/TFG/src/ros2_ws/install/robot_interfaces/lib/python3.12/site-packages:/home/silvia/TFG/TFG/src/ros2_ws/install/robot_kinematics/lib/python3.12/site-packages:/home/silvia/TFG/TFG/src/ros2_ws/install/robot_inverse_kinematics/lib/python3.12/site-packages:/home/silvia/TFG/TFG/src/ros2_ws/install/robot_digital_twin/lib/python3.12/site-packages:/opt/ros/jazzy/lib/python3.12/site-packages /usr/bin/python3 -W ignore:setup.py install is deprecated -W ignore:easy_install command is deprecated setup.py egg_info --egg-base ../../build/robot_kinematics build --build-base /home/silvia/TFG/TFG/src/ros2_ws/build/robot_kinematics/build install --record /home/silvia/TFG/TFG/src/ros2_ws/build/robot_kinematics/install.log --single-version-externally-managed install_data
[3.880s] Level 1:colcon.colcon_core.environment:checking '/home/silvia/TFG/TFG/src/ros2_ws/install/robot_inverse_kinematics' for CMake module files
[3.881s] DEBUG:colcon.colcon_core.event_handler.log_command:Invoked command in '/home/silvia/TFG/TFG/src/ros2_ws/src/robot_inverse_kinematics' returned '0': CMAKE_PREFIX_PATH=/home/silvia/TFG/TFG/src/ros2_ws/install/robot_interfaces:/home/silvia/TFG/TFG/src/ros2_ws/install/tic_tac_toe_dlc:/home/silvia/TFG/TFG/src/ros2_ws/install/robot_pkg:/opt/ros/jazzy/opt/sdformat_vendor:/opt/ros/jazzy/opt/gz_math_vendor:/opt/ros/jazzy/opt/gz_utils_vendor:/opt/ros/jazzy/opt/gz_tools_vendor:/opt/ros/jazzy/opt/gz_cmake_vendor PYTHONPATH=/home/silvia/TFG/TFG/src/ros2_ws/build/robot_inverse_kinematics/prefix_override:/usr/lib/python3/dist-packages/colcon_core/task/python/colcon_distutils_commands:/home/silvia/TFG/TFG/src/ros2_ws/install/robot_inverse_kinematics/lib/python3.12/site-packages:/home/silvia/TFG/TFG/src/ros2_ws/install/robot_interfaces/lib/python3.12/site-packages:/home/silvia/TFG/TFG/src/ros2_ws/install/robot_kinematics/lib/python3.12/site-packages:/home/silvia/TFG/TFG/src/ros2_ws/install/robot_inverse_kinematics/lib/python3.12/site-packages:/home/silvia/TFG/TFG/src/ros2_ws/install/robot_digital_twin/lib/python3.12/site-packages:/opt/ros/jazzy/lib/python3.12/site-packages /usr/bin/python3 -W ignore:setup.py install is deprecated -W ignore:easy_install command is deprecated setup.py egg_info --egg-base ../../build/robot_inverse_kinematics build --build-base /home/silvia/TFG/TFG/src/ros2_ws/build/robot_inverse_kinematics/build install --record /home/silvia/TFG/TFG/src/ros2_ws/build/robot_inverse_kinematics/install.log --single-version-externally-managed install_data
[3.882s] Level 1:colcon.colcon_core.environment:checking '/home/silvia/TFG/TFG/src/ros2_ws/install/robot_inverse_kinematics' for CMake config files
[3.883s] Level 1:colcon.colcon_core.environment:checking '/home/silvia/TFG/TFG/src/ros2_ws/install/robot_inverse_kinematics/lib'
[3.883s] Level 1:colcon.colcon_core.environment:checking '/home/silvia/TFG/TFG/src/ros2_ws/install/robot_inverse_kinematics/bin'
[3.883s] Level 1:colcon.colcon_core.environment:checking '/home/silvia/TFG/TFG/src/ros2_ws/install/robot_inverse_kinematics/lib/pkgconfig/robot_inverse_kinematics.pc'
[3.883s] Level 1:colcon.colcon_core.environment:checking '/home/silvia/TFG/TFG/src/ros2_ws/install/robot_inverse_kinematics/lib/python3.12/site-packages'
[3.883s] Level 1:colcon.colcon_core.shell:create_environment_hook('robot_inverse_kinematics', 'pythonpath')
[3.883s] INFO:colcon.colcon_core.shell:Creating environment hook '/home/silvia/TFG/TFG/src/ros2_ws/install/robot_inverse_kinematics/share/robot_inverse_kinematics/hook/pythonpath.ps1'
[3.884s] INFO:colcon.colcon_core.shell:Creating environment descriptor '/home/silvia/TFG/TFG/src/ros2_ws/install/robot_inverse_kinematics/share/robot_inverse_kinematics/hook/pythonpath.dsv'
[3.884s] INFO:colcon.colcon_core.shell:Creating environment hook '/home/silvia/TFG/TFG/src/ros2_ws/install/robot_inverse_kinematics/share/robot_inverse_kinematics/hook/pythonpath.sh'
[3.885s] Level 1:colcon.colcon_core.environment:checking '/home/silvia/TFG/TFG/src/ros2_ws/install/robot_inverse_kinematics/bin'
[3.885s] Level 1:colcon.colcon_core.environment:create_environment_scripts_only(robot_inverse_kinematics)
[3.885s] INFO:colcon.colcon_core.shell:Creating package script '/home/silvia/TFG/TFG/src/ros2_ws/install/robot_inverse_kinematics/share/robot_inverse_kinematics/package.ps1'
[3.886s] INFO:colcon.colcon_core.shell:Creating package descriptor '/home/silvia/TFG/TFG/src/ros2_ws/install/robot_inverse_kinematics/share/robot_inverse_kinematics/package.dsv'
[3.886s] INFO:colcon.colcon_core.shell:Creating package script '/home/silvia/TFG/TFG/src/ros2_ws/install/robot_inverse_kinematics/share/robot_inverse_kinematics/package.sh'
[3.887s] INFO:colcon.colcon_core.shell:Creating package script '/home/silvia/TFG/TFG/src/ros2_ws/install/robot_inverse_kinematics/share/robot_inverse_kinematics/package.bash'
[3.887s] INFO:colcon.colcon_core.shell:Creating package script '/home/silvia/TFG/TFG/src/ros2_ws/install/robot_inverse_kinematics/share/robot_inverse_kinematics/package.zsh'
[3.888s] Level 1:colcon.colcon_core.environment:create_file_with_runtime_dependencies(/home/silvia/TFG/TFG/src/ros2_ws/install/robot_inverse_kinematics/share/colcon-core/packages/robot_inverse_kinematics)
[3.997s] Level 1:colcon.colcon_core.environment:checking '/home/silvia/TFG/TFG/src/ros2_ws/install/robot_kinematics' for CMake module files
[3.998s] DEBUG:colcon.colcon_core.event_handler.log_command:Invoked command in '/home/silvia/TFG/TFG/src/ros2_ws/src/robot_kinematics' returned '0': CMAKE_PREFIX_PATH=/home/silvia/TFG/TFG/src/ros2_ws/install/robot_interfaces:/home/silvia/TFG/TFG/src/ros2_ws/install/tic_tac_toe_dlc:/home/silvia/TFG/TFG/src/ros2_ws/install/robot_pkg:/opt/ros/jazzy/opt/sdformat_vendor:/opt/ros/jazzy/opt/gz_math_vendor:/opt/ros/jazzy/opt/gz_utils_vendor:/opt/ros/jazzy/opt/gz_tools_vendor:/opt/ros/jazzy/opt/gz_cmake_vendor PYTHONPATH=/home/silvia/TFG/TFG/src/ros2_ws/build/robot_kinematics/prefix_override:/usr/lib/python3/dist-packages/colcon_core/task/python/colcon_distutils_commands:/home/silvia/TFG/TFG/src/ros2_ws/install/robot_kinematics/lib/python3.12/site-packages:/home/silvia/TFG/TFG/src/ros2_ws/install/robot_interfaces/lib/python3.12/site-packages:/home/silvia/TFG/TFG/src/ros2_ws/install/robot_kinematics/lib/python3.12/site-packages:/home/silvia/TFG/TFG/src/ros2_ws/install/robot_inverse_kinematics/lib/python3.12/site-packages:/home/silvia/TFG/TFG/src/ros2_ws/install/robot_digital_twin/lib/python3.12/site-packages:/opt/ros/jazzy/lib/python3.12/site-packages /usr/bin/python3 -W ignore:setup.py install is deprecated -W ignore:easy_install command is deprecated setup.py egg_info --egg-base ../../build/robot_kinematics build --build-base /home/silvia/TFG/TFG/src/ros2_ws/build/robot_kinematics/build install --record /home/silvia/TFG/TFG/src/ros2_ws/build/robot_kinematics/install.log --single-version-externally-managed install_data
[3.998s] Level 1:colcon.colcon_core.environment:checking '/home/silvia/TFG/TFG/src/ros2_ws/install/robot_kinematics' for CMake config files
[3.999s] Level 1:colcon.colcon_core.environment:checking '/home/silvia/TFG/TFG/src/ros2_ws/install/robot_kinematics/lib'
[3.999s] Level 1:colcon.colcon_core.environment:checking '/home/silvia/TFG/TFG/src/ros2_ws/install/robot_kinematics/bin'
[3.999s] Level 1:colcon.colcon_core.environment:checking '/home/silvia/TFG/TFG/src/ros2_ws/install/robot_kinematics/lib/pkgconfig/robot_kinematics.pc'
[3.999s] Level 1:colcon.colcon_core.environment:checking '/home/silvia/TFG/TFG/src/ros2_ws/install/robot_kinematics/lib/python3.12/site-packages'
[4.000s] Level 1:colcon.colcon_core.shell:create_environment_hook('robot_kinematics', 'pythonpath')
[4.000s] INFO:colcon.colcon_core.shell:Creating environment hook '/home/silvia/TFG/TFG/src/ros2_ws/install/robot_kinematics/share/robot_kinematics/hook/pythonpath.ps1'
[4.000s] INFO:colcon.colcon_core.shell:Creating environment descriptor '/home/silvia/TFG/TFG/src/ros2_ws/install/robot_kinematics/share/robot_kinematics/hook/pythonpath.dsv'
[4.001s] INFO:colcon.colcon_core.shell:Creating environment hook '/home/silvia/TFG/TFG/src/ros2_ws/install/robot_kinematics/share/robot_kinematics/hook/pythonpath.sh'
[4.001s] Level 1:colcon.colcon_core.environment:checking '/home/silvia/TFG/TFG/src/ros2_ws/install/robot_kinematics/bin'
[4.001s] Level 1:colcon.colcon_core.environment:create_environment_scripts_only(robot_kinematics)
[4.001s] INFO:colcon.colcon_core.shell:Creating package script '/home/silvia/TFG/TFG/src/ros2_ws/install/robot_kinematics/share/robot_kinematics/package.ps1'
[4.002s] INFO:colcon.colcon_core.shell:Creating package descriptor '/home/silvia/TFG/TFG/src/ros2_ws/install/robot_kinematics/share/robot_kinematics/package.dsv'
[4.003s] INFO:colcon.colcon_core.shell:Creating package script '/home/silvia/TFG/TFG/src/ros2_ws/install/robot_kinematics/share/robot_kinematics/package.sh'
[4.003s] INFO:colcon.colcon_core.shell:Creating package script '/home/silvia/TFG/TFG/src/ros2_ws/install/robot_kinematics/share/robot_kinematics/package.bash'
[4.004s] INFO:colcon.colcon_core.shell:Creating package script '/home/silvia/TFG/TFG/src/ros2_ws/install/robot_kinematics/share/robot_kinematics/package.zsh'
[4.004s] Level 1:colcon.colcon_core.environment:create_file_with_runtime_dependencies(/home/silvia/TFG/TFG/src/ros2_ws/install/robot_kinematics/share/colcon-core/packages/robot_kinematics)
[4.005s] DEBUG:colcon.colcon_parallel_executor.executor.parallel:closing loop
[4.006s] DEBUG:colcon.colcon_parallel_executor.executor.parallel:loop closed
[4.006s] DEBUG:colcon.colcon_parallel_executor.executor.parallel:run_until_complete finished with '0'
[4.006s] DEBUG:colcon.colcon_core.event_reactor:joining thread
[4.077s] INFO:colcon.colcon_core.plugin_system:Skipping extension 'colcon_notification.desktop_notification.notify_send': Could not find 'notify-send'
[4.077s] INFO:colcon.colcon_core.plugin_system:Skipping extension 'colcon_notification.desktop_notification.terminal_notifier': Not used on non-Darwin systems
[4.078s] INFO:colcon.colcon_core.plugin_system:Skipping extension 'colcon_notification.desktop_notification.win32': Not used on non-Windows systems
[4.078s] INFO:colcon.colcon_notification.desktop_notification:Sending desktop notification using 'notify2'
[4.079s] DEBUG:colcon.colcon_notification.desktop_notification.notify2:Failed to initialize notify2: org.freedesktop.DBus.Error.ServiceUnknown: The name org.freedesktop.Notifications was not provided by any .service files
[4.079s] DEBUG:colcon.colcon_core.event_reactor:joined thread
[4.080s] INFO:colcon.colcon_core.shell:Creating prefix script '/home/silvia/TFG/TFG/src/ros2_ws/install/local_setup.ps1'
[4.081s] INFO:colcon.colcon_core.shell:Creating prefix util module '/home/silvia/TFG/TFG/src/ros2_ws/install/_local_setup_util_ps1.py'
[4.082s] INFO:colcon.colcon_core.shell:Creating prefix chain script '/home/silvia/TFG/TFG/src/ros2_ws/install/setup.ps1'
[4.083s] INFO:colcon.colcon_core.shell:Creating prefix script '/home/silvia/TFG/TFG/src/ros2_ws/install/local_setup.sh'
[4.084s] INFO:colcon.colcon_core.shell:Creating prefix util module '/home/silvia/TFG/TFG/src/ros2_ws/install/_local_setup_util_sh.py'
[4.085s] INFO:colcon.colcon_core.shell:Creating prefix chain script '/home/silvia/TFG/TFG/src/ros2_ws/install/setup.sh'
[4.086s] INFO:colcon.colcon_core.shell:Creating prefix script '/home/silvia/TFG/TFG/src/ros2_ws/install/local_setup.bash'
[4.086s] INFO:colcon.colcon_core.shell:Creating prefix chain script '/home/silvia/TFG/TFG/src/ros2_ws/install/setup.bash'
[4.088s] INFO:colcon.colcon_core.shell:Creating prefix script '/home/silvia/TFG/TFG/src/ros2_ws/install/local_setup.zsh'
[4.088s] INFO:colcon.colcon_core.shell:Creating prefix chain script '/home/silvia/TFG/TFG/src/ros2_ws/install/setup.zsh'
