[2.006s] Invoking command in '/home/silvia/TFG/TFG/src/ros2_ws/src/robot_digital_twin': PYTHONPATH=/home/silvia/TFG/TFG/src/ros2_ws/build/robot_digital_twin/prefix_override:/usr/lib/python3/dist-packages/colcon_core/task/python/colcon_distutils_commands:/home/silvia/TFG/TFG/src/ros2_ws/install/robot_digital_twin/lib/python3.12/site-packages:${PYTHONPATH} /usr/bin/python3 -W ignore:setup.py install is deprecated -W ignore:easy_install command is deprecated setup.py egg_info --egg-base ../../build/robot_digital_twin build --build-base /home/silvia/TFG/TFG/src/ros2_ws/build/robot_digital_twin/build install --record /home/silvia/TFG/TFG/src/ros2_ws/build/robot_digital_twin/install.log --single-version-externally-managed install_data
[2.492s] running egg_info
[2.522s] writing ../../build/robot_digital_twin/robot_digital_twin.egg-info/PKG-INFO
[2.522s] writing dependency_links to ../../build/robot_digital_twin/robot_digital_twin.egg-info/dependency_links.txt
[2.523s] writing entry points to ../../build/robot_digital_twin/robot_digital_twin.egg-info/entry_points.txt
[2.523s] writing requirements to ../../build/robot_digital_twin/robot_digital_twin.egg-info/requires.txt
[2.523s] writing top-level names to ../../build/robot_digital_twin/robot_digital_twin.egg-info/top_level.txt
[2.586s] reading manifest file '../../build/robot_digital_twin/robot_digital_twin.egg-info/SOURCES.txt'
[2.589s] writing manifest file '../../build/robot_digital_twin/robot_digital_twin.egg-info/SOURCES.txt'
[2.589s] running build
[2.589s] running build_py
[2.590s] running install
[2.599s] running install_lib
[2.649s] running install_data
[2.649s] running install_egg_info
[2.679s] removing '/home/silvia/TFG/TFG/src/ros2_ws/install/robot_digital_twin/lib/python3.12/site-packages/robot_digital_twin-0.0.0-py3.12.egg-info' (and everything under it)
[2.679s] Copying ../../build/robot_digital_twin/robot_digital_twin.egg-info to /home/silvia/TFG/TFG/src/ros2_ws/install/robot_digital_twin/lib/python3.12/site-packages/robot_digital_twin-0.0.0-py3.12.egg-info
[2.682s] running install_scripts
[2.898s] Installing robot_digital_twin_node script to /home/silvia/TFG/TFG/src/ros2_ws/install/robot_digital_twin/lib/robot_digital_twin
[2.898s] writing list of installed files to '/home/silvia/TFG/TFG/src/ros2_ws/build/robot_digital_twin/install.log'
[2.940s] Invoked command in '/home/silvia/TFG/TFG/src/ros2_ws/src/robot_digital_twin' returned '0': PYTHONPATH=/home/silvia/TFG/TFG/src/ros2_ws/build/robot_digital_twin/prefix_override:/usr/lib/python3/dist-packages/colcon_core/task/python/colcon_distutils_commands:/home/silvia/TFG/TFG/src/ros2_ws/install/robot_digital_twin/lib/python3.12/site-packages:${PYTHONPATH} /usr/bin/python3 -W ignore:setup.py install is deprecated -W ignore:easy_install command is deprecated setup.py egg_info --egg-base ../../build/robot_digital_twin build --build-base /home/silvia/TFG/TFG/src/ros2_ws/build/robot_digital_twin/build install --record /home/silvia/TFG/TFG/src/ros2_ws/build/robot_digital_twin/install.log --single-version-externally-managed install_data
