[0.265s] DEBUG:colcon:Command line arguments: ['/usr/bin/colcon', 'build']
[0.265s] DEBUG:colcon:Parsed command line arguments: Namespace(log_base=None, log_level=None, verb_name='build', build_base='build', install_base='install', merge_install=False, symlink_install=False, test_result_base=None, continue_on_error=False, executor='parallel', parallel_workers=8, event_handlers=None, ignore_user_meta=False, metas=['./colcon.meta'], base_paths=['.'], packages_ignore=None, packages_ignore_regex=None, paths=None, packages_up_to=None, packages_up_to_regex=None, packages_above=None, packages_above_and_dependencies=None, packages_above_depth=None, packages_select_by_dep=None, packages_skip_by_dep=None, packages_skip_up_to=None, packages_select_build_failed=False, packages_skip_build_finished=False, packages_select_test_failures=False, packages_skip_test_passed=False, packages_select=None, packages_skip=None, packages_select_regex=None, packages_skip_regex=None, packages_start=None, packages_end=None, allow_overriding=[], cmake_args=None, cmake_target=None, cmake_target_skip_unavailable=False, cmake_clean_cache=False, cmake_clean_first=False, cmake_force_configure=False, ament_cmake_args=None, catkin_cmake_args=None, catkin_skip_building_tests=False, verb_parser=<colcon_defaults.argument_parser.defaults.DefaultArgumentsDecorator object at 0x7f58dc45f920>, verb_extension=<colcon_core.verb.build.BuildVerb object at 0x7f58dc45ecf0>, main=<bound method BuildVerb.main of <colcon_core.verb.build.BuildVerb object at 0x7f58dc45ecf0>>)
[0.313s] Level 1:colcon.colcon_core.package_discovery:discover_packages(colcon_meta) check parameters
[0.313s] Level 1:colcon.colcon_core.package_discovery:discover_packages(recursive) check parameters
[0.313s] Level 1:colcon.colcon_core.package_discovery:discover_packages(ignore) check parameters
[0.313s] Level 1:colcon.colcon_core.package_discovery:discover_packages(path) check parameters
[0.313s] Level 1:colcon.colcon_core.package_discovery:discover_packages(colcon_meta) discover
[0.313s] Level 1:colcon.colcon_core.package_discovery:discover_packages(recursive) discover
[0.313s] INFO:colcon.colcon_core.package_discovery:Crawling recursively for packages in '/home/silvia/TFG/TFG/src/ros2_ws'
[0.313s] Level 1:colcon.colcon_core.package_identification:_identify(.) by extensions ['ignore', 'ignore_ament_install']
[0.313s] Level 1:colcon.colcon_core.package_identification:_identify(.) by extension 'ignore'
[0.313s] Level 1:colcon.colcon_core.package_identification:_identify(.) by extension 'ignore_ament_install'
[0.313s] Level 1:colcon.colcon_core.package_identification:_identify(.) by extensions ['colcon_pkg']
[0.314s] Level 1:colcon.colcon_core.package_identification:_identify(.) by extension 'colcon_pkg'
[0.314s] Level 1:colcon.colcon_core.package_identification:_identify(.) by extensions ['colcon_meta']
[0.314s] Level 1:colcon.colcon_core.package_identification:_identify(.) by extension 'colcon_meta'
[0.314s] Level 1:colcon.colcon_core.package_identification:_identify(.) by extensions ['ros']
[0.314s] Level 1:colcon.colcon_core.package_identification:_identify(.) by extension 'ros'
[0.346s] Level 1:colcon.colcon_core.package_identification:_identify(.) by extensions ['cmake', 'python']
[0.346s] Level 1:colcon.colcon_core.package_identification:_identify(.) by extension 'cmake'
[0.346s] Level 1:colcon.colcon_core.package_identification:_identify(.) by extension 'python'
[0.346s] Level 1:colcon.colcon_core.package_identification:_identify(.) by extensions ['python_setup_py']
[0.346s] Level 1:colcon.colcon_core.package_identification:_identify(.) by extension 'python_setup_py'
[0.346s] Level 1:colcon.colcon_core.package_identification:_identify(build) by extensions ['ignore', 'ignore_ament_install']
[0.347s] Level 1:colcon.colcon_core.package_identification:_identify(build) by extension 'ignore'
[0.347s] Level 1:colcon.colcon_core.package_identification:_identify(build) ignored
[0.347s] Level 1:colcon.colcon_core.package_identification:_identify(install) by extensions ['ignore', 'ignore_ament_install']
[0.347s] Level 1:colcon.colcon_core.package_identification:_identify(install) by extension 'ignore'
[0.347s] Level 1:colcon.colcon_core.package_identification:_identify(install) ignored
[0.347s] Level 1:colcon.colcon_core.package_identification:_identify(log) by extensions ['ignore', 'ignore_ament_install']
[0.347s] Level 1:colcon.colcon_core.package_identification:_identify(log) by extension 'ignore'
[0.347s] Level 1:colcon.colcon_core.package_identification:_identify(log) ignored
[0.347s] Level 1:colcon.colcon_core.package_identification:_identify(src) by extensions ['ignore', 'ignore_ament_install']
[0.347s] Level 1:colcon.colcon_core.package_identification:_identify(src) by extension 'ignore'
[0.347s] Level 1:colcon.colcon_core.package_identification:_identify(src) by extension 'ignore_ament_install'
[0.347s] Level 1:colcon.colcon_core.package_identification:_identify(src) by extensions ['colcon_pkg']
[0.347s] Level 1:colcon.colcon_core.package_identification:_identify(src) by extension 'colcon_pkg'
[0.347s] Level 1:colcon.colcon_core.package_identification:_identify(src) by extensions ['colcon_meta']
[0.348s] Level 1:colcon.colcon_core.package_identification:_identify(src) by extension 'colcon_meta'
[0.348s] Level 1:colcon.colcon_core.package_identification:_identify(src) by extensions ['ros']
[0.348s] Level 1:colcon.colcon_core.package_identification:_identify(src) by extension 'ros'
[0.348s] Level 1:colcon.colcon_core.package_identification:_identify(src) by extensions ['cmake', 'python']
[0.348s] Level 1:colcon.colcon_core.package_identification:_identify(src) by extension 'cmake'
[0.348s] Level 1:colcon.colcon_core.package_identification:_identify(src) by extension 'python'
[0.348s] Level 1:colcon.colcon_core.package_identification:_identify(src) by extensions ['python_setup_py']
[0.348s] Level 1:colcon.colcon_core.package_identification:_identify(src) by extension 'python_setup_py'
[0.348s] Level 1:colcon.colcon_core.package_identification:_identify(src/build) by extensions ['ignore', 'ignore_ament_install']
[0.348s] Level 1:colcon.colcon_core.package_identification:_identify(src/build) by extension 'ignore'
[0.348s] Level 1:colcon.colcon_core.package_identification:_identify(src/build) ignored
[0.348s] Level 1:colcon.colcon_core.package_identification:_identify(src/digital_twin_mal) by extensions ['ignore', 'ignore_ament_install']
[0.348s] Level 1:colcon.colcon_core.package_identification:_identify(src/digital_twin_mal) by extension 'ignore'
[0.348s] Level 1:colcon.colcon_core.package_identification:_identify(src/digital_twin_mal) ignored
[0.348s] Level 1:colcon.colcon_core.package_identification:_identify(src/install) by extensions ['ignore', 'ignore_ament_install']
[0.348s] Level 1:colcon.colcon_core.package_identification:_identify(src/install) by extension 'ignore'
[0.349s] Level 1:colcon.colcon_core.package_identification:_identify(src/install) ignored
[0.349s] Level 1:colcon.colcon_core.package_identification:_identify(src/log) by extensions ['ignore', 'ignore_ament_install']
[0.349s] Level 1:colcon.colcon_core.package_identification:_identify(src/log) by extension 'ignore'
[0.349s] Level 1:colcon.colcon_core.package_identification:_identify(src/log) ignored
[0.349s] Level 1:colcon.colcon_core.package_identification:_identify(src/robot_digital_twin) by extensions ['ignore', 'ignore_ament_install']
[0.349s] Level 1:colcon.colcon_core.package_identification:_identify(src/robot_digital_twin) by extension 'ignore'
[0.349s] Level 1:colcon.colcon_core.package_identification:_identify(src/robot_digital_twin) by extension 'ignore_ament_install'
[0.349s] Level 1:colcon.colcon_core.package_identification:_identify(src/robot_digital_twin) by extensions ['colcon_pkg']
[0.349s] Level 1:colcon.colcon_core.package_identification:_identify(src/robot_digital_twin) by extension 'colcon_pkg'
[0.349s] Level 1:colcon.colcon_core.package_identification:_identify(src/robot_digital_twin) by extensions ['colcon_meta']
[0.349s] Level 1:colcon.colcon_core.package_identification:_identify(src/robot_digital_twin) by extension 'colcon_meta'
[0.349s] Level 1:colcon.colcon_core.package_identification:_identify(src/robot_digital_twin) by extensions ['ros']
[0.349s] Level 1:colcon.colcon_core.package_identification:_identify(src/robot_digital_twin) by extension 'ros'
[0.352s] DEBUG:colcon.colcon_core.package_identification:Package 'src/robot_digital_twin' with type 'ros.ament_python' and name 'robot_digital_twin'
[0.352s] Level 1:colcon.colcon_core.package_identification:_identify(src/robot_interfaces) by extensions ['ignore', 'ignore_ament_install']
[0.352s] Level 1:colcon.colcon_core.package_identification:_identify(src/robot_interfaces) by extension 'ignore'
[0.352s] Level 1:colcon.colcon_core.package_identification:_identify(src/robot_interfaces) by extension 'ignore_ament_install'
[0.352s] Level 1:colcon.colcon_core.package_identification:_identify(src/robot_interfaces) by extensions ['colcon_pkg']
[0.352s] Level 1:colcon.colcon_core.package_identification:_identify(src/robot_interfaces) by extension 'colcon_pkg'
[0.352s] Level 1:colcon.colcon_core.package_identification:_identify(src/robot_interfaces) by extensions ['colcon_meta']
[0.352s] Level 1:colcon.colcon_core.package_identification:_identify(src/robot_interfaces) by extension 'colcon_meta'
[0.352s] Level 1:colcon.colcon_core.package_identification:_identify(src/robot_interfaces) by extensions ['ros']
[0.352s] Level 1:colcon.colcon_core.package_identification:_identify(src/robot_interfaces) by extension 'ros'
[0.353s] DEBUG:colcon.colcon_core.package_identification:Package 'src/robot_interfaces' with type 'ros.ament_cmake' and name 'robot_interfaces'
[0.353s] Level 1:colcon.colcon_core.package_identification:_identify(src/robot_inverse_kinematics) by extensions ['ignore', 'ignore_ament_install']
[0.353s] Level 1:colcon.colcon_core.package_identification:_identify(src/robot_inverse_kinematics) by extension 'ignore'
[0.353s] Level 1:colcon.colcon_core.package_identification:_identify(src/robot_inverse_kinematics) by extension 'ignore_ament_install'
[0.353s] Level 1:colcon.colcon_core.package_identification:_identify(src/robot_inverse_kinematics) by extensions ['colcon_pkg']
[0.353s] Level 1:colcon.colcon_core.package_identification:_identify(src/robot_inverse_kinematics) by extension 'colcon_pkg'
[0.353s] Level 1:colcon.colcon_core.package_identification:_identify(src/robot_inverse_kinematics) by extensions ['colcon_meta']
[0.353s] Level 1:colcon.colcon_core.package_identification:_identify(src/robot_inverse_kinematics) by extension 'colcon_meta'
[0.353s] Level 1:colcon.colcon_core.package_identification:_identify(src/robot_inverse_kinematics) by extensions ['ros']
[0.353s] Level 1:colcon.colcon_core.package_identification:_identify(src/robot_inverse_kinematics) by extension 'ros'
[0.354s] DEBUG:colcon.colcon_core.package_identification:Package 'src/robot_inverse_kinematics' with type 'ros.ament_python' and name 'robot_inverse_kinematics'
[0.354s] Level 1:colcon.colcon_core.package_identification:_identify(src/robot_kinematics) by extensions ['ignore', 'ignore_ament_install']
[0.354s] Level 1:colcon.colcon_core.package_identification:_identify(src/robot_kinematics) by extension 'ignore'
[0.354s] Level 1:colcon.colcon_core.package_identification:_identify(src/robot_kinematics) by extension 'ignore_ament_install'
[0.354s] Level 1:colcon.colcon_core.package_identification:_identify(src/robot_kinematics) by extensions ['colcon_pkg']
[0.354s] Level 1:colcon.colcon_core.package_identification:_identify(src/robot_kinematics) by extension 'colcon_pkg'
[0.354s] Level 1:colcon.colcon_core.package_identification:_identify(src/robot_kinematics) by extensions ['colcon_meta']
[0.354s] Level 1:colcon.colcon_core.package_identification:_identify(src/robot_kinematics) by extension 'colcon_meta'
[0.354s] Level 1:colcon.colcon_core.package_identification:_identify(src/robot_kinematics) by extensions ['ros']
[0.354s] Level 1:colcon.colcon_core.package_identification:_identify(src/robot_kinematics) by extension 'ros'
[0.355s] DEBUG:colcon.colcon_core.package_identification:Package 'src/robot_kinematics' with type 'ros.ament_python' and name 'robot_kinematics'
[0.355s] Level 1:colcon.colcon_core.package_identification:_identify(src/robot_pkg) by extensions ['ignore', 'ignore_ament_install']
[0.355s] Level 1:colcon.colcon_core.package_identification:_identify(src/robot_pkg) by extension 'ignore'
[0.355s] Level 1:colcon.colcon_core.package_identification:_identify(src/robot_pkg) by extension 'ignore_ament_install'
[0.355s] Level 1:colcon.colcon_core.package_identification:_identify(src/robot_pkg) by extensions ['colcon_pkg']
[0.356s] Level 1:colcon.colcon_core.package_identification:_identify(src/robot_pkg) by extension 'colcon_pkg'
[0.356s] Level 1:colcon.colcon_core.package_identification:_identify(src/robot_pkg) by extensions ['colcon_meta']
[0.356s] Level 1:colcon.colcon_core.package_identification:_identify(src/robot_pkg) by extension 'colcon_meta'
[0.356s] Level 1:colcon.colcon_core.package_identification:_identify(src/robot_pkg) by extensions ['ros']
[0.356s] Level 1:colcon.colcon_core.package_identification:_identify(src/robot_pkg) by extension 'ros'
[0.357s] DEBUG:colcon.colcon_core.package_identification:Package 'src/robot_pkg' with type 'ros.ament_cmake' and name 'robot_pkg'
[0.357s] Level 1:colcon.colcon_core.package_identification:_identify(src/tic_tac_toe_dlc) by extensions ['ignore', 'ignore_ament_install']
[0.357s] Level 1:colcon.colcon_core.package_identification:_identify(src/tic_tac_toe_dlc) by extension 'ignore'
[0.357s] Level 1:colcon.colcon_core.package_identification:_identify(src/tic_tac_toe_dlc) by extension 'ignore_ament_install'
[0.357s] Level 1:colcon.colcon_core.package_identification:_identify(src/tic_tac_toe_dlc) by extensions ['colcon_pkg']
[0.357s] Level 1:colcon.colcon_core.package_identification:_identify(src/tic_tac_toe_dlc) by extension 'colcon_pkg'
[0.357s] Level 1:colcon.colcon_core.package_identification:_identify(src/tic_tac_toe_dlc) by extensions ['colcon_meta']
[0.357s] Level 1:colcon.colcon_core.package_identification:_identify(src/tic_tac_toe_dlc) by extension 'colcon_meta'
[0.357s] Level 1:colcon.colcon_core.package_identification:_identify(src/tic_tac_toe_dlc) by extensions ['ros']
[0.357s] Level 1:colcon.colcon_core.package_identification:_identify(src/tic_tac_toe_dlc) by extension 'ros'
[0.358s] DEBUG:colcon.colcon_core.package_identification:Package 'src/tic_tac_toe_dlc' with type 'ros.ament_cmake' and name 'tic_tac_toe_dlc'
[0.358s] Level 1:colcon.colcon_core.package_discovery:discover_packages(recursive) using defaults
[0.358s] Level 1:colcon.colcon_core.package_discovery:discover_packages(ignore) discover
[0.358s] Level 1:colcon.colcon_core.package_discovery:discover_packages(ignore) using defaults
[0.358s] Level 1:colcon.colcon_core.package_discovery:discover_packages(path) discover
[0.358s] Level 1:colcon.colcon_core.package_discovery:discover_packages(path) using defaults
[0.378s] Level 1:colcon.colcon_core.package_discovery:discover_packages(prefix_path) check parameters
[0.378s] Level 1:colcon.colcon_core.package_discovery:discover_packages(prefix_path) discover
[0.382s] DEBUG:colcon.colcon_installed_package_information.package_discovery:Found 331 installed packages in /opt/ros/jazzy
[0.384s] Level 1:colcon.colcon_core.package_discovery:discover_packages(prefix_path) using defaults
[0.442s] Level 5:colcon.colcon_core.verb:set package 'robot_digital_twin' build argument 'cmake_args' from command line to 'None'
[0.442s] Level 5:colcon.colcon_core.verb:set package 'robot_digital_twin' build argument 'cmake_target' from command line to 'None'
[0.442s] Level 5:colcon.colcon_core.verb:set package 'robot_digital_twin' build argument 'cmake_target_skip_unavailable' from command line to 'False'
[0.442s] Level 5:colcon.colcon_core.verb:set package 'robot_digital_twin' build argument 'cmake_clean_cache' from command line to 'False'
[0.443s] Level 5:colcon.colcon_core.verb:set package 'robot_digital_twin' build argument 'cmake_clean_first' from command line to 'False'
[0.443s] Level 5:colcon.colcon_core.verb:set package 'robot_digital_twin' build argument 'cmake_force_configure' from command line to 'False'
[0.443s] Level 5:colcon.colcon_core.verb:set package 'robot_digital_twin' build argument 'ament_cmake_args' from command line to 'None'
[0.443s] Level 5:colcon.colcon_core.verb:set package 'robot_digital_twin' build argument 'catkin_cmake_args' from command line to 'None'
[0.443s] Level 5:colcon.colcon_core.verb:set package 'robot_digital_twin' build argument 'catkin_skip_building_tests' from command line to 'False'
[0.443s] DEBUG:colcon.colcon_core.verb:Building package 'robot_digital_twin' with the following arguments: {'ament_cmake_args': None, 'build_base': '/home/silvia/TFG/TFG/src/ros2_ws/build/robot_digital_twin', 'catkin_cmake_args': None, 'catkin_skip_building_tests': False, 'cmake_args': None, 'cmake_clean_cache': False, 'cmake_clean_first': False, 'cmake_force_configure': False, 'cmake_target': None, 'cmake_target_skip_unavailable': False, 'install_base': '/home/silvia/TFG/TFG/src/ros2_ws/install/robot_digital_twin', 'merge_install': False, 'path': '/home/silvia/TFG/TFG/src/ros2_ws/src/robot_digital_twin', 'symlink_install': False, 'test_result_base': None}
[0.443s] Level 5:colcon.colcon_core.verb:set package 'robot_interfaces' build argument 'cmake_args' from command line to 'None'
[0.443s] Level 5:colcon.colcon_core.verb:set package 'robot_interfaces' build argument 'cmake_target' from command line to 'None'
[0.443s] Level 5:colcon.colcon_core.verb:set package 'robot_interfaces' build argument 'cmake_target_skip_unavailable' from command line to 'False'
[0.443s] Level 5:colcon.colcon_core.verb:set package 'robot_interfaces' build argument 'cmake_clean_cache' from command line to 'False'
[0.443s] Level 5:colcon.colcon_core.verb:set package 'robot_interfaces' build argument 'cmake_clean_first' from command line to 'False'
[0.443s] Level 5:colcon.colcon_core.verb:set package 'robot_interfaces' build argument 'cmake_force_configure' from command line to 'False'
[0.443s] Level 5:colcon.colcon_core.verb:set package 'robot_interfaces' build argument 'ament_cmake_args' from command line to 'None'
[0.443s] Level 5:colcon.colcon_core.verb:set package 'robot_interfaces' build argument 'catkin_cmake_args' from command line to 'None'
[0.443s] Level 5:colcon.colcon_core.verb:set package 'robot_interfaces' build argument 'catkin_skip_building_tests' from command line to 'False'
[0.443s] DEBUG:colcon.colcon_core.verb:Building package 'robot_interfaces' with the following arguments: {'ament_cmake_args': None, 'build_base': '/home/silvia/TFG/TFG/src/ros2_ws/build/robot_interfaces', 'catkin_cmake_args': None, 'catkin_skip_building_tests': False, 'cmake_args': None, 'cmake_clean_cache': False, 'cmake_clean_first': False, 'cmake_force_configure': False, 'cmake_target': None, 'cmake_target_skip_unavailable': False, 'install_base': '/home/silvia/TFG/TFG/src/ros2_ws/install/robot_interfaces', 'merge_install': False, 'path': '/home/silvia/TFG/TFG/src/ros2_ws/src/robot_interfaces', 'symlink_install': False, 'test_result_base': None}
[0.444s] Level 5:colcon.colcon_core.verb:set package 'robot_inverse_kinematics' build argument 'cmake_args' from command line to 'None'
[0.444s] Level 5:colcon.colcon_core.verb:set package 'robot_inverse_kinematics' build argument 'cmake_target' from command line to 'None'
[0.444s] Level 5:colcon.colcon_core.verb:set package 'robot_inverse_kinematics' build argument 'cmake_target_skip_unavailable' from command line to 'False'
[0.444s] Level 5:colcon.colcon_core.verb:set package 'robot_inverse_kinematics' build argument 'cmake_clean_cache' from command line to 'False'
[0.444s] Level 5:colcon.colcon_core.verb:set package 'robot_inverse_kinematics' build argument 'cmake_clean_first' from command line to 'False'
[0.444s] Level 5:colcon.colcon_core.verb:set package 'robot_inverse_kinematics' build argument 'cmake_force_configure' from command line to 'False'
[0.444s] Level 5:colcon.colcon_core.verb:set package 'robot_inverse_kinematics' build argument 'ament_cmake_args' from command line to 'None'
[0.444s] Level 5:colcon.colcon_core.verb:set package 'robot_inverse_kinematics' build argument 'catkin_cmake_args' from command line to 'None'
[0.444s] Level 5:colcon.colcon_core.verb:set package 'robot_inverse_kinematics' build argument 'catkin_skip_building_tests' from command line to 'False'
[0.444s] DEBUG:colcon.colcon_core.verb:Building package 'robot_inverse_kinematics' with the following arguments: {'ament_cmake_args': None, 'build_base': '/home/silvia/TFG/TFG/src/ros2_ws/build/robot_inverse_kinematics', 'catkin_cmake_args': None, 'catkin_skip_building_tests': False, 'cmake_args': None, 'cmake_clean_cache': False, 'cmake_clean_first': False, 'cmake_force_configure': False, 'cmake_target': None, 'cmake_target_skip_unavailable': False, 'install_base': '/home/silvia/TFG/TFG/src/ros2_ws/install/robot_inverse_kinematics', 'merge_install': False, 'path': '/home/silvia/TFG/TFG/src/ros2_ws/src/robot_inverse_kinematics', 'symlink_install': False, 'test_result_base': None}
[0.444s] Level 5:colcon.colcon_core.verb:set package 'robot_kinematics' build argument 'cmake_args' from command line to 'None'
[0.444s] Level 5:colcon.colcon_core.verb:set package 'robot_kinematics' build argument 'cmake_target' from command line to 'None'
[0.444s] Level 5:colcon.colcon_core.verb:set package 'robot_kinematics' build argument 'cmake_target_skip_unavailable' from command line to 'False'
[0.444s] Level 5:colcon.colcon_core.verb:set package 'robot_kinematics' build argument 'cmake_clean_cache' from command line to 'False'
[0.444s] Level 5:colcon.colcon_core.verb:set package 'robot_kinematics' build argument 'cmake_clean_first' from command line to 'False'
[0.444s] Level 5:colcon.colcon_core.verb:set package 'robot_kinematics' build argument 'cmake_force_configure' from command line to 'False'
[0.444s] Level 5:colcon.colcon_core.verb:set package 'robot_kinematics' build argument 'ament_cmake_args' from command line to 'None'
[0.444s] Level 5:colcon.colcon_core.verb:set package 'robot_kinematics' build argument 'catkin_cmake_args' from command line to 'None'
[0.444s] Level 5:colcon.colcon_core.verb:set package 'robot_kinematics' build argument 'catkin_skip_building_tests' from command line to 'False'
[0.444s] DEBUG:colcon.colcon_core.verb:Building package 'robot_kinematics' with the following arguments: {'ament_cmake_args': None, 'build_base': '/home/silvia/TFG/TFG/src/ros2_ws/build/robot_kinematics', 'catkin_cmake_args': None, 'catkin_skip_building_tests': False, 'cmake_args': None, 'cmake_clean_cache': False, 'cmake_clean_first': False, 'cmake_force_configure': False, 'cmake_target': None, 'cmake_target_skip_unavailable': False, 'install_base': '/home/silvia/TFG/TFG/src/ros2_ws/install/robot_kinematics', 'merge_install': False, 'path': '/home/silvia/TFG/TFG/src/ros2_ws/src/robot_kinematics', 'symlink_install': False, 'test_result_base': None}
[0.444s] Level 5:colcon.colcon_core.verb:set package 'robot_pkg' build argument 'cmake_args' from command line to 'None'
[0.444s] Level 5:colcon.colcon_core.verb:set package 'robot_pkg' build argument 'cmake_target' from command line to 'None'
[0.445s] Level 5:colcon.colcon_core.verb:set package 'robot_pkg' build argument 'cmake_target_skip_unavailable' from command line to 'False'
[0.445s] Level 5:colcon.colcon_core.verb:set package 'robot_pkg' build argument 'cmake_clean_cache' from command line to 'False'
[0.445s] Level 5:colcon.colcon_core.verb:set package 'robot_pkg' build argument 'cmake_clean_first' from command line to 'False'
[0.445s] Level 5:colcon.colcon_core.verb:set package 'robot_pkg' build argument 'cmake_force_configure' from command line to 'False'
[0.445s] Level 5:colcon.colcon_core.verb:set package 'robot_pkg' build argument 'ament_cmake_args' from command line to 'None'
[0.445s] Level 5:colcon.colcon_core.verb:set package 'robot_pkg' build argument 'catkin_cmake_args' from command line to 'None'
[0.445s] Level 5:colcon.colcon_core.verb:set package 'robot_pkg' build argument 'catkin_skip_building_tests' from command line to 'False'
[0.445s] DEBUG:colcon.colcon_core.verb:Building package 'robot_pkg' with the following arguments: {'ament_cmake_args': None, 'build_base': '/home/silvia/TFG/TFG/src/ros2_ws/build/robot_pkg', 'catkin_cmake_args': None, 'catkin_skip_building_tests': False, 'cmake_args': None, 'cmake_clean_cache': False, 'cmake_clean_first': False, 'cmake_force_configure': False, 'cmake_target': None, 'cmake_target_skip_unavailable': False, 'install_base': '/home/silvia/TFG/TFG/src/ros2_ws/install/robot_pkg', 'merge_install': False, 'path': '/home/silvia/TFG/TFG/src/ros2_ws/src/robot_pkg', 'symlink_install': False, 'test_result_base': None}
[0.445s] Level 5:colcon.colcon_core.verb:set package 'tic_tac_toe_dlc' build argument 'cmake_args' from command line to 'None'
[0.445s] Level 5:colcon.colcon_core.verb:set package 'tic_tac_toe_dlc' build argument 'cmake_target' from command line to 'None'
[0.445s] Level 5:colcon.colcon_core.verb:set package 'tic_tac_toe_dlc' build argument 'cmake_target_skip_unavailable' from command line to 'False'
[0.445s] Level 5:colcon.colcon_core.verb:set package 'tic_tac_toe_dlc' build argument 'cmake_clean_cache' from command line to 'False'
[0.445s] Level 5:colcon.colcon_core.verb:set package 'tic_tac_toe_dlc' build argument 'cmake_clean_first' from command line to 'False'
[0.445s] Level 5:colcon.colcon_core.verb:set package 'tic_tac_toe_dlc' build argument 'cmake_force_configure' from command line to 'False'
[0.445s] Level 5:colcon.colcon_core.verb:set package 'tic_tac_toe_dlc' build argument 'ament_cmake_args' from command line to 'None'
[0.445s] Level 5:colcon.colcon_core.verb:set package 'tic_tac_toe_dlc' build argument 'catkin_cmake_args' from command line to 'None'
[0.445s] Level 5:colcon.colcon_core.verb:set package 'tic_tac_toe_dlc' build argument 'catkin_skip_building_tests' from command line to 'False'
[0.445s] DEBUG:colcon.colcon_core.verb:Building package 'tic_tac_toe_dlc' with the following arguments: {'ament_cmake_args': None, 'build_base': '/home/silvia/TFG/TFG/src/ros2_ws/build/tic_tac_toe_dlc', 'catkin_cmake_args': None, 'catkin_skip_building_tests': False, 'cmake_args': None, 'cmake_clean_cache': False, 'cmake_clean_first': False, 'cmake_force_configure': False, 'cmake_target': None, 'cmake_target_skip_unavailable': False, 'install_base': '/home/silvia/TFG/TFG/src/ros2_ws/install/tic_tac_toe_dlc', 'merge_install': False, 'path': '/home/silvia/TFG/TFG/src/ros2_ws/src/tic_tac_toe_dlc', 'symlink_install': False, 'test_result_base': None}
[0.445s] INFO:colcon.colcon_core.executor:Executing jobs using 'parallel' executor
[0.446s] DEBUG:colcon.colcon_parallel_executor.executor.parallel:run_until_complete
[0.447s] INFO:colcon.colcon_ros.task.ament_cmake.build:Building ROS package in '/home/silvia/TFG/TFG/src/ros2_ws/src/robot_interfaces' with build type 'ament_cmake'
[0.447s] INFO:colcon.colcon_cmake.task.cmake.build:Building CMake package in '/home/silvia/TFG/TFG/src/ros2_ws/src/robot_interfaces'
[0.451s] INFO:colcon.colcon_core.plugin_system:Skipping extension 'colcon_core.shell.bat': Not used on non-Windows systems
[0.451s] INFO:colcon.colcon_core.shell:Skip shell extension 'powershell' for command environment: Not usable outside of PowerShell
[0.451s] DEBUG:colcon.colcon_core.shell:Skip shell extension 'dsv' for command environment
[0.456s] INFO:colcon.colcon_ros.task.ament_python.build:Building ROS package in '/home/silvia/TFG/TFG/src/ros2_ws/src/robot_digital_twin' with build type 'ament_python'
[0.456s] Level 1:colcon.colcon_core.shell:create_environment_hook('robot_digital_twin', 'ament_prefix_path')
[0.456s] INFO:colcon.colcon_core.shell:Creating environment hook '/home/silvia/TFG/TFG/src/ros2_ws/install/robot_digital_twin/share/robot_digital_twin/hook/ament_prefix_path.ps1'
[0.460s] INFO:colcon.colcon_core.shell:Creating environment descriptor '/home/silvia/TFG/TFG/src/ros2_ws/install/robot_digital_twin/share/robot_digital_twin/hook/ament_prefix_path.dsv'
[0.460s] INFO:colcon.colcon_core.shell:Creating environment hook '/home/silvia/TFG/TFG/src/ros2_ws/install/robot_digital_twin/share/robot_digital_twin/hook/ament_prefix_path.sh'
[0.461s] INFO:colcon.colcon_core.shell:Skip shell extension 'powershell' for command environment: Not usable outside of PowerShell
[0.461s] DEBUG:colcon.colcon_core.shell:Skip shell extension 'dsv' for command environment
[0.475s] DEBUG:colcon.colcon_core.event_handler.log_command:Invoking command in '/home/silvia/TFG/TFG/src/ros2_ws/build/robot_interfaces': CMAKE_PREFIX_PATH=${CMAKE_PREFIX_PATH}:/opt/ros/jazzy /usr/bin/cmake /home/silvia/TFG/TFG/src/ros2_ws/src/robot_interfaces -DCMAKE_INSTALL_PREFIX=/home/silvia/TFG/TFG/src/ros2_ws/install/robot_interfaces
[0.810s] INFO:colcon.colcon_core.task.python.build:Building Python package in '/home/silvia/TFG/TFG/src/ros2_ws/src/robot_digital_twin'
[0.810s] INFO:colcon.colcon_core.shell:Skip shell extension 'powershell' for command environment: Not usable outside of PowerShell
[0.810s] DEBUG:colcon.colcon_core.shell:Skip shell extension 'dsv' for command environment
[1.834s] DEBUG:colcon.colcon_core.event_handler.log_command:Invoking command in '/home/silvia/TFG/TFG/src/ros2_ws/src/robot_digital_twin': PYTHONPATH=/home/silvia/TFG/TFG/src/ros2_ws/build/robot_digital_twin/prefix_override:/usr/lib/python3/dist-packages/colcon_core/task/python/colcon_distutils_commands:/home/silvia/TFG/TFG/src/ros2_ws/install/robot_digital_twin/lib/python3.12/site-packages:${PYTHONPATH} /usr/bin/python3 -W ignore:setup.py install is deprecated -W ignore:easy_install command is deprecated setup.py egg_info --egg-base ../../build/robot_digital_twin build --build-base /home/silvia/TFG/TFG/src/ros2_ws/build/robot_digital_twin/build install --record /home/silvia/TFG/TFG/src/ros2_ws/build/robot_digital_twin/install.log --single-version-externally-managed install_data
[2.758s] DEBUG:colcon.colcon_core.event_handler.log_command:Invoked command in '/home/silvia/TFG/TFG/src/ros2_ws/src/robot_digital_twin' returned '0': PYTHONPATH=/home/silvia/TFG/TFG/src/ros2_ws/build/robot_digital_twin/prefix_override:/usr/lib/python3/dist-packages/colcon_core/task/python/colcon_distutils_commands:/home/silvia/TFG/TFG/src/ros2_ws/install/robot_digital_twin/lib/python3.12/site-packages:${PYTHONPATH} /usr/bin/python3 -W ignore:setup.py install is deprecated -W ignore:easy_install command is deprecated setup.py egg_info --egg-base ../../build/robot_digital_twin build --build-base /home/silvia/TFG/TFG/src/ros2_ws/build/robot_digital_twin/build install --record /home/silvia/TFG/TFG/src/ros2_ws/build/robot_digital_twin/install.log --single-version-externally-managed install_data
[2.761s] Level 1:colcon.colcon_core.environment:checking '/home/silvia/TFG/TFG/src/ros2_ws/install/robot_digital_twin' for CMake module files
[2.761s] Level 1:colcon.colcon_core.environment:checking '/home/silvia/TFG/TFG/src/ros2_ws/install/robot_digital_twin' for CMake config files
[2.762s] Level 1:colcon.colcon_core.environment:checking '/home/silvia/TFG/TFG/src/ros2_ws/install/robot_digital_twin/lib'
[2.763s] Level 1:colcon.colcon_core.environment:checking '/home/silvia/TFG/TFG/src/ros2_ws/install/robot_digital_twin/bin'
[2.763s] Level 1:colcon.colcon_core.environment:checking '/home/silvia/TFG/TFG/src/ros2_ws/install/robot_digital_twin/lib/pkgconfig/robot_digital_twin.pc'
[2.764s] Level 1:colcon.colcon_core.environment:checking '/home/silvia/TFG/TFG/src/ros2_ws/install/robot_digital_twin/lib/python3.12/site-packages'
[2.764s] Level 1:colcon.colcon_core.shell:create_environment_hook('robot_digital_twin', 'pythonpath')
[2.764s] INFO:colcon.colcon_core.shell:Creating environment hook '/home/silvia/TFG/TFG/src/ros2_ws/install/robot_digital_twin/share/robot_digital_twin/hook/pythonpath.ps1'
[2.765s] INFO:colcon.colcon_core.shell:Creating environment descriptor '/home/silvia/TFG/TFG/src/ros2_ws/install/robot_digital_twin/share/robot_digital_twin/hook/pythonpath.dsv'
[2.766s] INFO:colcon.colcon_core.shell:Creating environment hook '/home/silvia/TFG/TFG/src/ros2_ws/install/robot_digital_twin/share/robot_digital_twin/hook/pythonpath.sh'
[2.767s] Level 1:colcon.colcon_core.environment:checking '/home/silvia/TFG/TFG/src/ros2_ws/install/robot_digital_twin/bin'
[2.767s] Level 1:colcon.colcon_core.environment:create_environment_scripts_only(robot_digital_twin)
[2.767s] INFO:colcon.colcon_core.shell:Creating package script '/home/silvia/TFG/TFG/src/ros2_ws/install/robot_digital_twin/share/robot_digital_twin/package.ps1'
[2.768s] INFO:colcon.colcon_core.shell:Creating package descriptor '/home/silvia/TFG/TFG/src/ros2_ws/install/robot_digital_twin/share/robot_digital_twin/package.dsv'
[2.768s] INFO:colcon.colcon_core.shell:Creating package script '/home/silvia/TFG/TFG/src/ros2_ws/install/robot_digital_twin/share/robot_digital_twin/package.sh'
[2.769s] INFO:colcon.colcon_core.shell:Creating package script '/home/silvia/TFG/TFG/src/ros2_ws/install/robot_digital_twin/share/robot_digital_twin/package.bash'
[2.770s] INFO:colcon.colcon_core.shell:Creating package script '/home/silvia/TFG/TFG/src/ros2_ws/install/robot_digital_twin/share/robot_digital_twin/package.zsh'
[2.771s] Level 1:colcon.colcon_core.environment:create_file_with_runtime_dependencies(/home/silvia/TFG/TFG/src/ros2_ws/install/robot_digital_twin/share/colcon-core/packages/robot_digital_twin)
[6.884s] DEBUG:colcon.colcon_core.event_handler.log_command:Invoked command in '/home/silvia/TFG/TFG/src/ros2_ws/build/robot_interfaces' returned '0': CMAKE_PREFIX_PATH=${CMAKE_PREFIX_PATH}:/opt/ros/jazzy /usr/bin/cmake /home/silvia/TFG/TFG/src/ros2_ws/src/robot_interfaces -DCMAKE_INSTALL_PREFIX=/home/silvia/TFG/TFG/src/ros2_ws/install/robot_interfaces
[6.887s] DEBUG:colcon.colcon_core.event_handler.log_command:Invoking command in '/home/silvia/TFG/TFG/src/ros2_ws/build/robot_interfaces': CMAKE_PREFIX_PATH=${CMAKE_PREFIX_PATH}:/opt/ros/jazzy /usr/bin/cmake --build /home/silvia/TFG/TFG/src/ros2_ws/build/robot_interfaces -- -j8 -l8
[20.443s] DEBUG:colcon.colcon_core.event_handler.log_command:Invoked command in '/home/silvia/TFG/TFG/src/ros2_ws/build/robot_interfaces' returned '0': CMAKE_PREFIX_PATH=${CMAKE_PREFIX_PATH}:/opt/ros/jazzy /usr/bin/cmake --build /home/silvia/TFG/TFG/src/ros2_ws/build/robot_interfaces -- -j8 -l8
[20.458s] DEBUG:colcon.colcon_core.event_handler.log_command:Invoking command in '/home/silvia/TFG/TFG/src/ros2_ws/build/robot_interfaces': CMAKE_PREFIX_PATH=${CMAKE_PREFIX_PATH}:/opt/ros/jazzy /usr/bin/cmake --install /home/silvia/TFG/TFG/src/ros2_ws/build/robot_interfaces
[20.677s] Level 1:colcon.colcon_core.environment:create_environment_scripts_only(robot_interfaces)
[20.677s] Level 1:colcon.colcon_core.environment:checking '/home/silvia/TFG/TFG/src/ros2_ws/install/robot_interfaces' for CMake module files
[20.678s] DEBUG:colcon.colcon_core.event_handler.log_command:Invoked command in '/home/silvia/TFG/TFG/src/ros2_ws/build/robot_interfaces' returned '0': CMAKE_PREFIX_PATH=${CMAKE_PREFIX_PATH}:/opt/ros/jazzy /usr/bin/cmake --install /home/silvia/TFG/TFG/src/ros2_ws/build/robot_interfaces
[20.678s] Level 1:colcon.colcon_core.environment:checking '/home/silvia/TFG/TFG/src/ros2_ws/install/robot_interfaces' for CMake config files
[20.679s] Level 1:colcon.colcon_core.shell:create_environment_hook('robot_interfaces', 'cmake_prefix_path')
[20.679s] INFO:colcon.colcon_core.shell:Creating environment hook '/home/silvia/TFG/TFG/src/ros2_ws/install/robot_interfaces/share/robot_interfaces/hook/cmake_prefix_path.ps1'
[20.680s] INFO:colcon.colcon_core.shell:Creating environment descriptor '/home/silvia/TFG/TFG/src/ros2_ws/install/robot_interfaces/share/robot_interfaces/hook/cmake_prefix_path.dsv'
[20.680s] INFO:colcon.colcon_core.shell:Creating environment hook '/home/silvia/TFG/TFG/src/ros2_ws/install/robot_interfaces/share/robot_interfaces/hook/cmake_prefix_path.sh'
[20.681s] Level 1:colcon.colcon_core.environment:checking '/home/silvia/TFG/TFG/src/ros2_ws/install/robot_interfaces/lib'
[20.681s] Level 1:colcon.colcon_core.shell:create_environment_hook('robot_interfaces', 'ld_library_path_lib')
[20.681s] INFO:colcon.colcon_core.shell:Creating environment hook '/home/silvia/TFG/TFG/src/ros2_ws/install/robot_interfaces/share/robot_interfaces/hook/ld_library_path_lib.ps1'
[20.682s] INFO:colcon.colcon_core.shell:Creating environment descriptor '/home/silvia/TFG/TFG/src/ros2_ws/install/robot_interfaces/share/robot_interfaces/hook/ld_library_path_lib.dsv'
[20.682s] INFO:colcon.colcon_core.shell:Creating environment hook '/home/silvia/TFG/TFG/src/ros2_ws/install/robot_interfaces/share/robot_interfaces/hook/ld_library_path_lib.sh'
[20.682s] Level 1:colcon.colcon_core.environment:checking '/home/silvia/TFG/TFG/src/ros2_ws/install/robot_interfaces/bin'
[20.682s] Level 1:colcon.colcon_core.environment:checking '/home/silvia/TFG/TFG/src/ros2_ws/install/robot_interfaces/lib/pkgconfig/robot_interfaces.pc'
[20.683s] Level 1:colcon.colcon_core.environment:checking '/home/silvia/TFG/TFG/src/ros2_ws/install/robot_interfaces/lib/python3.12/site-packages'
[20.683s] Level 1:colcon.colcon_core.shell:create_environment_hook('robot_interfaces', 'pythonpath')
[20.683s] INFO:colcon.colcon_core.shell:Creating environment hook '/home/silvia/TFG/TFG/src/ros2_ws/install/robot_interfaces/share/robot_interfaces/hook/pythonpath.ps1'
[20.684s] INFO:colcon.colcon_core.shell:Creating environment descriptor '/home/silvia/TFG/TFG/src/ros2_ws/install/robot_interfaces/share/robot_interfaces/hook/pythonpath.dsv'
[20.684s] INFO:colcon.colcon_core.shell:Creating environment hook '/home/silvia/TFG/TFG/src/ros2_ws/install/robot_interfaces/share/robot_interfaces/hook/pythonpath.sh'
[20.685s] Level 1:colcon.colcon_core.environment:checking '/home/silvia/TFG/TFG/src/ros2_ws/install/robot_interfaces/bin'
[20.685s] INFO:colcon.colcon_core.shell:Creating package script '/home/silvia/TFG/TFG/src/ros2_ws/install/robot_interfaces/share/robot_interfaces/package.ps1'
[20.686s] INFO:colcon.colcon_core.shell:Creating package descriptor '/home/silvia/TFG/TFG/src/ros2_ws/install/robot_interfaces/share/robot_interfaces/package.dsv'
[20.686s] INFO:colcon.colcon_core.shell:Creating package script '/home/silvia/TFG/TFG/src/ros2_ws/install/robot_interfaces/share/robot_interfaces/package.sh'
[20.687s] INFO:colcon.colcon_core.shell:Creating package script '/home/silvia/TFG/TFG/src/ros2_ws/install/robot_interfaces/share/robot_interfaces/package.bash'
[20.687s] INFO:colcon.colcon_core.shell:Creating package script '/home/silvia/TFG/TFG/src/ros2_ws/install/robot_interfaces/share/robot_interfaces/package.zsh'
[20.687s] Level 1:colcon.colcon_core.environment:create_file_with_runtime_dependencies(/home/silvia/TFG/TFG/src/ros2_ws/install/robot_interfaces/share/colcon-core/packages/robot_interfaces)
[20.689s] Level 1:colcon.colcon_core.environment:create_environment_scripts_only(robot_interfaces)
[20.689s] Level 1:colcon.colcon_core.environment:checking '/home/silvia/TFG/TFG/src/ros2_ws/install/robot_interfaces' for CMake module files
[20.690s] Level 1:colcon.colcon_core.environment:checking '/home/silvia/TFG/TFG/src/ros2_ws/install/robot_interfaces' for CMake config files
[20.690s] Level 1:colcon.colcon_core.shell:create_environment_hook('robot_interfaces', 'cmake_prefix_path')
[20.690s] INFO:colcon.colcon_core.shell:Creating environment hook '/home/silvia/TFG/TFG/src/ros2_ws/install/robot_interfaces/share/robot_interfaces/hook/cmake_prefix_path.ps1'
[20.691s] INFO:colcon.colcon_core.shell:Creating environment descriptor '/home/silvia/TFG/TFG/src/ros2_ws/install/robot_interfaces/share/robot_interfaces/hook/cmake_prefix_path.dsv'
[20.691s] INFO:colcon.colcon_core.shell:Creating environment hook '/home/silvia/TFG/TFG/src/ros2_ws/install/robot_interfaces/share/robot_interfaces/hook/cmake_prefix_path.sh'
[20.692s] Level 1:colcon.colcon_core.environment:checking '/home/silvia/TFG/TFG/src/ros2_ws/install/robot_interfaces/lib'
[20.692s] Level 1:colcon.colcon_core.shell:create_environment_hook('robot_interfaces', 'ld_library_path_lib')
[20.692s] INFO:colcon.colcon_core.shell:Creating environment hook '/home/silvia/TFG/TFG/src/ros2_ws/install/robot_interfaces/share/robot_interfaces/hook/ld_library_path_lib.ps1'
[20.692s] INFO:colcon.colcon_core.shell:Creating environment descriptor '/home/silvia/TFG/TFG/src/ros2_ws/install/robot_interfaces/share/robot_interfaces/hook/ld_library_path_lib.dsv'
[20.693s] INFO:colcon.colcon_core.shell:Creating environment hook '/home/silvia/TFG/TFG/src/ros2_ws/install/robot_interfaces/share/robot_interfaces/hook/ld_library_path_lib.sh'
[20.693s] Level 1:colcon.colcon_core.environment:checking '/home/silvia/TFG/TFG/src/ros2_ws/install/robot_interfaces/bin'
[20.693s] Level 1:colcon.colcon_core.environment:checking '/home/silvia/TFG/TFG/src/ros2_ws/install/robot_interfaces/lib/pkgconfig/robot_interfaces.pc'
[20.694s] Level 1:colcon.colcon_core.environment:checking '/home/silvia/TFG/TFG/src/ros2_ws/install/robot_interfaces/lib/python3.12/site-packages'
[20.694s] Level 1:colcon.colcon_core.shell:create_environment_hook('robot_interfaces', 'pythonpath')
[20.694s] INFO:colcon.colcon_core.shell:Creating environment hook '/home/silvia/TFG/TFG/src/ros2_ws/install/robot_interfaces/share/robot_interfaces/hook/pythonpath.ps1'
[20.694s] INFO:colcon.colcon_core.shell:Creating environment descriptor '/home/silvia/TFG/TFG/src/ros2_ws/install/robot_interfaces/share/robot_interfaces/hook/pythonpath.dsv'
[20.695s] INFO:colcon.colcon_core.shell:Creating environment hook '/home/silvia/TFG/TFG/src/ros2_ws/install/robot_interfaces/share/robot_interfaces/hook/pythonpath.sh'
[20.696s] Level 1:colcon.colcon_core.environment:checking '/home/silvia/TFG/TFG/src/ros2_ws/install/robot_interfaces/bin'
[20.696s] INFO:colcon.colcon_core.shell:Creating package script '/home/silvia/TFG/TFG/src/ros2_ws/install/robot_interfaces/share/robot_interfaces/package.ps1'
[20.696s] INFO:colcon.colcon_core.shell:Creating package descriptor '/home/silvia/TFG/TFG/src/ros2_ws/install/robot_interfaces/share/robot_interfaces/package.dsv'
[20.698s] INFO:colcon.colcon_core.shell:Creating package script '/home/silvia/TFG/TFG/src/ros2_ws/install/robot_interfaces/share/robot_interfaces/package.sh'
[20.699s] INFO:colcon.colcon_core.shell:Creating package script '/home/silvia/TFG/TFG/src/ros2_ws/install/robot_interfaces/share/robot_interfaces/package.bash'
[20.700s] INFO:colcon.colcon_core.shell:Creating package script '/home/silvia/TFG/TFG/src/ros2_ws/install/robot_interfaces/share/robot_interfaces/package.zsh'
[20.701s] Level 1:colcon.colcon_core.environment:create_file_with_runtime_dependencies(/home/silvia/TFG/TFG/src/ros2_ws/install/robot_interfaces/share/colcon-core/packages/robot_interfaces)
[20.701s] INFO:colcon.colcon_ros.task.ament_python.build:Building ROS package in '/home/silvia/TFG/TFG/src/ros2_ws/src/robot_inverse_kinematics' with build type 'ament_python'
[20.701s] Level 1:colcon.colcon_core.shell:create_environment_hook('robot_inverse_kinematics', 'ament_prefix_path')
[20.702s] INFO:colcon.colcon_core.shell:Creating environment hook '/home/silvia/TFG/TFG/src/ros2_ws/install/robot_inverse_kinematics/share/robot_inverse_kinematics/hook/ament_prefix_path.ps1'
[20.705s] INFO:colcon.colcon_core.shell:Creating environment descriptor '/home/silvia/TFG/TFG/src/ros2_ws/install/robot_inverse_kinematics/share/robot_inverse_kinematics/hook/ament_prefix_path.dsv'
[20.705s] INFO:colcon.colcon_core.shell:Creating environment hook '/home/silvia/TFG/TFG/src/ros2_ws/install/robot_inverse_kinematics/share/robot_inverse_kinematics/hook/ament_prefix_path.sh'
[20.706s] INFO:colcon.colcon_core.shell:Skip shell extension 'powershell' for command environment: Not usable outside of PowerShell
[20.706s] DEBUG:colcon.colcon_core.shell:Skip shell extension 'dsv' for command environment
[20.710s] INFO:colcon.colcon_ros.task.ament_python.build:Building ROS package in '/home/silvia/TFG/TFG/src/ros2_ws/src/robot_kinematics' with build type 'ament_python'
[20.710s] Level 1:colcon.colcon_core.shell:create_environment_hook('robot_kinematics', 'ament_prefix_path')
[20.710s] INFO:colcon.colcon_core.shell:Creating environment hook '/home/silvia/TFG/TFG/src/ros2_ws/install/robot_kinematics/share/robot_kinematics/hook/ament_prefix_path.ps1'
[20.714s] INFO:colcon.colcon_core.shell:Creating environment descriptor '/home/silvia/TFG/TFG/src/ros2_ws/install/robot_kinematics/share/robot_kinematics/hook/ament_prefix_path.dsv'
[20.715s] INFO:colcon.colcon_core.shell:Creating environment hook '/home/silvia/TFG/TFG/src/ros2_ws/install/robot_kinematics/share/robot_kinematics/hook/ament_prefix_path.sh'
[20.716s] INFO:colcon.colcon_core.shell:Skip shell extension 'powershell' for command environment: Not usable outside of PowerShell
[20.716s] DEBUG:colcon.colcon_core.shell:Skip shell extension 'dsv' for command environment
[20.723s] INFO:colcon.colcon_ros.task.ament_cmake.build:Building ROS package in '/home/silvia/TFG/TFG/src/ros2_ws/src/robot_pkg' with build type 'ament_cmake'
[20.724s] INFO:colcon.colcon_cmake.task.cmake.build:Building CMake package in '/home/silvia/TFG/TFG/src/ros2_ws/src/robot_pkg'
[20.724s] INFO:colcon.colcon_core.shell:Skip shell extension 'powershell' for command environment: Not usable outside of PowerShell
[20.724s] DEBUG:colcon.colcon_core.shell:Skip shell extension 'dsv' for command environment
[20.731s] INFO:colcon.colcon_ros.task.ament_cmake.build:Building ROS package in '/home/silvia/TFG/TFG/src/ros2_ws/src/tic_tac_toe_dlc' with build type 'ament_cmake'
[20.732s] INFO:colcon.colcon_cmake.task.cmake.build:Building CMake package in '/home/silvia/TFG/TFG/src/ros2_ws/src/tic_tac_toe_dlc'
[20.732s] INFO:colcon.colcon_core.shell:Skip shell extension 'powershell' for command environment: Not usable outside of PowerShell
[20.732s] DEBUG:colcon.colcon_core.shell:Skip shell extension 'dsv' for command environment
[21.117s] INFO:colcon.colcon_core.task.python.build:Building Python package in '/home/silvia/TFG/TFG/src/ros2_ws/src/robot_inverse_kinematics'
[21.117s] INFO:colcon.colcon_core.shell:Skip shell extension 'powershell' for command environment: Not usable outside of PowerShell
[21.117s] DEBUG:colcon.colcon_core.shell:Skip shell extension 'dsv' for command environment
[21.423s] INFO:colcon.colcon_core.task.python.build:Building Python package in '/home/silvia/TFG/TFG/src/ros2_ws/src/robot_kinematics'
[21.423s] INFO:colcon.colcon_core.shell:Skip shell extension 'powershell' for command environment: Not usable outside of PowerShell
[21.423s] DEBUG:colcon.colcon_core.shell:Skip shell extension 'dsv' for command environment
[21.434s] DEBUG:colcon.colcon_core.event_handler.log_command:Invoking command in '/home/silvia/TFG/TFG/src/ros2_ws/build/robot_pkg': AMENT_PREFIX_PATH=/home/silvia/TFG/TFG/src/ros2_ws/install/robot_interfaces:${AMENT_PREFIX_PATH} CMAKE_PREFIX_PATH=/home/silvia/TFG/TFG/src/ros2_ws/install/robot_interfaces:/opt/ros/jazzy/opt/sdformat_vendor:/opt/ros/jazzy/opt/gz_math_vendor:/opt/ros/jazzy/opt/gz_utils_vendor:/opt/ros/jazzy/opt/gz_tools_vendor:/opt/ros/jazzy/opt/gz_cmake_vendor:/opt/ros/jazzy LD_LIBRARY_PATH=/home/silvia/TFG/TFG/src/ros2_ws/install/robot_interfaces/lib:${LD_LIBRARY_PATH} PYTHONPATH=/home/silvia/TFG/TFG/src/ros2_ws/install/robot_interfaces/lib/python3.12/site-packages:${PYTHONPATH} /usr/bin/cmake /home/silvia/TFG/TFG/src/ros2_ws/src/robot_pkg -DCMAKE_INSTALL_PREFIX=/home/silvia/TFG/TFG/src/ros2_ws/install/robot_pkg
[21.444s] DEBUG:colcon.colcon_core.event_handler.log_command:Invoking command in '/home/silvia/TFG/TFG/src/ros2_ws/build/tic_tac_toe_dlc': AMENT_PREFIX_PATH=/home/silvia/TFG/TFG/src/ros2_ws/install/robot_interfaces:${AMENT_PREFIX_PATH} CMAKE_PREFIX_PATH=/home/silvia/TFG/TFG/src/ros2_ws/install/robot_interfaces:/opt/ros/jazzy/opt/sdformat_vendor:/opt/ros/jazzy/opt/gz_math_vendor:/opt/ros/jazzy/opt/gz_utils_vendor:/opt/ros/jazzy/opt/gz_tools_vendor:/opt/ros/jazzy/opt/gz_cmake_vendor:/opt/ros/jazzy LD_LIBRARY_PATH=/home/silvia/TFG/TFG/src/ros2_ws/install/robot_interfaces/lib:${LD_LIBRARY_PATH} PYTHONPATH=/home/silvia/TFG/TFG/src/ros2_ws/install/robot_interfaces/lib/python3.12/site-packages:${PYTHONPATH} /usr/bin/cmake /home/silvia/TFG/TFG/src/ros2_ws/src/tic_tac_toe_dlc -DCMAKE_INSTALL_PREFIX=/home/silvia/TFG/TFG/src/ros2_ws/install/tic_tac_toe_dlc
[22.850s] DEBUG:colcon.colcon_core.event_handler.log_command:Invoking command in '/home/silvia/TFG/TFG/src/ros2_ws/src/robot_inverse_kinematics': AMENT_PREFIX_PATH=/home/silvia/TFG/TFG/src/ros2_ws/install/robot_interfaces:${AMENT_PREFIX_PATH} CMAKE_PREFIX_PATH=/home/silvia/TFG/TFG/src/ros2_ws/install/robot_interfaces:${CMAKE_PREFIX_PATH} LD_LIBRARY_PATH=/home/silvia/TFG/TFG/src/ros2_ws/install/robot_interfaces/lib:${LD_LIBRARY_PATH} PYTHONPATH=/home/silvia/TFG/TFG/src/ros2_ws/build/robot_inverse_kinematics/prefix_override:/usr/lib/python3/dist-packages/colcon_core/task/python/colcon_distutils_commands:/home/silvia/TFG/TFG/src/ros2_ws/install/robot_inverse_kinematics/lib/python3.12/site-packages:/home/silvia/TFG/TFG/src/ros2_ws/install/robot_interfaces/lib/python3.12/site-packages:${PYTHONPATH} /usr/bin/python3 -W ignore:setup.py install is deprecated -W ignore:easy_install command is deprecated setup.py egg_info --egg-base ../../build/robot_inverse_kinematics build --build-base /home/silvia/TFG/TFG/src/ros2_ws/build/robot_inverse_kinematics/build install --record /home/silvia/TFG/TFG/src/ros2_ws/build/robot_inverse_kinematics/install.log --single-version-externally-managed install_data
[22.962s] DEBUG:colcon.colcon_core.event_handler.log_command:Invoking command in '/home/silvia/TFG/TFG/src/ros2_ws/src/robot_kinematics': AMENT_PREFIX_PATH=/home/silvia/TFG/TFG/src/ros2_ws/install/robot_interfaces:${AMENT_PREFIX_PATH} CMAKE_PREFIX_PATH=/home/silvia/TFG/TFG/src/ros2_ws/install/robot_interfaces:${CMAKE_PREFIX_PATH} LD_LIBRARY_PATH=/home/silvia/TFG/TFG/src/ros2_ws/install/robot_interfaces/lib:${LD_LIBRARY_PATH} PYTHONPATH=/home/silvia/TFG/TFG/src/ros2_ws/build/robot_kinematics/prefix_override:/usr/lib/python3/dist-packages/colcon_core/task/python/colcon_distutils_commands:/home/silvia/TFG/TFG/src/ros2_ws/install/robot_kinematics/lib/python3.12/site-packages:/home/silvia/TFG/TFG/src/ros2_ws/install/robot_interfaces/lib/python3.12/site-packages:${PYTHONPATH} /usr/bin/python3 -W ignore:setup.py install is deprecated -W ignore:easy_install command is deprecated setup.py egg_info --egg-base ../../build/robot_kinematics build --build-base /home/silvia/TFG/TFG/src/ros2_ws/build/robot_kinematics/build install --record /home/silvia/TFG/TFG/src/ros2_ws/build/robot_kinematics/install.log --single-version-externally-managed install_data
[24.050s] Level 1:colcon.colcon_core.environment:checking '/home/silvia/TFG/TFG/src/ros2_ws/install/robot_inverse_kinematics' for CMake module files
[24.050s] DEBUG:colcon.colcon_core.event_handler.log_command:Invoked command in '/home/silvia/TFG/TFG/src/ros2_ws/src/robot_inverse_kinematics' returned '0': AMENT_PREFIX_PATH=/home/silvia/TFG/TFG/src/ros2_ws/install/robot_interfaces:${AMENT_PREFIX_PATH} CMAKE_PREFIX_PATH=/home/silvia/TFG/TFG/src/ros2_ws/install/robot_interfaces:${CMAKE_PREFIX_PATH} LD_LIBRARY_PATH=/home/silvia/TFG/TFG/src/ros2_ws/install/robot_interfaces/lib:${LD_LIBRARY_PATH} PYTHONPATH=/home/silvia/TFG/TFG/src/ros2_ws/build/robot_inverse_kinematics/prefix_override:/usr/lib/python3/dist-packages/colcon_core/task/python/colcon_distutils_commands:/home/silvia/TFG/TFG/src/ros2_ws/install/robot_inverse_kinematics/lib/python3.12/site-packages:/home/silvia/TFG/TFG/src/ros2_ws/install/robot_interfaces/lib/python3.12/site-packages:${PYTHONPATH} /usr/bin/python3 -W ignore:setup.py install is deprecated -W ignore:easy_install command is deprecated setup.py egg_info --egg-base ../../build/robot_inverse_kinematics build --build-base /home/silvia/TFG/TFG/src/ros2_ws/build/robot_inverse_kinematics/build install --record /home/silvia/TFG/TFG/src/ros2_ws/build/robot_inverse_kinematics/install.log --single-version-externally-managed install_data
[24.051s] Level 1:colcon.colcon_core.environment:checking '/home/silvia/TFG/TFG/src/ros2_ws/install/robot_inverse_kinematics' for CMake config files
[24.052s] Level 1:colcon.colcon_core.environment:checking '/home/silvia/TFG/TFG/src/ros2_ws/install/robot_inverse_kinematics/lib'
[24.052s] Level 1:colcon.colcon_core.environment:checking '/home/silvia/TFG/TFG/src/ros2_ws/install/robot_inverse_kinematics/bin'
[24.052s] Level 1:colcon.colcon_core.environment:checking '/home/silvia/TFG/TFG/src/ros2_ws/install/robot_inverse_kinematics/lib/pkgconfig/robot_inverse_kinematics.pc'
[24.052s] Level 1:colcon.colcon_core.environment:checking '/home/silvia/TFG/TFG/src/ros2_ws/install/robot_inverse_kinematics/lib/python3.12/site-packages'
[24.052s] Level 1:colcon.colcon_core.shell:create_environment_hook('robot_inverse_kinematics', 'pythonpath')
[24.053s] INFO:colcon.colcon_core.shell:Creating environment hook '/home/silvia/TFG/TFG/src/ros2_ws/install/robot_inverse_kinematics/share/robot_inverse_kinematics/hook/pythonpath.ps1'
[24.053s] INFO:colcon.colcon_core.shell:Creating environment descriptor '/home/silvia/TFG/TFG/src/ros2_ws/install/robot_inverse_kinematics/share/robot_inverse_kinematics/hook/pythonpath.dsv'
[24.054s] INFO:colcon.colcon_core.shell:Creating environment hook '/home/silvia/TFG/TFG/src/ros2_ws/install/robot_inverse_kinematics/share/robot_inverse_kinematics/hook/pythonpath.sh'
[24.054s] Level 1:colcon.colcon_core.environment:checking '/home/silvia/TFG/TFG/src/ros2_ws/install/robot_inverse_kinematics/bin'
[24.054s] Level 1:colcon.colcon_core.environment:create_environment_scripts_only(robot_inverse_kinematics)
[24.055s] INFO:colcon.colcon_core.shell:Creating package script '/home/silvia/TFG/TFG/src/ros2_ws/install/robot_inverse_kinematics/share/robot_inverse_kinematics/package.ps1'
[24.055s] INFO:colcon.colcon_core.shell:Creating package descriptor '/home/silvia/TFG/TFG/src/ros2_ws/install/robot_inverse_kinematics/share/robot_inverse_kinematics/package.dsv'
[24.056s] INFO:colcon.colcon_core.shell:Creating package script '/home/silvia/TFG/TFG/src/ros2_ws/install/robot_inverse_kinematics/share/robot_inverse_kinematics/package.sh'
[24.056s] INFO:colcon.colcon_core.shell:Creating package script '/home/silvia/TFG/TFG/src/ros2_ws/install/robot_inverse_kinematics/share/robot_inverse_kinematics/package.bash'
[24.057s] INFO:colcon.colcon_core.shell:Creating package script '/home/silvia/TFG/TFG/src/ros2_ws/install/robot_inverse_kinematics/share/robot_inverse_kinematics/package.zsh'
[24.057s] Level 1:colcon.colcon_core.environment:create_file_with_runtime_dependencies(/home/silvia/TFG/TFG/src/ros2_ws/install/robot_inverse_kinematics/share/colcon-core/packages/robot_inverse_kinematics)
[24.161s] Level 1:colcon.colcon_core.environment:checking '/home/silvia/TFG/TFG/src/ros2_ws/install/robot_kinematics' for CMake module files
[24.162s] DEBUG:colcon.colcon_core.event_handler.log_command:Invoked command in '/home/silvia/TFG/TFG/src/ros2_ws/src/robot_kinematics' returned '0': AMENT_PREFIX_PATH=/home/silvia/TFG/TFG/src/ros2_ws/install/robot_interfaces:${AMENT_PREFIX_PATH} CMAKE_PREFIX_PATH=/home/silvia/TFG/TFG/src/ros2_ws/install/robot_interfaces:${CMAKE_PREFIX_PATH} LD_LIBRARY_PATH=/home/silvia/TFG/TFG/src/ros2_ws/install/robot_interfaces/lib:${LD_LIBRARY_PATH} PYTHONPATH=/home/silvia/TFG/TFG/src/ros2_ws/build/robot_kinematics/prefix_override:/usr/lib/python3/dist-packages/colcon_core/task/python/colcon_distutils_commands:/home/silvia/TFG/TFG/src/ros2_ws/install/robot_kinematics/lib/python3.12/site-packages:/home/silvia/TFG/TFG/src/ros2_ws/install/robot_interfaces/lib/python3.12/site-packages:${PYTHONPATH} /usr/bin/python3 -W ignore:setup.py install is deprecated -W ignore:easy_install command is deprecated setup.py egg_info --egg-base ../../build/robot_kinematics build --build-base /home/silvia/TFG/TFG/src/ros2_ws/build/robot_kinematics/build install --record /home/silvia/TFG/TFG/src/ros2_ws/build/robot_kinematics/install.log --single-version-externally-managed install_data
[24.163s] Level 1:colcon.colcon_core.environment:checking '/home/silvia/TFG/TFG/src/ros2_ws/install/robot_kinematics' for CMake config files
[24.164s] Level 1:colcon.colcon_core.environment:checking '/home/silvia/TFG/TFG/src/ros2_ws/install/robot_kinematics/lib'
[24.165s] Level 1:colcon.colcon_core.environment:checking '/home/silvia/TFG/TFG/src/ros2_ws/install/robot_kinematics/bin'
[24.165s] Level 1:colcon.colcon_core.environment:checking '/home/silvia/TFG/TFG/src/ros2_ws/install/robot_kinematics/lib/pkgconfig/robot_kinematics.pc'
[24.165s] Level 1:colcon.colcon_core.environment:checking '/home/silvia/TFG/TFG/src/ros2_ws/install/robot_kinematics/lib/python3.12/site-packages'
[24.166s] Level 1:colcon.colcon_core.shell:create_environment_hook('robot_kinematics', 'pythonpath')
[24.166s] INFO:colcon.colcon_core.shell:Creating environment hook '/home/silvia/TFG/TFG/src/ros2_ws/install/robot_kinematics/share/robot_kinematics/hook/pythonpath.ps1'
[24.167s] INFO:colcon.colcon_core.shell:Creating environment descriptor '/home/silvia/TFG/TFG/src/ros2_ws/install/robot_kinematics/share/robot_kinematics/hook/pythonpath.dsv'
[24.167s] INFO:colcon.colcon_core.shell:Creating environment hook '/home/silvia/TFG/TFG/src/ros2_ws/install/robot_kinematics/share/robot_kinematics/hook/pythonpath.sh'
[24.169s] Level 1:colcon.colcon_core.environment:checking '/home/silvia/TFG/TFG/src/ros2_ws/install/robot_kinematics/bin'
[24.169s] Level 1:colcon.colcon_core.environment:create_environment_scripts_only(robot_kinematics)
[24.169s] INFO:colcon.colcon_core.shell:Creating package script '/home/silvia/TFG/TFG/src/ros2_ws/install/robot_kinematics/share/robot_kinematics/package.ps1'
[24.170s] INFO:colcon.colcon_core.shell:Creating package descriptor '/home/silvia/TFG/TFG/src/ros2_ws/install/robot_kinematics/share/robot_kinematics/package.dsv'
[24.171s] INFO:colcon.colcon_core.shell:Creating package script '/home/silvia/TFG/TFG/src/ros2_ws/install/robot_kinematics/share/robot_kinematics/package.sh'
[24.172s] INFO:colcon.colcon_core.shell:Creating package script '/home/silvia/TFG/TFG/src/ros2_ws/install/robot_kinematics/share/robot_kinematics/package.bash'
[24.172s] INFO:colcon.colcon_core.shell:Creating package script '/home/silvia/TFG/TFG/src/ros2_ws/install/robot_kinematics/share/robot_kinematics/package.zsh'
[24.173s] Level 1:colcon.colcon_core.environment:create_file_with_runtime_dependencies(/home/silvia/TFG/TFG/src/ros2_ws/install/robot_kinematics/share/colcon-core/packages/robot_kinematics)
[26.305s] DEBUG:colcon.colcon_core.event_handler.log_command:Invoked command in '/home/silvia/TFG/TFG/src/ros2_ws/build/tic_tac_toe_dlc' returned '0': AMENT_PREFIX_PATH=/home/silvia/TFG/TFG/src/ros2_ws/install/robot_interfaces:${AMENT_PREFIX_PATH} CMAKE_PREFIX_PATH=/home/silvia/TFG/TFG/src/ros2_ws/install/robot_interfaces:/opt/ros/jazzy/opt/sdformat_vendor:/opt/ros/jazzy/opt/gz_math_vendor:/opt/ros/jazzy/opt/gz_utils_vendor:/opt/ros/jazzy/opt/gz_tools_vendor:/opt/ros/jazzy/opt/gz_cmake_vendor:/opt/ros/jazzy LD_LIBRARY_PATH=/home/silvia/TFG/TFG/src/ros2_ws/install/robot_interfaces/lib:${LD_LIBRARY_PATH} PYTHONPATH=/home/silvia/TFG/TFG/src/ros2_ws/install/robot_interfaces/lib/python3.12/site-packages:${PYTHONPATH} /usr/bin/cmake /home/silvia/TFG/TFG/src/ros2_ws/src/tic_tac_toe_dlc -DCMAKE_INSTALL_PREFIX=/home/silvia/TFG/TFG/src/ros2_ws/install/tic_tac_toe_dlc
[26.307s] DEBUG:colcon.colcon_core.event_handler.log_command:Invoking command in '/home/silvia/TFG/TFG/src/ros2_ws/build/tic_tac_toe_dlc': AMENT_PREFIX_PATH=/home/silvia/TFG/TFG/src/ros2_ws/install/robot_interfaces:${AMENT_PREFIX_PATH} CMAKE_PREFIX_PATH=/home/silvia/TFG/TFG/src/ros2_ws/install/robot_interfaces:/opt/ros/jazzy/opt/sdformat_vendor:/opt/ros/jazzy/opt/gz_math_vendor:/opt/ros/jazzy/opt/gz_utils_vendor:/opt/ros/jazzy/opt/gz_tools_vendor:/opt/ros/jazzy/opt/gz_cmake_vendor:/opt/ros/jazzy LD_LIBRARY_PATH=/home/silvia/TFG/TFG/src/ros2_ws/install/robot_interfaces/lib:${LD_LIBRARY_PATH} PYTHONPATH=/home/silvia/TFG/TFG/src/ros2_ws/install/robot_interfaces/lib/python3.12/site-packages:${PYTHONPATH} /usr/bin/cmake --build /home/silvia/TFG/TFG/src/ros2_ws/build/tic_tac_toe_dlc -- -j8 -l8
[26.346s] DEBUG:colcon.colcon_core.event_handler.log_command:Invoked command in '/home/silvia/TFG/TFG/src/ros2_ws/build/robot_pkg' returned '0': AMENT_PREFIX_PATH=/home/silvia/TFG/TFG/src/ros2_ws/install/robot_interfaces:${AMENT_PREFIX_PATH} CMAKE_PREFIX_PATH=/home/silvia/TFG/TFG/src/ros2_ws/install/robot_interfaces:/opt/ros/jazzy/opt/sdformat_vendor:/opt/ros/jazzy/opt/gz_math_vendor:/opt/ros/jazzy/opt/gz_utils_vendor:/opt/ros/jazzy/opt/gz_tools_vendor:/opt/ros/jazzy/opt/gz_cmake_vendor:/opt/ros/jazzy LD_LIBRARY_PATH=/home/silvia/TFG/TFG/src/ros2_ws/install/robot_interfaces/lib:${LD_LIBRARY_PATH} PYTHONPATH=/home/silvia/TFG/TFG/src/ros2_ws/install/robot_interfaces/lib/python3.12/site-packages:${PYTHONPATH} /usr/bin/cmake /home/silvia/TFG/TFG/src/ros2_ws/src/robot_pkg -DCMAKE_INSTALL_PREFIX=/home/silvia/TFG/TFG/src/ros2_ws/install/robot_pkg
[26.349s] DEBUG:colcon.colcon_core.event_handler.log_command:Invoking command in '/home/silvia/TFG/TFG/src/ros2_ws/build/robot_pkg': AMENT_PREFIX_PATH=/home/silvia/TFG/TFG/src/ros2_ws/install/robot_interfaces:${AMENT_PREFIX_PATH} CMAKE_PREFIX_PATH=/home/silvia/TFG/TFG/src/ros2_ws/install/robot_interfaces:/opt/ros/jazzy/opt/sdformat_vendor:/opt/ros/jazzy/opt/gz_math_vendor:/opt/ros/jazzy/opt/gz_utils_vendor:/opt/ros/jazzy/opt/gz_tools_vendor:/opt/ros/jazzy/opt/gz_cmake_vendor:/opt/ros/jazzy LD_LIBRARY_PATH=/home/silvia/TFG/TFG/src/ros2_ws/install/robot_interfaces/lib:${LD_LIBRARY_PATH} PYTHONPATH=/home/silvia/TFG/TFG/src/ros2_ws/install/robot_interfaces/lib/python3.12/site-packages:${PYTHONPATH} /usr/bin/cmake --build /home/silvia/TFG/TFG/src/ros2_ws/build/robot_pkg -- -j8 -l8
[42.673s] DEBUG:colcon.colcon_core.event_handler.log_command:Invoked command in '/home/silvia/TFG/TFG/src/ros2_ws/build/robot_pkg' returned '0': AMENT_PREFIX_PATH=/home/silvia/TFG/TFG/src/ros2_ws/install/robot_interfaces:${AMENT_PREFIX_PATH} CMAKE_PREFIX_PATH=/home/silvia/TFG/TFG/src/ros2_ws/install/robot_interfaces:/opt/ros/jazzy/opt/sdformat_vendor:/opt/ros/jazzy/opt/gz_math_vendor:/opt/ros/jazzy/opt/gz_utils_vendor:/opt/ros/jazzy/opt/gz_tools_vendor:/opt/ros/jazzy/opt/gz_cmake_vendor:/opt/ros/jazzy LD_LIBRARY_PATH=/home/silvia/TFG/TFG/src/ros2_ws/install/robot_interfaces/lib:${LD_LIBRARY_PATH} PYTHONPATH=/home/silvia/TFG/TFG/src/ros2_ws/install/robot_interfaces/lib/python3.12/site-packages:${PYTHONPATH} /usr/bin/cmake --build /home/silvia/TFG/TFG/src/ros2_ws/build/robot_pkg -- -j8 -l8
[42.675s] DEBUG:colcon.colcon_core.event_handler.log_command:Invoking command in '/home/silvia/TFG/TFG/src/ros2_ws/build/robot_pkg': AMENT_PREFIX_PATH=/home/silvia/TFG/TFG/src/ros2_ws/install/robot_interfaces:${AMENT_PREFIX_PATH} CMAKE_PREFIX_PATH=/home/silvia/TFG/TFG/src/ros2_ws/install/robot_interfaces:/opt/ros/jazzy/opt/sdformat_vendor:/opt/ros/jazzy/opt/gz_math_vendor:/opt/ros/jazzy/opt/gz_utils_vendor:/opt/ros/jazzy/opt/gz_tools_vendor:/opt/ros/jazzy/opt/gz_cmake_vendor:/opt/ros/jazzy LD_LIBRARY_PATH=/home/silvia/TFG/TFG/src/ros2_ws/install/robot_interfaces/lib:${LD_LIBRARY_PATH} PYTHONPATH=/home/silvia/TFG/TFG/src/ros2_ws/install/robot_interfaces/lib/python3.12/site-packages:${PYTHONPATH} /usr/bin/cmake --install /home/silvia/TFG/TFG/src/ros2_ws/build/robot_pkg
[42.737s] Level 1:colcon.colcon_core.environment:create_environment_scripts_only(robot_pkg)
[42.738s] DEBUG:colcon.colcon_core.event_handler.log_command:Invoked command in '/home/silvia/TFG/TFG/src/ros2_ws/build/robot_pkg' returned '0': AMENT_PREFIX_PATH=/home/silvia/TFG/TFG/src/ros2_ws/install/robot_interfaces:${AMENT_PREFIX_PATH} CMAKE_PREFIX_PATH=/home/silvia/TFG/TFG/src/ros2_ws/install/robot_interfaces:/opt/ros/jazzy/opt/sdformat_vendor:/opt/ros/jazzy/opt/gz_math_vendor:/opt/ros/jazzy/opt/gz_utils_vendor:/opt/ros/jazzy/opt/gz_tools_vendor:/opt/ros/jazzy/opt/gz_cmake_vendor:/opt/ros/jazzy LD_LIBRARY_PATH=/home/silvia/TFG/TFG/src/ros2_ws/install/robot_interfaces/lib:${LD_LIBRARY_PATH} PYTHONPATH=/home/silvia/TFG/TFG/src/ros2_ws/install/robot_interfaces/lib/python3.12/site-packages:${PYTHONPATH} /usr/bin/cmake --install /home/silvia/TFG/TFG/src/ros2_ws/build/robot_pkg
[42.738s] Level 1:colcon.colcon_core.environment:checking '/home/silvia/TFG/TFG/src/ros2_ws/install/robot_pkg' for CMake module files
[42.739s] Level 1:colcon.colcon_core.environment:checking '/home/silvia/TFG/TFG/src/ros2_ws/install/robot_pkg' for CMake config files
[42.740s] Level 1:colcon.colcon_core.shell:create_environment_hook('robot_pkg', 'cmake_prefix_path')
[42.740s] INFO:colcon.colcon_core.shell:Creating environment hook '/home/silvia/TFG/TFG/src/ros2_ws/install/robot_pkg/share/robot_pkg/hook/cmake_prefix_path.ps1'
[42.741s] INFO:colcon.colcon_core.shell:Creating environment descriptor '/home/silvia/TFG/TFG/src/ros2_ws/install/robot_pkg/share/robot_pkg/hook/cmake_prefix_path.dsv'
[42.741s] INFO:colcon.colcon_core.shell:Creating environment hook '/home/silvia/TFG/TFG/src/ros2_ws/install/robot_pkg/share/robot_pkg/hook/cmake_prefix_path.sh'
[42.742s] Level 1:colcon.colcon_core.environment:checking '/home/silvia/TFG/TFG/src/ros2_ws/install/robot_pkg/lib'
[42.742s] Level 1:colcon.colcon_core.environment:checking '/home/silvia/TFG/TFG/src/ros2_ws/install/robot_pkg/bin'
[42.742s] Level 1:colcon.colcon_core.environment:checking '/home/silvia/TFG/TFG/src/ros2_ws/install/robot_pkg/lib/pkgconfig/robot_pkg.pc'
[42.743s] Level 1:colcon.colcon_core.environment:checking '/home/silvia/TFG/TFG/src/ros2_ws/install/robot_pkg/lib/python3.12/site-packages'
[42.743s] Level 1:colcon.colcon_core.environment:checking '/home/silvia/TFG/TFG/src/ros2_ws/install/robot_pkg/bin'
[42.743s] INFO:colcon.colcon_core.shell:Creating package script '/home/silvia/TFG/TFG/src/ros2_ws/install/robot_pkg/share/robot_pkg/package.ps1'
[42.744s] INFO:colcon.colcon_core.shell:Creating package descriptor '/home/silvia/TFG/TFG/src/ros2_ws/install/robot_pkg/share/robot_pkg/package.dsv'
[42.744s] INFO:colcon.colcon_core.shell:Creating package script '/home/silvia/TFG/TFG/src/ros2_ws/install/robot_pkg/share/robot_pkg/package.sh'
[42.745s] INFO:colcon.colcon_core.shell:Creating package script '/home/silvia/TFG/TFG/src/ros2_ws/install/robot_pkg/share/robot_pkg/package.bash'
[42.745s] INFO:colcon.colcon_core.shell:Creating package script '/home/silvia/TFG/TFG/src/ros2_ws/install/robot_pkg/share/robot_pkg/package.zsh'
[42.746s] Level 1:colcon.colcon_core.environment:create_file_with_runtime_dependencies(/home/silvia/TFG/TFG/src/ros2_ws/install/robot_pkg/share/colcon-core/packages/robot_pkg)
[42.747s] Level 1:colcon.colcon_core.environment:create_environment_scripts_only(robot_pkg)
[42.747s] Level 1:colcon.colcon_core.environment:checking '/home/silvia/TFG/TFG/src/ros2_ws/install/robot_pkg' for CMake module files
[42.748s] Level 1:colcon.colcon_core.environment:checking '/home/silvia/TFG/TFG/src/ros2_ws/install/robot_pkg' for CMake config files
[42.748s] Level 1:colcon.colcon_core.shell:create_environment_hook('robot_pkg', 'cmake_prefix_path')
[42.749s] INFO:colcon.colcon_core.shell:Creating environment hook '/home/silvia/TFG/TFG/src/ros2_ws/install/robot_pkg/share/robot_pkg/hook/cmake_prefix_path.ps1'
[42.749s] INFO:colcon.colcon_core.shell:Creating environment descriptor '/home/silvia/TFG/TFG/src/ros2_ws/install/robot_pkg/share/robot_pkg/hook/cmake_prefix_path.dsv'
[42.749s] INFO:colcon.colcon_core.shell:Creating environment hook '/home/silvia/TFG/TFG/src/ros2_ws/install/robot_pkg/share/robot_pkg/hook/cmake_prefix_path.sh'
[42.750s] Level 1:colcon.colcon_core.environment:checking '/home/silvia/TFG/TFG/src/ros2_ws/install/robot_pkg/lib'
[42.750s] Level 1:colcon.colcon_core.environment:checking '/home/silvia/TFG/TFG/src/ros2_ws/install/robot_pkg/bin'
[42.750s] Level 1:colcon.colcon_core.environment:checking '/home/silvia/TFG/TFG/src/ros2_ws/install/robot_pkg/lib/pkgconfig/robot_pkg.pc'
[42.751s] Level 1:colcon.colcon_core.environment:checking '/home/silvia/TFG/TFG/src/ros2_ws/install/robot_pkg/lib/python3.12/site-packages'
[42.751s] Level 1:colcon.colcon_core.environment:checking '/home/silvia/TFG/TFG/src/ros2_ws/install/robot_pkg/bin'
[42.751s] INFO:colcon.colcon_core.shell:Creating package script '/home/silvia/TFG/TFG/src/ros2_ws/install/robot_pkg/share/robot_pkg/package.ps1'
[42.752s] INFO:colcon.colcon_core.shell:Creating package descriptor '/home/silvia/TFG/TFG/src/ros2_ws/install/robot_pkg/share/robot_pkg/package.dsv'
[42.753s] INFO:colcon.colcon_core.shell:Creating package script '/home/silvia/TFG/TFG/src/ros2_ws/install/robot_pkg/share/robot_pkg/package.sh'
[42.753s] INFO:colcon.colcon_core.shell:Creating package script '/home/silvia/TFG/TFG/src/ros2_ws/install/robot_pkg/share/robot_pkg/package.bash'
[42.754s] INFO:colcon.colcon_core.shell:Creating package script '/home/silvia/TFG/TFG/src/ros2_ws/install/robot_pkg/share/robot_pkg/package.zsh'
[42.754s] Level 1:colcon.colcon_core.environment:create_file_with_runtime_dependencies(/home/silvia/TFG/TFG/src/ros2_ws/install/robot_pkg/share/colcon-core/packages/robot_pkg)
[52.371s] DEBUG:colcon.colcon_core.event_handler.log_command:Invoked command in '/home/silvia/TFG/TFG/src/ros2_ws/build/tic_tac_toe_dlc' returned '0': AMENT_PREFIX_PATH=/home/silvia/TFG/TFG/src/ros2_ws/install/robot_interfaces:${AMENT_PREFIX_PATH} CMAKE_PREFIX_PATH=/home/silvia/TFG/TFG/src/ros2_ws/install/robot_interfaces:/opt/ros/jazzy/opt/sdformat_vendor:/opt/ros/jazzy/opt/gz_math_vendor:/opt/ros/jazzy/opt/gz_utils_vendor:/opt/ros/jazzy/opt/gz_tools_vendor:/opt/ros/jazzy/opt/gz_cmake_vendor:/opt/ros/jazzy LD_LIBRARY_PATH=/home/silvia/TFG/TFG/src/ros2_ws/install/robot_interfaces/lib:${LD_LIBRARY_PATH} PYTHONPATH=/home/silvia/TFG/TFG/src/ros2_ws/install/robot_interfaces/lib/python3.12/site-packages:${PYTHONPATH} /usr/bin/cmake --build /home/silvia/TFG/TFG/src/ros2_ws/build/tic_tac_toe_dlc -- -j8 -l8
[52.372s] DEBUG:colcon.colcon_core.event_handler.log_command:Invoking command in '/home/silvia/TFG/TFG/src/ros2_ws/build/tic_tac_toe_dlc': AMENT_PREFIX_PATH=/home/silvia/TFG/TFG/src/ros2_ws/install/robot_interfaces:${AMENT_PREFIX_PATH} CMAKE_PREFIX_PATH=/home/silvia/TFG/TFG/src/ros2_ws/install/robot_interfaces:/opt/ros/jazzy/opt/sdformat_vendor:/opt/ros/jazzy/opt/gz_math_vendor:/opt/ros/jazzy/opt/gz_utils_vendor:/opt/ros/jazzy/opt/gz_tools_vendor:/opt/ros/jazzy/opt/gz_cmake_vendor:/opt/ros/jazzy LD_LIBRARY_PATH=/home/silvia/TFG/TFG/src/ros2_ws/install/robot_interfaces/lib:${LD_LIBRARY_PATH} PYTHONPATH=/home/silvia/TFG/TFG/src/ros2_ws/install/robot_interfaces/lib/python3.12/site-packages:${PYTHONPATH} /usr/bin/cmake --install /home/silvia/TFG/TFG/src/ros2_ws/build/tic_tac_toe_dlc
[52.418s] Level 1:colcon.colcon_core.environment:create_environment_scripts_only(tic_tac_toe_dlc)
[52.418s] Level 1:colcon.colcon_core.environment:checking '/home/silvia/TFG/TFG/src/ros2_ws/install/tic_tac_toe_dlc' for CMake module files
[52.420s] DEBUG:colcon.colcon_core.event_handler.log_command:Invoked command in '/home/silvia/TFG/TFG/src/ros2_ws/build/tic_tac_toe_dlc' returned '0': AMENT_PREFIX_PATH=/home/silvia/TFG/TFG/src/ros2_ws/install/robot_interfaces:${AMENT_PREFIX_PATH} CMAKE_PREFIX_PATH=/home/silvia/TFG/TFG/src/ros2_ws/install/robot_interfaces:/opt/ros/jazzy/opt/sdformat_vendor:/opt/ros/jazzy/opt/gz_math_vendor:/opt/ros/jazzy/opt/gz_utils_vendor:/opt/ros/jazzy/opt/gz_tools_vendor:/opt/ros/jazzy/opt/gz_cmake_vendor:/opt/ros/jazzy LD_LIBRARY_PATH=/home/silvia/TFG/TFG/src/ros2_ws/install/robot_interfaces/lib:${LD_LIBRARY_PATH} PYTHONPATH=/home/silvia/TFG/TFG/src/ros2_ws/install/robot_interfaces/lib/python3.12/site-packages:${PYTHONPATH} /usr/bin/cmake --install /home/silvia/TFG/TFG/src/ros2_ws/build/tic_tac_toe_dlc
[52.420s] Level 1:colcon.colcon_core.environment:checking '/home/silvia/TFG/TFG/src/ros2_ws/install/tic_tac_toe_dlc' for CMake config files
[52.421s] Level 1:colcon.colcon_core.shell:create_environment_hook('tic_tac_toe_dlc', 'cmake_prefix_path')
[52.421s] INFO:colcon.colcon_core.shell:Creating environment hook '/home/silvia/TFG/TFG/src/ros2_ws/install/tic_tac_toe_dlc/share/tic_tac_toe_dlc/hook/cmake_prefix_path.ps1'
[52.422s] INFO:colcon.colcon_core.shell:Creating environment descriptor '/home/silvia/TFG/TFG/src/ros2_ws/install/tic_tac_toe_dlc/share/tic_tac_toe_dlc/hook/cmake_prefix_path.dsv'
[52.422s] INFO:colcon.colcon_core.shell:Creating environment hook '/home/silvia/TFG/TFG/src/ros2_ws/install/tic_tac_toe_dlc/share/tic_tac_toe_dlc/hook/cmake_prefix_path.sh'
[52.423s] Level 1:colcon.colcon_core.environment:checking '/home/silvia/TFG/TFG/src/ros2_ws/install/tic_tac_toe_dlc/lib'
[52.423s] Level 1:colcon.colcon_core.environment:checking '/home/silvia/TFG/TFG/src/ros2_ws/install/tic_tac_toe_dlc/bin'
[52.423s] Level 1:colcon.colcon_core.environment:checking '/home/silvia/TFG/TFG/src/ros2_ws/install/tic_tac_toe_dlc/lib/pkgconfig/tic_tac_toe_dlc.pc'
[52.423s] Level 1:colcon.colcon_core.environment:checking '/home/silvia/TFG/TFG/src/ros2_ws/install/tic_tac_toe_dlc/lib/python3.12/site-packages'
[52.424s] Level 1:colcon.colcon_core.environment:checking '/home/silvia/TFG/TFG/src/ros2_ws/install/tic_tac_toe_dlc/bin'
[52.425s] INFO:colcon.colcon_core.shell:Creating package script '/home/silvia/TFG/TFG/src/ros2_ws/install/tic_tac_toe_dlc/share/tic_tac_toe_dlc/package.ps1'
[52.426s] INFO:colcon.colcon_core.shell:Creating package descriptor '/home/silvia/TFG/TFG/src/ros2_ws/install/tic_tac_toe_dlc/share/tic_tac_toe_dlc/package.dsv'
[52.426s] INFO:colcon.colcon_core.shell:Creating package script '/home/silvia/TFG/TFG/src/ros2_ws/install/tic_tac_toe_dlc/share/tic_tac_toe_dlc/package.sh'
[52.426s] INFO:colcon.colcon_core.shell:Creating package script '/home/silvia/TFG/TFG/src/ros2_ws/install/tic_tac_toe_dlc/share/tic_tac_toe_dlc/package.bash'
[52.427s] INFO:colcon.colcon_core.shell:Creating package script '/home/silvia/TFG/TFG/src/ros2_ws/install/tic_tac_toe_dlc/share/tic_tac_toe_dlc/package.zsh'
[52.427s] Level 1:colcon.colcon_core.environment:create_file_with_runtime_dependencies(/home/silvia/TFG/TFG/src/ros2_ws/install/tic_tac_toe_dlc/share/colcon-core/packages/tic_tac_toe_dlc)
[52.428s] Level 1:colcon.colcon_core.environment:create_environment_scripts_only(tic_tac_toe_dlc)
[52.429s] Level 1:colcon.colcon_core.environment:checking '/home/silvia/TFG/TFG/src/ros2_ws/install/tic_tac_toe_dlc' for CMake module files
[52.429s] Level 1:colcon.colcon_core.environment:checking '/home/silvia/TFG/TFG/src/ros2_ws/install/tic_tac_toe_dlc' for CMake config files
[52.430s] Level 1:colcon.colcon_core.shell:create_environment_hook('tic_tac_toe_dlc', 'cmake_prefix_path')
[52.430s] INFO:colcon.colcon_core.shell:Creating environment hook '/home/silvia/TFG/TFG/src/ros2_ws/install/tic_tac_toe_dlc/share/tic_tac_toe_dlc/hook/cmake_prefix_path.ps1'
[52.430s] INFO:colcon.colcon_core.shell:Creating environment descriptor '/home/silvia/TFG/TFG/src/ros2_ws/install/tic_tac_toe_dlc/share/tic_tac_toe_dlc/hook/cmake_prefix_path.dsv'
[52.431s] INFO:colcon.colcon_core.shell:Creating environment hook '/home/silvia/TFG/TFG/src/ros2_ws/install/tic_tac_toe_dlc/share/tic_tac_toe_dlc/hook/cmake_prefix_path.sh'
[52.431s] Level 1:colcon.colcon_core.environment:checking '/home/silvia/TFG/TFG/src/ros2_ws/install/tic_tac_toe_dlc/lib'
[52.431s] Level 1:colcon.colcon_core.environment:checking '/home/silvia/TFG/TFG/src/ros2_ws/install/tic_tac_toe_dlc/bin'
[52.431s] Level 1:colcon.colcon_core.environment:checking '/home/silvia/TFG/TFG/src/ros2_ws/install/tic_tac_toe_dlc/lib/pkgconfig/tic_tac_toe_dlc.pc'
[52.432s] Level 1:colcon.colcon_core.environment:checking '/home/silvia/TFG/TFG/src/ros2_ws/install/tic_tac_toe_dlc/lib/python3.12/site-packages'
[52.432s] Level 1:colcon.colcon_core.environment:checking '/home/silvia/TFG/TFG/src/ros2_ws/install/tic_tac_toe_dlc/bin'
[52.432s] INFO:colcon.colcon_core.shell:Creating package script '/home/silvia/TFG/TFG/src/ros2_ws/install/tic_tac_toe_dlc/share/tic_tac_toe_dlc/package.ps1'
[52.433s] INFO:colcon.colcon_core.shell:Creating package descriptor '/home/silvia/TFG/TFG/src/ros2_ws/install/tic_tac_toe_dlc/share/tic_tac_toe_dlc/package.dsv'
[52.433s] INFO:colcon.colcon_core.shell:Creating package script '/home/silvia/TFG/TFG/src/ros2_ws/install/tic_tac_toe_dlc/share/tic_tac_toe_dlc/package.sh'
[52.434s] INFO:colcon.colcon_core.shell:Creating package script '/home/silvia/TFG/TFG/src/ros2_ws/install/tic_tac_toe_dlc/share/tic_tac_toe_dlc/package.bash'
[52.434s] INFO:colcon.colcon_core.shell:Creating package script '/home/silvia/TFG/TFG/src/ros2_ws/install/tic_tac_toe_dlc/share/tic_tac_toe_dlc/package.zsh'
[52.435s] Level 1:colcon.colcon_core.environment:create_file_with_runtime_dependencies(/home/silvia/TFG/TFG/src/ros2_ws/install/tic_tac_toe_dlc/share/colcon-core/packages/tic_tac_toe_dlc)
[52.435s] DEBUG:colcon.colcon_parallel_executor.executor.parallel:closing loop
[52.437s] DEBUG:colcon.colcon_parallel_executor.executor.parallel:loop closed
[52.437s] DEBUG:colcon.colcon_parallel_executor.executor.parallel:run_until_complete finished with '0'
[52.437s] DEBUG:colcon.colcon_core.event_reactor:joining thread
[52.493s] INFO:colcon.colcon_core.plugin_system:Skipping extension 'colcon_notification.desktop_notification.notify_send': Could not find 'notify-send'
[52.493s] INFO:colcon.colcon_core.plugin_system:Skipping extension 'colcon_notification.desktop_notification.terminal_notifier': Not used on non-Darwin systems
[52.493s] INFO:colcon.colcon_core.plugin_system:Skipping extension 'colcon_notification.desktop_notification.win32': Not used on non-Windows systems
[52.494s] INFO:colcon.colcon_notification.desktop_notification:Sending desktop notification using 'notify2'
[52.495s] DEBUG:colcon.colcon_notification.desktop_notification.notify2:Failed to initialize notify2: org.freedesktop.DBus.Error.ServiceUnknown: The name org.freedesktop.Notifications was not provided by any .service files
[52.495s] DEBUG:colcon.colcon_core.event_reactor:joined thread
[52.495s] INFO:colcon.colcon_core.shell:Creating prefix script '/home/silvia/TFG/TFG/src/ros2_ws/install/local_setup.ps1'
[52.496s] INFO:colcon.colcon_core.shell:Creating prefix util module '/home/silvia/TFG/TFG/src/ros2_ws/install/_local_setup_util_ps1.py'
[52.497s] INFO:colcon.colcon_core.shell:Creating prefix chain script '/home/silvia/TFG/TFG/src/ros2_ws/install/setup.ps1'
[52.498s] INFO:colcon.colcon_core.shell:Creating prefix script '/home/silvia/TFG/TFG/src/ros2_ws/install/local_setup.sh'
[52.499s] INFO:colcon.colcon_core.shell:Creating prefix util module '/home/silvia/TFG/TFG/src/ros2_ws/install/_local_setup_util_sh.py'
[52.499s] INFO:colcon.colcon_core.shell:Creating prefix chain script '/home/silvia/TFG/TFG/src/ros2_ws/install/setup.sh'
[52.500s] INFO:colcon.colcon_core.shell:Creating prefix script '/home/silvia/TFG/TFG/src/ros2_ws/install/local_setup.bash'
[52.501s] INFO:colcon.colcon_core.shell:Creating prefix chain script '/home/silvia/TFG/TFG/src/ros2_ws/install/setup.bash'
[52.502s] INFO:colcon.colcon_core.shell:Creating prefix script '/home/silvia/TFG/TFG/src/ros2_ws/install/local_setup.zsh'
[52.502s] INFO:colcon.colcon_core.shell:Creating prefix chain script '/home/silvia/TFG/TFG/src/ros2_ws/install/setup.zsh'
