[0.025s] Invoking command in '/home/silvia/TFG/TFG/src/ros2_ws/build/robot_interfaces': CMAKE_PREFIX_PATH=${CMAKE_PREFIX_PATH}:/home/silvia/TFG/TFG/src/ros2_ws/install/robot_kinematics:/home/silvia/TFG/TFG/src/ros2_ws/install/robot_inverse_kinematics:/home/silvia/TFG/TFG/src/ros2_ws/install/robot_digital_twin:/opt/ros/jazzy /usr/bin/cmake --build /home/silvia/TFG/TFG/src/ros2_ws/build/robot_interfaces -- -j8 -l8
[0.109s] [  2%] Built target robot_interfaces__rosidl_generator_type_description
[0.109s] [  2%] Built target robot_interfaces__rs
[0.139s] [  2%] Built target ament_cmake_python_copy_robot_interfaces
[0.149s] [  2%] Built target robot_interfaces__cpp
[0.159s] [ 27%] Built target robot_interfaces__rosidl_generator_c
[0.214s] [ 36%] Built target robot_interfaces__rosidl_typesupport_introspection_c
[0.214s] [ 45%] Built target robot_interfaces__rosidl_typesupport_c
[0.217s] [ 61%] Built target robot_interfaces__rosidl_typesupport_fastrtps_c
[0.218s] [ 64%] Built target robot_interfaces__rosidl_typesupport_introspection_cpp
[0.219s] [ 82%] Built target robot_interfaces__rosidl_typesupport_cpp
[0.220s] [ 84%] Built target robot_interfaces__rosidl_typesupport_fastrtps_cpp
[0.254s] [ 84%] Built target robot_interfaces
[0.288s] [ 85%] Built target robot_interfaces__py
[0.333s] [ 94%] Built target robot_interfaces__rosidl_generator_py
[0.371s] [ 96%] Built target robot_interfaces_s__rosidl_typesupport_fastrtps_c
[0.376s] [ 98%] Built target robot_interfaces_s__rosidl_typesupport_introspection_c
[0.379s] [100%] Built target robot_interfaces_s__rosidl_typesupport_c
[0.507s] running egg_info
[0.536s] writing robot_interfaces.egg-info/PKG-INFO
[0.537s] writing dependency_links to robot_interfaces.egg-info/dependency_links.txt
[0.537s] writing top-level names to robot_interfaces.egg-info/top_level.txt
[0.621s] reading manifest file 'robot_interfaces.egg-info/SOURCES.txt'
[0.622s] writing manifest file 'robot_interfaces.egg-info/SOURCES.txt'
[0.660s] [100%] Built target ament_cmake_python_build_robot_interfaces_egg
[0.681s] Invoked command in '/home/silvia/TFG/TFG/src/ros2_ws/build/robot_interfaces' returned '0': CMAKE_PREFIX_PATH=${CMAKE_PREFIX_PATH}:/home/silvia/TFG/TFG/src/ros2_ws/install/robot_kinematics:/home/silvia/TFG/TFG/src/ros2_ws/install/robot_inverse_kinematics:/home/silvia/TFG/TFG/src/ros2_ws/install/robot_digital_twin:/opt/ros/jazzy /usr/bin/cmake --build /home/silvia/TFG/TFG/src/ros2_ws/build/robot_interfaces -- -j8 -l8
[0.697s] Invoking command in '/home/silvia/TFG/TFG/src/ros2_ws/build/robot_interfaces': CMAKE_PREFIX_PATH=${CMAKE_PREFIX_PATH}:/home/silvia/TFG/TFG/src/ros2_ws/install/robot_kinematics:/home/silvia/TFG/TFG/src/ros2_ws/install/robot_inverse_kinematics:/home/silvia/TFG/TFG/src/ros2_ws/install/robot_digital_twin:/opt/ros/jazzy /usr/bin/cmake --install /home/silvia/TFG/TFG/src/ros2_ws/build/robot_interfaces
[0.710s] -- Install configuration: ""
[0.710s] -- Up-to-date: /home/silvia/TFG/TFG/src/ros2_ws/install/robot_interfaces/share/ament_index/resource_index/rosidl_interfaces/robot_interfaces
[0.711s] -- Up-to-date: /home/silvia/TFG/TFG/src/ros2_ws/install/robot_interfaces/share/robot_interfaces/srv/SolveIK.json
[0.711s] -- Up-to-date: /home/silvia/TFG/TFG/src/ros2_ws/install/robot_interfaces/share/robot_interfaces/srv/AddObstacle.json
[0.711s] -- Up-to-date: /home/silvia/TFG/TFG/src/ros2_ws/install/robot_interfaces/share/robot_interfaces/srv/RemoveObstacle.json
[0.712s] -- Up-to-date: /home/silvia/TFG/TFG/src/ros2_ws/install/robot_interfaces/share/robot_interfaces/srv/SolveDK.json
[0.712s] -- Up-to-date: /home/silvia/TFG/TFG/src/ros2_ws/install/robot_interfaces/share/robot_interfaces/srv/ManageTool.json
[0.712s] -- Up-to-date: /home/silvia/TFG/TFG/src/ros2_ws/install/robot_interfaces/share/robot_interfaces/srv/SpawnObject.json
[0.713s] -- Up-to-date: /home/silvia/TFG/TFG/src/ros2_ws/install/robot_interfaces/share/robot_interfaces/srv/AddCamera.json
[0.713s] -- Up-to-date: /home/silvia/TFG/TFG/src/ros2_ws/install/robot_interfaces/share/robot_interfaces/srv/PutPiece.json
[0.714s] -- Up-to-date: /home/silvia/TFG/TFG/src/ros2_ws/install/robot_interfaces/include/robot_interfaces/robot_interfaces
[0.714s] -- Up-to-date: /home/silvia/TFG/TFG/src/ros2_ws/install/robot_interfaces/include/robot_interfaces/robot_interfaces/srv
[0.714s] -- Up-to-date: /home/silvia/TFG/TFG/src/ros2_ws/install/robot_interfaces/include/robot_interfaces/robot_interfaces/srv/manage_tool.h
[0.715s] -- Up-to-date: /home/silvia/TFG/TFG/src/ros2_ws/install/robot_interfaces/include/robot_interfaces/robot_interfaces/srv/solve_ik.h
[0.715s] -- Up-to-date: /home/silvia/TFG/TFG/src/ros2_ws/install/robot_interfaces/include/robot_interfaces/robot_interfaces/srv/put_piece.h
[0.715s] -- Up-to-date: /home/silvia/TFG/TFG/src/ros2_ws/install/robot_interfaces/include/robot_interfaces/robot_interfaces/srv/remove_obstacle.h
[0.716s] -- Up-to-date: /home/silvia/TFG/TFG/src/ros2_ws/install/robot_interfaces/include/robot_interfaces/robot_interfaces/srv/spawn_object.h
[0.716s] -- Up-to-date: /home/silvia/TFG/TFG/src/ros2_ws/install/robot_interfaces/include/robot_interfaces/robot_interfaces/srv/add_camera.h
[0.717s] -- Up-to-date: /home/silvia/TFG/TFG/src/ros2_ws/install/robot_interfaces/include/robot_interfaces/robot_interfaces/srv/solve_dk.h
[0.717s] -- Up-to-date: /home/silvia/TFG/TFG/src/ros2_ws/install/robot_interfaces/include/robot_interfaces/robot_interfaces/srv/detail
[0.718s] -- Up-to-date: /home/silvia/TFG/TFG/src/ros2_ws/install/robot_interfaces/include/robot_interfaces/robot_interfaces/srv/detail/remove_obstacle__type_support.h
[0.718s] -- Installing: /home/silvia/TFG/TFG/src/ros2_ws/install/robot_interfaces/include/robot_interfaces/robot_interfaces/srv/detail/remove_obstacle__type_support.c
[0.718s] -- Up-to-date: /home/silvia/TFG/TFG/src/ros2_ws/install/robot_interfaces/include/robot_interfaces/robot_interfaces/srv/detail/manage_tool__type_support.h
[0.719s] -- Up-to-date: /home/silvia/TFG/TFG/src/ros2_ws/install/robot_interfaces/include/robot_interfaces/robot_interfaces/srv/detail/add_camera__functions.c
[0.719s] -- Up-to-date: /home/silvia/TFG/TFG/src/ros2_ws/install/robot_interfaces/include/robot_interfaces/robot_interfaces/srv/detail/add_obstacle__functions.c
[0.719s] -- Up-to-date: /home/silvia/TFG/TFG/src/ros2_ws/install/robot_interfaces/include/robot_interfaces/robot_interfaces/srv/detail/put_piece__functions.h
[0.719s] -- Up-to-date: /home/silvia/TFG/TFG/src/ros2_ws/install/robot_interfaces/include/robot_interfaces/robot_interfaces/srv/detail/solve_ik__functions.h
[0.720s] -- Up-to-date: /home/silvia/TFG/TFG/src/ros2_ws/install/robot_interfaces/include/robot_interfaces/robot_interfaces/srv/detail/solve_dk__description.c
[0.720s] -- Up-to-date: /home/silvia/TFG/TFG/src/ros2_ws/install/robot_interfaces/include/robot_interfaces/robot_interfaces/srv/detail/solve_ik__functions.c
[0.720s] -- Up-to-date: /home/silvia/TFG/TFG/src/ros2_ws/install/robot_interfaces/include/robot_interfaces/robot_interfaces/srv/detail/put_piece__functions.c
[0.720s] -- Up-to-date: /home/silvia/TFG/TFG/src/ros2_ws/install/robot_interfaces/include/robot_interfaces/robot_interfaces/srv/detail/add_obstacle__struct.h
[0.720s] -- Up-to-date: /home/silvia/TFG/TFG/src/ros2_ws/install/robot_interfaces/include/robot_interfaces/robot_interfaces/srv/detail/spawn_object__functions.h
[0.721s] -- Up-to-date: /home/silvia/TFG/TFG/src/ros2_ws/install/robot_interfaces/include/robot_interfaces/robot_interfaces/srv/detail/remove_obstacle__functions.h
[0.721s] -- Up-to-date: /home/silvia/TFG/TFG/src/ros2_ws/install/robot_interfaces/include/robot_interfaces/robot_interfaces/srv/detail/manage_tool__struct.h
[0.721s] -- Up-to-date: /home/silvia/TFG/TFG/src/ros2_ws/install/robot_interfaces/include/robot_interfaces/robot_interfaces/srv/detail/remove_obstacle__description.c
[0.722s] -- Up-to-date: /home/silvia/TFG/TFG/src/ros2_ws/install/robot_interfaces/include/robot_interfaces/robot_interfaces/srv/detail/add_obstacle__functions.h
[0.722s] -- Up-to-date: /home/silvia/TFG/TFG/src/ros2_ws/install/robot_interfaces/include/robot_interfaces/robot_interfaces/srv/detail/spawn_object__type_support.h
[0.722s] -- Up-to-date: /home/silvia/TFG/TFG/src/ros2_ws/install/robot_interfaces/include/robot_interfaces/robot_interfaces/srv/detail/put_piece__type_support.h
[0.723s] -- Up-to-date: /home/silvia/TFG/TFG/src/ros2_ws/install/robot_interfaces/include/robot_interfaces/robot_interfaces/srv/detail/remove_obstacle__struct.h
[0.723s] -- Installing: /home/silvia/TFG/TFG/src/ros2_ws/install/robot_interfaces/include/robot_interfaces/robot_interfaces/srv/detail/put_piece__type_support.c
[0.723s] -- Up-to-date: /home/silvia/TFG/TFG/src/ros2_ws/install/robot_interfaces/include/robot_interfaces/robot_interfaces/srv/detail/spawn_object__struct.h
[0.723s] -- Up-to-date: /home/silvia/TFG/TFG/src/ros2_ws/install/robot_interfaces/include/robot_interfaces/robot_interfaces/srv/detail/add_camera__description.c
[0.724s] -- Installing: /home/silvia/TFG/TFG/src/ros2_ws/install/robot_interfaces/include/robot_interfaces/robot_interfaces/srv/detail/add_camera__type_support.c
[0.724s] -- Up-to-date: /home/silvia/TFG/TFG/src/ros2_ws/install/robot_interfaces/include/robot_interfaces/robot_interfaces/srv/detail/spawn_object__functions.c
[0.724s] -- Up-to-date: /home/silvia/TFG/TFG/src/ros2_ws/install/robot_interfaces/include/robot_interfaces/robot_interfaces/srv/detail/add_camera__type_support.h
[0.724s] -- Up-to-date: /home/silvia/TFG/TFG/src/ros2_ws/install/robot_interfaces/include/robot_interfaces/robot_interfaces/srv/detail/put_piece__struct.h
[0.724s] -- Up-to-date: /home/silvia/TFG/TFG/src/ros2_ws/install/robot_interfaces/include/robot_interfaces/robot_interfaces/srv/detail/put_piece__description.c
[0.725s] -- Up-to-date: /home/silvia/TFG/TFG/src/ros2_ws/install/robot_interfaces/include/robot_interfaces/robot_interfaces/srv/detail/add_obstacle__description.c
[0.725s] -- Up-to-date: /home/silvia/TFG/TFG/src/ros2_ws/install/robot_interfaces/include/robot_interfaces/robot_interfaces/srv/detail/remove_obstacle__functions.c
[0.725s] -- Installing: /home/silvia/TFG/TFG/src/ros2_ws/install/robot_interfaces/include/robot_interfaces/robot_interfaces/srv/detail/add_obstacle__type_support.c
[0.725s] -- Installing: /home/silvia/TFG/TFG/src/ros2_ws/install/robot_interfaces/include/robot_interfaces/robot_interfaces/srv/detail/solve_ik__type_support.c
[0.726s] -- Up-to-date: /home/silvia/TFG/TFG/src/ros2_ws/install/robot_interfaces/include/robot_interfaces/robot_interfaces/srv/detail/manage_tool__functions.c
[0.727s] -- Up-to-date: /home/silvia/TFG/TFG/src/ros2_ws/install/robot_interfaces/include/robot_interfaces/robot_interfaces/srv/detail/spawn_object__description.c
[0.727s] -- Up-to-date: /home/silvia/TFG/TFG/src/ros2_ws/install/robot_interfaces/include/robot_interfaces/robot_interfaces/srv/detail/add_camera__functions.h
[0.727s] -- Up-to-date: /home/silvia/TFG/TFG/src/ros2_ws/install/robot_interfaces/include/robot_interfaces/robot_interfaces/srv/detail/solve_ik__type_support.h
[0.727s] -- Up-to-date: /home/silvia/TFG/TFG/src/ros2_ws/install/robot_interfaces/include/robot_interfaces/robot_interfaces/srv/detail/solve_ik__description.c
[0.728s] -- Up-to-date: /home/silvia/TFG/TFG/src/ros2_ws/install/robot_interfaces/include/robot_interfaces/robot_interfaces/srv/detail/solve_dk__struct.h
[0.728s] -- Up-to-date: /home/silvia/TFG/TFG/src/ros2_ws/install/robot_interfaces/include/robot_interfaces/robot_interfaces/srv/detail/manage_tool__description.c
[0.728s] -- Installing: /home/silvia/TFG/TFG/src/ros2_ws/install/robot_interfaces/include/robot_interfaces/robot_interfaces/srv/detail/spawn_object__type_support.c
[0.728s] -- Up-to-date: /home/silvia/TFG/TFG/src/ros2_ws/install/robot_interfaces/include/robot_interfaces/robot_interfaces/srv/detail/add_obstacle__type_support.h
[0.729s] -- Up-to-date: /home/silvia/TFG/TFG/src/ros2_ws/install/robot_interfaces/include/robot_interfaces/robot_interfaces/srv/detail/manage_tool__functions.h
[0.729s] -- Up-to-date: /home/silvia/TFG/TFG/src/ros2_ws/install/robot_interfaces/include/robot_interfaces/robot_interfaces/srv/detail/solve_ik__struct.h
[0.729s] -- Up-to-date: /home/silvia/TFG/TFG/src/ros2_ws/install/robot_interfaces/include/robot_interfaces/robot_interfaces/srv/detail/solve_dk__functions.h
[0.730s] -- Up-to-date: /home/silvia/TFG/TFG/src/ros2_ws/install/robot_interfaces/include/robot_interfaces/robot_interfaces/srv/detail/solve_dk__functions.c
[0.730s] -- Up-to-date: /home/silvia/TFG/TFG/src/ros2_ws/install/robot_interfaces/include/robot_interfaces/robot_interfaces/srv/detail/solve_dk__type_support.h
[0.730s] -- Installing: /home/silvia/TFG/TFG/src/ros2_ws/install/robot_interfaces/include/robot_interfaces/robot_interfaces/srv/detail/manage_tool__type_support.c
[0.730s] -- Up-to-date: /home/silvia/TFG/TFG/src/ros2_ws/install/robot_interfaces/include/robot_interfaces/robot_interfaces/srv/detail/add_camera__struct.h
[0.731s] -- Installing: /home/silvia/TFG/TFG/src/ros2_ws/install/robot_interfaces/include/robot_interfaces/robot_interfaces/srv/detail/solve_dk__type_support.c
[0.731s] -- Up-to-date: /home/silvia/TFG/TFG/src/ros2_ws/install/robot_interfaces/include/robot_interfaces/robot_interfaces/srv/add_obstacle.h
[0.731s] -- Up-to-date: /home/silvia/TFG/TFG/src/ros2_ws/install/robot_interfaces/include/robot_interfaces/robot_interfaces/msg
[0.732s] -- Up-to-date: /home/silvia/TFG/TFG/src/ros2_ws/install/robot_interfaces/include/robot_interfaces/robot_interfaces/msg/rosidl_generator_c__visibility_control.h
[0.732s] -- Up-to-date: /home/silvia/TFG/TFG/src/ros2_ws/install/robot_interfaces/share/robot_interfaces/environment/library_path.sh
[0.733s] -- Up-to-date: /home/silvia/TFG/TFG/src/ros2_ws/install/robot_interfaces/share/robot_interfaces/environment/library_path.dsv
[0.733s] -- Up-to-date: /home/silvia/TFG/TFG/src/ros2_ws/install/robot_interfaces/lib/librobot_interfaces__rosidl_generator_c.so
[0.734s] -- Up-to-date: /home/silvia/TFG/TFG/src/ros2_ws/install/robot_interfaces/include/robot_interfaces/robot_interfaces
[0.734s] -- Up-to-date: /home/silvia/TFG/TFG/src/ros2_ws/install/robot_interfaces/include/robot_interfaces/robot_interfaces/srv
[0.734s] -- Up-to-date: /home/silvia/TFG/TFG/src/ros2_ws/install/robot_interfaces/include/robot_interfaces/robot_interfaces/srv/detail
[0.735s] -- Up-to-date: /home/silvia/TFG/TFG/src/ros2_ws/install/robot_interfaces/include/robot_interfaces/robot_interfaces/srv/detail/solve_ik__rosidl_typesupport_fastrtps_c.h
[0.735s] -- Up-to-date: /home/silvia/TFG/TFG/src/ros2_ws/install/robot_interfaces/include/robot_interfaces/robot_interfaces/srv/detail/solve_dk__rosidl_typesupport_fastrtps_c.h
[0.736s] -- Up-to-date: /home/silvia/TFG/TFG/src/ros2_ws/install/robot_interfaces/include/robot_interfaces/robot_interfaces/srv/detail/remove_obstacle__rosidl_typesupport_fastrtps_c.h
[0.736s] -- Up-to-date: /home/silvia/TFG/TFG/src/ros2_ws/install/robot_interfaces/include/robot_interfaces/robot_interfaces/srv/detail/add_camera__rosidl_typesupport_fastrtps_c.h
[0.736s] -- Up-to-date: /home/silvia/TFG/TFG/src/ros2_ws/install/robot_interfaces/include/robot_interfaces/robot_interfaces/srv/detail/spawn_object__rosidl_typesupport_fastrtps_c.h
[0.737s] -- Up-to-date: /home/silvia/TFG/TFG/src/ros2_ws/install/robot_interfaces/include/robot_interfaces/robot_interfaces/srv/detail/add_obstacle__rosidl_typesupport_fastrtps_c.h
[0.738s] -- Up-to-date: /home/silvia/TFG/TFG/src/ros2_ws/install/robot_interfaces/include/robot_interfaces/robot_interfaces/srv/detail/put_piece__rosidl_typesupport_fastrtps_c.h
[0.738s] -- Up-to-date: /home/silvia/TFG/TFG/src/ros2_ws/install/robot_interfaces/include/robot_interfaces/robot_interfaces/srv/detail/manage_tool__rosidl_typesupport_fastrtps_c.h
[0.738s] -- Up-to-date: /home/silvia/TFG/TFG/src/ros2_ws/install/robot_interfaces/include/robot_interfaces/robot_interfaces/msg
[0.739s] -- Up-to-date: /home/silvia/TFG/TFG/src/ros2_ws/install/robot_interfaces/include/robot_interfaces/robot_interfaces/msg/rosidl_typesupport_fastrtps_c__visibility_control.h
[0.739s] -- Up-to-date: /home/silvia/TFG/TFG/src/ros2_ws/install/robot_interfaces/lib/librobot_interfaces__rosidl_typesupport_fastrtps_c.so
[0.739s] -- Up-to-date: /home/silvia/TFG/TFG/src/ros2_ws/install/robot_interfaces/include/robot_interfaces/robot_interfaces
[0.739s] -- Up-to-date: /home/silvia/TFG/TFG/src/ros2_ws/install/robot_interfaces/include/robot_interfaces/robot_interfaces/srv
[0.739s] -- Up-to-date: /home/silvia/TFG/TFG/src/ros2_ws/install/robot_interfaces/include/robot_interfaces/robot_interfaces/srv/remove_obstacle.hpp
[0.739s] -- Up-to-date: /home/silvia/TFG/TFG/src/ros2_ws/install/robot_interfaces/include/robot_interfaces/robot_interfaces/srv/add_obstacle.hpp
[0.740s] -- Up-to-date: /home/silvia/TFG/TFG/src/ros2_ws/install/robot_interfaces/include/robot_interfaces/robot_interfaces/srv/solve_dk.hpp
[0.740s] -- Up-to-date: /home/silvia/TFG/TFG/src/ros2_ws/install/robot_interfaces/include/robot_interfaces/robot_interfaces/srv/solve_ik.hpp
[0.740s] -- Up-to-date: /home/silvia/TFG/TFG/src/ros2_ws/install/robot_interfaces/include/robot_interfaces/robot_interfaces/srv/add_camera.hpp
[0.740s] -- Up-to-date: /home/silvia/TFG/TFG/src/ros2_ws/install/robot_interfaces/include/robot_interfaces/robot_interfaces/srv/manage_tool.hpp
[0.741s] -- Up-to-date: /home/silvia/TFG/TFG/src/ros2_ws/install/robot_interfaces/include/robot_interfaces/robot_interfaces/srv/put_piece.hpp
[0.741s] -- Up-to-date: /home/silvia/TFG/TFG/src/ros2_ws/install/robot_interfaces/include/robot_interfaces/robot_interfaces/srv/spawn_object.hpp
[0.741s] -- Up-to-date: /home/silvia/TFG/TFG/src/ros2_ws/install/robot_interfaces/include/robot_interfaces/robot_interfaces/srv/detail
[0.742s] -- Up-to-date: /home/silvia/TFG/TFG/src/ros2_ws/install/robot_interfaces/include/robot_interfaces/robot_interfaces/srv/detail/remove_obstacle__type_support.hpp
[0.742s] -- Up-to-date: /home/silvia/TFG/TFG/src/ros2_ws/install/robot_interfaces/include/robot_interfaces/robot_interfaces/srv/detail/add_obstacle__traits.hpp
[0.742s] -- Up-to-date: /home/silvia/TFG/TFG/src/ros2_ws/install/robot_interfaces/include/robot_interfaces/robot_interfaces/srv/detail/solve_ik__traits.hpp
[0.743s] -- Up-to-date: /home/silvia/TFG/TFG/src/ros2_ws/install/robot_interfaces/include/robot_interfaces/robot_interfaces/srv/detail/manage_tool__traits.hpp
[0.743s] -- Up-to-date: /home/silvia/TFG/TFG/src/ros2_ws/install/robot_interfaces/include/robot_interfaces/robot_interfaces/srv/detail/spawn_object__traits.hpp
[0.743s] -- Up-to-date: /home/silvia/TFG/TFG/src/ros2_ws/install/robot_interfaces/include/robot_interfaces/robot_interfaces/srv/detail/solve_ik__builder.hpp
[0.744s] -- Up-to-date: /home/silvia/TFG/TFG/src/ros2_ws/install/robot_interfaces/include/robot_interfaces/robot_interfaces/srv/detail/remove_obstacle__struct.hpp
[0.744s] -- Up-to-date: /home/silvia/TFG/TFG/src/ros2_ws/install/robot_interfaces/include/robot_interfaces/robot_interfaces/srv/detail/manage_tool__type_support.hpp
[0.744s] -- Up-to-date: /home/silvia/TFG/TFG/src/ros2_ws/install/robot_interfaces/include/robot_interfaces/robot_interfaces/srv/detail/solve_dk__struct.hpp
[0.744s] -- Up-to-date: /home/silvia/TFG/TFG/src/ros2_ws/install/robot_interfaces/include/robot_interfaces/robot_interfaces/srv/detail/put_piece__builder.hpp
[0.744s] -- Up-to-date: /home/silvia/TFG/TFG/src/ros2_ws/install/robot_interfaces/include/robot_interfaces/robot_interfaces/srv/detail/manage_tool__builder.hpp
[0.744s] -- Up-to-date: /home/silvia/TFG/TFG/src/ros2_ws/install/robot_interfaces/include/robot_interfaces/robot_interfaces/srv/detail/spawn_object__builder.hpp
[0.744s] -- Up-to-date: /home/silvia/TFG/TFG/src/ros2_ws/install/robot_interfaces/include/robot_interfaces/robot_interfaces/srv/detail/add_obstacle__struct.hpp
[0.744s] -- Up-to-date: /home/silvia/TFG/TFG/src/ros2_ws/install/robot_interfaces/include/robot_interfaces/robot_interfaces/srv/detail/manage_tool__struct.hpp
[0.745s] -- Up-to-date: /home/silvia/TFG/TFG/src/ros2_ws/install/robot_interfaces/include/robot_interfaces/robot_interfaces/srv/detail/put_piece__struct.hpp
[0.745s] -- Up-to-date: /home/silvia/TFG/TFG/src/ros2_ws/install/robot_interfaces/include/robot_interfaces/robot_interfaces/srv/detail/solve_ik__struct.hpp
[0.745s] -- Up-to-date: /home/silvia/TFG/TFG/src/ros2_ws/install/robot_interfaces/include/robot_interfaces/robot_interfaces/srv/detail/put_piece__type_support.hpp
[0.745s] -- Up-to-date: /home/silvia/TFG/TFG/src/ros2_ws/install/robot_interfaces/include/robot_interfaces/robot_interfaces/srv/detail/add_camera__struct.hpp
[0.745s] -- Up-to-date: /home/silvia/TFG/TFG/src/ros2_ws/install/robot_interfaces/include/robot_interfaces/robot_interfaces/srv/detail/add_camera__type_support.hpp
[0.745s] -- Up-to-date: /home/silvia/TFG/TFG/src/ros2_ws/install/robot_interfaces/include/robot_interfaces/robot_interfaces/srv/detail/remove_obstacle__builder.hpp
[0.745s] -- Up-to-date: /home/silvia/TFG/TFG/src/ros2_ws/install/robot_interfaces/include/robot_interfaces/robot_interfaces/srv/detail/solve_dk__builder.hpp
[0.745s] -- Up-to-date: /home/silvia/TFG/TFG/src/ros2_ws/install/robot_interfaces/include/robot_interfaces/robot_interfaces/srv/detail/spawn_object__type_support.hpp
[0.745s] -- Up-to-date: /home/silvia/TFG/TFG/src/ros2_ws/install/robot_interfaces/include/robot_interfaces/robot_interfaces/srv/detail/solve_dk__type_support.hpp
[0.745s] -- Up-to-date: /home/silvia/TFG/TFG/src/ros2_ws/install/robot_interfaces/include/robot_interfaces/robot_interfaces/srv/detail/add_camera__traits.hpp
[0.745s] -- Up-to-date: /home/silvia/TFG/TFG/src/ros2_ws/install/robot_interfaces/include/robot_interfaces/robot_interfaces/srv/detail/spawn_object__struct.hpp
[0.745s] -- Up-to-date: /home/silvia/TFG/TFG/src/ros2_ws/install/robot_interfaces/include/robot_interfaces/robot_interfaces/srv/detail/solve_dk__traits.hpp
[0.746s] -- Up-to-date: /home/silvia/TFG/TFG/src/ros2_ws/install/robot_interfaces/include/robot_interfaces/robot_interfaces/srv/detail/solve_ik__type_support.hpp
[0.746s] -- Up-to-date: /home/silvia/TFG/TFG/src/ros2_ws/install/robot_interfaces/include/robot_interfaces/robot_interfaces/srv/detail/add_obstacle__builder.hpp
[0.746s] -- Up-to-date: /home/silvia/TFG/TFG/src/ros2_ws/install/robot_interfaces/include/robot_interfaces/robot_interfaces/srv/detail/add_obstacle__type_support.hpp
[0.746s] -- Up-to-date: /home/silvia/TFG/TFG/src/ros2_ws/install/robot_interfaces/include/robot_interfaces/robot_interfaces/srv/detail/add_camera__builder.hpp
[0.746s] -- Up-to-date: /home/silvia/TFG/TFG/src/ros2_ws/install/robot_interfaces/include/robot_interfaces/robot_interfaces/srv/detail/remove_obstacle__traits.hpp
[0.746s] -- Up-to-date: /home/silvia/TFG/TFG/src/ros2_ws/install/robot_interfaces/include/robot_interfaces/robot_interfaces/srv/detail/put_piece__traits.hpp
[0.746s] -- Up-to-date: /home/silvia/TFG/TFG/src/ros2_ws/install/robot_interfaces/include/robot_interfaces/robot_interfaces/msg
[0.746s] -- Up-to-date: /home/silvia/TFG/TFG/src/ros2_ws/install/robot_interfaces/include/robot_interfaces/robot_interfaces/msg/rosidl_generator_cpp__visibility_control.hpp
[0.746s] -- Up-to-date: /home/silvia/TFG/TFG/src/ros2_ws/install/robot_interfaces/include/robot_interfaces/robot_interfaces
[0.746s] -- Up-to-date: /home/silvia/TFG/TFG/src/ros2_ws/install/robot_interfaces/include/robot_interfaces/robot_interfaces/srv
[0.747s] -- Up-to-date: /home/silvia/TFG/TFG/src/ros2_ws/install/robot_interfaces/include/robot_interfaces/robot_interfaces/srv/detail
[0.747s] -- Up-to-date: /home/silvia/TFG/TFG/src/ros2_ws/install/robot_interfaces/include/robot_interfaces/robot_interfaces/srv/detail/add_camera__rosidl_typesupport_fastrtps_cpp.hpp
[0.747s] -- Up-to-date: /home/silvia/TFG/TFG/src/ros2_ws/install/robot_interfaces/include/robot_interfaces/robot_interfaces/srv/detail/put_piece__rosidl_typesupport_fastrtps_cpp.hpp
[0.747s] -- Up-to-date: /home/silvia/TFG/TFG/src/ros2_ws/install/robot_interfaces/include/robot_interfaces/robot_interfaces/srv/detail/manage_tool__rosidl_typesupport_fastrtps_cpp.hpp
[0.747s] -- Up-to-date: /home/silvia/TFG/TFG/src/ros2_ws/install/robot_interfaces/include/robot_interfaces/robot_interfaces/srv/detail/dds_fastrtps
[0.747s] -- Up-to-date: /home/silvia/TFG/TFG/src/ros2_ws/install/robot_interfaces/include/robot_interfaces/robot_interfaces/srv/detail/add_obstacle__rosidl_typesupport_fastrtps_cpp.hpp
[0.747s] -- Up-to-date: /home/silvia/TFG/TFG/src/ros2_ws/install/robot_interfaces/include/robot_interfaces/robot_interfaces/srv/detail/solve_dk__rosidl_typesupport_fastrtps_cpp.hpp
[0.747s] -- Up-to-date: /home/silvia/TFG/TFG/src/ros2_ws/install/robot_interfaces/include/robot_interfaces/robot_interfaces/srv/detail/remove_obstacle__rosidl_typesupport_fastrtps_cpp.hpp
[0.747s] -- Up-to-date: /home/silvia/TFG/TFG/src/ros2_ws/install/robot_interfaces/include/robot_interfaces/robot_interfaces/srv/detail/solve_ik__rosidl_typesupport_fastrtps_cpp.hpp
[0.747s] -- Up-to-date: /home/silvia/TFG/TFG/src/ros2_ws/install/robot_interfaces/include/robot_interfaces/robot_interfaces/srv/detail/spawn_object__rosidl_typesupport_fastrtps_cpp.hpp
[0.747s] -- Up-to-date: /home/silvia/TFG/TFG/src/ros2_ws/install/robot_interfaces/include/robot_interfaces/robot_interfaces/msg
[0.747s] -- Up-to-date: /home/silvia/TFG/TFG/src/ros2_ws/install/robot_interfaces/include/robot_interfaces/robot_interfaces/msg/rosidl_typesupport_fastrtps_cpp__visibility_control.h
[0.747s] -- Up-to-date: /home/silvia/TFG/TFG/src/ros2_ws/install/robot_interfaces/lib/librobot_interfaces__rosidl_typesupport_fastrtps_cpp.so
[0.748s] -- Up-to-date: /home/silvia/TFG/TFG/src/ros2_ws/install/robot_interfaces/include/robot_interfaces/robot_interfaces
[0.748s] -- Up-to-date: /home/silvia/TFG/TFG/src/ros2_ws/install/robot_interfaces/include/robot_interfaces/robot_interfaces/srv
[0.748s] -- Up-to-date: /home/silvia/TFG/TFG/src/ros2_ws/install/robot_interfaces/include/robot_interfaces/robot_interfaces/srv/detail
[0.748s] -- Up-to-date: /home/silvia/TFG/TFG/src/ros2_ws/install/robot_interfaces/include/robot_interfaces/robot_interfaces/srv/detail/put_piece__rosidl_typesupport_introspection_c.h
[0.748s] -- Up-to-date: /home/silvia/TFG/TFG/src/ros2_ws/install/robot_interfaces/include/robot_interfaces/robot_interfaces/srv/detail/add_obstacle__rosidl_typesupport_introspection_c.h
[0.748s] -- Installing: /home/silvia/TFG/TFG/src/ros2_ws/install/robot_interfaces/include/robot_interfaces/robot_interfaces/srv/detail/remove_obstacle__type_support.c
[0.748s] -- Up-to-date: /home/silvia/TFG/TFG/src/ros2_ws/install/robot_interfaces/include/robot_interfaces/robot_interfaces/srv/detail/manage_tool__rosidl_typesupport_introspection_c.h
[0.748s] -- Up-to-date: /home/silvia/TFG/TFG/src/ros2_ws/install/robot_interfaces/include/robot_interfaces/robot_interfaces/srv/detail/spawn_object__rosidl_typesupport_introspection_c.h
[0.748s] -- Installing: /home/silvia/TFG/TFG/src/ros2_ws/install/robot_interfaces/include/robot_interfaces/robot_interfaces/srv/detail/put_piece__type_support.c
[0.748s] -- Installing: /home/silvia/TFG/TFG/src/ros2_ws/install/robot_interfaces/include/robot_interfaces/robot_interfaces/srv/detail/add_camera__type_support.c
[0.748s] -- Installing: /home/silvia/TFG/TFG/src/ros2_ws/install/robot_interfaces/include/robot_interfaces/robot_interfaces/srv/detail/add_obstacle__type_support.c
[0.748s] -- Installing: /home/silvia/TFG/TFG/src/ros2_ws/install/robot_interfaces/include/robot_interfaces/robot_interfaces/srv/detail/solve_ik__type_support.c
[0.748s] -- Installing: /home/silvia/TFG/TFG/src/ros2_ws/install/robot_interfaces/include/robot_interfaces/robot_interfaces/srv/detail/spawn_object__type_support.c
[0.749s] -- Up-to-date: /home/silvia/TFG/TFG/src/ros2_ws/install/robot_interfaces/include/robot_interfaces/robot_interfaces/srv/detail/add_camera__rosidl_typesupport_introspection_c.h
[0.749s] -- Up-to-date: /home/silvia/TFG/TFG/src/ros2_ws/install/robot_interfaces/include/robot_interfaces/robot_interfaces/srv/detail/solve_dk__rosidl_typesupport_introspection_c.h
[0.749s] -- Up-to-date: /home/silvia/TFG/TFG/src/ros2_ws/install/robot_interfaces/include/robot_interfaces/robot_interfaces/srv/detail/solve_ik__rosidl_typesupport_introspection_c.h
[0.749s] -- Installing: /home/silvia/TFG/TFG/src/ros2_ws/install/robot_interfaces/include/robot_interfaces/robot_interfaces/srv/detail/manage_tool__type_support.c
[0.749s] -- Installing: /home/silvia/TFG/TFG/src/ros2_ws/install/robot_interfaces/include/robot_interfaces/robot_interfaces/srv/detail/solve_dk__type_support.c
[0.749s] -- Up-to-date: /home/silvia/TFG/TFG/src/ros2_ws/install/robot_interfaces/include/robot_interfaces/robot_interfaces/srv/detail/remove_obstacle__rosidl_typesupport_introspection_c.h
[0.749s] -- Up-to-date: /home/silvia/TFG/TFG/src/ros2_ws/install/robot_interfaces/include/robot_interfaces/robot_interfaces/msg
[0.749s] -- Up-to-date: /home/silvia/TFG/TFG/src/ros2_ws/install/robot_interfaces/include/robot_interfaces/robot_interfaces/msg/rosidl_typesupport_introspection_c__visibility_control.h
[0.749s] -- Up-to-date: /home/silvia/TFG/TFG/src/ros2_ws/install/robot_interfaces/lib/librobot_interfaces__rosidl_typesupport_introspection_c.so
[0.749s] -- Up-to-date: /home/silvia/TFG/TFG/src/ros2_ws/install/robot_interfaces/lib/librobot_interfaces__rosidl_typesupport_c.so
[0.749s] -- Up-to-date: /home/silvia/TFG/TFG/src/ros2_ws/install/robot_interfaces/include/robot_interfaces/robot_interfaces
[0.749s] -- Up-to-date: /home/silvia/TFG/TFG/src/ros2_ws/install/robot_interfaces/include/robot_interfaces/robot_interfaces/srv
[0.749s] -- Up-to-date: /home/silvia/TFG/TFG/src/ros2_ws/install/robot_interfaces/include/robot_interfaces/robot_interfaces/srv/detail
[0.750s] -- Up-to-date: /home/silvia/TFG/TFG/src/ros2_ws/install/robot_interfaces/include/robot_interfaces/robot_interfaces/srv/detail/add_obstacle__rosidl_typesupport_introspection_cpp.hpp
[0.750s] -- Up-to-date: /home/silvia/TFG/TFG/src/ros2_ws/install/robot_interfaces/include/robot_interfaces/robot_interfaces/srv/detail/spawn_object__rosidl_typesupport_introspection_cpp.hpp
[0.750s] -- Up-to-date: /home/silvia/TFG/TFG/src/ros2_ws/install/robot_interfaces/include/robot_interfaces/robot_interfaces/srv/detail/solve_ik__type_support.cpp
[0.750s] -- Up-to-date: /home/silvia/TFG/TFG/src/ros2_ws/install/robot_interfaces/include/robot_interfaces/robot_interfaces/srv/detail/manage_tool__type_support.cpp
[0.750s] -- Up-to-date: /home/silvia/TFG/TFG/src/ros2_ws/install/robot_interfaces/include/robot_interfaces/robot_interfaces/srv/detail/add_camera__rosidl_typesupport_introspection_cpp.hpp
[0.750s] -- Up-to-date: /home/silvia/TFG/TFG/src/ros2_ws/install/robot_interfaces/include/robot_interfaces/robot_interfaces/srv/detail/solve_dk__type_support.cpp
[0.750s] -- Up-to-date: /home/silvia/TFG/TFG/src/ros2_ws/install/robot_interfaces/include/robot_interfaces/robot_interfaces/srv/detail/put_piece__type_support.cpp
[0.750s] -- Up-to-date: /home/silvia/TFG/TFG/src/ros2_ws/install/robot_interfaces/include/robot_interfaces/robot_interfaces/srv/detail/add_obstacle__type_support.cpp
[0.750s] -- Up-to-date: /home/silvia/TFG/TFG/src/ros2_ws/install/robot_interfaces/include/robot_interfaces/robot_interfaces/srv/detail/remove_obstacle__type_support.cpp
[0.750s] -- Up-to-date: /home/silvia/TFG/TFG/src/ros2_ws/install/robot_interfaces/include/robot_interfaces/robot_interfaces/srv/detail/add_camera__type_support.cpp
[0.750s] -- Up-to-date: /home/silvia/TFG/TFG/src/ros2_ws/install/robot_interfaces/include/robot_interfaces/robot_interfaces/srv/detail/put_piece__rosidl_typesupport_introspection_cpp.hpp
[0.751s] -- Up-to-date: /home/silvia/TFG/TFG/src/ros2_ws/install/robot_interfaces/include/robot_interfaces/robot_interfaces/srv/detail/solve_ik__rosidl_typesupport_introspection_cpp.hpp
[0.751s] -- Up-to-date: /home/silvia/TFG/TFG/src/ros2_ws/install/robot_interfaces/include/robot_interfaces/robot_interfaces/srv/detail/spawn_object__type_support.cpp
[0.751s] -- Up-to-date: /home/silvia/TFG/TFG/src/ros2_ws/install/robot_interfaces/include/robot_interfaces/robot_interfaces/srv/detail/remove_obstacle__rosidl_typesupport_introspection_cpp.hpp
[0.751s] -- Up-to-date: /home/silvia/TFG/TFG/src/ros2_ws/install/robot_interfaces/include/robot_interfaces/robot_interfaces/srv/detail/solve_dk__rosidl_typesupport_introspection_cpp.hpp
[0.751s] -- Up-to-date: /home/silvia/TFG/TFG/src/ros2_ws/install/robot_interfaces/include/robot_interfaces/robot_interfaces/srv/detail/manage_tool__rosidl_typesupport_introspection_cpp.hpp
[0.751s] -- Up-to-date: /home/silvia/TFG/TFG/src/ros2_ws/install/robot_interfaces/lib/librobot_interfaces__rosidl_typesupport_introspection_cpp.so
[0.751s] -- Up-to-date: /home/silvia/TFG/TFG/src/ros2_ws/install/robot_interfaces/lib/librobot_interfaces__rosidl_typesupport_cpp.so
[0.751s] -- Up-to-date: /home/silvia/TFG/TFG/src/ros2_ws/install/robot_interfaces/share/robot_interfaces/environment/pythonpath.sh
[0.751s] -- Up-to-date: /home/silvia/TFG/TFG/src/ros2_ws/install/robot_interfaces/share/robot_interfaces/environment/pythonpath.dsv
[0.751s] -- Up-to-date: /home/silvia/TFG/TFG/src/ros2_ws/install/robot_interfaces/lib/python3.12/site-packages/robot_interfaces-0.0.0-py3.12.egg-info
[0.752s] -- Installing: /home/silvia/TFG/TFG/src/ros2_ws/install/robot_interfaces/lib/python3.12/site-packages/robot_interfaces-0.0.0-py3.12.egg-info/dependency_links.txt
[0.752s] -- Installing: /home/silvia/TFG/TFG/src/ros2_ws/install/robot_interfaces/lib/python3.12/site-packages/robot_interfaces-0.0.0-py3.12.egg-info/top_level.txt
[0.752s] -- Installing: /home/silvia/TFG/TFG/src/ros2_ws/install/robot_interfaces/lib/python3.12/site-packages/robot_interfaces-0.0.0-py3.12.egg-info/SOURCES.txt
[0.752s] -- Installing: /home/silvia/TFG/TFG/src/ros2_ws/install/robot_interfaces/lib/python3.12/site-packages/robot_interfaces-0.0.0-py3.12.egg-info/PKG-INFO
[0.752s] -- Up-to-date: /home/silvia/TFG/TFG/src/ros2_ws/install/robot_interfaces/lib/python3.12/site-packages/robot_interfaces
[0.752s] -- Up-to-date: /home/silvia/TFG/TFG/src/ros2_ws/install/robot_interfaces/lib/python3.12/site-packages/robot_interfaces/_robot_interfaces_s.ep.rosidl_typesupport_introspection_c.c
[0.752s] -- Up-to-date: /home/silvia/TFG/TFG/src/ros2_ws/install/robot_interfaces/lib/python3.12/site-packages/robot_interfaces/_robot_interfaces_s.ep.rosidl_typesupport_fastrtps_c.c
[0.752s] -- Up-to-date: /home/silvia/TFG/TFG/src/ros2_ws/install/robot_interfaces/lib/python3.12/site-packages/robot_interfaces/robot_interfaces_s__rosidl_typesupport_fastrtps_c.so
[0.752s] -- Up-to-date: /home/silvia/TFG/TFG/src/ros2_ws/install/robot_interfaces/lib/python3.12/site-packages/robot_interfaces/_robot_interfaces_s.ep.rosidl_typesupport_c.c
[0.752s] -- Up-to-date: /home/silvia/TFG/TFG/src/ros2_ws/install/robot_interfaces/lib/python3.12/site-packages/robot_interfaces/srv
[0.752s] -- Up-to-date: /home/silvia/TFG/TFG/src/ros2_ws/install/robot_interfaces/lib/python3.12/site-packages/robot_interfaces/srv/_add_camera.py
[0.752s] -- Up-to-date: /home/silvia/TFG/TFG/src/ros2_ws/install/robot_interfaces/lib/python3.12/site-packages/robot_interfaces/srv/_add_obstacle.py
[0.752s] -- Up-to-date: /home/silvia/TFG/TFG/src/ros2_ws/install/robot_interfaces/lib/python3.12/site-packages/robot_interfaces/srv/_put_piece_s.c
[0.753s] -- Up-to-date: /home/silvia/TFG/TFG/src/ros2_ws/install/robot_interfaces/lib/python3.12/site-packages/robot_interfaces/srv/_remove_obstacle.py
[0.753s] -- Up-to-date: /home/silvia/TFG/TFG/src/ros2_ws/install/robot_interfaces/lib/python3.12/site-packages/robot_interfaces/srv/_manage_tool.py
[0.753s] -- Up-to-date: /home/silvia/TFG/TFG/src/ros2_ws/install/robot_interfaces/lib/python3.12/site-packages/robot_interfaces/srv/_spawn_object.py
[0.753s] -- Up-to-date: /home/silvia/TFG/TFG/src/ros2_ws/install/robot_interfaces/lib/python3.12/site-packages/robot_interfaces/srv/__init__.py
[0.753s] -- Up-to-date: /home/silvia/TFG/TFG/src/ros2_ws/install/robot_interfaces/lib/python3.12/site-packages/robot_interfaces/srv/_remove_obstacle_s.c
[0.753s] -- Up-to-date: /home/silvia/TFG/TFG/src/ros2_ws/install/robot_interfaces/lib/python3.12/site-packages/robot_interfaces/srv/_solve_ik_s.c
[0.753s] -- Up-to-date: /home/silvia/TFG/TFG/src/ros2_ws/install/robot_interfaces/lib/python3.12/site-packages/robot_interfaces/srv/_solve_dk_s.c
[0.753s] -- Up-to-date: /home/silvia/TFG/TFG/src/ros2_ws/install/robot_interfaces/lib/python3.12/site-packages/robot_interfaces/srv/_manage_tool_s.c
[0.753s] -- Up-to-date: /home/silvia/TFG/TFG/src/ros2_ws/install/robot_interfaces/lib/python3.12/site-packages/robot_interfaces/srv/_add_camera_s.c
[0.753s] -- Up-to-date: /home/silvia/TFG/TFG/src/ros2_ws/install/robot_interfaces/lib/python3.12/site-packages/robot_interfaces/srv/_solve_ik.py
[0.753s] -- Up-to-date: /home/silvia/TFG/TFG/src/ros2_ws/install/robot_interfaces/lib/python3.12/site-packages/robot_interfaces/srv/_add_obstacle_s.c
[0.753s] -- Up-to-date: /home/silvia/TFG/TFG/src/ros2_ws/install/robot_interfaces/lib/python3.12/site-packages/robot_interfaces/srv/_solve_dk.py
[0.753s] -- Up-to-date: /home/silvia/TFG/TFG/src/ros2_ws/install/robot_interfaces/lib/python3.12/site-packages/robot_interfaces/srv/_put_piece.py
[0.754s] -- Up-to-date: /home/silvia/TFG/TFG/src/ros2_ws/install/robot_interfaces/lib/python3.12/site-packages/robot_interfaces/srv/_spawn_object_s.c
[0.754s] -- Up-to-date: /home/silvia/TFG/TFG/src/ros2_ws/install/robot_interfaces/lib/python3.12/site-packages/robot_interfaces/__init__.py
[0.754s] -- Up-to-date: /home/silvia/TFG/TFG/src/ros2_ws/install/robot_interfaces/lib/python3.12/site-packages/robot_interfaces/robot_interfaces_s__rosidl_typesupport_introspection_c.so
[0.754s] -- Up-to-date: /home/silvia/TFG/TFG/src/ros2_ws/install/robot_interfaces/lib/python3.12/site-packages/robot_interfaces/robot_interfaces_s__rosidl_typesupport_c.so
[0.802s] Listing '/home/silvia/TFG/TFG/src/ros2_ws/install/robot_interfaces/lib/python3.12/site-packages/robot_interfaces'...
[0.802s] Listing '/home/silvia/TFG/TFG/src/ros2_ws/install/robot_interfaces/lib/python3.12/site-packages/robot_interfaces/srv'...
[0.812s] -- Up-to-date: /home/silvia/TFG/TFG/src/ros2_ws/install/robot_interfaces/lib/python3.12/site-packages/robot_interfaces/robot_interfaces_s__rosidl_typesupport_fastrtps_c.so
[0.813s] -- Up-to-date: /home/silvia/TFG/TFG/src/ros2_ws/install/robot_interfaces/lib/python3.12/site-packages/robot_interfaces/robot_interfaces_s__rosidl_typesupport_introspection_c.so
[0.813s] -- Up-to-date: /home/silvia/TFG/TFG/src/ros2_ws/install/robot_interfaces/lib/python3.12/site-packages/robot_interfaces/robot_interfaces_s__rosidl_typesupport_c.so
[0.814s] -- Up-to-date: /home/silvia/TFG/TFG/src/ros2_ws/install/robot_interfaces/lib/librobot_interfaces__rosidl_generator_py.so
[0.815s] -- Up-to-date: /home/silvia/TFG/TFG/src/ros2_ws/install/robot_interfaces/share/ament_index/resource_index/rust_packages/robot_interfaces
[0.816s] -- Up-to-date: /home/silvia/TFG/TFG/src/ros2_ws/install/robot_interfaces/share/robot_interfaces/rust
[0.816s] -- Up-to-date: /home/silvia/TFG/TFG/src/ros2_ws/install/robot_interfaces/share/robot_interfaces/rust/build.rs
[0.816s] -- Up-to-date: /home/silvia/TFG/TFG/src/ros2_ws/install/robot_interfaces/share/robot_interfaces/rust/Cargo.toml
[0.816s] -- Up-to-date: /home/silvia/TFG/TFG/src/ros2_ws/install/robot_interfaces/share/robot_interfaces/rust/src
[0.817s] -- Up-to-date: /home/silvia/TFG/TFG/src/ros2_ws/install/robot_interfaces/share/robot_interfaces/rust/src/srv
[0.817s] -- Up-to-date: /home/silvia/TFG/TFG/src/ros2_ws/install/robot_interfaces/share/robot_interfaces/rust/src/srv/rmw.rs
[0.817s] -- Up-to-date: /home/silvia/TFG/TFG/src/ros2_ws/install/robot_interfaces/share/robot_interfaces/rust/src/srv.rs
[0.818s] -- Up-to-date: /home/silvia/TFG/TFG/src/ros2_ws/install/robot_interfaces/share/robot_interfaces/rust/src/lib.rs
[0.818s] -- Up-to-date: /home/silvia/TFG/TFG/src/ros2_ws/install/robot_interfaces/share/robot_interfaces/srv/SolveIK.idl
[0.818s] -- Up-to-date: /home/silvia/TFG/TFG/src/ros2_ws/install/robot_interfaces/share/robot_interfaces/srv/AddObstacle.idl
[0.819s] -- Up-to-date: /home/silvia/TFG/TFG/src/ros2_ws/install/robot_interfaces/share/robot_interfaces/srv/RemoveObstacle.idl
[0.819s] -- Up-to-date: /home/silvia/TFG/TFG/src/ros2_ws/install/robot_interfaces/share/robot_interfaces/srv/SolveDK.idl
[0.820s] -- Up-to-date: /home/silvia/TFG/TFG/src/ros2_ws/install/robot_interfaces/share/robot_interfaces/srv/ManageTool.idl
[0.820s] -- Up-to-date: /home/silvia/TFG/TFG/src/ros2_ws/install/robot_interfaces/share/robot_interfaces/srv/SpawnObject.idl
[0.820s] -- Up-to-date: /home/silvia/TFG/TFG/src/ros2_ws/install/robot_interfaces/share/robot_interfaces/srv/AddCamera.idl
[0.820s] -- Up-to-date: /home/silvia/TFG/TFG/src/ros2_ws/install/robot_interfaces/share/robot_interfaces/srv/PutPiece.idl
[0.821s] -- Up-to-date: /home/silvia/TFG/TFG/src/ros2_ws/install/robot_interfaces/share/robot_interfaces/srv/SolveIK.srv
[0.821s] -- Up-to-date: /home/silvia/TFG/TFG/src/ros2_ws/install/robot_interfaces/share/robot_interfaces/srv/AddObstacle.srv
[0.821s] -- Up-to-date: /home/silvia/TFG/TFG/src/ros2_ws/install/robot_interfaces/share/robot_interfaces/srv/RemoveObstacle.srv
[0.821s] -- Up-to-date: /home/silvia/TFG/TFG/src/ros2_ws/install/robot_interfaces/share/robot_interfaces/srv/SolveDK.srv
[0.822s] -- Up-to-date: /home/silvia/TFG/TFG/src/ros2_ws/install/robot_interfaces/share/robot_interfaces/srv/ManageTool.srv
[0.822s] -- Up-to-date: /home/silvia/TFG/TFG/src/ros2_ws/install/robot_interfaces/share/robot_interfaces/srv/SpawnObject.srv
[0.822s] -- Up-to-date: /home/silvia/TFG/TFG/src/ros2_ws/install/robot_interfaces/share/robot_interfaces/srv/AddCamera.srv
[0.823s] -- Up-to-date: /home/silvia/TFG/TFG/src/ros2_ws/install/robot_interfaces/share/robot_interfaces/srv/PutPiece.srv
[0.823s] -- Up-to-date: /home/silvia/TFG/TFG/src/ros2_ws/install/robot_interfaces/share/ament_index/resource_index/package_run_dependencies/robot_interfaces
[0.823s] -- Up-to-date: /home/silvia/TFG/TFG/src/ros2_ws/install/robot_interfaces/share/ament_index/resource_index/parent_prefix_path/robot_interfaces
[0.823s] -- Up-to-date: /home/silvia/TFG/TFG/src/ros2_ws/install/robot_interfaces/share/robot_interfaces/environment/ament_prefix_path.sh
[0.824s] -- Up-to-date: /home/silvia/TFG/TFG/src/ros2_ws/install/robot_interfaces/share/robot_interfaces/environment/ament_prefix_path.dsv
[0.824s] -- Up-to-date: /home/silvia/TFG/TFG/src/ros2_ws/install/robot_interfaces/share/robot_interfaces/environment/path.sh
[0.824s] -- Up-to-date: /home/silvia/TFG/TFG/src/ros2_ws/install/robot_interfaces/share/robot_interfaces/environment/path.dsv
[0.824s] -- Up-to-date: /home/silvia/TFG/TFG/src/ros2_ws/install/robot_interfaces/share/robot_interfaces/local_setup.bash
[0.825s] -- Up-to-date: /home/silvia/TFG/TFG/src/ros2_ws/install/robot_interfaces/share/robot_interfaces/local_setup.sh
[0.825s] -- Up-to-date: /home/silvia/TFG/TFG/src/ros2_ws/install/robot_interfaces/share/robot_interfaces/local_setup.zsh
[0.826s] -- Up-to-date: /home/silvia/TFG/TFG/src/ros2_ws/install/robot_interfaces/share/robot_interfaces/local_setup.dsv
[0.826s] -- Installing: /home/silvia/TFG/TFG/src/ros2_ws/install/robot_interfaces/share/robot_interfaces/package.dsv
[0.826s] -- Up-to-date: /home/silvia/TFG/TFG/src/ros2_ws/install/robot_interfaces/share/ament_index/resource_index/packages/robot_interfaces
[0.826s] -- Up-to-date: /home/silvia/TFG/TFG/src/ros2_ws/install/robot_interfaces/share/robot_interfaces/cmake/export_robot_interfaces__rosidl_generator_cExport.cmake
[0.826s] -- Up-to-date: /home/silvia/TFG/TFG/src/ros2_ws/install/robot_interfaces/share/robot_interfaces/cmake/export_robot_interfaces__rosidl_generator_cExport-noconfig.cmake
[0.826s] -- Up-to-date: /home/silvia/TFG/TFG/src/ros2_ws/install/robot_interfaces/share/robot_interfaces/cmake/export_robot_interfaces__rosidl_typesupport_fastrtps_cExport.cmake
[0.826s] -- Up-to-date: /home/silvia/TFG/TFG/src/ros2_ws/install/robot_interfaces/share/robot_interfaces/cmake/export_robot_interfaces__rosidl_typesupport_fastrtps_cExport-noconfig.cmake
[0.827s] -- Up-to-date: /home/silvia/TFG/TFG/src/ros2_ws/install/robot_interfaces/share/robot_interfaces/cmake/export_robot_interfaces__rosidl_generator_cppExport.cmake
[0.827s] -- Up-to-date: /home/silvia/TFG/TFG/src/ros2_ws/install/robot_interfaces/share/robot_interfaces/cmake/export_robot_interfaces__rosidl_typesupport_fastrtps_cppExport.cmake
[0.827s] -- Up-to-date: /home/silvia/TFG/TFG/src/ros2_ws/install/robot_interfaces/share/robot_interfaces/cmake/export_robot_interfaces__rosidl_typesupport_fastrtps_cppExport-noconfig.cmake
[0.827s] -- Up-to-date: /home/silvia/TFG/TFG/src/ros2_ws/install/robot_interfaces/share/robot_interfaces/cmake/robot_interfaces__rosidl_typesupport_introspection_cExport.cmake
[0.827s] -- Up-to-date: /home/silvia/TFG/TFG/src/ros2_ws/install/robot_interfaces/share/robot_interfaces/cmake/robot_interfaces__rosidl_typesupport_introspection_cExport-noconfig.cmake
[0.827s] -- Up-to-date: /home/silvia/TFG/TFG/src/ros2_ws/install/robot_interfaces/share/robot_interfaces/cmake/robot_interfaces__rosidl_typesupport_cExport.cmake
[0.827s] -- Up-to-date: /home/silvia/TFG/TFG/src/ros2_ws/install/robot_interfaces/share/robot_interfaces/cmake/robot_interfaces__rosidl_typesupport_cExport-noconfig.cmake
[0.827s] -- Up-to-date: /home/silvia/TFG/TFG/src/ros2_ws/install/robot_interfaces/share/robot_interfaces/cmake/robot_interfaces__rosidl_typesupport_introspection_cppExport.cmake
[0.827s] -- Up-to-date: /home/silvia/TFG/TFG/src/ros2_ws/install/robot_interfaces/share/robot_interfaces/cmake/robot_interfaces__rosidl_typesupport_introspection_cppExport-noconfig.cmake
[0.827s] -- Up-to-date: /home/silvia/TFG/TFG/src/ros2_ws/install/robot_interfaces/share/robot_interfaces/cmake/robot_interfaces__rosidl_typesupport_cppExport.cmake
[0.827s] -- Up-to-date: /home/silvia/TFG/TFG/src/ros2_ws/install/robot_interfaces/share/robot_interfaces/cmake/robot_interfaces__rosidl_typesupport_cppExport-noconfig.cmake
[0.827s] -- Up-to-date: /home/silvia/TFG/TFG/src/ros2_ws/install/robot_interfaces/share/robot_interfaces/cmake/export_robot_interfaces__rosidl_generator_pyExport.cmake
[0.827s] -- Up-to-date: /home/silvia/TFG/TFG/src/ros2_ws/install/robot_interfaces/share/robot_interfaces/cmake/export_robot_interfaces__rosidl_generator_pyExport-noconfig.cmake
[0.827s] -- Up-to-date: /home/silvia/TFG/TFG/src/ros2_ws/install/robot_interfaces/share/robot_interfaces/cmake/rosidl_cmake-extras.cmake
[0.828s] -- Up-to-date: /home/silvia/TFG/TFG/src/ros2_ws/install/robot_interfaces/share/robot_interfaces/cmake/ament_cmake_export_dependencies-extras.cmake
[0.828s] -- Up-to-date: /home/silvia/TFG/TFG/src/ros2_ws/install/robot_interfaces/share/robot_interfaces/cmake/ament_cmake_export_include_directories-extras.cmake
[0.828s] -- Up-to-date: /home/silvia/TFG/TFG/src/ros2_ws/install/robot_interfaces/share/robot_interfaces/cmake/ament_cmake_export_libraries-extras.cmake
[0.828s] -- Up-to-date: /home/silvia/TFG/TFG/src/ros2_ws/install/robot_interfaces/share/robot_interfaces/cmake/ament_cmake_export_targets-extras.cmake
[0.828s] -- Up-to-date: /home/silvia/TFG/TFG/src/ros2_ws/install/robot_interfaces/share/robot_interfaces/cmake/rosidl_cmake_export_typesupport_targets-extras.cmake
[0.828s] -- Up-to-date: /home/silvia/TFG/TFG/src/ros2_ws/install/robot_interfaces/share/robot_interfaces/cmake/rosidl_cmake_export_typesupport_libraries-extras.cmake
[0.828s] -- Up-to-date: /home/silvia/TFG/TFG/src/ros2_ws/install/robot_interfaces/share/robot_interfaces/cmake/robot_interfacesConfig.cmake
[0.828s] -- Up-to-date: /home/silvia/TFG/TFG/src/ros2_ws/install/robot_interfaces/share/robot_interfaces/cmake/robot_interfacesConfig-version.cmake
[0.828s] -- Up-to-date: /home/silvia/TFG/TFG/src/ros2_ws/install/robot_interfaces/share/robot_interfaces/package.xml
[0.831s] Invoked command in '/home/silvia/TFG/TFG/src/ros2_ws/build/robot_interfaces' returned '0': CMAKE_PREFIX_PATH=${CMAKE_PREFIX_PATH}:/home/silvia/TFG/TFG/src/ros2_ws/install/robot_kinematics:/home/silvia/TFG/TFG/src/ros2_ws/install/robot_inverse_kinematics:/home/silvia/TFG/TFG/src/ros2_ws/install/robot_digital_twin:/opt/ros/jazzy /usr/bin/cmake --install /home/silvia/TFG/TFG/src/ros2_ws/build/robot_interfaces
