[0.745s] Invoking command in '/home/silvia/TFG/TFG/src/ros2_ws/build/tic_tac_toe_dlc': CMAKE_PREFIX_PATH=/home/silvia/TFG/TFG/src/ros2_ws/install/robot_interfaces:/home/silvia/TFG/TFG/src/ros2_ws/install/tic_tac_toe_dlc:/home/silvia/TFG/TFG/src/ros2_ws/install/robot_pkg:/opt/ros/jazzy/opt/sdformat_vendor:/opt/ros/jazzy/opt/gz_math_vendor:/opt/ros/jazzy/opt/gz_utils_vendor:/opt/ros/jazzy/opt/gz_tools_vendor:/opt/ros/jazzy/opt/gz_cmake_vendor:/home/silvia/TFG/TFG/src/ros2_ws/install/robot_kinematics:/home/silvia/TFG/TFG/src/ros2_ws/install/robot_inverse_kinematics:/home/silvia/TFG/TFG/src/ros2_ws/install/robot_digital_twin:/opt/ros/jazzy PYTHONPATH=/home/silvia/TFG/TFG/src/ros2_ws/install/robot_interfaces/lib/python3.12/site-packages:/home/silvia/TFG/TFG/src/ros2_ws/install/robot_kinematics/lib/python3.12/site-packages:/home/silvia/TFG/TFG/src/ros2_ws/install/robot_inverse_kinematics/lib/python3.12/site-packages:/home/silvia/TFG/TFG/src/ros2_ws/install/robot_digital_twin/lib/python3.12/site-packages:/opt/ros/jazzy/lib/python3.12/site-packages /usr/bin/cmake --build /home/silvia/TFG/TFG/src/ros2_ws/build/tic_tac_toe_dlc -- -j8 -l8
[0.872s] [100%] Built target tic_tac_toe_node
[0.897s] Invoked command in '/home/silvia/TFG/TFG/src/ros2_ws/build/tic_tac_toe_dlc' returned '0': CMAKE_PREFIX_PATH=/home/silvia/TFG/TFG/src/ros2_ws/install/robot_interfaces:/home/silvia/TFG/TFG/src/ros2_ws/install/tic_tac_toe_dlc:/home/silvia/TFG/TFG/src/ros2_ws/install/robot_pkg:/opt/ros/jazzy/opt/sdformat_vendor:/opt/ros/jazzy/opt/gz_math_vendor:/opt/ros/jazzy/opt/gz_utils_vendor:/opt/ros/jazzy/opt/gz_tools_vendor:/opt/ros/jazzy/opt/gz_cmake_vendor:/home/silvia/TFG/TFG/src/ros2_ws/install/robot_kinematics:/home/silvia/TFG/TFG/src/ros2_ws/install/robot_inverse_kinematics:/home/silvia/TFG/TFG/src/ros2_ws/install/robot_digital_twin:/opt/ros/jazzy PYTHONPATH=/home/silvia/TFG/TFG/src/ros2_ws/install/robot_interfaces/lib/python3.12/site-packages:/home/silvia/TFG/TFG/src/ros2_ws/install/robot_kinematics/lib/python3.12/site-packages:/home/silvia/TFG/TFG/src/ros2_ws/install/robot_inverse_kinematics/lib/python3.12/site-packages:/home/silvia/TFG/TFG/src/ros2_ws/install/robot_digital_twin/lib/python3.12/site-packages:/opt/ros/jazzy/lib/python3.12/site-packages /usr/bin/cmake --build /home/silvia/TFG/TFG/src/ros2_ws/build/tic_tac_toe_dlc -- -j8 -l8
[0.900s] Invoking command in '/home/silvia/TFG/TFG/src/ros2_ws/build/tic_tac_toe_dlc': CMAKE_PREFIX_PATH=/home/silvia/TFG/TFG/src/ros2_ws/install/robot_interfaces:/home/silvia/TFG/TFG/src/ros2_ws/install/tic_tac_toe_dlc:/home/silvia/TFG/TFG/src/ros2_ws/install/robot_pkg:/opt/ros/jazzy/opt/sdformat_vendor:/opt/ros/jazzy/opt/gz_math_vendor:/opt/ros/jazzy/opt/gz_utils_vendor:/opt/ros/jazzy/opt/gz_tools_vendor:/opt/ros/jazzy/opt/gz_cmake_vendor:/home/silvia/TFG/TFG/src/ros2_ws/install/robot_kinematics:/home/silvia/TFG/TFG/src/ros2_ws/install/robot_inverse_kinematics:/home/silvia/TFG/TFG/src/ros2_ws/install/robot_digital_twin:/opt/ros/jazzy PYTHONPATH=/home/silvia/TFG/TFG/src/ros2_ws/install/robot_interfaces/lib/python3.12/site-packages:/home/silvia/TFG/TFG/src/ros2_ws/install/robot_kinematics/lib/python3.12/site-packages:/home/silvia/TFG/TFG/src/ros2_ws/install/robot_inverse_kinematics/lib/python3.12/site-packages:/home/silvia/TFG/TFG/src/ros2_ws/install/robot_digital_twin/lib/python3.12/site-packages:/opt/ros/jazzy/lib/python3.12/site-packages /usr/bin/cmake --install /home/silvia/TFG/TFG/src/ros2_ws/build/tic_tac_toe_dlc
[0.920s] -- Install configuration: ""
[0.920s] -- Up-to-date: /home/silvia/TFG/TFG/src/ros2_ws/install/tic_tac_toe_dlc/share/tic_tac_toe_dlc/urdf
[0.921s] -- Up-to-date: /home/silvia/TFG/TFG/src/ros2_ws/install/tic_tac_toe_dlc/share/tic_tac_toe_dlc/urdf/tablero.urdf
[0.921s] -- Up-to-date: /home/silvia/TFG/TFG/src/ros2_ws/install/tic_tac_toe_dlc/share/tic_tac_toe_dlc/urdf/ficha_x.urdf
[0.922s] -- Up-to-date: /home/silvia/TFG/TFG/src/ros2_ws/install/tic_tac_toe_dlc/share/tic_tac_toe_dlc/urdf/ficha_o.urdf
[0.922s] -- Up-to-date: /home/silvia/TFG/TFG/src/ros2_ws/install/tic_tac_toe_dlc/share/tic_tac_toe_dlc/models
[0.922s] -- Up-to-date: /home/silvia/TFG/TFG/src/ros2_ws/install/tic_tac_toe_dlc/share/tic_tac_toe_dlc/models/ia_modelo.py
[0.923s] -- Up-to-date: /home/silvia/TFG/TFG/src/ros2_ws/install/tic_tac_toe_dlc/share/tic_tac_toe_dlc/models/ia_server.py
[0.923s] -- Up-to-date: /home/silvia/TFG/TFG/src/ros2_ws/install/tic_tac_toe_dlc/share/tic_tac_toe_dlc/models/modelo_tictactoe.pth
[0.923s] -- Up-to-date: /home/silvia/TFG/TFG/src/ros2_ws/install/tic_tac_toe_dlc/share/tic_tac_toe_dlc/models/__pycache__
[0.924s] -- Up-to-date: /home/silvia/TFG/TFG/src/ros2_ws/install/tic_tac_toe_dlc/share/tic_tac_toe_dlc/models/__pycache__/ia_modelo.cpython-312.pyc
[0.924s] -- Up-to-date: /home/silvia/TFG/TFG/src/ros2_ws/install/tic_tac_toe_dlc/share/tic_tac_toe_dlc/launch
[0.924s] -- Up-to-date: /home/silvia/TFG/TFG/src/ros2_ws/install/tic_tac_toe_dlc/share/tic_tac_toe_dlc/launch/init_game.launch.py
[0.925s] -- Up-to-date: /home/silvia/TFG/TFG/src/ros2_ws/install/tic_tac_toe_dlc/share/tic_tac_toe_dlc/launch/init_python.sh
[0.925s] -- Up-to-date: /home/silvia/TFG/TFG/src/ros2_ws/install/tic_tac_toe_dlc/lib/tic_tac_toe_dlc/tic_tac_toe_node
[0.926s] -- Up-to-date: /home/silvia/TFG/TFG/src/ros2_ws/install/tic_tac_toe_dlc/share/ament_index/resource_index/package_run_dependencies/tic_tac_toe_dlc
[0.926s] -- Up-to-date: /home/silvia/TFG/TFG/src/ros2_ws/install/tic_tac_toe_dlc/share/ament_index/resource_index/parent_prefix_path/tic_tac_toe_dlc
[0.927s] -- Up-to-date: /home/silvia/TFG/TFG/src/ros2_ws/install/tic_tac_toe_dlc/share/tic_tac_toe_dlc/environment/ament_prefix_path.sh
[0.927s] -- Up-to-date: /home/silvia/TFG/TFG/src/ros2_ws/install/tic_tac_toe_dlc/share/tic_tac_toe_dlc/environment/ament_prefix_path.dsv
[0.927s] -- Up-to-date: /home/silvia/TFG/TFG/src/ros2_ws/install/tic_tac_toe_dlc/share/tic_tac_toe_dlc/environment/path.sh
[0.928s] -- Up-to-date: /home/silvia/TFG/TFG/src/ros2_ws/install/tic_tac_toe_dlc/share/tic_tac_toe_dlc/environment/path.dsv
[0.928s] -- Up-to-date: /home/silvia/TFG/TFG/src/ros2_ws/install/tic_tac_toe_dlc/share/tic_tac_toe_dlc/local_setup.bash
[0.928s] -- Up-to-date: /home/silvia/TFG/TFG/src/ros2_ws/install/tic_tac_toe_dlc/share/tic_tac_toe_dlc/local_setup.sh
[0.929s] -- Up-to-date: /home/silvia/TFG/TFG/src/ros2_ws/install/tic_tac_toe_dlc/share/tic_tac_toe_dlc/local_setup.zsh
[0.930s] -- Up-to-date: /home/silvia/TFG/TFG/src/ros2_ws/install/tic_tac_toe_dlc/share/tic_tac_toe_dlc/local_setup.dsv
[0.930s] -- Installing: /home/silvia/TFG/TFG/src/ros2_ws/install/tic_tac_toe_dlc/share/tic_tac_toe_dlc/package.dsv
[0.930s] -- Up-to-date: /home/silvia/TFG/TFG/src/ros2_ws/install/tic_tac_toe_dlc/share/ament_index/resource_index/packages/tic_tac_toe_dlc
[0.931s] -- Up-to-date: /home/silvia/TFG/TFG/src/ros2_ws/install/tic_tac_toe_dlc/share/tic_tac_toe_dlc/cmake/tic_tac_toe_dlcConfig.cmake
[0.931s] -- Up-to-date: /home/silvia/TFG/TFG/src/ros2_ws/install/tic_tac_toe_dlc/share/tic_tac_toe_dlc/cmake/tic_tac_toe_dlcConfig-version.cmake
[0.931s] -- Up-to-date: /home/silvia/TFG/TFG/src/ros2_ws/install/tic_tac_toe_dlc/share/tic_tac_toe_dlc/package.xml
[0.945s] Invoked command in '/home/silvia/TFG/TFG/src/ros2_ws/build/tic_tac_toe_dlc' returned '0': CMAKE_PREFIX_PATH=/home/silvia/TFG/TFG/src/ros2_ws/install/robot_interfaces:/home/silvia/TFG/TFG/src/ros2_ws/install/tic_tac_toe_dlc:/home/silvia/TFG/TFG/src/ros2_ws/install/robot_pkg:/opt/ros/jazzy/opt/sdformat_vendor:/opt/ros/jazzy/opt/gz_math_vendor:/opt/ros/jazzy/opt/gz_utils_vendor:/opt/ros/jazzy/opt/gz_tools_vendor:/opt/ros/jazzy/opt/gz_cmake_vendor:/home/silvia/TFG/TFG/src/ros2_ws/install/robot_kinematics:/home/silvia/TFG/TFG/src/ros2_ws/install/robot_inverse_kinematics:/home/silvia/TFG/TFG/src/ros2_ws/install/robot_digital_twin:/opt/ros/jazzy PYTHONPATH=/home/silvia/TFG/TFG/src/ros2_ws/install/robot_interfaces/lib/python3.12/site-packages:/home/silvia/TFG/TFG/src/ros2_ws/install/robot_kinematics/lib/python3.12/site-packages:/home/silvia/TFG/TFG/src/ros2_ws/install/robot_inverse_kinematics/lib/python3.12/site-packages:/home/silvia/TFG/TFG/src/ros2_ws/install/robot_digital_twin/lib/python3.12/site-packages:/opt/ros/jazzy/lib/python3.12/site-packages /usr/bin/cmake --install /home/silvia/TFG/TFG/src/ros2_ws/build/tic_tac_toe_dlc
