[0.787s] Invoking command in '/home/silvia/TFG/TFG/src/ros2_ws/build/robot_pkg': CMAKE_PREFIX_PATH=/home/silvia/TFG/TFG/src/ros2_ws/install/robot_interfaces:/home/silvia/TFG/TFG/src/ros2_ws/install/tic_tac_toe_dlc:/home/silvia/TFG/TFG/src/ros2_ws/install/robot_pkg:/opt/ros/jazzy/opt/sdformat_vendor:/opt/ros/jazzy/opt/gz_math_vendor:/opt/ros/jazzy/opt/gz_utils_vendor:/opt/ros/jazzy/opt/gz_tools_vendor:/opt/ros/jazzy/opt/gz_cmake_vendor:/home/silvia/TFG/TFG/src/ros2_ws/install/robot_kinematics:/home/silvia/TFG/TFG/src/ros2_ws/install/robot_inverse_kinematics:/home/silvia/TFG/TFG/src/ros2_ws/install/robot_digital_twin:/opt/ros/jazzy PYTHONPATH=/home/silvia/TFG/TFG/src/ros2_ws/install/robot_interfaces/lib/python3.12/site-packages:/home/silvia/TFG/TFG/src/ros2_ws/install/robot_kinematics/lib/python3.12/site-packages:/home/silvia/TFG/TFG/src/ros2_ws/install/robot_inverse_kinematics/lib/python3.12/site-packages:/home/silvia/TFG/TFG/src/ros2_ws/install/robot_digital_twin/lib/python3.12/site-packages:/opt/ros/jazzy/lib/python3.12/site-packages /usr/bin/cmake --build /home/silvia/TFG/TFG/src/ros2_ws/build/robot_pkg -- -j8 -l8
[0.906s] [ 25%] Built target servo_node
[0.908s] [ 50%] Built target rviz_bridge_node
[0.911s] [ 75%] Built target rutine_node
[0.912s] [100%] Built target move_arm_node
[0.940s] Invoked command in '/home/silvia/TFG/TFG/src/ros2_ws/build/robot_pkg' returned '0': CMAKE_PREFIX_PATH=/home/silvia/TFG/TFG/src/ros2_ws/install/robot_interfaces:/home/silvia/TFG/TFG/src/ros2_ws/install/tic_tac_toe_dlc:/home/silvia/TFG/TFG/src/ros2_ws/install/robot_pkg:/opt/ros/jazzy/opt/sdformat_vendor:/opt/ros/jazzy/opt/gz_math_vendor:/opt/ros/jazzy/opt/gz_utils_vendor:/opt/ros/jazzy/opt/gz_tools_vendor:/opt/ros/jazzy/opt/gz_cmake_vendor:/home/silvia/TFG/TFG/src/ros2_ws/install/robot_kinematics:/home/silvia/TFG/TFG/src/ros2_ws/install/robot_inverse_kinematics:/home/silvia/TFG/TFG/src/ros2_ws/install/robot_digital_twin:/opt/ros/jazzy PYTHONPATH=/home/silvia/TFG/TFG/src/ros2_ws/install/robot_interfaces/lib/python3.12/site-packages:/home/silvia/TFG/TFG/src/ros2_ws/install/robot_kinematics/lib/python3.12/site-packages:/home/silvia/TFG/TFG/src/ros2_ws/install/robot_inverse_kinematics/lib/python3.12/site-packages:/home/silvia/TFG/TFG/src/ros2_ws/install/robot_digital_twin/lib/python3.12/site-packages:/opt/ros/jazzy/lib/python3.12/site-packages /usr/bin/cmake --build /home/silvia/TFG/TFG/src/ros2_ws/build/robot_pkg -- -j8 -l8
[0.944s] Invoking command in '/home/silvia/TFG/TFG/src/ros2_ws/build/robot_pkg': CMAKE_PREFIX_PATH=/home/silvia/TFG/TFG/src/ros2_ws/install/robot_interfaces:/home/silvia/TFG/TFG/src/ros2_ws/install/tic_tac_toe_dlc:/home/silvia/TFG/TFG/src/ros2_ws/install/robot_pkg:/opt/ros/jazzy/opt/sdformat_vendor:/opt/ros/jazzy/opt/gz_math_vendor:/opt/ros/jazzy/opt/gz_utils_vendor:/opt/ros/jazzy/opt/gz_tools_vendor:/opt/ros/jazzy/opt/gz_cmake_vendor:/home/silvia/TFG/TFG/src/ros2_ws/install/robot_kinematics:/home/silvia/TFG/TFG/src/ros2_ws/install/robot_inverse_kinematics:/home/silvia/TFG/TFG/src/ros2_ws/install/robot_digital_twin:/opt/ros/jazzy PYTHONPATH=/home/silvia/TFG/TFG/src/ros2_ws/install/robot_interfaces/lib/python3.12/site-packages:/home/silvia/TFG/TFG/src/ros2_ws/install/robot_kinematics/lib/python3.12/site-packages:/home/silvia/TFG/TFG/src/ros2_ws/install/robot_inverse_kinematics/lib/python3.12/site-packages:/home/silvia/TFG/TFG/src/ros2_ws/install/robot_digital_twin/lib/python3.12/site-packages:/opt/ros/jazzy/lib/python3.12/site-packages /usr/bin/cmake --install /home/silvia/TFG/TFG/src/ros2_ws/build/robot_pkg
[0.962s] -- Install configuration: ""
[0.963s] -- Up-to-date: /home/silvia/TFG/TFG/src/ros2_ws/install/robot_pkg/lib/robot_pkg/move_arm_node
[0.964s] -- Up-to-date: /home/silvia/TFG/TFG/src/ros2_ws/install/robot_pkg/lib/robot_pkg/rviz_bridge_node
[0.965s] -- Up-to-date: /home/silvia/TFG/TFG/src/ros2_ws/install/robot_pkg/lib/robot_pkg/servo_node
[0.966s] -- Up-to-date: /home/silvia/TFG/TFG/src/ros2_ws/install/robot_pkg/lib/robot_pkg/rutine_node
[0.968s] -- Up-to-date: /home/silvia/TFG/TFG/src/ros2_ws/install/robot_pkg/share/robot_pkg/urdf
[0.969s] -- Up-to-date: /home/silvia/TFG/TFG/src/ros2_ws/install/robot_pkg/share/robot_pkg/urdf/robot.urdf
[0.969s] -- Up-to-date: /home/silvia/TFG/TFG/src/ros2_ws/install/robot_pkg/share/robot_pkg/launch
[0.969s] -- Up-to-date: /home/silvia/TFG/TFG/src/ros2_ws/install/robot_pkg/share/robot_pkg/launch/move_action.launch.py
[0.970s] -- Up-to-date: /home/silvia/TFG/TFG/src/ros2_ws/install/robot_pkg/share/robot_pkg/rutines
[0.970s] -- Up-to-date: /home/silvia/TFG/TFG/src/ros2_ws/install/robot_pkg/share/robot_pkg/rutines/test_moveL.yaml
[0.971s] -- Up-to-date: /home/silvia/TFG/TFG/src/ros2_ws/install/robot_pkg/share/robot_pkg/rutines/test_wall.yaml
[0.971s] -- Up-to-date: /home/silvia/TFG/TFG/src/ros2_ws/install/robot_pkg/share/robot_pkg/rutines/test_tcp.yaml
[0.971s] -- Up-to-date: /home/silvia/TFG/TFG/src/ros2_ws/install/robot_pkg/share/ament_index/resource_index/package_run_dependencies/robot_pkg
[0.971s] -- Up-to-date: /home/silvia/TFG/TFG/src/ros2_ws/install/robot_pkg/share/ament_index/resource_index/parent_prefix_path/robot_pkg
[0.972s] -- Up-to-date: /home/silvia/TFG/TFG/src/ros2_ws/install/robot_pkg/share/robot_pkg/environment/ament_prefix_path.sh
[0.972s] -- Up-to-date: /home/silvia/TFG/TFG/src/ros2_ws/install/robot_pkg/share/robot_pkg/environment/ament_prefix_path.dsv
[0.972s] -- Up-to-date: /home/silvia/TFG/TFG/src/ros2_ws/install/robot_pkg/share/robot_pkg/environment/path.sh
[0.972s] -- Up-to-date: /home/silvia/TFG/TFG/src/ros2_ws/install/robot_pkg/share/robot_pkg/environment/path.dsv
[0.973s] -- Up-to-date: /home/silvia/TFG/TFG/src/ros2_ws/install/robot_pkg/share/robot_pkg/local_setup.bash
[0.973s] -- Up-to-date: /home/silvia/TFG/TFG/src/ros2_ws/install/robot_pkg/share/robot_pkg/local_setup.sh
[0.973s] -- Up-to-date: /home/silvia/TFG/TFG/src/ros2_ws/install/robot_pkg/share/robot_pkg/local_setup.zsh
[0.973s] -- Up-to-date: /home/silvia/TFG/TFG/src/ros2_ws/install/robot_pkg/share/robot_pkg/local_setup.dsv
[0.974s] -- Installing: /home/silvia/TFG/TFG/src/ros2_ws/install/robot_pkg/share/robot_pkg/package.dsv
[0.974s] -- Up-to-date: /home/silvia/TFG/TFG/src/ros2_ws/install/robot_pkg/share/ament_index/resource_index/packages/robot_pkg
[0.975s] -- Up-to-date: /home/silvia/TFG/TFG/src/ros2_ws/install/robot_pkg/share/robot_pkg/cmake/robot_pkgConfig.cmake
[0.975s] -- Up-to-date: /home/silvia/TFG/TFG/src/ros2_ws/install/robot_pkg/share/robot_pkg/cmake/robot_pkgConfig-version.cmake
[0.975s] -- Up-to-date: /home/silvia/TFG/TFG/src/ros2_ws/install/robot_pkg/share/robot_pkg/package.xml
[0.989s] Invoked command in '/home/silvia/TFG/TFG/src/ros2_ws/build/robot_pkg' returned '0': CMAKE_PREFIX_PATH=/home/silvia/TFG/TFG/src/ros2_ws/install/robot_interfaces:/home/silvia/TFG/TFG/src/ros2_ws/install/tic_tac_toe_dlc:/home/silvia/TFG/TFG/src/ros2_ws/install/robot_pkg:/opt/ros/jazzy/opt/sdformat_vendor:/opt/ros/jazzy/opt/gz_math_vendor:/opt/ros/jazzy/opt/gz_utils_vendor:/opt/ros/jazzy/opt/gz_tools_vendor:/opt/ros/jazzy/opt/gz_cmake_vendor:/home/silvia/TFG/TFG/src/ros2_ws/install/robot_kinematics:/home/silvia/TFG/TFG/src/ros2_ws/install/robot_inverse_kinematics:/home/silvia/TFG/TFG/src/ros2_ws/install/robot_digital_twin:/opt/ros/jazzy PYTHONPATH=/home/silvia/TFG/TFG/src/ros2_ws/install/robot_interfaces/lib/python3.12/site-packages:/home/silvia/TFG/TFG/src/ros2_ws/install/robot_kinematics/lib/python3.12/site-packages:/home/silvia/TFG/TFG/src/ros2_ws/install/robot_inverse_kinematics/lib/python3.12/site-packages:/home/silvia/TFG/TFG/src/ros2_ws/install/robot_digital_twin/lib/python3.12/site-packages:/opt/ros/jazzy/lib/python3.12/site-packages /usr/bin/cmake --install /home/silvia/TFG/TFG/src/ros2_ws/build/robot_pkg
