[0.812s] Invoking command in '/home/silvia/TFG/TFG/src/ros2_ws/build/robot_pkg': CMAKE_PREFIX_PATH=/home/silvia/TFG/TFG/src/ros2_ws/install/robot_interfaces:/home/silvia/TFG/TFG/src/ros2_ws/install/tic_tac_toe_dlc:/home/silvia/TFG/TFG/src/ros2_ws/install/robot_pkg:/opt/ros/jazzy/opt/sdformat_vendor:/opt/ros/jazzy/opt/gz_math_vendor:/opt/ros/jazzy/opt/gz_utils_vendor:/opt/ros/jazzy/opt/gz_tools_vendor:/opt/ros/jazzy/opt/gz_cmake_vendor:/home/silvia/TFG/TFG/src/ros2_ws/install/robot_kinematics:/home/silvia/TFG/TFG/src/ros2_ws/install/robot_inverse_kinematics:/home/silvia/TFG/TFG/src/ros2_ws/install/robot_digital_twin:/opt/ros/jazzy PYTHONPATH=/home/silvia/TFG/TFG/src/ros2_ws/install/robot_interfaces/lib/python3.12/site-packages:/home/silvia/TFG/TFG/src/ros2_ws/install/robot_kinematics/lib/python3.12/site-packages:/home/silvia/TFG/TFG/src/ros2_ws/install/robot_inverse_kinematics/lib/python3.12/site-packages:/home/silvia/TFG/TFG/src/ros2_ws/install/robot_digital_twin/lib/python3.12/site-packages:/opt/ros/jazzy/lib/python3.12/site-packages /usr/bin/cmake --build /home/silvia/TFG/TFG/src/ros2_ws/build/robot_pkg -- -j8 -l8
[0.947s] [ 50%] Built target rviz_bridge_node
[0.948s] [ 50%] Built target servo_node
[0.951s] [ 75%] Built target rutine_node
[0.954s] [100%] Built target move_arm_node
[0.976s] Invoked command in '/home/silvia/TFG/TFG/src/ros2_ws/build/robot_pkg' returned '0': CMAKE_PREFIX_PATH=/home/silvia/TFG/TFG/src/ros2_ws/install/robot_interfaces:/home/silvia/TFG/TFG/src/ros2_ws/install/tic_tac_toe_dlc:/home/silvia/TFG/TFG/src/ros2_ws/install/robot_pkg:/opt/ros/jazzy/opt/sdformat_vendor:/opt/ros/jazzy/opt/gz_math_vendor:/opt/ros/jazzy/opt/gz_utils_vendor:/opt/ros/jazzy/opt/gz_tools_vendor:/opt/ros/jazzy/opt/gz_cmake_vendor:/home/silvia/TFG/TFG/src/ros2_ws/install/robot_kinematics:/home/silvia/TFG/TFG/src/ros2_ws/install/robot_inverse_kinematics:/home/silvia/TFG/TFG/src/ros2_ws/install/robot_digital_twin:/opt/ros/jazzy PYTHONPATH=/home/silvia/TFG/TFG/src/ros2_ws/install/robot_interfaces/lib/python3.12/site-packages:/home/silvia/TFG/TFG/src/ros2_ws/install/robot_kinematics/lib/python3.12/site-packages:/home/silvia/TFG/TFG/src/ros2_ws/install/robot_inverse_kinematics/lib/python3.12/site-packages:/home/silvia/TFG/TFG/src/ros2_ws/install/robot_digital_twin/lib/python3.12/site-packages:/opt/ros/jazzy/lib/python3.12/site-packages /usr/bin/cmake --build /home/silvia/TFG/TFG/src/ros2_ws/build/robot_pkg -- -j8 -l8
[0.979s] Invoking command in '/home/silvia/TFG/TFG/src/ros2_ws/build/robot_pkg': CMAKE_PREFIX_PATH=/home/silvia/TFG/TFG/src/ros2_ws/install/robot_interfaces:/home/silvia/TFG/TFG/src/ros2_ws/install/tic_tac_toe_dlc:/home/silvia/TFG/TFG/src/ros2_ws/install/robot_pkg:/opt/ros/jazzy/opt/sdformat_vendor:/opt/ros/jazzy/opt/gz_math_vendor:/opt/ros/jazzy/opt/gz_utils_vendor:/opt/ros/jazzy/opt/gz_tools_vendor:/opt/ros/jazzy/opt/gz_cmake_vendor:/home/silvia/TFG/TFG/src/ros2_ws/install/robot_kinematics:/home/silvia/TFG/TFG/src/ros2_ws/install/robot_inverse_kinematics:/home/silvia/TFG/TFG/src/ros2_ws/install/robot_digital_twin:/opt/ros/jazzy PYTHONPATH=/home/silvia/TFG/TFG/src/ros2_ws/install/robot_interfaces/lib/python3.12/site-packages:/home/silvia/TFG/TFG/src/ros2_ws/install/robot_kinematics/lib/python3.12/site-packages:/home/silvia/TFG/TFG/src/ros2_ws/install/robot_inverse_kinematics/lib/python3.12/site-packages:/home/silvia/TFG/TFG/src/ros2_ws/install/robot_digital_twin/lib/python3.12/site-packages:/opt/ros/jazzy/lib/python3.12/site-packages /usr/bin/cmake --install /home/silvia/TFG/TFG/src/ros2_ws/build/robot_pkg
[0.995s] -- Install configuration: ""
[0.997s] -- Up-to-date: /home/silvia/TFG/TFG/src/ros2_ws/install/robot_pkg/lib/robot_pkg/move_arm_node
[1.000s] -- Up-to-date: /home/silvia/TFG/TFG/src/ros2_ws/install/robot_pkg/lib/robot_pkg/rviz_bridge_node
[1.005s] -- Up-to-date: /home/silvia/TFG/TFG/src/ros2_ws/install/robot_pkg/lib/robot_pkg/servo_node
[1.006s] -- Up-to-date: /home/silvia/TFG/TFG/src/ros2_ws/install/robot_pkg/lib/robot_pkg/rutine_node
[1.006s] -- Up-to-date: /home/silvia/TFG/TFG/src/ros2_ws/install/robot_pkg/share/robot_pkg/urdf
[1.012s] -- Up-to-date: /home/silvia/TFG/TFG/src/ros2_ws/install/robot_pkg/share/robot_pkg/urdf/robot.urdf
[1.012s] -- Up-to-date: /home/silvia/TFG/TFG/src/ros2_ws/install/robot_pkg/share/robot_pkg/launch
[1.012s] -- Up-to-date: /home/silvia/TFG/TFG/src/ros2_ws/install/robot_pkg/share/robot_pkg/launch/move_action.launch.py
[1.013s] -- Up-to-date: /home/silvia/TFG/TFG/src/ros2_ws/install/robot_pkg/share/robot_pkg/rutines
[1.013s] -- Up-to-date: /home/silvia/TFG/TFG/src/ros2_ws/install/robot_pkg/share/robot_pkg/rutines/test_moveL.yaml
[1.013s] -- Up-to-date: /home/silvia/TFG/TFG/src/ros2_ws/install/robot_pkg/share/robot_pkg/rutines/test_wall.yaml
[1.014s] -- Up-to-date: /home/silvia/TFG/TFG/src/ros2_ws/install/robot_pkg/share/robot_pkg/rutines/test_tcp.yaml
[1.014s] -- Up-to-date: /home/silvia/TFG/TFG/src/ros2_ws/install/robot_pkg/share/ament_index/resource_index/package_run_dependencies/robot_pkg
[1.014s] -- Up-to-date: /home/silvia/TFG/TFG/src/ros2_ws/install/robot_pkg/share/ament_index/resource_index/parent_prefix_path/robot_pkg
[1.015s] -- Up-to-date: /home/silvia/TFG/TFG/src/ros2_ws/install/robot_pkg/share/robot_pkg/environment/ament_prefix_path.sh
[1.015s] -- Up-to-date: /home/silvia/TFG/TFG/src/ros2_ws/install/robot_pkg/share/robot_pkg/environment/ament_prefix_path.dsv
[1.017s] -- Up-to-date: /home/silvia/TFG/TFG/src/ros2_ws/install/robot_pkg/share/robot_pkg/environment/path.sh
[1.017s] -- Up-to-date: /home/silvia/TFG/TFG/src/ros2_ws/install/robot_pkg/share/robot_pkg/environment/path.dsv
[1.017s] -- Up-to-date: /home/silvia/TFG/TFG/src/ros2_ws/install/robot_pkg/share/robot_pkg/local_setup.bash
[1.017s] -- Up-to-date: /home/silvia/TFG/TFG/src/ros2_ws/install/robot_pkg/share/robot_pkg/local_setup.sh
[1.018s] -- Up-to-date: /home/silvia/TFG/TFG/src/ros2_ws/install/robot_pkg/share/robot_pkg/local_setup.zsh
[1.018s] -- Up-to-date: /home/silvia/TFG/TFG/src/ros2_ws/install/robot_pkg/share/robot_pkg/local_setup.dsv
[1.018s] -- Installing: /home/silvia/TFG/TFG/src/ros2_ws/install/robot_pkg/share/robot_pkg/package.dsv
[1.018s] -- Up-to-date: /home/silvia/TFG/TFG/src/ros2_ws/install/robot_pkg/share/ament_index/resource_index/packages/robot_pkg
[1.019s] -- Up-to-date: /home/silvia/TFG/TFG/src/ros2_ws/install/robot_pkg/share/robot_pkg/cmake/robot_pkgConfig.cmake
[1.019s] -- Up-to-date: /home/silvia/TFG/TFG/src/ros2_ws/install/robot_pkg/share/robot_pkg/cmake/robot_pkgConfig-version.cmake
[1.019s] -- Up-to-date: /home/silvia/TFG/TFG/src/ros2_ws/install/robot_pkg/share/robot_pkg/package.xml
[1.046s] Invoked command in '/home/silvia/TFG/TFG/src/ros2_ws/build/robot_pkg' returned '0': CMAKE_PREFIX_PATH=/home/silvia/TFG/TFG/src/ros2_ws/install/robot_interfaces:/home/silvia/TFG/TFG/src/ros2_ws/install/tic_tac_toe_dlc:/home/silvia/TFG/TFG/src/ros2_ws/install/robot_pkg:/opt/ros/jazzy/opt/sdformat_vendor:/opt/ros/jazzy/opt/gz_math_vendor:/opt/ros/jazzy/opt/gz_utils_vendor:/opt/ros/jazzy/opt/gz_tools_vendor:/opt/ros/jazzy/opt/gz_cmake_vendor:/home/silvia/TFG/TFG/src/ros2_ws/install/robot_kinematics:/home/silvia/TFG/TFG/src/ros2_ws/install/robot_inverse_kinematics:/home/silvia/TFG/TFG/src/ros2_ws/install/robot_digital_twin:/opt/ros/jazzy PYTHONPATH=/home/silvia/TFG/TFG/src/ros2_ws/install/robot_interfaces/lib/python3.12/site-packages:/home/silvia/TFG/TFG/src/ros2_ws/install/robot_kinematics/lib/python3.12/site-packages:/home/silvia/TFG/TFG/src/ros2_ws/install/robot_inverse_kinematics/lib/python3.12/site-packages:/home/silvia/TFG/TFG/src/ros2_ws/install/robot_digital_twin/lib/python3.12/site-packages:/opt/ros/jazzy/lib/python3.12/site-packages /usr/bin/cmake --install /home/silvia/TFG/TFG/src/ros2_ws/build/robot_pkg
